{"uid":"38671ba2bf0fa5c9","name":"TC02 - Verify Add Candidate Validation","fullName":"project_orangehrm.Test.Recruitment_CandidateWorkflow_Test.verifyCandidate_Add_Validation","historyId":"f798ce60edc42e00cbb2ce816728ed0a","time":{"start":1767290413002,"stop":1767290413003,"duration":1},"status":"skipped","statusMessage":"Expected condition failed: waiting for element to be clickable: By.xpath: //a[contains(@class,'oxd-main-menu-item')]/span[text()='Recruitment'] (tried for 10 second(s) with 300 milliseconds interval)\nBuild info: version: '4.39.0', revision: '126f156aee'\nSystem info: os.name: 'Linux', os.arch: 'amd64', os.version: '6.11.0-1018-azure', java.version: '21.0.9'\nDriver info: driver.version: unknown","statusTrace":"org.openqa.selenium.TimeoutException: Expected condition failed: waiting for element to be clickable: By.xpath: //a[contains(@class,'oxd-main-menu-item')]/span[text()='Recruitment'] (tried for 10 second(s) with 300 milliseconds interval)\nBuild info: version: '4.39.0', revision: '126f156aee'\nSystem info: os.name: 'Linux', os.arch: 'amd64', os.version: '6.11.0-1018-azure', java.version: '21.0.9'\nDriver info: driver.version: unknown\n\tat org.openqa.selenium.support.ui.FluentWait.timeoutException(FluentWait.java:265)\n\tat org.openqa.selenium.support.ui.FluentWait.until(FluentWait.java:228)\n\tat project_orangehrm.Base.BasePage.clickWhenReady(BasePage.java:95)\n\tat project_orangehrm.Pages.CommonPage.navigateToModule(CommonPage.java:64)\n\tat project_orangehrm.Test.Recruitment_CandidateWorkflow_Test.setup(Recruitment_CandidateWorkflow_Test.java:27)\n\tat java.base/jdk.internal.reflect.DirectMethodHandleAccessor.invoke(DirectMethodHandleAccessor.java:103)\n\tat java.base/java.lang.reflect.Method.invoke(Method.java:580)\n\tat org.testng.internal.invokers.MethodInvocationHelper.invokeMethod(MethodInvocationHelper.java:141)\n\tat org.testng.internal.invokers.MethodInvocationHelper.invokeMethodConsideringTimeout(MethodInvocationHelper.java:71)\n\tat org.testng.internal.invokers.ConfigInvoker.invokeConfigurationMethod(ConfigInvoker.java:400)\n\tat org.testng.internal.invokers.ConfigInvoker.invokeConfigurations(ConfigInvoker.java:333)\n\tat org.testng.internal.invokers.TestInvoker.runConfigMethods(TestInvoker.java:836)\n\tat org.testng.internal.invokers.TestInvoker.invokeMethod(TestInvoker.java:601)\n\tat org.testng.internal.invokers.TestInvoker.invokeTestMethod(TestInvoker.java:230)\n\tat org.testng.internal.invokers.MethodRunner.runInSequence(MethodRunner.java:63)\n\tat org.testng.internal.invokers.TestInvoker$MethodInvocationAgent.invoke(TestInvoker.java:995)\n\tat org.testng.internal.invokers.TestInvoker.invokeTestMethods(TestInvoker.java:203)\n\tat org.testng.internal.invokers.TestMethodWorker.invokeTestMethods(TestMethodWorker.java:154)\n\tat org.testng.internal.invokers.TestMethodWorker.run(TestMethodWorker.java:134)\n\tat java.base/java.util.ArrayList.forEach(ArrayList.java:1596)\n\tat org.testng.TestRunner.privateRun(TestRunner.java:741)\n\tat org.testng.TestRunner.run(TestRunner.java:616)\n\tat org.testng.SuiteRunner.runTest(SuiteRunner.java:421)\n\tat org.testng.SuiteRunner.runSequentially(SuiteRunner.java:413)\n\tat org.testng.SuiteRunner.privateRun(SuiteRunner.java:373)\n\tat org.testng.SuiteRunner.run(SuiteRunner.java:312)\n\tat org.testng.SuiteRunnerWorker.runSuite(SuiteRunnerWorker.java:52)\n\tat org.testng.SuiteRunnerWorker.run(SuiteRunnerWorker.java:95)\n\tat org.testng.TestNG.runSuitesSequentially(TestNG.java:1274)\n\tat org.testng.TestNG.runSuitesLocally(TestNG.java:1208)\n\tat org.testng.TestNG.runSuites(TestNG.java:1112)\n\tat org.testng.TestNG.run(TestNG.java:1079)\n\tat org.apache.maven.surefire.testng.TestNGExecutor.run(TestNGExecutor.java:155)\n\tat org.apache.maven.surefire.testng.TestNGDirectoryTestSuite.executeSingleClass(TestNGDirectoryTestSuite.java:102)\n\tat org.apache.maven.surefire.testng.TestNGDirectoryTestSuite.execute(TestNGDirectoryTestSuite.java:91)\n\tat org.apache.maven.surefire.testng.TestNGProvider.invoke(TestNGProvider.java:137)\n\tat org.apache.maven.surefire.booter.ForkedBooter.runSuitesInProcess(ForkedBooter.java:385)\n\tat org.apache.maven.surefire.booter.ForkedBooter.execute(ForkedBooter.java:162)\n\tat org.apache.maven.surefire.booter.ForkedBooter.run(ForkedBooter.java:507)\n\tat org.apache.maven.surefire.booter.ForkedBooter.main(ForkedBooter.java:495)\n","flaky":false,"newFailed":false,"newBroken":false,"newPassed":false,"retriesCount":0,"retriesStatusChange":false,"beforeStages":[{"name":"setUp","time":{"start":1767290372542,"stop":1767290390534,"duration":17992},"description":"","status":"passed","steps":[],"attachments":[],"parameters":[],"stepsCount":0,"shouldDisplayMessage":false,"attachmentsCount":0,"hasContent":false,"attachmentStep":false},{"name":"setup","time":{"start":1767290390616,"stop":1767290412956,"duration":22340},"description":"","status":"broken","statusMessage":"Expected condition failed: waiting for element to be clickable: By.xpath: //a[contains(@class,'oxd-main-menu-item')]/span[text()='Recruitment'] (tried for 10 second(s) with 300 milliseconds interval)\nBuild info: version: '4.39.0', revision: '126f156aee'\nSystem info: os.name: 'Linux', os.arch: 'amd64', os.version: '6.11.0-1018-azure', java.version: '21.0.9'\nDriver info: driver.version: unknown","statusTrace":"org.openqa.selenium.TimeoutException: Expected condition failed: waiting for element to be clickable: By.xpath: //a[contains(@class,'oxd-main-menu-item')]/span[text()='Recruitment'] (tried for 10 second(s) with 300 milliseconds interval)\nBuild info: version: '4.39.0', revision: '126f156aee'\nSystem info: os.name: 'Linux', os.arch: 'amd64', os.version: '6.11.0-1018-azure', java.version: '21.0.9'\nDriver info: driver.version: unknown\n\tat org.openqa.selenium.support.ui.FluentWait.timeoutException(FluentWait.java:265)\n\tat org.openqa.selenium.support.ui.FluentWait.until(FluentWait.java:228)\n\tat project_orangehrm.Base.BasePage.clickWhenReady(BasePage.java:95)\n\tat project_orangehrm.Pages.CommonPage.navigateToModule(CommonPage.java:64)\n\tat project_orangehrm.Test.Recruitment_CandidateWorkflow_Test.setup(Recruitment_CandidateWorkflow_Test.java:27)\n\tat java.base/jdk.internal.reflect.DirectMethodHandleAccessor.invoke(DirectMethodHandleAccessor.java:103)\n\tat java.base/java.lang.reflect.Method.invoke(Method.java:580)\n\tat org.testng.internal.invokers.MethodInvocationHelper.invokeMethod(MethodInvocationHelper.java:141)\n\tat org.testng.internal.invokers.MethodInvocationHelper.invokeMethodConsideringTimeout(MethodInvocationHelper.java:71)\n\tat org.testng.internal.invokers.ConfigInvoker.invokeConfigurationMethod(ConfigInvoker.java:400)\n\tat org.testng.internal.invokers.ConfigInvoker.invokeConfigurations(ConfigInvoker.java:333)\n\tat org.testng.internal.invokers.TestInvoker.runConfigMethods(TestInvoker.java:836)\n\tat org.testng.internal.invokers.TestInvoker.invokeMethod(TestInvoker.java:601)\n\tat org.testng.internal.invokers.TestInvoker.invokeTestMethod(TestInvoker.java:230)\n\tat org.testng.internal.invokers.MethodRunner.runInSequence(MethodRunner.java:63)\n\tat org.testng.internal.invokers.TestInvoker$MethodInvocationAgent.invoke(TestInvoker.java:995)\n\tat org.testng.internal.invokers.TestInvoker.invokeTestMethods(TestInvoker.java:203)\n\tat org.testng.internal.invokers.TestMethodWorker.invokeTestMethods(TestMethodWorker.java:154)\n\tat org.testng.internal.invokers.TestMethodWorker.run(TestMethodWorker.java:134)\n\tat java.base/java.util.ArrayList.forEach(ArrayList.java:1596)\n\tat org.testng.TestRunner.privateRun(TestRunner.java:741)\n\tat org.testng.TestRunner.run(TestRunner.java:616)\n\tat org.testng.SuiteRunner.runTest(SuiteRunner.java:421)\n\tat org.testng.SuiteRunner.runSequentially(SuiteRunner.java:413)\n\tat org.testng.SuiteRunner.privateRun(SuiteRunner.java:373)\n\tat org.testng.SuiteRunner.run(SuiteRunner.java:312)\n\tat org.testng.SuiteRunnerWorker.runSuite(SuiteRunnerWorker.java:52)\n\tat org.testng.SuiteRunnerWorker.run(SuiteRunnerWorker.java:95)\n\tat org.testng.TestNG.runSuitesSequentially(TestNG.java:1274)\n\tat org.testng.TestNG.runSuitesLocally(TestNG.java:1208)\n\tat org.testng.TestNG.runSuites(TestNG.java:1112)\n\tat org.testng.TestNG.run(TestNG.java:1079)\n\tat org.apache.maven.surefire.testng.TestNGExecutor.run(TestNGExecutor.java:155)\n\tat org.apache.maven.surefire.testng.TestNGDirectoryTestSuite.executeSingleClass(TestNGDirectoryTestSuite.java:102)\n\tat org.apache.maven.surefire.testng.TestNGDirectoryTestSuite.execute(TestNGDirectoryTestSuite.java:91)\n\tat org.apache.maven.surefire.testng.TestNGProvider.invoke(TestNGProvider.java:137)\n\tat org.apache.maven.surefire.booter.ForkedBooter.runSuitesInProcess(ForkedBooter.java:385)\n\tat org.apache.maven.surefire.booter.ForkedBooter.execute(ForkedBooter.java:162)\n\tat org.apache.maven.surefire.booter.ForkedBooter.run(ForkedBooter.java:507)\n\tat org.apache.maven.surefire.booter.ForkedBooter.main(ForkedBooter.java:495)\n","steps":[],"attachments":[],"parameters":[],"stepsCount":0,"shouldDisplayMessage":true,"attachmentsCount":0,"hasContent":true,"attachmentStep":false}],"afterStages":[{"name":"tearDown","time":{"start":1767290413006,"stop":1767290413097,"duration":91},"description":"","status":"passed","steps":[],"attachments":[],"parameters":[],"stepsCount":0,"shouldDisplayMessage":false,"attachmentsCount":0,"hasContent":false,"attachmentStep":false}],"labels":[{"name":"package","value":"project_orangehrm.Test.Recruitment_CandidateWorkflow_Test"},{"name":"testClass","value":"project_orangehrm.Test.Recruitment_CandidateWorkflow_Test"},{"name":"testMethod","value":"verifyCandidate_Add_Validation"},{"name":"parentSuite","value":"Surefire suite"},{"name":"suite","value":"Surefire test"},{"name":"subSuite","value":"project_orangehrm.Test.Recruitment_CandidateWorkflow_Test"},{"name":"host","value":"runnervmh13bl"},{"name":"thread","value":"2589@runnervmh13bl.main(1)"},{"name":"framework","value":"testng"},{"name":"language","value":"java"},{"name":"resultFormat","value":"allure2"}],"parameters":[],"links":[],"hidden":false,"retry":false,"extra":{"severity":"normal","retries":[],"categories":[],"history":{"statistic":{"failed":0,"broken":0,"skipped":2,"passed":21,"unknown":0,"total":23},"items":[{"uid":"d4f5082e843f60b9","reportUrl":"https://m1mohammed1.github.io/orangeHRM/80/#testresult/d4f5082e843f60b9","status":"passed","time":{"start":1767220040839,"stop":1767220047265,"duration":6426}},{"uid":"a4ac8a035627ad9c","reportUrl":"https://m1mohammed1.github.io/orangeHRM/79/#testresult/a4ac8a035627ad9c","status":"passed","time":{"start":1767132614265,"stop":1767132624602,"duration":10337}},{"uid":"aff4442ca2d853d4","reportUrl":"https://m1mohammed1.github.io/orangeHRM/78/#testresult/aff4442ca2d853d4","status":"passed","time":{"start":1767112123438,"stop":1767112132842,"duration":9404}},{"uid":"5bf16a7e0d798f9c","reportUrl":"https://m1mohammed1.github.io/orangeHRM/77/#testresult/5bf16a7e0d798f9c","status":"passed","time":{"start":1767051993464,"stop":1767052003535,"duration":10071}},{"uid":"565a9cb7860818bf","reportUrl":"https://m1mohammed1.github.io/orangeHRM/69/#testresult/565a9cb7860818bf","status":"passed","time":{"start":1767044573505,"stop":1767044587131,"duration":13626}},{"uid":"23a3c550c7b9a814","reportUrl":"https://m1mohammed1.github.io/orangeHRM/66/#testresult/23a3c550c7b9a814","status":"passed","time":{"start":1767040536659,"stop":1767040548097,"duration":11438}},{"uid":"8492562bb023ff16","reportUrl":"https://m1mohammed1.github.io/orangeHRM/65/#testresult/8492562bb023ff16","status":"passed","time":{"start":1767037025539,"stop":1767037031471,"duration":5932}},{"uid":"eee4dab1fc1706a7","reportUrl":"https://m1mohammed1.github.io/orangeHRM/64/#testresult/eee4dab1fc1706a7","status":"passed","time":{"start":1767031781487,"stop":1767031807693,"duration":26206}},{"uid":"7b9c6aa6131f2f81","reportUrl":"https://m1mohammed1.github.io/orangeHRM/63/#testresult/7b9c6aa6131f2f81","status":"passed","time":{"start":1767023219656,"stop":1767023234137,"duration":14481}},{"uid":"1de07530474bf1a2","reportUrl":"https://m1mohammed1.github.io/orangeHRM/62/#testresult/1de07530474bf1a2","status":"passed","time":{"start":1767020578991,"stop":1767020589154,"duration":10163}},{"uid":"8cd3969a157d020a","reportUrl":"https://m1mohammed1.github.io/orangeHRM/61/#testresult/8cd3969a157d020a","status":"passed","time":{"start":1767018502538,"stop":1767018506177,"duration":3639}},{"uid":"a8a9112d288faf28","reportUrl":"https://m1mohammed1.github.io/orangeHRM/60/#testresult/a8a9112d288faf28","status":"passed","time":{"start":1766961829516,"stop":1766961836366,"duration":6850}},{"uid":"a264ea5b4ae61ccc","reportUrl":"https://m1mohammed1.github.io/orangeHRM/59/#testresult/a264ea5b4ae61ccc","status":"passed","time":{"start":1766957913584,"stop":1766957921873,"duration":8289}},{"uid":"652fb6a1aeacce6b","reportUrl":"https://m1mohammed1.github.io/orangeHRM/58/#testresult/652fb6a1aeacce6b","status":"passed","time":{"start":1766955326305,"stop":1766955334076,"duration":7771}},{"uid":"bd8be102921002e2","reportUrl":"https://m1mohammed1.github.io/orangeHRM/57/#testresult/bd8be102921002e2","status":"passed","time":{"start":1766953270060,"stop":1766953272777,"duration":2717}},{"uid":"1fa3831c4d5e0898","reportUrl":"https://m1mohammed1.github.io/orangeHRM/55/#testresult/1fa3831c4d5e0898","status":"passed","time":{"start":1766948884215,"stop":1766948890540,"duration":6325}},{"uid":"e99b296fd1326f55","reportUrl":"https://m1mohammed1.github.io/orangeHRM/53/#testresult/e99b296fd1326f55","status":"skipped","statusDetails":"Expected condition failed: waiting for element to be clickable: By.xpath: //a[contains(@class,'oxd-main-menu-item')]/span[text()='Recruitment'] (tried for 10 second(s) with 300 milliseconds interval)\nBuild info: version: '4.39.0', revision: '126f156aee'\nSystem info: os.name: 'Linux', os.arch: 'amd64', os.version: '6.11.0-1018-azure', java.version: '21.0.9'\nDriver info: driver.version: unknown","time":{"start":1766936215474,"stop":1766936215474,"duration":0}},{"uid":"51748e1beb0ecaaa","reportUrl":"https://m1mohammed1.github.io/orangeHRM/52/#testresult/51748e1beb0ecaaa","status":"passed","time":{"start":1766883384271,"stop":1766883392980,"duration":8709}},{"uid":"6e2b3828b260032c","reportUrl":"https://m1mohammed1.github.io/orangeHRM/51/#testresult/6e2b3828b260032c","status":"passed","time":{"start":1766874009087,"stop":1766874018978,"duration":9891}},{"uid":"5c60a082f4ddfb9f","reportUrl":"https://m1mohammed1.github.io/orangeHRM/50/#testresult/5c60a082f4ddfb9f","status":"passed","time":{"start":1766871192448,"stop":1766871199910,"duration":7462}}]},"tags":[]},"source":"38671ba2bf0fa5c9.json","parameterValues":[]}