{"uid":"4d023bdaa7aea29c","name":"TC06 - Verify My Reviews Filter by To Date","fullName":"project_orangehrm.Test.Performance_MyReviews_Test.verifyMyReviews_FilterByToDate_Success","historyId":"9bdbf067e27457a8fb29c74a9df24b04","time":{"start":1767292312398,"stop":1767292330402,"duration":18004},"status":"broken","statusMessage":"Expected condition failed: waiting for project_orangehrm.Base.BasePage$$Lambda/0x00007ff3fc35dce0@202f054f (tried for 10 second(s) with 300 milliseconds interval)","statusTrace":"org.openqa.selenium.TimeoutException: Expected condition failed: waiting for project_orangehrm.Base.BasePage$$Lambda/0x00007ff3fc35dce0@202f054f (tried for 10 second(s) with 300 milliseconds interval)\n\tat org.openqa.selenium.support.ui.FluentWait.timeoutException(FluentWait.java:265)\n\tat org.openqa.selenium.support.ui.FluentWait.until(FluentWait.java:228)\n\tat project_orangehrm.Base.BasePage.typeText(BasePage.java:82)\n\tat project_orangehrm.Pages.CommonPage.type(CommonPage.java:369)\n\tat project_orangehrm.Pages.CommonPage.typeInField(CommonPage.java:85)\n\tat project_orangehrm.Pages.PerformancePage.selectDate(PerformancePage.java:116)\n\tat project_orangehrm.Test.Performance_MyReviews_Test.verifyMyReviews_FilterByToDate_Success(Performance_MyReviews_Test.java:95)\n\tat java.base/jdk.internal.reflect.DirectMethodHandleAccessor.invoke(DirectMethodHandleAccessor.java:103)\n\tat java.base/java.lang.reflect.Method.invoke(Method.java:580)\n\tat org.testng.internal.invokers.MethodInvocationHelper.invokeMethod(MethodInvocationHelper.java:141)\n\tat org.testng.internal.invokers.TestInvoker.invokeMethod(TestInvoker.java:687)\n\tat org.testng.internal.invokers.TestInvoker.invokeTestMethod(TestInvoker.java:230)\n\tat org.testng.internal.invokers.MethodRunner.runInSequence(MethodRunner.java:63)\n\tat org.testng.internal.invokers.TestInvoker$MethodInvocationAgent.invoke(TestInvoker.java:995)\n\tat org.testng.internal.invokers.TestInvoker.invokeTestMethods(TestInvoker.java:203)\n\tat org.testng.internal.invokers.TestMethodWorker.invokeTestMethods(TestMethodWorker.java:154)\n\tat org.testng.internal.invokers.TestMethodWorker.run(TestMethodWorker.java:134)\n\tat java.base/java.util.ArrayList.forEach(ArrayList.java:1596)\n\tat org.testng.TestRunner.privateRun(TestRunner.java:741)\n\tat org.testng.TestRunner.run(TestRunner.java:616)\n\tat org.testng.SuiteRunner.runTest(SuiteRunner.java:421)\n\tat org.testng.SuiteRunner.runSequentially(SuiteRunner.java:413)\n\tat org.testng.SuiteRunner.privateRun(SuiteRunner.java:373)\n\tat org.testng.SuiteRunner.run(SuiteRunner.java:312)\n\tat org.testng.SuiteRunnerWorker.runSuite(SuiteRunnerWorker.java:52)\n\tat org.testng.SuiteRunnerWorker.run(SuiteRunnerWorker.java:95)\n\tat org.testng.TestNG.runSuitesSequentially(TestNG.java:1274)\n\tat org.testng.TestNG.runSuitesLocally(TestNG.java:1208)\n\tat org.testng.TestNG.runSuites(TestNG.java:1112)\n\tat org.testng.TestNG.run(TestNG.java:1079)\n\tat org.apache.maven.surefire.testng.TestNGExecutor.run(TestNGExecutor.java:155)\n\tat org.apache.maven.surefire.testng.TestNGDirectoryTestSuite.executeSingleClass(TestNGDirectoryTestSuite.java:102)\n\tat org.apache.maven.surefire.testng.TestNGDirectoryTestSuite.execute(TestNGDirectoryTestSuite.java:91)\n\tat org.apache.maven.surefire.testng.TestNGProvider.invoke(TestNGProvider.java:137)\n\tat org.apache.maven.surefire.booter.ForkedBooter.runSuitesInProcess(ForkedBooter.java:385)\n\tat org.apache.maven.surefire.booter.ForkedBooter.execute(ForkedBooter.java:162)\n\tat org.apache.maven.surefire.booter.ForkedBooter.run(ForkedBooter.java:507)\n\tat org.apache.maven.surefire.booter.ForkedBooter.main(ForkedBooter.java:495)\nCaused by: org.openqa.selenium.NoSuchElementException: no such element: Unable to locate element: {\"method\":\"xpath\",\"selector\":\"//label[normalize-space()='To Date']/../following-sibling::div//input\"}\n  (Session info: MicrosoftEdge=143.0.3650.80)\nFor documentation on this error, please visit: https://www.selenium.dev/documentation/webdriver/troubleshooting/errors#nosuchelementexception\nBuild info: version: '4.39.0', revision: '126f156aee'\nSystem info: os.name: 'Linux', os.arch: 'amd64', os.version: '6.11.0-1018-azure', java.version: '21.0.9'\nDriver info: org.openqa.selenium.edge.EdgeDriver\nCommand: [f58aec690059328e9fae6c2008865116, findElement {using=xpath, value=//label[normalize-space()='To Date']/../following-sibling::div//input}]\nCapabilities {acceptInsecureCerts: false, browserName: MicrosoftEdge, browserVersion: 143.0.3650.80, fedcm:accounts: true, goog:processID: 4867, ms:edgeOptions: {debuggerAddress: localhost:34413}, msedge: {msedgedriverVersion: 143.0.3650.80 (788579717f68..., userDataDir: /tmp/.com.microsoft.Edge.sc...}, networkConnectionEnabled: false, pageLoadStrategy: normal, platformName: linux, proxy: Proxy(), se:cdp: ws://localhost:34413/devtoo..., se:cdpVersion: 143.0.3650.80, setWindowRect: true, strictFileInteractability: false, timeouts: {implicit: 0, pageLoad: 300000, script: 30000}, unhandledPromptBehavior: dismiss and notify, webauthn:extension:credBlob: true, webauthn:extension:largeBlob: true, webauthn:extension:minPinLength: true, webauthn:extension:prf: true, webauthn:virtualAuthenticators: true}\nSession ID: f58aec690059328e9fae6c2008865116\n\tat java.base/jdk.internal.reflect.DirectConstructorHandleAccessor.newInstance(DirectConstructorHandleAccessor.java:62)\n\tat java.base/java.lang.reflect.Constructor.newInstanceWithCaller(Constructor.java:502)\n\tat java.base/java.lang.reflect.Constructor.newInstance(Constructor.java:486)\n\tat org.openqa.selenium.remote.ErrorCodec.decode(ErrorCodec.java:167)\n\tat org.openqa.selenium.remote.codec.w3c.W3CHttpResponseCodec.decode(W3CHttpResponseCodec.java:142)\n\tat org.openqa.selenium.remote.codec.w3c.W3CHttpResponseCodec.decode(W3CHttpResponseCodec.java:49)\n\tat org.openqa.selenium.remote.HttpCommandExecutor.execute(HttpCommandExecutor.java:215)\n\tat org.openqa.selenium.remote.service.DriverCommandExecutor.invokeExecute(DriverCommandExecutor.java:216)\n\tat org.openqa.selenium.remote.service.DriverCommandExecutor.execute(DriverCommandExecutor.java:174)\n\tat org.openqa.selenium.remote.RemoteWebDriver.execute(RemoteWebDriver.java:561)\n\tat org.openqa.selenium.remote.ElementLocation$ElementFinder$2.findElement(ElementLocation.java:166)\n\tat org.openqa.selenium.remote.ElementLocation.findElement(ElementLocation.java:60)\n\tat org.openqa.selenium.remote.RemoteWebDriver.findElement(RemoteWebDriver.java:384)\n\tat org.openqa.selenium.remote.RemoteWebDriver.findElement(RemoteWebDriver.java:378)\n\tat project_orangehrm.Base.BasePage.lambda$typeText$0(BasePage.java:83)\n\tat org.openqa.selenium.support.ui.FluentWait.until(FluentWait.java:203)\n\t... 36 more\n","flaky":false,"newFailed":false,"newBroken":false,"newPassed":false,"retriesCount":0,"retriesStatusChange":false,"beforeStages":[{"name":"setUp","time":{"start":1767292288676,"stop":1767292293140,"duration":4464},"description":"","status":"passed","steps":[],"attachments":[],"parameters":[],"stepsCount":0,"shouldDisplayMessage":false,"attachmentsCount":0,"hasContent":false,"attachmentStep":false},{"name":"setup","time":{"start":1767292293141,"stop":1767292312396,"duration":19255},"description":"","status":"passed","steps":[],"attachments":[],"parameters":[],"stepsCount":0,"shouldDisplayMessage":false,"attachmentsCount":0,"hasContent":false,"attachmentStep":false}],"afterStages":[{"name":"tearDown","time":{"start":1767292330404,"stop":1767292330555,"duration":151},"description":"","status":"passed","steps":[],"attachments":[{"name":"Screenshot Failure - verifyMyReviews_FilterByToDate_Success","type":"image/png","size":0}],"parameters":[],"stepsCount":0,"shouldDisplayMessage":false,"attachmentsCount":1,"hasContent":true,"attachmentStep":false}],"labels":[{"name":"package","value":"project_orangehrm.Test.Performance_MyReviews_Test"},{"name":"testClass","value":"project_orangehrm.Test.Performance_MyReviews_Test"},{"name":"testMethod","value":"verifyMyReviews_FilterByToDate_Success"},{"name":"parentSuite","value":"Surefire suite"},{"name":"suite","value":"Surefire test"},{"name":"subSuite","value":"project_orangehrm.Test.Performance_MyReviews_Test"},{"name":"host","value":"runnervmh13bl"},{"name":"thread","value":"2581@runnervmh13bl.main(1)"},{"name":"framework","value":"testng"},{"name":"language","value":"java"},{"name":"resultFormat","value":"allure2"}],"parameters":[],"links":[],"hidden":false,"retry":false,"extra":{"severity":"normal","retries":[],"categories":[{"name":"Test defects","matchedStatuses":[],"flaky":false}],"history":{"statistic":{"failed":0,"broken":23,"skipped":2,"passed":0,"unknown":0,"total":25},"items":[{"uid":"f2cb06ead87b3d4","reportUrl":"https://m1mohammed1.github.io/orangeHRM/81/#testresult/f2cb06ead87b3d4","status":"skipped","statusDetails":"Expected condition failed: waiting for element to be clickable: By.xpath: //a[contains(@class,'oxd-main-menu-item')]/span[text()='Performance'] (tried for 10 second(s) with 300 milliseconds interval)\nBuild info: version: '4.39.0', revision: '126f156aee'\nSystem info: os.name: 'Linux', os.arch: 'amd64', os.version: '6.11.0-1018-azure', java.version: '21.0.9'\nDriver info: driver.version: unknown","time":{"start":1767290442302,"stop":1767290442302,"duration":0}},{"uid":"f4d6d4862b25b8b6","reportUrl":"https://m1mohammed1.github.io/orangeHRM/80/#testresult/f4d6d4862b25b8b6","status":"broken","statusDetails":"Expected condition failed: waiting for project_orangehrm.Base.BasePage$$Lambda/0x00007feed435dce0@63cf578f (tried for 10 second(s) with 300 milliseconds interval)","time":{"start":1767220172354,"stop":1767220183285,"duration":10931}},{"uid":"8f60862393e5f7e7","reportUrl":"https://m1mohammed1.github.io/orangeHRM/79/#testresult/8f60862393e5f7e7","status":"broken","statusDetails":"Expected condition failed: waiting for project_orangehrm.Base.BasePage$$Lambda/0x00007fefbc35dce0@745926c3 (tried for 10 second(s) with 300 milliseconds interval)","time":{"start":1767132693536,"stop":1767132706533,"duration":12997}},{"uid":"98462e2ec0591362","reportUrl":"https://m1mohammed1.github.io/orangeHRM/78/#testresult/98462e2ec0591362","status":"broken","statusDetails":"Expected condition failed: waiting for project_orangehrm.Base.BasePage$$Lambda/0x00007f15f035dce0@3316527e (tried for 10 second(s) with 300 milliseconds interval)","time":{"start":1767112212087,"stop":1767112225401,"duration":13314}},{"uid":"56ecc83cb4eac78c","reportUrl":"https://m1mohammed1.github.io/orangeHRM/77/#testresult/56ecc83cb4eac78c","status":"broken","statusDetails":"Expected condition failed: waiting for project_orangehrm.Base.BasePage$$Lambda/0x00007f9a9035dce0@4e6cbdf1 (tried for 10 second(s) with 300 milliseconds interval)","time":{"start":1767052061142,"stop":1767052073033,"duration":11891}},{"uid":"833980389140eeeb","reportUrl":"https://m1mohammed1.github.io/orangeHRM/69/#testresult/833980389140eeeb","status":"broken","statusDetails":"Expected condition failed: waiting for project_orangehrm.Base.BasePage$$Lambda/0x00007f437035faf8@4e6cbdf1 (tried for 10 second(s) with 300 milliseconds interval)","time":{"start":1767044668342,"stop":1767044680837,"duration":12495}},{"uid":"fe86918571cbb686","reportUrl":"https://m1mohammed1.github.io/orangeHRM/66/#testresult/fe86918571cbb686","status":"skipped","statusDetails":"java.util.concurrent.TimeoutException\nBuild info: version: '4.39.0', revision: '126f156aee'\nSystem info: os.name: 'Linux', os.arch: 'amd64', os.version: '6.11.0-1018-azure', java.version: '21.0.9'\nDriver info: org.openqa.selenium.edge.EdgeDriver\nCommand: [6228cc3079349526ba4170deca9a19e6, get {url=https://opensource-demo.orangehrmlive.com/}]\nCapabilities {acceptInsecureCerts: false, browserName: MicrosoftEdge, browserVersion: 143.0.3650.80, fedcm:accounts: true, goog:processID: 2711, ms:edgeOptions: {debuggerAddress: localhost:43491}, msedge: {msedgedriverVersion: 143.0.3650.80 (788579717f68..., userDataDir: /tmp/.com.microsoft.Edge.sc...}, networkConnectionEnabled: false, pageLoadStrategy: normal, platformName: linux, proxy: Proxy(), se:cdp: ws://localhost:43491/devtoo..., se:cdpVersion: 143.0.3650.80, setWindowRect: true, strictFileInteractability: false, timeouts: {implicit: 0, pageLoad: 300000, script: 30000}, unhandledPromptBehavior: dismiss and notify, webauthn:extension:credBlob: true, webauthn:extension:largeBlob: true, webauthn:extension:minPinLength: true, webauthn:extension:prf: true, webauthn:virtualAuthenticators: true}\nSession ID: 6228cc3079349526ba4170deca9a19e6","time":{"start":1767040855489,"stop":1767040855489,"duration":0}},{"uid":"fdeb7d9a809edf83","reportUrl":"https://m1mohammed1.github.io/orangeHRM/65/#testresult/fdeb7d9a809edf83","status":"broken","statusDetails":"Expected condition failed: waiting for project_orangehrm.Base.BasePage$$Lambda/0x00007fa010356ac0@4fe8f2ae (tried for 10 second(s) with 300 milliseconds interval)","time":{"start":1767037178181,"stop":1767037189832,"duration":11651}},{"uid":"dab7531ed005236","reportUrl":"https://m1mohammed1.github.io/orangeHRM/64/#testresult/dab7531ed005236","status":"broken","statusDetails":"Expected condition failed: waiting for project_orangehrm.Base.BasePage$$Lambda/0x00007f8590354ce0@2b170932 (tried for 10 second(s) with 300 milliseconds interval)","time":{"start":1767031990941,"stop":1767032011345,"duration":20404}},{"uid":"3fa7832b2fd354e","reportUrl":"https://m1mohammed1.github.io/orangeHRM/63/#testresult/3fa7832b2fd354e","status":"broken","statusDetails":"Expected condition failed: waiting for project_orangehrm.Base.BasePage$$Lambda/0x00007fde38354ce0@3e151e1f (tried for 10 second(s) with 300 milliseconds interval)","time":{"start":1767023397893,"stop":1767023409393,"duration":11500}},{"uid":"d759a62402258a00","reportUrl":"https://m1mohammed1.github.io/orangeHRM/62/#testresult/d759a62402258a00","status":"broken","statusDetails":"Expected condition failed: waiting for project_orangehrm.Base.BasePage$$Lambda/0x00007fa5fc3555a0@6b3f4bd8 (tried for 10 second(s) with 300 milliseconds interval)","time":{"start":1767020737747,"stop":1767020749244,"duration":11497}},{"uid":"fd511bd32a145616","reportUrl":"https://m1mohammed1.github.io/orangeHRM/61/#testresult/fd511bd32a145616","status":"broken","statusDetails":"Expected condition failed: waiting for project_orangehrm.Base.BasePage$$Lambda/0x00007fa6483555a0@3c28181b (tried for 10 second(s) with 300 milliseconds interval)","time":{"start":1767018488001,"stop":1767018500858,"duration":12857}},{"uid":"16b670fbb751abdc","reportUrl":"https://m1mohammed1.github.io/orangeHRM/60/#testresult/16b670fbb751abdc","status":"broken","statusDetails":"Expected condition failed: waiting for project_orangehrm.Base.BasePage$$Lambda/0x00007f3604356ac0@3e151e1f (tried for 10 second(s) with 300 milliseconds interval)","time":{"start":1766961884174,"stop":1766961895607,"duration":11433}},{"uid":"9d6dc95efad277a1","reportUrl":"https://m1mohammed1.github.io/orangeHRM/59/#testresult/9d6dc95efad277a1","status":"broken","statusDetails":"Expected condition failed: waiting for project_orangehrm.Base.BasePage$$Lambda/0x00007f91f4356ac0@3e151e1f (tried for 10 second(s) with 300 milliseconds interval)","time":{"start":1766957992337,"stop":1766958004391,"duration":12054}},{"uid":"d379d873f2b67c5f","reportUrl":"https://m1mohammed1.github.io/orangeHRM/58/#testresult/d379d873f2b67c5f","status":"broken","statusDetails":"Expected condition failed: waiting for project_orangehrm.Base.BasePage$$Lambda/0x00007faeb8356ac0@73aaec54 (tried for 10 second(s) with 300 milliseconds interval)","time":{"start":1766955412726,"stop":1766955424042,"duration":11316}},{"uid":"3be1f30fba541a0","reportUrl":"https://m1mohammed1.github.io/orangeHRM/57/#testresult/3be1f30fba541a0","status":"broken","statusDetails":"Expected condition failed: waiting for project_orangehrm.Base.BasePage$$Lambda/0x00007f2ca0354ce0@36211bbc (tried for 10 second(s) with 300 milliseconds interval)","time":{"start":1766953349351,"stop":1766953361412,"duration":12061}},{"uid":"e64a9caaf06fd43f","reportUrl":"https://m1mohammed1.github.io/orangeHRM/55/#testresult/e64a9caaf06fd43f","status":"broken","statusDetails":"Expected condition failed: waiting for project_orangehrm.Base.BasePage$$Lambda/0x00007f7c143555a0@3e151e1f (tried for 10 second(s) with 300 milliseconds interval)","time":{"start":1766948982035,"stop":1766948993008,"duration":10973}},{"uid":"47b3edce9acf2341","reportUrl":"https://m1mohammed1.github.io/orangeHRM/53/#testresult/47b3edce9acf2341","status":"broken","statusDetails":"Expected condition failed: waiting for project_orangehrm.Base.BasePage$$Lambda/0x00007f7574354cd0@d70e9a (tried for 10 second(s) with 300 milliseconds interval)","time":{"start":1766936337607,"stop":1766936349002,"duration":11395}},{"uid":"35875c5aa4ef32","reportUrl":"https://m1mohammed1.github.io/orangeHRM/52/#testresult/35875c5aa4ef32","status":"broken","statusDetails":"Expected condition failed: waiting for project_orangehrm.Base.BasePage$$Lambda/0x00007f53c0355760@7ef41ca2 (tried for 10 second(s) with 300 milliseconds interval)","time":{"start":1766883464526,"stop":1766883477721,"duration":13195}},{"uid":"b303637c412bf090","reportUrl":"https://m1mohammed1.github.io/orangeHRM/51/#testresult/b303637c412bf090","status":"broken","statusDetails":"Expected condition failed: waiting for project_orangehrm.Base.BasePage$$Lambda/0x00007f9dd8357cf0@36211bbc (tried for 10 second(s) with 300 milliseconds interval)","time":{"start":1766874107822,"stop":1766874119707,"duration":11885}}]},"tags":[]},"source":"4d023bdaa7aea29c.json","parameterValues":[]}