{"uid":"d28456877c5f4619","name":"TC05 - Verify Search by Employment Status","fullName":"project_orangehrm.Test.PIM_Employee_Test.verifyEmployeeList_SearchFilter_Success","historyId":"2bd0341d40cd2263401f0be42247a569","time":{"start":1767304371350,"stop":1767304371350,"duration":0},"status":"skipped","statusMessage":"Text mismatch for element defined by [By.cssSelector: .oxd-topbar-header-title]. Expected to contain: [Dashboard], but found: [Dashboard]","statusTrace":"java.lang.AssertionError: Text mismatch for element defined by [By.cssSelector: .oxd-topbar-header-title]. Expected to contain: [Dashboard], but found: [Dashboard]\n\tat org.testng.Assert.fail(Assert.java:111)\n\tat project_orangehrm.Base.BasePage.assertTextContain(BasePage.java:109)\n\tat project_orangehrm.Pages.CommonPage.verifyDashboard(CommonPage.java:253)\n\tat project_orangehrm.Test.PIM_Employee_Test.setup(PIM_Employee_Test.java:27)\n\tat java.base/jdk.internal.reflect.DirectMethodHandleAccessor.invoke(DirectMethodHandleAccessor.java:103)\n\tat java.base/java.lang.reflect.Method.invoke(Method.java:580)\n\tat org.testng.internal.invokers.MethodInvocationHelper.invokeMethod(MethodInvocationHelper.java:141)\n\tat org.testng.internal.invokers.MethodInvocationHelper.invokeMethodConsideringTimeout(MethodInvocationHelper.java:71)\n\tat org.testng.internal.invokers.ConfigInvoker.invokeConfigurationMethod(ConfigInvoker.java:400)\n\tat org.testng.internal.invokers.ConfigInvoker.invokeConfigurations(ConfigInvoker.java:333)\n\tat org.testng.internal.invokers.TestInvoker.runConfigMethods(TestInvoker.java:836)\n\tat org.testng.internal.invokers.TestInvoker.invokeMethod(TestInvoker.java:601)\n\tat org.testng.internal.invokers.TestInvoker.invokeTestMethod(TestInvoker.java:230)\n\tat org.testng.internal.invokers.MethodRunner.runInSequence(MethodRunner.java:63)\n\tat org.testng.internal.invokers.TestInvoker$MethodInvocationAgent.invoke(TestInvoker.java:995)\n\tat org.testng.internal.invokers.TestInvoker.invokeTestMethods(TestInvoker.java:203)\n\tat org.testng.internal.invokers.TestMethodWorker.invokeTestMethods(TestMethodWorker.java:154)\n\tat org.testng.internal.invokers.TestMethodWorker.run(TestMethodWorker.java:134)\n\tat java.base/java.util.ArrayList.forEach(ArrayList.java:1596)\n\tat org.testng.TestRunner.privateRun(TestRunner.java:741)\n\tat org.testng.TestRunner.run(TestRunner.java:616)\n\tat org.testng.SuiteRunner.runTest(SuiteRunner.java:421)\n\tat org.testng.SuiteRunner.runSequentially(SuiteRunner.java:413)\n\tat org.testng.SuiteRunner.privateRun(SuiteRunner.java:373)\n\tat org.testng.SuiteRunner.run(SuiteRunner.java:312)\n\tat org.testng.SuiteRunnerWorker.runSuite(SuiteRunnerWorker.java:52)\n\tat org.testng.SuiteRunnerWorker.run(SuiteRunnerWorker.java:95)\n\tat org.testng.TestNG.runSuitesSequentially(TestNG.java:1274)\n\tat org.testng.TestNG.runSuitesLocally(TestNG.java:1208)\n\tat org.testng.TestNG.runSuites(TestNG.java:1112)\n\tat org.testng.TestNG.run(TestNG.java:1079)\n\tat org.apache.maven.surefire.testng.TestNGExecutor.run(TestNGExecutor.java:155)\n\tat org.apache.maven.surefire.testng.TestNGDirectoryTestSuite.executeSingleClass(TestNGDirectoryTestSuite.java:102)\n\tat org.apache.maven.surefire.testng.TestNGDirectoryTestSuite.execute(TestNGDirectoryTestSuite.java:91)\n\tat org.apache.maven.surefire.testng.TestNGProvider.invoke(TestNGProvider.java:137)\n\tat org.apache.maven.surefire.booter.ForkedBooter.runSuitesInProcess(ForkedBooter.java:385)\n\tat org.apache.maven.surefire.booter.ForkedBooter.execute(ForkedBooter.java:162)\n\tat org.apache.maven.surefire.booter.ForkedBooter.run(ForkedBooter.java:507)\n\tat org.apache.maven.surefire.booter.ForkedBooter.main(ForkedBooter.java:495)\n","flaky":false,"newFailed":false,"newBroken":false,"newPassed":false,"retriesCount":0,"retriesStatusChange":false,"beforeStages":[{"name":"setUp","time":{"start":1767304350407,"stop":1767304356792,"duration":6385},"description":"","status":"passed","steps":[],"attachments":[],"parameters":[],"stepsCount":0,"shouldDisplayMessage":false,"attachmentsCount":0,"hasContent":false,"attachmentStep":false},{"name":"setup","time":{"start":1767304356793,"stop":1767304371332,"duration":14539},"description":"","status":"failed","statusMessage":"Text mismatch for element defined by [By.cssSelector: .oxd-topbar-header-title]. Expected to contain: [Dashboard], but found: [Dashboard]","statusTrace":"java.lang.AssertionError: Text mismatch for element defined by [By.cssSelector: .oxd-topbar-header-title]. Expected to contain: [Dashboard], but found: [Dashboard]\n\tat org.testng.Assert.fail(Assert.java:111)\n\tat project_orangehrm.Base.BasePage.assertTextContain(BasePage.java:109)\n\tat project_orangehrm.Pages.CommonPage.verifyDashboard(CommonPage.java:253)\n\tat project_orangehrm.Test.PIM_Employee_Test.setup(PIM_Employee_Test.java:27)\n\tat java.base/jdk.internal.reflect.DirectMethodHandleAccessor.invoke(DirectMethodHandleAccessor.java:103)\n\tat java.base/java.lang.reflect.Method.invoke(Method.java:580)\n\tat org.testng.internal.invokers.MethodInvocationHelper.invokeMethod(MethodInvocationHelper.java:141)\n\tat org.testng.internal.invokers.MethodInvocationHelper.invokeMethodConsideringTimeout(MethodInvocationHelper.java:71)\n\tat org.testng.internal.invokers.ConfigInvoker.invokeConfigurationMethod(ConfigInvoker.java:400)\n\tat org.testng.internal.invokers.ConfigInvoker.invokeConfigurations(ConfigInvoker.java:333)\n\tat org.testng.internal.invokers.TestInvoker.runConfigMethods(TestInvoker.java:836)\n\tat org.testng.internal.invokers.TestInvoker.invokeMethod(TestInvoker.java:601)\n\tat org.testng.internal.invokers.TestInvoker.invokeTestMethod(TestInvoker.java:230)\n\tat org.testng.internal.invokers.MethodRunner.runInSequence(MethodRunner.java:63)\n\tat org.testng.internal.invokers.TestInvoker$MethodInvocationAgent.invoke(TestInvoker.java:995)\n\tat org.testng.internal.invokers.TestInvoker.invokeTestMethods(TestInvoker.java:203)\n\tat org.testng.internal.invokers.TestMethodWorker.invokeTestMethods(TestMethodWorker.java:154)\n\tat org.testng.internal.invokers.TestMethodWorker.run(TestMethodWorker.java:134)\n\tat java.base/java.util.ArrayList.forEach(ArrayList.java:1596)\n\tat org.testng.TestRunner.privateRun(TestRunner.java:741)\n\tat org.testng.TestRunner.run(TestRunner.java:616)\n\tat org.testng.SuiteRunner.runTest(SuiteRunner.java:421)\n\tat org.testng.SuiteRunner.runSequentially(SuiteRunner.java:413)\n\tat org.testng.SuiteRunner.privateRun(SuiteRunner.java:373)\n\tat org.testng.SuiteRunner.run(SuiteRunner.java:312)\n\tat org.testng.SuiteRunnerWorker.runSuite(SuiteRunnerWorker.java:52)\n\tat org.testng.SuiteRunnerWorker.run(SuiteRunnerWorker.java:95)\n\tat org.testng.TestNG.runSuitesSequentially(TestNG.java:1274)\n\tat org.testng.TestNG.runSuitesLocally(TestNG.java:1208)\n\tat org.testng.TestNG.runSuites(TestNG.java:1112)\n\tat org.testng.TestNG.run(TestNG.java:1079)\n\tat org.apache.maven.surefire.testng.TestNGExecutor.run(TestNGExecutor.java:155)\n\tat org.apache.maven.surefire.testng.TestNGDirectoryTestSuite.executeSingleClass(TestNGDirectoryTestSuite.java:102)\n\tat org.apache.maven.surefire.testng.TestNGDirectoryTestSuite.execute(TestNGDirectoryTestSuite.java:91)\n\tat org.apache.maven.surefire.testng.TestNGProvider.invoke(TestNGProvider.java:137)\n\tat org.apache.maven.surefire.booter.ForkedBooter.runSuitesInProcess(ForkedBooter.java:385)\n\tat org.apache.maven.surefire.booter.ForkedBooter.execute(ForkedBooter.java:162)\n\tat org.apache.maven.surefire.booter.ForkedBooter.run(ForkedBooter.java:507)\n\tat org.apache.maven.surefire.booter.ForkedBooter.main(ForkedBooter.java:495)\n","steps":[],"attachments":[],"parameters":[],"stepsCount":0,"shouldDisplayMessage":true,"attachmentsCount":0,"hasContent":true,"attachmentStep":false}],"afterStages":[{"name":"tearDown","time":{"start":1767304371352,"stop":1767304371435,"duration":83},"description":"","status":"passed","steps":[],"attachments":[],"parameters":[],"stepsCount":0,"shouldDisplayMessage":false,"attachmentsCount":0,"hasContent":false,"attachmentStep":false}],"labels":[{"name":"package","value":"project_orangehrm.Test.PIM_Employee_Test"},{"name":"testClass","value":"project_orangehrm.Test.PIM_Employee_Test"},{"name":"testMethod","value":"verifyEmployeeList_SearchFilter_Success"},{"name":"parentSuite","value":"Surefire suite"},{"name":"suite","value":"Surefire test"},{"name":"subSuite","value":"project_orangehrm.Test.PIM_Employee_Test"},{"name":"host","value":"runnervmh13bl"},{"name":"thread","value":"2580@runnervmh13bl.main(1)"},{"name":"framework","value":"testng"},{"name":"language","value":"java"},{"name":"resultFormat","value":"allure2"}],"parameters":[],"links":[],"hidden":false,"retry":false,"extra":{"severity":"normal","retries":[],"categories":[],"history":{"statistic":{"failed":0,"broken":3,"skipped":3,"passed":21,"unknown":0,"total":27},"items":[{"uid":"2e8425e28d9e7794","reportUrl":"https://m1mohammed1.github.io/orangeHRM/84/#testresult/2e8425e28d9e7794","status":"passed","time":{"start":1767302910497,"stop":1767302939069,"duration":28572}},{"uid":"923c03f54a0a468a","reportUrl":"https://m1mohammed1.github.io/orangeHRM/83/#testresult/923c03f54a0a468a","status":"skipped","statusDetails":"java.util.concurrent.TimeoutException\nBuild info: version: '4.39.0', revision: '126f156aee'\nSystem info: os.name: 'Linux', os.arch: 'amd64', os.version: '6.11.0-1018-azure', java.version: '21.0.9'\nDriver info: org.openqa.selenium.edge.EdgeDriver\nCommand: [77052919890d3334cb211e197c201e6b, get {url=https://opensource-demo.orangehrmlive.com/}]\nCapabilities {acceptInsecureCerts: false, browserName: MicrosoftEdge, browserVersion: 143.0.3650.80, fedcm:accounts: true, goog:processID: 2655, ms:edgeOptions: {debuggerAddress: localhost:46411}, msedge: {msedgedriverVersion: 143.0.3650.80 (788579717f68..., userDataDir: /tmp/.com.microsoft.Edge.sc...}, networkConnectionEnabled: false, pageLoadStrategy: normal, platformName: linux, proxy: Proxy(), se:cdp: ws://localhost:46411/devtoo..., se:cdpVersion: 143.0.3650.80, setWindowRect: true, strictFileInteractability: false, timeouts: {implicit: 0, pageLoad: 300000, script: 30000}, unhandledPromptBehavior: dismiss and notify, webauthn:extension:credBlob: true, webauthn:extension:largeBlob: true, webauthn:extension:minPinLength: true, webauthn:extension:prf: true, webauthn:virtualAuthenticators: true}\nSession ID: 77052919890d3334cb211e197c201e6b","time":{"start":1767296188773,"stop":1767296188773,"duration":0}},{"uid":"e32406a05a0a198d","reportUrl":"https://m1mohammed1.github.io/orangeHRM/82/#testresult/e32406a05a0a198d","status":"passed","time":{"start":1767292138101,"stop":1767292165056,"duration":26955}},{"uid":"55667a76c4641958","reportUrl":"https://m1mohammed1.github.io/orangeHRM/81/#testresult/55667a76c4641958","status":"passed","time":{"start":1767290451217,"stop":1767290465436,"duration":14219}},{"uid":"25fc30420654b121","reportUrl":"https://m1mohammed1.github.io/orangeHRM/80/#testresult/25fc30420654b121","status":"passed","time":{"start":1767220018834,"stop":1767220022269,"duration":3435}},{"uid":"b51a8d3a2e16514b","reportUrl":"https://m1mohammed1.github.io/orangeHRM/79/#testresult/b51a8d3a2e16514b","status":"passed","time":{"start":1767132627549,"stop":1767132631314,"duration":3765}},{"uid":"df5f24a4ca0f2453","reportUrl":"https://m1mohammed1.github.io/orangeHRM/78/#testresult/df5f24a4ca0f2453","status":"passed","time":{"start":1767112138121,"stop":1767112143948,"duration":5827}},{"uid":"798ebd16bf6f5d6a","reportUrl":"https://m1mohammed1.github.io/orangeHRM/77/#testresult/798ebd16bf6f5d6a","status":"passed","time":{"start":1767052013348,"stop":1767052016847,"duration":3499}},{"uid":"b8f0fc6f22f8b872","reportUrl":"https://m1mohammed1.github.io/orangeHRM/69/#testresult/b8f0fc6f22f8b872","status":"passed","time":{"start":1767044603570,"stop":1767044609833,"duration":6263}},{"uid":"c80381be89c1b6d2","reportUrl":"https://m1mohammed1.github.io/orangeHRM/66/#testresult/c80381be89c1b6d2","status":"passed","time":{"start":1767040515780,"stop":1767040522122,"duration":6342}},{"uid":"e26245db0c6bb434","reportUrl":"https://m1mohammed1.github.io/orangeHRM/65/#testresult/e26245db0c6bb434","status":"broken","statusDetails":"Expected condition failed: waiting for element to be clickable: By.xpath: //div[@role='listbox']//span[contains(normalize-space(), 'Full-Time Contract')] (tried for 10 second(s) with 300 milliseconds interval)\nBuild info: version: '4.39.0', revision: '126f156aee'\nSystem info: os.name: 'Linux', os.arch: 'amd64', os.version: '6.11.0-1018-azure', java.version: '21.0.9'\nDriver info: driver.version: unknown","time":{"start":1767037072123,"stop":1767037084988,"duration":12865}},{"uid":"7f0c043e80f93463","reportUrl":"https://m1mohammed1.github.io/orangeHRM/64/#testresult/7f0c043e80f93463","status":"passed","time":{"start":1767031805968,"stop":1767031822977,"duration":17009}},{"uid":"bde64b3414935aea","reportUrl":"https://m1mohammed1.github.io/orangeHRM/63/#testresult/bde64b3414935aea","status":"passed","time":{"start":1767023251480,"stop":1767023257960,"duration":6480}},{"uid":"45c1d049c19c9da1","reportUrl":"https://m1mohammed1.github.io/orangeHRM/62/#testresult/45c1d049c19c9da1","status":"passed","time":{"start":1767020634887,"stop":1767020640134,"duration":5247}},{"uid":"b284ace331251884","reportUrl":"https://m1mohammed1.github.io/orangeHRM/61/#testresult/b284ace331251884","status":"passed","time":{"start":1767018438852,"stop":1767018444183,"duration":5331}},{"uid":"662e0ef7ae7e4f6d","reportUrl":"https://m1mohammed1.github.io/orangeHRM/60/#testresult/662e0ef7ae7e4f6d","status":"passed","time":{"start":1766961835825,"stop":1766961840338,"duration":4513}},{"uid":"368f1a407560fcfb","reportUrl":"https://m1mohammed1.github.io/orangeHRM/59/#testresult/368f1a407560fcfb","status":"passed","time":{"start":1766957925488,"stop":1766957931463,"duration":5975}},{"uid":"6dfa8b85f053ff5f","reportUrl":"https://m1mohammed1.github.io/orangeHRM/58/#testresult/6dfa8b85f053ff5f","status":"passed","time":{"start":1766955326152,"stop":1766955330961,"duration":4809}},{"uid":"50f9a05929aeaebd","reportUrl":"https://m1mohammed1.github.io/orangeHRM/57/#testresult/50f9a05929aeaebd","status":"broken","statusDetails":"Expected condition failed: waiting for element to be clickable: By.xpath: //button[normalize-space()='Submit' or normalize-space()='submit'] (tried for 10 second(s) with 300 milliseconds interval)\nBuild info: version: '4.39.0', revision: '126f156aee'\nSystem info: os.name: 'Linux', os.arch: 'amd64', os.version: '6.11.0-1018-azure', java.version: '21.0.9'\nDriver info: driver.version: unknown","time":{"start":1766953276324,"stop":1766953288810,"duration":12486}},{"uid":"4d95fb96b28014f8","reportUrl":"https://m1mohammed1.github.io/orangeHRM/55/#testresult/4d95fb96b28014f8","status":"broken","statusDetails":"Expected condition failed: waiting for element to be clickable: By.xpath: //div[@role='listbox']//span[contains(normalize-space(), 'Full-Time Contract')] (tried for 10 second(s) with 300 milliseconds interval)\nBuild info: version: '4.39.0', revision: '126f156aee'\nSystem info: os.name: 'Linux', os.arch: 'amd64', os.version: '6.11.0-1018-azure', java.version: '21.0.9'\nDriver info: driver.version: unknown","time":{"start":1766948929956,"stop":1766948943157,"duration":13201}}]},"tags":[]},"source":"d28456877c5f4619.json","parameterValues":[]}