{"uid":"3524db435521ca5","name":"TC01 - Generate Project Report","fullName":"project_orangehrm.Test.Time_Reports_Test.verifyProjectReport_Generate","historyId":"8567c6a15c034f6999a9ad4963d5dd07","time":{"start":1767302848100,"stop":1767302871997,"duration":23897},"status":"broken","statusMessage":"Expected condition failed: waiting for project_orangehrm.Base.BasePage$$Lambda/0x00007f320835dcd8@435e416c (tried for 10 second(s) with 300 milliseconds interval)","statusTrace":"org.openqa.selenium.TimeoutException: Expected condition failed: waiting for project_orangehrm.Base.BasePage$$Lambda/0x00007f320835dcd8@435e416c (tried for 10 second(s) with 300 milliseconds interval)\n\tat org.openqa.selenium.support.ui.FluentWait.timeoutException(FluentWait.java:265)\n\tat org.openqa.selenium.support.ui.FluentWait.until(FluentWait.java:228)\n\tat project_orangehrm.Base.BasePage.typeText(BasePage.java:82)\n\tat project_orangehrm.Pages.CommonPage.type(CommonPage.java:369)\n\tat project_orangehrm.Pages.CommonPage.typeInField(CommonPage.java:85)\n\tat project_orangehrm.Pages.TimePage.typeInDynamicField(TimePage.java:50)\n\tat project_orangehrm.Test.Time_Reports_Test.verifyProjectReport_Generate(Time_Reports_Test.java:35)\n\tat java.base/jdk.internal.reflect.DirectMethodHandleAccessor.invoke(DirectMethodHandleAccessor.java:103)\n\tat java.base/java.lang.reflect.Method.invoke(Method.java:580)\n\tat org.testng.internal.invokers.MethodInvocationHelper.invokeMethod(MethodInvocationHelper.java:141)\n\tat org.testng.internal.invokers.TestInvoker.invokeMethod(TestInvoker.java:687)\n\tat org.testng.internal.invokers.TestInvoker.invokeTestMethod(TestInvoker.java:230)\n\tat org.testng.internal.invokers.MethodRunner.runInSequence(MethodRunner.java:63)\n\tat org.testng.internal.invokers.TestInvoker$MethodInvocationAgent.invoke(TestInvoker.java:995)\n\tat org.testng.internal.invokers.TestInvoker.invokeTestMethods(TestInvoker.java:203)\n\tat org.testng.internal.invokers.TestMethodWorker.invokeTestMethods(TestMethodWorker.java:154)\n\tat org.testng.internal.invokers.TestMethodWorker.run(TestMethodWorker.java:134)\n\tat java.base/java.util.ArrayList.forEach(ArrayList.java:1596)\n\tat org.testng.TestRunner.privateRun(TestRunner.java:741)\n\tat org.testng.TestRunner.run(TestRunner.java:616)\n\tat org.testng.SuiteRunner.runTest(SuiteRunner.java:421)\n\tat org.testng.SuiteRunner.runSequentially(SuiteRunner.java:413)\n\tat org.testng.SuiteRunner.privateRun(SuiteRunner.java:373)\n\tat org.testng.SuiteRunner.run(SuiteRunner.java:312)\n\tat org.testng.SuiteRunnerWorker.runSuite(SuiteRunnerWorker.java:52)\n\tat org.testng.SuiteRunnerWorker.run(SuiteRunnerWorker.java:95)\n\tat org.testng.TestNG.runSuitesSequentially(TestNG.java:1274)\n\tat org.testng.TestNG.runSuitesLocally(TestNG.java:1208)\n\tat org.testng.TestNG.runSuites(TestNG.java:1112)\n\tat org.testng.TestNG.run(TestNG.java:1079)\n\tat org.apache.maven.surefire.testng.TestNGExecutor.run(TestNGExecutor.java:155)\n\tat org.apache.maven.surefire.testng.TestNGDirectoryTestSuite.executeSingleClass(TestNGDirectoryTestSuite.java:102)\n\tat org.apache.maven.surefire.testng.TestNGDirectoryTestSuite.execute(TestNGDirectoryTestSuite.java:91)\n\tat org.apache.maven.surefire.testng.TestNGProvider.invoke(TestNGProvider.java:137)\n\tat org.apache.maven.surefire.booter.ForkedBooter.runSuitesInProcess(ForkedBooter.java:385)\n\tat org.apache.maven.surefire.booter.ForkedBooter.execute(ForkedBooter.java:162)\n\tat org.apache.maven.surefire.booter.ForkedBooter.run(ForkedBooter.java:507)\n\tat org.apache.maven.surefire.booter.ForkedBooter.main(ForkedBooter.java:495)\nCaused by: org.openqa.selenium.NoSuchElementException: no such element: Unable to locate element: {\"method\":\"xpath\",\"selector\":\"//label[normalize-space()='Project Name']/../following-sibling::div//input\"}\n  (Session info: chrome=143.0.7499.109)\nFor documentation on this error, please visit: https://www.selenium.dev/documentation/webdriver/troubleshooting/errors#nosuchelementexception\nBuild info: version: '4.39.0', revision: '126f156aee'\nSystem info: os.name: 'Linux', os.arch: 'amd64', os.version: '6.11.0-1018-azure', java.version: '21.0.9'\nDriver info: org.openqa.selenium.chrome.ChromeDriver\nCommand: [dbd2e04acfc808f053bde2a388a5499b, findElement {value=//label[normalize-space()='Project Name']/../following-sibling::div//input, using=xpath}]\nCapabilities {acceptInsecureCerts: false, browserName: chrome, browserVersion: 143.0.7499.109, chrome: {chromedriverVersion: 143.0.7499.42 (24bdc8c48a0c..., userDataDir: /tmp/.org.chromium.Chromium...}, fedcm:accounts: true, goog:chromeOptions: {debuggerAddress: localhost:33021}, goog:processID: 2689, networkConnectionEnabled: false, pageLoadStrategy: normal, platformName: linux, proxy: Proxy(), se:cdp: ws://localhost:33021/devtoo..., se:cdpVersion: 143.0.7499.109, setWindowRect: true, strictFileInteractability: false, timeouts: {implicit: 0, pageLoad: 300000, script: 30000}, unhandledPromptBehavior: dismiss and notify, webauthn:extension:credBlob: true, webauthn:extension:largeBlob: true, webauthn:extension:minPinLength: true, webauthn:extension:prf: true, webauthn:virtualAuthenticators: true}\nSession ID: dbd2e04acfc808f053bde2a388a5499b\n\tat java.base/jdk.internal.reflect.DirectConstructorHandleAccessor.newInstance(DirectConstructorHandleAccessor.java:62)\n\tat java.base/java.lang.reflect.Constructor.newInstanceWithCaller(Constructor.java:502)\n\tat java.base/java.lang.reflect.Constructor.newInstance(Constructor.java:486)\n\tat org.openqa.selenium.remote.ErrorCodec.decode(ErrorCodec.java:167)\n\tat org.openqa.selenium.remote.codec.w3c.W3CHttpResponseCodec.decode(W3CHttpResponseCodec.java:142)\n\tat org.openqa.selenium.remote.codec.w3c.W3CHttpResponseCodec.decode(W3CHttpResponseCodec.java:49)\n\tat org.openqa.selenium.remote.HttpCommandExecutor.execute(HttpCommandExecutor.java:215)\n\tat org.openqa.selenium.remote.service.DriverCommandExecutor.invokeExecute(DriverCommandExecutor.java:216)\n\tat org.openqa.selenium.remote.service.DriverCommandExecutor.execute(DriverCommandExecutor.java:174)\n\tat org.openqa.selenium.remote.RemoteWebDriver.execute(RemoteWebDriver.java:561)\n\tat org.openqa.selenium.remote.ElementLocation$ElementFinder$2.findElement(ElementLocation.java:166)\n\tat org.openqa.selenium.remote.ElementLocation.findElement(ElementLocation.java:60)\n\tat org.openqa.selenium.remote.RemoteWebDriver.findElement(RemoteWebDriver.java:384)\n\tat org.openqa.selenium.remote.RemoteWebDriver.findElement(RemoteWebDriver.java:378)\n\tat project_orangehrm.Base.BasePage.lambda$typeText$0(BasePage.java:83)\n\tat org.openqa.selenium.support.ui.FluentWait.until(FluentWait.java:203)\n\t... 36 more\n","flaky":false,"newFailed":false,"newBroken":true,"newPassed":false,"retriesCount":0,"retriesStatusChange":false,"beforeStages":[{"name":"setUp","time":{"start":1767302814930,"stop":1767302820380,"duration":5450},"description":"","status":"passed","steps":[],"attachments":[],"parameters":[],"stepsCount":0,"shouldDisplayMessage":false,"attachmentsCount":0,"hasContent":false,"attachmentStep":false},{"name":"setup","time":{"start":1767302820468,"stop":1767302848071,"duration":27603},"description":"","status":"passed","steps":[],"attachments":[],"parameters":[],"stepsCount":0,"shouldDisplayMessage":false,"attachmentsCount":0,"hasContent":false,"attachmentStep":false}],"afterStages":[{"name":"tearDown","time":{"start":1767302872008,"stop":1767302872166,"duration":158},"description":"","status":"passed","steps":[],"attachments":[{"name":"Screenshot Failure - verifyProjectReport_Generate","type":"image/png","size":0}],"parameters":[],"stepsCount":0,"shouldDisplayMessage":false,"attachmentsCount":1,"hasContent":true,"attachmentStep":false}],"labels":[{"name":"package","value":"project_orangehrm.Test.Time_Reports_Test"},{"name":"testClass","value":"project_orangehrm.Test.Time_Reports_Test"},{"name":"testMethod","value":"verifyProjectReport_Generate"},{"name":"parentSuite","value":"Surefire suite"},{"name":"suite","value":"Surefire test"},{"name":"subSuite","value":"project_orangehrm.Test.Time_Reports_Test"},{"name":"host","value":"runnervmh13bl"},{"name":"thread","value":"2610@runnervmh13bl.main(1)"},{"name":"framework","value":"testng"},{"name":"language","value":"java"},{"name":"resultFormat","value":"allure2"}],"parameters":[],"links":[],"hidden":false,"retry":false,"extra":{"severity":"normal","retries":[],"categories":[{"name":"Test defects","matchedStatuses":[],"flaky":false}],"history":{"statistic":{"failed":0,"broken":2,"skipped":1,"passed":24,"unknown":0,"total":27},"items":[{"uid":"d945b3638f395821","reportUrl":"https://m1mohammed1.github.io/orangeHRM/83/#testresult/d945b3638f395821","status":"passed","time":{"start":1767295898700,"stop":1767295916360,"duration":17660}},{"uid":"72879d6385cad8da","reportUrl":"https://m1mohammed1.github.io/orangeHRM/82/#testresult/72879d6385cad8da","status":"passed","time":{"start":1767292052158,"stop":1767292074829,"duration":22671}},{"uid":"1d324dd23ac4d594","reportUrl":"https://m1mohammed1.github.io/orangeHRM/81/#testresult/1d324dd23ac4d594","status":"broken","statusDetails":"Expected condition failed: waiting for project_orangehrm.Base.BasePage$$Lambda/0x00007f2dac35d598@6af310c7 (tried for 10 second(s) with 300 milliseconds interval)","time":{"start":1767290395356,"stop":1767290412092,"duration":16736}},{"uid":"4ef9071b96ea372e","reportUrl":"https://m1mohammed1.github.io/orangeHRM/80/#testresult/4ef9071b96ea372e","status":"passed","time":{"start":1767220023698,"stop":1767220028708,"duration":5010}},{"uid":"70c5d2a6c62148cc","reportUrl":"https://m1mohammed1.github.io/orangeHRM/79/#testresult/70c5d2a6c62148cc","status":"passed","time":{"start":1767132617050,"stop":1767132622896,"duration":5846}},{"uid":"7bb1e7b3731a5b6b","reportUrl":"https://m1mohammed1.github.io/orangeHRM/78/#testresult/7bb1e7b3731a5b6b","status":"passed","time":{"start":1767112102572,"stop":1767112109891,"duration":7319}},{"uid":"56f3281fb7a1e72b","reportUrl":"https://m1mohammed1.github.io/orangeHRM/77/#testresult/56f3281fb7a1e72b","status":"passed","time":{"start":1767051984424,"stop":1767051991251,"duration":6827}},{"uid":"3064ec39dbd02d8e","reportUrl":"https://m1mohammed1.github.io/orangeHRM/69/#testresult/3064ec39dbd02d8e","status":"passed","time":{"start":1767044549620,"stop":1767044553203,"duration":3583}},{"uid":"48b692e335c5a366","reportUrl":"https://m1mohammed1.github.io/orangeHRM/66/#testresult/48b692e335c5a366","status":"passed","time":{"start":1767040519988,"stop":1767040526546,"duration":6558}},{"uid":"7894aaa323504cda","reportUrl":"https://m1mohammed1.github.io/orangeHRM/65/#testresult/7894aaa323504cda","status":"passed","time":{"start":1767037047168,"stop":1767037051799,"duration":4631}},{"uid":"b53af776a94ebf40","reportUrl":"https://m1mohammed1.github.io/orangeHRM/64/#testresult/b53af776a94ebf40","status":"passed","time":{"start":1767031719146,"stop":1767031736436,"duration":17290}},{"uid":"3daafc6d406b3f54","reportUrl":"https://m1mohammed1.github.io/orangeHRM/63/#testresult/3daafc6d406b3f54","status":"passed","time":{"start":1767023222527,"stop":1767023232288,"duration":9761}},{"uid":"9dee22308ef19289","reportUrl":"https://m1mohammed1.github.io/orangeHRM/62/#testresult/9dee22308ef19289","status":"passed","time":{"start":1767020633369,"stop":1767020637715,"duration":4346}},{"uid":"f574ecba0d6b8f37","reportUrl":"https://m1mohammed1.github.io/orangeHRM/61/#testresult/f574ecba0d6b8f37","status":"passed","time":{"start":1767018482867,"stop":1767018488753,"duration":5886}},{"uid":"72ab307dd8eec215","reportUrl":"https://m1mohammed1.github.io/orangeHRM/60/#testresult/72ab307dd8eec215","status":"passed","time":{"start":1766961800751,"stop":1766961807734,"duration":6983}},{"uid":"a9b70ade2b1d89b8","reportUrl":"https://m1mohammed1.github.io/orangeHRM/59/#testresult/a9b70ade2b1d89b8","status":"passed","time":{"start":1766957915888,"stop":1766957922263,"duration":6375}},{"uid":"622994edc299c308","reportUrl":"https://m1mohammed1.github.io/orangeHRM/58/#testresult/622994edc299c308","status":"passed","time":{"start":1766955400458,"stop":1766955404157,"duration":3699}},{"uid":"59b82ea5f68a2690","reportUrl":"https://m1mohammed1.github.io/orangeHRM/57/#testresult/59b82ea5f68a2690","status":"passed","time":{"start":1766953274725,"stop":1766953278178,"duration":3453}},{"uid":"932c71ac48a097ed","reportUrl":"https://m1mohammed1.github.io/orangeHRM/55/#testresult/932c71ac48a097ed","status":"passed","time":{"start":1766948869984,"stop":1766948873155,"duration":3171}},{"uid":"bfec269be0bfe62a","reportUrl":"https://m1mohammed1.github.io/orangeHRM/53/#testresult/bfec269be0bfe62a","status":"passed","time":{"start":1766936207971,"stop":1766936214326,"duration":6355}}]},"tags":[]},"source":"3524db435521ca5.json","parameterValues":[]}