{"uid":"4b5bfd4e9d3f1c50","name":"TC02 - Verify Reset Search Filters","fullName":"project_orangehrm.Test.Recruitment_Search_And_Data_Test.verifySearch_Reset_Success","historyId":"849e55d3a9bb22ff51bf5ece8e631a44","time":{"start":1767303033820,"stop":1767303033821,"duration":1},"status":"skipped","statusMessage":"Expected condition failed: waiting for element to be clickable: By.xpath: //a[contains(@class,'oxd-main-menu-item')]/span[text()='Recruitment'] (tried for 10 second(s) with 300 milliseconds interval)\nBuild info: version: '4.39.0', revision: '126f156aee'\nSystem info: os.name: 'Linux', os.arch: 'amd64', os.version: '6.11.0-1018-azure', java.version: '21.0.9'\nDriver info: driver.version: unknown","statusTrace":"org.openqa.selenium.TimeoutException: Expected condition failed: waiting for element to be clickable: By.xpath: //a[contains(@class,'oxd-main-menu-item')]/span[text()='Recruitment'] (tried for 10 second(s) with 300 milliseconds interval)\nBuild info: version: '4.39.0', revision: '126f156aee'\nSystem info: os.name: 'Linux', os.arch: 'amd64', os.version: '6.11.0-1018-azure', java.version: '21.0.9'\nDriver info: driver.version: unknown\n\tat org.openqa.selenium.support.ui.FluentWait.timeoutException(FluentWait.java:265)\n\tat org.openqa.selenium.support.ui.FluentWait.until(FluentWait.java:228)\n\tat project_orangehrm.Base.BasePage.clickWhenReady(BasePage.java:95)\n\tat project_orangehrm.Pages.CommonPage.navigateToModule(CommonPage.java:64)\n\tat project_orangehrm.Test.Recruitment_Search_And_Data_Test.setup(Recruitment_Search_And_Data_Test.java:26)\n\tat java.base/jdk.internal.reflect.DirectMethodHandleAccessor.invoke(DirectMethodHandleAccessor.java:103)\n\tat java.base/java.lang.reflect.Method.invoke(Method.java:580)\n\tat org.testng.internal.invokers.MethodInvocationHelper.invokeMethod(MethodInvocationHelper.java:141)\n\tat org.testng.internal.invokers.MethodInvocationHelper.invokeMethodConsideringTimeout(MethodInvocationHelper.java:71)\n\tat org.testng.internal.invokers.ConfigInvoker.invokeConfigurationMethod(ConfigInvoker.java:400)\n\tat org.testng.internal.invokers.ConfigInvoker.invokeConfigurations(ConfigInvoker.java:333)\n\tat org.testng.internal.invokers.TestInvoker.runConfigMethods(TestInvoker.java:836)\n\tat org.testng.internal.invokers.TestInvoker.invokeMethod(TestInvoker.java:601)\n\tat org.testng.internal.invokers.TestInvoker.invokeTestMethod(TestInvoker.java:230)\n\tat org.testng.internal.invokers.MethodRunner.runInSequence(MethodRunner.java:63)\n\tat org.testng.internal.invokers.TestInvoker$MethodInvocationAgent.invoke(TestInvoker.java:995)\n\tat org.testng.internal.invokers.TestInvoker.invokeTestMethods(TestInvoker.java:203)\n\tat org.testng.internal.invokers.TestMethodWorker.invokeTestMethods(TestMethodWorker.java:154)\n\tat org.testng.internal.invokers.TestMethodWorker.run(TestMethodWorker.java:134)\n\tat java.base/java.util.ArrayList.forEach(ArrayList.java:1596)\n\tat org.testng.TestRunner.privateRun(TestRunner.java:741)\n\tat org.testng.TestRunner.run(TestRunner.java:616)\n\tat org.testng.SuiteRunner.runTest(SuiteRunner.java:421)\n\tat org.testng.SuiteRunner.runSequentially(SuiteRunner.java:413)\n\tat org.testng.SuiteRunner.privateRun(SuiteRunner.java:373)\n\tat org.testng.SuiteRunner.run(SuiteRunner.java:312)\n\tat org.testng.SuiteRunnerWorker.runSuite(SuiteRunnerWorker.java:52)\n\tat org.testng.SuiteRunnerWorker.run(SuiteRunnerWorker.java:95)\n\tat org.testng.TestNG.runSuitesSequentially(TestNG.java:1274)\n\tat org.testng.TestNG.runSuitesLocally(TestNG.java:1208)\n\tat org.testng.TestNG.runSuites(TestNG.java:1112)\n\tat org.testng.TestNG.run(TestNG.java:1079)\n\tat org.apache.maven.surefire.testng.TestNGExecutor.run(TestNGExecutor.java:155)\n\tat org.apache.maven.surefire.testng.TestNGDirectoryTestSuite.executeSingleClass(TestNGDirectoryTestSuite.java:102)\n\tat org.apache.maven.surefire.testng.TestNGDirectoryTestSuite.execute(TestNGDirectoryTestSuite.java:91)\n\tat org.apache.maven.surefire.testng.TestNGProvider.invoke(TestNGProvider.java:137)\n\tat org.apache.maven.surefire.booter.ForkedBooter.runSuitesInProcess(ForkedBooter.java:385)\n\tat org.apache.maven.surefire.booter.ForkedBooter.execute(ForkedBooter.java:162)\n\tat org.apache.maven.surefire.booter.ForkedBooter.run(ForkedBooter.java:507)\n\tat org.apache.maven.surefire.booter.ForkedBooter.main(ForkedBooter.java:495)\n","flaky":false,"newFailed":false,"newBroken":false,"newPassed":false,"retriesCount":0,"retriesStatusChange":false,"beforeStages":[{"name":"setUp","time":{"start":1767303016326,"stop":1767303021102,"duration":4776},"description":"","status":"passed","steps":[],"attachments":[],"parameters":[],"stepsCount":0,"shouldDisplayMessage":false,"attachmentsCount":0,"hasContent":false,"attachmentStep":false},{"name":"setup","time":{"start":1767303021104,"stop":1767303033813,"duration":12709},"description":"","status":"broken","statusMessage":"Expected condition failed: waiting for element to be clickable: By.xpath: //a[contains(@class,'oxd-main-menu-item')]/span[text()='Recruitment'] (tried for 10 second(s) with 300 milliseconds interval)\nBuild info: version: '4.39.0', revision: '126f156aee'\nSystem info: os.name: 'Linux', os.arch: 'amd64', os.version: '6.11.0-1018-azure', java.version: '21.0.9'\nDriver info: driver.version: unknown","statusTrace":"org.openqa.selenium.TimeoutException: Expected condition failed: waiting for element to be clickable: By.xpath: //a[contains(@class,'oxd-main-menu-item')]/span[text()='Recruitment'] (tried for 10 second(s) with 300 milliseconds interval)\nBuild info: version: '4.39.0', revision: '126f156aee'\nSystem info: os.name: 'Linux', os.arch: 'amd64', os.version: '6.11.0-1018-azure', java.version: '21.0.9'\nDriver info: driver.version: unknown\n\tat org.openqa.selenium.support.ui.FluentWait.timeoutException(FluentWait.java:265)\n\tat org.openqa.selenium.support.ui.FluentWait.until(FluentWait.java:228)\n\tat project_orangehrm.Base.BasePage.clickWhenReady(BasePage.java:95)\n\tat project_orangehrm.Pages.CommonPage.navigateToModule(CommonPage.java:64)\n\tat project_orangehrm.Test.Recruitment_Search_And_Data_Test.setup(Recruitment_Search_And_Data_Test.java:26)\n\tat java.base/jdk.internal.reflect.DirectMethodHandleAccessor.invoke(DirectMethodHandleAccessor.java:103)\n\tat java.base/java.lang.reflect.Method.invoke(Method.java:580)\n\tat org.testng.internal.invokers.MethodInvocationHelper.invokeMethod(MethodInvocationHelper.java:141)\n\tat org.testng.internal.invokers.MethodInvocationHelper.invokeMethodConsideringTimeout(MethodInvocationHelper.java:71)\n\tat org.testng.internal.invokers.ConfigInvoker.invokeConfigurationMethod(ConfigInvoker.java:400)\n\tat org.testng.internal.invokers.ConfigInvoker.invokeConfigurations(ConfigInvoker.java:333)\n\tat org.testng.internal.invokers.TestInvoker.runConfigMethods(TestInvoker.java:836)\n\tat org.testng.internal.invokers.TestInvoker.invokeMethod(TestInvoker.java:601)\n\tat org.testng.internal.invokers.TestInvoker.invokeTestMethod(TestInvoker.java:230)\n\tat org.testng.internal.invokers.MethodRunner.runInSequence(MethodRunner.java:63)\n\tat org.testng.internal.invokers.TestInvoker$MethodInvocationAgent.invoke(TestInvoker.java:995)\n\tat org.testng.internal.invokers.TestInvoker.invokeTestMethods(TestInvoker.java:203)\n\tat org.testng.internal.invokers.TestMethodWorker.invokeTestMethods(TestMethodWorker.java:154)\n\tat org.testng.internal.invokers.TestMethodWorker.run(TestMethodWorker.java:134)\n\tat java.base/java.util.ArrayList.forEach(ArrayList.java:1596)\n\tat org.testng.TestRunner.privateRun(TestRunner.java:741)\n\tat org.testng.TestRunner.run(TestRunner.java:616)\n\tat org.testng.SuiteRunner.runTest(SuiteRunner.java:421)\n\tat org.testng.SuiteRunner.runSequentially(SuiteRunner.java:413)\n\tat org.testng.SuiteRunner.privateRun(SuiteRunner.java:373)\n\tat org.testng.SuiteRunner.run(SuiteRunner.java:312)\n\tat org.testng.SuiteRunnerWorker.runSuite(SuiteRunnerWorker.java:52)\n\tat org.testng.SuiteRunnerWorker.run(SuiteRunnerWorker.java:95)\n\tat org.testng.TestNG.runSuitesSequentially(TestNG.java:1274)\n\tat org.testng.TestNG.runSuitesLocally(TestNG.java:1208)\n\tat org.testng.TestNG.runSuites(TestNG.java:1112)\n\tat org.testng.TestNG.run(TestNG.java:1079)\n\tat org.apache.maven.surefire.testng.TestNGExecutor.run(TestNGExecutor.java:155)\n\tat org.apache.maven.surefire.testng.TestNGDirectoryTestSuite.executeSingleClass(TestNGDirectoryTestSuite.java:102)\n\tat org.apache.maven.surefire.testng.TestNGDirectoryTestSuite.execute(TestNGDirectoryTestSuite.java:91)\n\tat org.apache.maven.surefire.testng.TestNGProvider.invoke(TestNGProvider.java:137)\n\tat org.apache.maven.surefire.booter.ForkedBooter.runSuitesInProcess(ForkedBooter.java:385)\n\tat org.apache.maven.surefire.booter.ForkedBooter.execute(ForkedBooter.java:162)\n\tat org.apache.maven.surefire.booter.ForkedBooter.run(ForkedBooter.java:507)\n\tat org.apache.maven.surefire.booter.ForkedBooter.main(ForkedBooter.java:495)\n","steps":[],"attachments":[],"parameters":[],"stepsCount":0,"shouldDisplayMessage":true,"attachmentsCount":0,"hasContent":true,"attachmentStep":false}],"afterStages":[{"name":"tearDown","time":{"start":1767303033823,"stop":1767303033903,"duration":80},"description":"","status":"passed","steps":[],"attachments":[],"parameters":[],"stepsCount":0,"shouldDisplayMessage":false,"attachmentsCount":0,"hasContent":false,"attachmentStep":false}],"labels":[{"name":"package","value":"project_orangehrm.Test.Recruitment_Search_And_Data_Test"},{"name":"testClass","value":"project_orangehrm.Test.Recruitment_Search_And_Data_Test"},{"name":"testMethod","value":"verifySearch_Reset_Success"},{"name":"parentSuite","value":"Surefire suite"},{"name":"suite","value":"Surefire test"},{"name":"subSuite","value":"project_orangehrm.Test.Recruitment_Search_And_Data_Test"},{"name":"host","value":"runnervmh13bl"},{"name":"thread","value":"2575@runnervmh13bl.main(1)"},{"name":"framework","value":"testng"},{"name":"language","value":"java"},{"name":"resultFormat","value":"allure2"}],"parameters":[],"links":[],"hidden":false,"retry":false,"extra":{"severity":"normal","retries":[],"categories":[],"history":{"statistic":{"failed":0,"broken":3,"skipped":3,"passed":20,"unknown":0,"total":26},"items":[{"uid":"c26a73acab95068","reportUrl":"https://m1mohammed1.github.io/orangeHRM/83/#testresult/c26a73acab95068","status":"passed","time":{"start":1767295960624,"stop":1767295988475,"duration":27851}},{"uid":"373180a1e023125","reportUrl":"https://m1mohammed1.github.io/orangeHRM/82/#testresult/373180a1e023125","status":"passed","time":{"start":1767292171843,"stop":1767292198716,"duration":26873}},{"uid":"593d182b7d25e591","reportUrl":"https://m1mohammed1.github.io/orangeHRM/81/#testresult/593d182b7d25e591","status":"skipped","statusDetails":"Expected condition failed: waiting for element to be clickable: By.xpath: //a[contains(@class,'oxd-main-menu-item')]/span[text()='Recruitment'] (tried for 10 second(s) with 300 milliseconds interval)\nBuild info: version: '4.39.0', revision: '126f156aee'\nSystem info: os.name: 'Linux', os.arch: 'amd64', os.version: '6.11.0-1018-azure', java.version: '21.0.9'\nDriver info: driver.version: unknown","time":{"start":1767290423315,"stop":1767290423316,"duration":1}},{"uid":"6518c77ce882ae80","reportUrl":"https://m1mohammed1.github.io/orangeHRM/80/#testresult/6518c77ce882ae80","status":"passed","time":{"start":1767220035896,"stop":1767220041055,"duration":5159}},{"uid":"b9923426fe036598","reportUrl":"https://m1mohammed1.github.io/orangeHRM/79/#testresult/b9923426fe036598","status":"passed","time":{"start":1767132675817,"stop":1767132681109,"duration":5292}},{"uid":"e7f8d078bca55619","reportUrl":"https://m1mohammed1.github.io/orangeHRM/78/#testresult/e7f8d078bca55619","status":"passed","time":{"start":1767112133132,"stop":1767112139042,"duration":5910}},{"uid":"535376530e2293bb","reportUrl":"https://m1mohammed1.github.io/orangeHRM/77/#testresult/535376530e2293bb","status":"passed","time":{"start":1767052007590,"stop":1767052013974,"duration":6384}},{"uid":"70a4d03ca87669ea","reportUrl":"https://m1mohammed1.github.io/orangeHRM/69/#testresult/70a4d03ca87669ea","status":"passed","time":{"start":1767044661223,"stop":1767044666850,"duration":5627}},{"uid":"d3aa6effbea0dedc","reportUrl":"https://m1mohammed1.github.io/orangeHRM/66/#testresult/d3aa6effbea0dedc","status":"passed","time":{"start":1767040546210,"stop":1767040554440,"duration":8230}},{"uid":"8fc233e22d03aa33","reportUrl":"https://m1mohammed1.github.io/orangeHRM/65/#testresult/8fc233e22d03aa33","status":"passed","time":{"start":1767037134522,"stop":1767037139473,"duration":4951}},{"uid":"f979fad8293b9698","reportUrl":"https://m1mohammed1.github.io/orangeHRM/64/#testresult/f979fad8293b9698","status":"passed","time":{"start":1767031822999,"stop":1767031838544,"duration":15545}},{"uid":"6d9e75fd619c55b5","reportUrl":"https://m1mohammed1.github.io/orangeHRM/63/#testresult/6d9e75fd619c55b5","status":"passed","time":{"start":1767023262739,"stop":1767023268669,"duration":5930}},{"uid":"a9d5fba1377aa2bb","reportUrl":"https://m1mohammed1.github.io/orangeHRM/62/#testresult/a9d5fba1377aa2bb","status":"passed","time":{"start":1767020622022,"stop":1767020627246,"duration":5224}},{"uid":"37aaf9ffbc5131ea","reportUrl":"https://m1mohammed1.github.io/orangeHRM/61/#testresult/37aaf9ffbc5131ea","status":"passed","time":{"start":1767018454696,"stop":1767018460405,"duration":5709}},{"uid":"afe01c5a18f0c044","reportUrl":"https://m1mohammed1.github.io/orangeHRM/60/#testresult/afe01c5a18f0c044","status":"passed","time":{"start":1766961831736,"stop":1766961836981,"duration":5245}},{"uid":"ef015395ed031f29","reportUrl":"https://m1mohammed1.github.io/orangeHRM/59/#testresult/ef015395ed031f29","status":"passed","time":{"start":1766957977684,"stop":1766957981279,"duration":3595}},{"uid":"a07b0cc774fb4fb8","reportUrl":"https://m1mohammed1.github.io/orangeHRM/58/#testresult/a07b0cc774fb4fb8","status":"passed","time":{"start":1766955361761,"stop":1766955364513,"duration":2752}},{"uid":"c7d73f4f9bf4530f","reportUrl":"https://m1mohammed1.github.io/orangeHRM/57/#testresult/c7d73f4f9bf4530f","status":"broken","statusDetails":"Expected condition failed: waiting for element to be clickable: By.xpath: //button[normalize-space()='Submit' or normalize-space()='submit'] (tried for 10 second(s) with 300 milliseconds interval)\nBuild info: version: '4.39.0', revision: '126f156aee'\nSystem info: os.name: 'Linux', os.arch: 'amd64', os.version: '6.11.0-1018-azure', java.version: '21.0.9'\nDriver info: driver.version: unknown","time":{"start":1766953319779,"stop":1766953333796,"duration":14017}},{"uid":"5521e659bb1e550b","reportUrl":"https://m1mohammed1.github.io/orangeHRM/55/#testresult/5521e659bb1e550b","status":"broken","statusDetails":"Expected condition failed: waiting for element to be clickable: By.xpath: //button[normalize-space()='submit'] (tried for 10 second(s) with 300 milliseconds interval)\nBuild info: version: '4.39.0', revision: '126f156aee'\nSystem info: os.name: 'Linux', os.arch: 'amd64', os.version: '6.11.0-1018-azure', java.version: '21.0.9'\nDriver info: driver.version: unknown","time":{"start":1766948903773,"stop":1766948919365,"duration":15592}},{"uid":"1ba1fe99747328d0","reportUrl":"https://m1mohammed1.github.io/orangeHRM/53/#testresult/1ba1fe99747328d0","status":"skipped","statusDetails":"Expected condition failed: waiting for element to be clickable: By.xpath: //a[contains(@class,'oxd-main-menu-item')]/span[text()='Recruitment'] (tried for 10 second(s) with 300 milliseconds interval)\nBuild info: version: '4.39.0', revision: '126f156aee'\nSystem info: os.name: 'Linux', os.arch: 'amd64', os.version: '6.11.0-1018-azure', java.version: '21.0.9'\nDriver info: driver.version: unknown","time":{"start":1766936245121,"stop":1766936245121,"duration":0}}]},"tags":[]},"source":"4b5bfd4e9d3f1c50.json","parameterValues":[]}