{"uid":"2c424d426725d2ca","name":"TC16 - Verify error when creating a duplicate Job Category","fullName":"project_orangehrm.Test.AdminJobTest.verifyJobCategory_DuplicateEntry_ShowError","historyId":"b3bbb459bbf07c4d7ecf90adf8d783f8","time":{"start":1767376817071,"stop":1767376817071,"duration":0},"status":"skipped","statusMessage":"Expected condition failed: waiting for project_orangehrm.Base.BasePage$$Lambda/0x00007fe0f435dcc0@11cdf948 (tried for 10 second(s) with 300 milliseconds interval)","statusTrace":"org.openqa.selenium.TimeoutException: Expected condition failed: waiting for project_orangehrm.Base.BasePage$$Lambda/0x00007fe0f435dcc0@11cdf948 (tried for 10 second(s) with 300 milliseconds interval)\n\tat org.openqa.selenium.support.ui.FluentWait.timeoutException(FluentWait.java:265)\n\tat org.openqa.selenium.support.ui.FluentWait.until(FluentWait.java:228)\n\tat project_orangehrm.Base.BasePage.typeText(BasePage.java:82)\n\tat project_orangehrm.Pages.LoginPage.enterUsername(LoginPage.java:22)\n\tat project_orangehrm.Test.AdminJobTest.setup(AdminJobTest.java:23)\n\tat java.base/jdk.internal.reflect.DirectMethodHandleAccessor.invoke(DirectMethodHandleAccessor.java:103)\n\tat java.base/java.lang.reflect.Method.invoke(Method.java:580)\n\tat org.testng.internal.invokers.MethodInvocationHelper.invokeMethod(MethodInvocationHelper.java:141)\n\tat org.testng.internal.invokers.MethodInvocationHelper.invokeMethodConsideringTimeout(MethodInvocationHelper.java:71)\n\tat org.testng.internal.invokers.ConfigInvoker.invokeConfigurationMethod(ConfigInvoker.java:400)\n\tat org.testng.internal.invokers.ConfigInvoker.invokeConfigurations(ConfigInvoker.java:333)\n\tat org.testng.internal.invokers.TestInvoker.runConfigMethods(TestInvoker.java:836)\n\tat org.testng.internal.invokers.TestInvoker.invokeMethod(TestInvoker.java:601)\n\tat org.testng.internal.invokers.TestInvoker.invokeTestMethod(TestInvoker.java:230)\n\tat org.testng.internal.invokers.MethodRunner.runInSequence(MethodRunner.java:63)\n\tat org.testng.internal.invokers.TestInvoker$MethodInvocationAgent.invoke(TestInvoker.java:995)\n\tat org.testng.internal.invokers.TestInvoker.invokeTestMethods(TestInvoker.java:203)\n\tat org.testng.internal.invokers.TestMethodWorker.invokeTestMethods(TestMethodWorker.java:154)\n\tat org.testng.internal.invokers.TestMethodWorker.run(TestMethodWorker.java:134)\n\tat java.base/java.util.ArrayList.forEach(ArrayList.java:1596)\n\tat org.testng.TestRunner.privateRun(TestRunner.java:741)\n\tat org.testng.TestRunner.run(TestRunner.java:616)\n\tat org.testng.SuiteRunner.runTest(SuiteRunner.java:421)\n\tat org.testng.SuiteRunner.runSequentially(SuiteRunner.java:413)\n\tat org.testng.SuiteRunner.privateRun(SuiteRunner.java:373)\n\tat org.testng.SuiteRunner.run(SuiteRunner.java:312)\n\tat org.testng.SuiteRunnerWorker.runSuite(SuiteRunnerWorker.java:52)\n\tat org.testng.SuiteRunnerWorker.run(SuiteRunnerWorker.java:95)\n\tat org.testng.TestNG.runSuitesSequentially(TestNG.java:1274)\n\tat org.testng.TestNG.runSuitesLocally(TestNG.java:1208)\n\tat org.testng.TestNG.runSuites(TestNG.java:1112)\n\tat org.testng.TestNG.run(TestNG.java:1079)\n\tat org.apache.maven.surefire.testng.TestNGExecutor.run(TestNGExecutor.java:155)\n\tat org.apache.maven.surefire.testng.TestNGDirectoryTestSuite.executeSingleClass(TestNGDirectoryTestSuite.java:102)\n\tat org.apache.maven.surefire.testng.TestNGDirectoryTestSuite.execute(TestNGDirectoryTestSuite.java:91)\n\tat org.apache.maven.surefire.testng.TestNGProvider.invoke(TestNGProvider.java:137)\n\tat org.apache.maven.surefire.booter.ForkedBooter.runSuitesInProcess(ForkedBooter.java:385)\n\tat org.apache.maven.surefire.booter.ForkedBooter.execute(ForkedBooter.java:162)\n\tat org.apache.maven.surefire.booter.ForkedBooter.run(ForkedBooter.java:507)\n\tat org.apache.maven.surefire.booter.ForkedBooter.main(ForkedBooter.java:495)\nCaused by: org.openqa.selenium.NoSuchElementException: no such element: Unable to locate element: {\"method\":\"css selector\",\"selector\":\"input[placeholder='Username']\"}\n  (Session info: MicrosoftEdge=143.0.3650.80)\nFor documentation on this error, please visit: https://www.selenium.dev/documentation/webdriver/troubleshooting/errors#nosuchelementexception\nBuild info: version: '4.39.0', revision: '126f156aee'\nSystem info: os.name: 'Linux', os.arch: 'amd64', os.version: '6.11.0-1018-azure', java.version: '21.0.9'\nDriver info: org.openqa.selenium.edge.EdgeDriver\nCommand: [c167cd40a6567442dd363aa4277fd9fd, findElement {value=input[placeholder='Username'], using=css selector}]\nCapabilities {acceptInsecureCerts: false, browserName: MicrosoftEdge, browserVersion: 143.0.3650.80, fedcm:accounts: true, goog:processID: 7290, ms:edgeOptions: {debuggerAddress: localhost:39659}, msedge: {msedgedriverVersion: 143.0.3650.80 (788579717f68..., userDataDir: /tmp/.com.microsoft.Edge.sc...}, networkConnectionEnabled: false, pageLoadStrategy: normal, platformName: linux, proxy: Proxy(), se:cdp: ws://localhost:39659/devtoo..., se:cdpVersion: 143.0.3650.80, setWindowRect: true, strictFileInteractability: false, timeouts: {implicit: 0, pageLoad: 300000, script: 30000}, unhandledPromptBehavior: dismiss and notify, webauthn:extension:credBlob: true, webauthn:extension:largeBlob: true, webauthn:extension:minPinLength: true, webauthn:extension:prf: true, webauthn:virtualAuthenticators: true}\nSession ID: c167cd40a6567442dd363aa4277fd9fd\n\tat java.base/jdk.internal.reflect.DirectConstructorHandleAccessor.newInstance(DirectConstructorHandleAccessor.java:62)\n\tat java.base/java.lang.reflect.Constructor.newInstanceWithCaller(Constructor.java:502)\n\tat java.base/java.lang.reflect.Constructor.newInstance(Constructor.java:486)\n\tat org.openqa.selenium.remote.ErrorCodec.decode(ErrorCodec.java:167)\n\tat org.openqa.selenium.remote.codec.w3c.W3CHttpResponseCodec.decode(W3CHttpResponseCodec.java:142)\n\tat org.openqa.selenium.remote.codec.w3c.W3CHttpResponseCodec.decode(W3CHttpResponseCodec.java:49)\n\tat org.openqa.selenium.remote.HttpCommandExecutor.execute(HttpCommandExecutor.java:215)\n\tat org.openqa.selenium.remote.service.DriverCommandExecutor.invokeExecute(DriverCommandExecutor.java:216)\n\tat org.openqa.selenium.remote.service.DriverCommandExecutor.execute(DriverCommandExecutor.java:174)\n\tat org.openqa.selenium.remote.RemoteWebDriver.execute(RemoteWebDriver.java:561)\n\tat org.openqa.selenium.remote.ElementLocation$ElementFinder$2.findElement(ElementLocation.java:166)\n\tat org.openqa.selenium.remote.ElementLocation.findElement(ElementLocation.java:60)\n\tat org.openqa.selenium.remote.RemoteWebDriver.findElement(RemoteWebDriver.java:384)\n\tat org.openqa.selenium.remote.RemoteWebDriver.findElement(RemoteWebDriver.java:378)\n\tat project_orangehrm.Base.BasePage.lambda$typeText$0(BasePage.java:83)\n\tat org.openqa.selenium.support.ui.FluentWait.until(FluentWait.java:203)\n\t... 38 more\n","flaky":false,"newFailed":false,"newBroken":false,"newPassed":false,"retriesCount":0,"retriesStatusChange":false,"beforeStages":[{"name":"setUp","time":{"start":1767376815772,"stop":1767376817069,"duration":1297},"description":"","status":"passed","steps":[],"attachments":[],"parameters":[],"stepsCount":0,"shouldDisplayMessage":false,"attachmentsCount":0,"hasContent":false,"attachmentStep":false},{"name":"setup","time":{"start":1767376817069,"stop":1767376817070,"duration":1},"description":"","status":"broken","steps":[],"attachments":[],"parameters":[],"stepsCount":0,"shouldDisplayMessage":false,"attachmentsCount":0,"hasContent":false,"attachmentStep":false}],"afterStages":[{"name":"tearDown","time":{"start":1767376817072,"stop":1767376817146,"duration":74},"description":"","status":"passed","steps":[],"attachments":[],"parameters":[],"stepsCount":0,"shouldDisplayMessage":false,"attachmentsCount":0,"hasContent":false,"attachmentStep":false}],"labels":[{"name":"package","value":"project_orangehrm.Test.AdminJobTest"},{"name":"testClass","value":"project_orangehrm.Test.AdminJobTest"},{"name":"testMethod","value":"verifyJobCategory_DuplicateEntry_ShowError"},{"name":"parentSuite","value":"Surefire suite"},{"name":"suite","value":"Surefire test"},{"name":"subSuite","value":"project_orangehrm.Test.AdminJobTest"},{"name":"host","value":"runnervmh13bl"},{"name":"thread","value":"2579@runnervmh13bl.main(1)"},{"name":"framework","value":"testng"},{"name":"language","value":"java"},{"name":"resultFormat","value":"allure2"}],"parameters":[],"links":[],"hidden":false,"retry":false,"extra":{"severity":"normal","retries":[],"categories":[],"history":{"statistic":{"failed":1,"broken":1,"skipped":4,"passed":23,"unknown":0,"total":29},"items":[{"uid":"2c78acb038a2855a","reportUrl":"https://m1mohammed1.github.io/orangeHRM/89/#testresult/2c78acb038a2855a","status":"skipped","statusDetails":"Text mismatch for element defined by [By.cssSelector: .oxd-topbar-header-title]. Expected to contain: [Dashboard], but found: [Dashboard]","time":{"start":1767371131582,"stop":1767371131582,"duration":0}},{"uid":"ee24f82286b8872","reportUrl":"https://m1mohammed1.github.io/orangeHRM/86/#testresult/ee24f82286b8872","status":"passed","time":{"start":1767306155037,"stop":1767306166407,"duration":11370}},{"uid":"9384859793622be3","reportUrl":"https://m1mohammed1.github.io/orangeHRM/85/#testresult/9384859793622be3","status":"skipped","statusDetails":"Expected condition failed: waiting for project_orangehrm.Base.BasePage$$Lambda/0x00007f1e1435dcc0@13087c75 (tried for 10 second(s) with 300 milliseconds interval)","time":{"start":1767304815935,"stop":1767304815935,"duration":0}},{"uid":"c9382c50e7a33045","reportUrl":"https://m1mohammed1.github.io/orangeHRM/84/#testresult/c9382c50e7a33045","status":"passed","time":{"start":1767303390899,"stop":1767303402718,"duration":11819}},{"uid":"e7d748e139f19164","reportUrl":"https://m1mohammed1.github.io/orangeHRM/83/#testresult/e7d748e139f19164","status":"skipped","statusDetails":"Text mismatch for element defined by [By.cssSelector: .oxd-topbar-header-title]. Expected to contain: [Dashboard], but found: [Dashboard]","time":{"start":1767295970307,"stop":1767295970307,"duration":0}},{"uid":"1f6c626829fe66be","reportUrl":"https://m1mohammed1.github.io/orangeHRM/82/#testresult/1f6c626829fe66be","status":"passed","time":{"start":1767292575246,"stop":1767292587043,"duration":11797}},{"uid":"a2a6afe3df6a10cd","reportUrl":"https://m1mohammed1.github.io/orangeHRM/80/#testresult/a2a6afe3df6a10cd","status":"passed","time":{"start":1767220225104,"stop":1767220232845,"duration":7741}},{"uid":"954e3802ac5254ce","reportUrl":"https://m1mohammed1.github.io/orangeHRM/79/#testresult/954e3802ac5254ce","status":"passed","time":{"start":1767132824037,"stop":1767132831772,"duration":7735}},{"uid":"a2b35c66ef8f6c42","reportUrl":"https://m1mohammed1.github.io/orangeHRM/78/#testresult/a2b35c66ef8f6c42","status":"passed","time":{"start":1767112359348,"stop":1767112367199,"duration":7851}},{"uid":"e332296cbbfd59f4","reportUrl":"https://m1mohammed1.github.io/orangeHRM/77/#testresult/e332296cbbfd59f4","status":"passed","time":{"start":1767052210755,"stop":1767052219417,"duration":8662}},{"uid":"cac1493f003fe0e8","reportUrl":"https://m1mohammed1.github.io/orangeHRM/69/#testresult/cac1493f003fe0e8","status":"passed","time":{"start":1767044819493,"stop":1767044827165,"duration":7672}},{"uid":"b78e0a73d4a0eab2","reportUrl":"https://m1mohammed1.github.io/orangeHRM/66/#testresult/b78e0a73d4a0eab2","status":"passed","time":{"start":1767040754185,"stop":1767040763400,"duration":9215}},{"uid":"6a049e8fb3e7ec7b","reportUrl":"https://m1mohammed1.github.io/orangeHRM/65/#testresult/6a049e8fb3e7ec7b","status":"failed","statusDetails":"Success message not displayed | Locator: By.xpath: //div[contains(@class, 'oxd-toast--success')]","time":{"start":1767037285021,"stop":1767037296529,"duration":11508}},{"uid":"3dec30dd743f54bb","reportUrl":"https://m1mohammed1.github.io/orangeHRM/64/#testresult/3dec30dd743f54bb","status":"broken","statusDetails":"Expected condition failed: waiting for element to be clickable: By.xpath: //button[normalize-space()='Add'] (tried for 10 second(s) with 300 milliseconds interval)\nBuild info: version: '4.39.0', revision: '126f156aee'\nSystem info: os.name: 'Linux', os.arch: 'amd64', os.version: '6.11.0-1018-azure', java.version: '21.0.9'\nDriver info: driver.version: unknown","time":{"start":1767032599860,"stop":1767032639582,"duration":39722}},{"uid":"4ce6e70c0bf37cff","reportUrl":"https://m1mohammed1.github.io/orangeHRM/63/#testresult/4ce6e70c0bf37cff","status":"passed","time":{"start":1767023490175,"stop":1767023499054,"duration":8879}},{"uid":"385d3f6de77f0db5","reportUrl":"https://m1mohammed1.github.io/orangeHRM/62/#testresult/385d3f6de77f0db5","status":"passed","time":{"start":1767020829241,"stop":1767020837025,"duration":7784}},{"uid":"3d7dae831f9eca8c","reportUrl":"https://m1mohammed1.github.io/orangeHRM/61/#testresult/3d7dae831f9eca8c","status":"passed","time":{"start":1767018655000,"stop":1767018663125,"duration":8125}},{"uid":"c97ccb9eb674d347","reportUrl":"https://m1mohammed1.github.io/orangeHRM/60/#testresult/c97ccb9eb674d347","status":"passed","time":{"start":1766962027722,"stop":1766962035131,"duration":7409}},{"uid":"5b2b48524e380a16","reportUrl":"https://m1mohammed1.github.io/orangeHRM/59/#testresult/5b2b48524e380a16","status":"passed","time":{"start":1766958100329,"stop":1766958107929,"duration":7600}},{"uid":"c31285be4645f517","reportUrl":"https://m1mohammed1.github.io/orangeHRM/58/#testresult/c31285be4645f517","status":"passed","time":{"start":1766955514998,"stop":1766955523234,"duration":8236}}]},"tags":[]},"source":"2c424d426725d2ca.json","parameterValues":[]}