{"uid":"7e1967177cbdfa64","name":"TC03 - Verify Vacancy Validation Errors","fullName":"project_orangehrm.Test.Recruitment_Vacancies_Test.verifyVacancy_EmptyFields_Error","historyId":"f00a2b40905f99a5ddb85835b245aaa3","time":{"start":1767376376905,"stop":1767376376905,"duration":0},"status":"skipped","statusMessage":"Expected condition failed: waiting for element to be clickable: By.xpath: //a[contains(@class,'oxd-main-menu-item')]/span[text()='Recruitment'] (tried for 10 second(s) with 300 milliseconds interval)\nBuild info: version: '4.39.0', revision: '126f156aee'\nSystem info: os.name: 'Linux', os.arch: 'amd64', os.version: '6.11.0-1018-azure', java.version: '21.0.9'\nDriver info: driver.version: unknown","statusTrace":"org.openqa.selenium.TimeoutException: Expected condition failed: waiting for element to be clickable: By.xpath: //a[contains(@class,'oxd-main-menu-item')]/span[text()='Recruitment'] (tried for 10 second(s) with 300 milliseconds interval)\nBuild info: version: '4.39.0', revision: '126f156aee'\nSystem info: os.name: 'Linux', os.arch: 'amd64', os.version: '6.11.0-1018-azure', java.version: '21.0.9'\nDriver info: driver.version: unknown\n\tat org.openqa.selenium.support.ui.FluentWait.timeoutException(FluentWait.java:265)\n\tat org.openqa.selenium.support.ui.FluentWait.until(FluentWait.java:228)\n\tat project_orangehrm.Base.BasePage.clickWhenReady(BasePage.java:95)\n\tat project_orangehrm.Pages.CommonPage.navigateToModule(CommonPage.java:64)\n\tat project_orangehrm.Test.Recruitment_Vacancies_Test.setup(Recruitment_Vacancies_Test.java:27)\n\tat java.base/jdk.internal.reflect.DirectMethodHandleAccessor.invoke(DirectMethodHandleAccessor.java:103)\n\tat java.base/java.lang.reflect.Method.invoke(Method.java:580)\n\tat org.testng.internal.invokers.MethodInvocationHelper.invokeMethod(MethodInvocationHelper.java:141)\n\tat org.testng.internal.invokers.MethodInvocationHelper.invokeMethodConsideringTimeout(MethodInvocationHelper.java:71)\n\tat org.testng.internal.invokers.ConfigInvoker.invokeConfigurationMethod(ConfigInvoker.java:400)\n\tat org.testng.internal.invokers.ConfigInvoker.invokeConfigurations(ConfigInvoker.java:333)\n\tat org.testng.internal.invokers.TestInvoker.runConfigMethods(TestInvoker.java:836)\n\tat org.testng.internal.invokers.TestInvoker.invokeMethod(TestInvoker.java:601)\n\tat org.testng.internal.invokers.TestInvoker.invokeTestMethod(TestInvoker.java:230)\n\tat org.testng.internal.invokers.MethodRunner.runInSequence(MethodRunner.java:63)\n\tat org.testng.internal.invokers.TestInvoker$MethodInvocationAgent.invoke(TestInvoker.java:995)\n\tat org.testng.internal.invokers.TestInvoker.invokeTestMethods(TestInvoker.java:203)\n\tat org.testng.internal.invokers.TestMethodWorker.invokeTestMethods(TestMethodWorker.java:154)\n\tat org.testng.internal.invokers.TestMethodWorker.run(TestMethodWorker.java:134)\n\tat java.base/java.util.ArrayList.forEach(ArrayList.java:1596)\n\tat org.testng.TestRunner.privateRun(TestRunner.java:741)\n\tat org.testng.TestRunner.run(TestRunner.java:616)\n\tat org.testng.SuiteRunner.runTest(SuiteRunner.java:421)\n\tat org.testng.SuiteRunner.runSequentially(SuiteRunner.java:413)\n\tat org.testng.SuiteRunner.privateRun(SuiteRunner.java:373)\n\tat org.testng.SuiteRunner.run(SuiteRunner.java:312)\n\tat org.testng.SuiteRunnerWorker.runSuite(SuiteRunnerWorker.java:52)\n\tat org.testng.SuiteRunnerWorker.run(SuiteRunnerWorker.java:95)\n\tat org.testng.TestNG.runSuitesSequentially(TestNG.java:1274)\n\tat org.testng.TestNG.runSuitesLocally(TestNG.java:1208)\n\tat org.testng.TestNG.runSuites(TestNG.java:1112)\n\tat org.testng.TestNG.run(TestNG.java:1079)\n\tat org.apache.maven.surefire.testng.TestNGExecutor.run(TestNGExecutor.java:155)\n\tat org.apache.maven.surefire.testng.TestNGDirectoryTestSuite.executeSingleClass(TestNGDirectoryTestSuite.java:102)\n\tat org.apache.maven.surefire.testng.TestNGDirectoryTestSuite.execute(TestNGDirectoryTestSuite.java:91)\n\tat org.apache.maven.surefire.testng.TestNGProvider.invoke(TestNGProvider.java:137)\n\tat org.apache.maven.surefire.booter.ForkedBooter.runSuitesInProcess(ForkedBooter.java:385)\n\tat org.apache.maven.surefire.booter.ForkedBooter.execute(ForkedBooter.java:162)\n\tat org.apache.maven.surefire.booter.ForkedBooter.run(ForkedBooter.java:507)\n\tat org.apache.maven.surefire.booter.ForkedBooter.main(ForkedBooter.java:495)\n","flaky":false,"newFailed":false,"newBroken":false,"newPassed":false,"retriesCount":0,"retriesStatusChange":false,"beforeStages":[{"name":"setUp","time":{"start":1767376355055,"stop":1767376359408,"duration":4353},"description":"","status":"passed","steps":[],"attachments":[],"parameters":[],"stepsCount":0,"shouldDisplayMessage":false,"attachmentsCount":0,"hasContent":false,"attachmentStep":false},{"name":"setup","time":{"start":1767376359410,"stop":1767376376898,"duration":17488},"description":"","status":"broken","statusMessage":"Expected condition failed: waiting for element to be clickable: By.xpath: //a[contains(@class,'oxd-main-menu-item')]/span[text()='Recruitment'] (tried for 10 second(s) with 300 milliseconds interval)\nBuild info: version: '4.39.0', revision: '126f156aee'\nSystem info: os.name: 'Linux', os.arch: 'amd64', os.version: '6.11.0-1018-azure', java.version: '21.0.9'\nDriver info: driver.version: unknown","statusTrace":"org.openqa.selenium.TimeoutException: Expected condition failed: waiting for element to be clickable: By.xpath: //a[contains(@class,'oxd-main-menu-item')]/span[text()='Recruitment'] (tried for 10 second(s) with 300 milliseconds interval)\nBuild info: version: '4.39.0', revision: '126f156aee'\nSystem info: os.name: 'Linux', os.arch: 'amd64', os.version: '6.11.0-1018-azure', java.version: '21.0.9'\nDriver info: driver.version: unknown\n\tat org.openqa.selenium.support.ui.FluentWait.timeoutException(FluentWait.java:265)\n\tat org.openqa.selenium.support.ui.FluentWait.until(FluentWait.java:228)\n\tat project_orangehrm.Base.BasePage.clickWhenReady(BasePage.java:95)\n\tat project_orangehrm.Pages.CommonPage.navigateToModule(CommonPage.java:64)\n\tat project_orangehrm.Test.Recruitment_Vacancies_Test.setup(Recruitment_Vacancies_Test.java:27)\n\tat java.base/jdk.internal.reflect.DirectMethodHandleAccessor.invoke(DirectMethodHandleAccessor.java:103)\n\tat java.base/java.lang.reflect.Method.invoke(Method.java:580)\n\tat org.testng.internal.invokers.MethodInvocationHelper.invokeMethod(MethodInvocationHelper.java:141)\n\tat org.testng.internal.invokers.MethodInvocationHelper.invokeMethodConsideringTimeout(MethodInvocationHelper.java:71)\n\tat org.testng.internal.invokers.ConfigInvoker.invokeConfigurationMethod(ConfigInvoker.java:400)\n\tat org.testng.internal.invokers.ConfigInvoker.invokeConfigurations(ConfigInvoker.java:333)\n\tat org.testng.internal.invokers.TestInvoker.runConfigMethods(TestInvoker.java:836)\n\tat org.testng.internal.invokers.TestInvoker.invokeMethod(TestInvoker.java:601)\n\tat org.testng.internal.invokers.TestInvoker.invokeTestMethod(TestInvoker.java:230)\n\tat org.testng.internal.invokers.MethodRunner.runInSequence(MethodRunner.java:63)\n\tat org.testng.internal.invokers.TestInvoker$MethodInvocationAgent.invoke(TestInvoker.java:995)\n\tat org.testng.internal.invokers.TestInvoker.invokeTestMethods(TestInvoker.java:203)\n\tat org.testng.internal.invokers.TestMethodWorker.invokeTestMethods(TestMethodWorker.java:154)\n\tat org.testng.internal.invokers.TestMethodWorker.run(TestMethodWorker.java:134)\n\tat java.base/java.util.ArrayList.forEach(ArrayList.java:1596)\n\tat org.testng.TestRunner.privateRun(TestRunner.java:741)\n\tat org.testng.TestRunner.run(TestRunner.java:616)\n\tat org.testng.SuiteRunner.runTest(SuiteRunner.java:421)\n\tat org.testng.SuiteRunner.runSequentially(SuiteRunner.java:413)\n\tat org.testng.SuiteRunner.privateRun(SuiteRunner.java:373)\n\tat org.testng.SuiteRunner.run(SuiteRunner.java:312)\n\tat org.testng.SuiteRunnerWorker.runSuite(SuiteRunnerWorker.java:52)\n\tat org.testng.SuiteRunnerWorker.run(SuiteRunnerWorker.java:95)\n\tat org.testng.TestNG.runSuitesSequentially(TestNG.java:1274)\n\tat org.testng.TestNG.runSuitesLocally(TestNG.java:1208)\n\tat org.testng.TestNG.runSuites(TestNG.java:1112)\n\tat org.testng.TestNG.run(TestNG.java:1079)\n\tat org.apache.maven.surefire.testng.TestNGExecutor.run(TestNGExecutor.java:155)\n\tat org.apache.maven.surefire.testng.TestNGDirectoryTestSuite.executeSingleClass(TestNGDirectoryTestSuite.java:102)\n\tat org.apache.maven.surefire.testng.TestNGDirectoryTestSuite.execute(TestNGDirectoryTestSuite.java:91)\n\tat org.apache.maven.surefire.testng.TestNGProvider.invoke(TestNGProvider.java:137)\n\tat org.apache.maven.surefire.booter.ForkedBooter.runSuitesInProcess(ForkedBooter.java:385)\n\tat org.apache.maven.surefire.booter.ForkedBooter.execute(ForkedBooter.java:162)\n\tat org.apache.maven.surefire.booter.ForkedBooter.run(ForkedBooter.java:507)\n\tat org.apache.maven.surefire.booter.ForkedBooter.main(ForkedBooter.java:495)\n","steps":[],"attachments":[],"parameters":[],"stepsCount":0,"shouldDisplayMessage":true,"attachmentsCount":0,"hasContent":true,"attachmentStep":false}],"afterStages":[{"name":"tearDown","time":{"start":1767376376907,"stop":1767376376984,"duration":77},"description":"","status":"passed","steps":[],"attachments":[],"parameters":[],"stepsCount":0,"shouldDisplayMessage":false,"attachmentsCount":0,"hasContent":false,"attachmentStep":false}],"labels":[{"name":"package","value":"project_orangehrm.Test.Recruitment_Vacancies_Test"},{"name":"testClass","value":"project_orangehrm.Test.Recruitment_Vacancies_Test"},{"name":"testMethod","value":"verifyVacancy_EmptyFields_Error"},{"name":"parentSuite","value":"Surefire suite"},{"name":"suite","value":"Surefire test"},{"name":"subSuite","value":"project_orangehrm.Test.Recruitment_Vacancies_Test"},{"name":"host","value":"runnervmh13bl"},{"name":"thread","value":"2583@runnervmh13bl.main(1)"},{"name":"framework","value":"testng"},{"name":"language","value":"java"},{"name":"resultFormat","value":"allure2"}],"parameters":[],"links":[],"hidden":false,"retry":false,"extra":{"severity":"normal","retries":[],"categories":[],"history":{"statistic":{"failed":0,"broken":0,"skipped":5,"passed":25,"unknown":0,"total":30},"items":[{"uid":"3c0e676bda07c8fd","reportUrl":"https://m1mohammed1.github.io/orangeHRM/89/#testresult/3c0e676bda07c8fd","status":"skipped","statusDetails":"Expected condition failed: waiting for element to be clickable: By.xpath: //a[contains(@class,'oxd-main-menu-item')]/span[text()='Recruitment'] (tried for 10 second(s) with 300 milliseconds interval)\nBuild info: version: '4.39.0', revision: '126f156aee'\nSystem info: os.name: 'Linux', os.arch: 'amd64', os.version: '6.11.0-1018-azure', java.version: '21.0.9'\nDriver info: driver.version: unknown","time":{"start":1767371146937,"stop":1767371146937,"duration":0}},{"uid":"701d452d6dcb21a8","reportUrl":"https://m1mohammed1.github.io/orangeHRM/86/#testresult/701d452d6dcb21a8","status":"passed","time":{"start":1767305825493,"stop":1767305846608,"duration":21115}},{"uid":"2b94e7ce126b3ac","reportUrl":"https://m1mohammed1.github.io/orangeHRM/85/#testresult/2b94e7ce126b3ac","status":"passed","time":{"start":1767304406093,"stop":1767304429602,"duration":23509}},{"uid":"721d1305e9ce67ae","reportUrl":"https://m1mohammed1.github.io/orangeHRM/84/#testresult/721d1305e9ce67ae","status":"passed","time":{"start":1767302984126,"stop":1767303015869,"duration":31743}},{"uid":"89887aaa2c710a69","reportUrl":"https://m1mohammed1.github.io/orangeHRM/83/#testresult/89887aaa2c710a69","status":"passed","time":{"start":1767295974531,"stop":1767296000269,"duration":25738}},{"uid":"a73e2d84a768ec10","reportUrl":"https://m1mohammed1.github.io/orangeHRM/82/#testresult/a73e2d84a768ec10","status":"skipped","statusDetails":"Expected condition failed: waiting for element to be clickable: By.xpath: //a[contains(@class,'oxd-main-menu-item')]/span[text()='Recruitment'] (tried for 10 second(s) with 300 milliseconds interval)\nBuild info: version: '4.39.0', revision: '126f156aee'\nSystem info: os.name: 'Linux', os.arch: 'amd64', os.version: '6.11.0-1018-azure', java.version: '21.0.9'\nDriver info: driver.version: unknown","time":{"start":1767292153774,"stop":1767292153774,"duration":0}},{"uid":"dfd40d94d1c20f0d","reportUrl":"https://m1mohammed1.github.io/orangeHRM/81/#testresult/dfd40d94d1c20f0d","status":"skipped","statusDetails":"Expected condition failed: waiting for element to be clickable: By.xpath: //a[contains(@class,'oxd-main-menu-item')]/span[text()='Recruitment'] (tried for 10 second(s) with 300 milliseconds interval)\nBuild info: version: '4.39.0', revision: '126f156aee'\nSystem info: os.name: 'Linux', os.arch: 'amd64', os.version: '6.11.0-1018-azure', java.version: '21.0.9'\nDriver info: driver.version: unknown","time":{"start":1767290494057,"stop":1767290494057,"duration":0}},{"uid":"4737ed9b532d9e93","reportUrl":"https://m1mohammed1.github.io/orangeHRM/80/#testresult/4737ed9b532d9e93","status":"passed","time":{"start":1767220107748,"stop":1767220109591,"duration":1843}},{"uid":"d6105c8b57fa4032","reportUrl":"https://m1mohammed1.github.io/orangeHRM/79/#testresult/d6105c8b57fa4032","status":"passed","time":{"start":1767132630405,"stop":1767132636984,"duration":6579}},{"uid":"37cf70d9d74ee617","reportUrl":"https://m1mohammed1.github.io/orangeHRM/78/#testresult/37cf70d9d74ee617","status":"passed","time":{"start":1767112219412,"stop":1767112224520,"duration":5108}},{"uid":"ad32a71135774115","reportUrl":"https://m1mohammed1.github.io/orangeHRM/77/#testresult/ad32a71135774115","status":"passed","time":{"start":1767052006089,"stop":1767052013008,"duration":6919}},{"uid":"32a88b09288c8e32","reportUrl":"https://m1mohammed1.github.io/orangeHRM/69/#testresult/32a88b09288c8e32","status":"passed","time":{"start":1767044588727,"stop":1767044597203,"duration":8476}},{"uid":"1ec1c6b020102e8b","reportUrl":"https://m1mohammed1.github.io/orangeHRM/66/#testresult/1ec1c6b020102e8b","status":"passed","time":{"start":1767040553563,"stop":1767040559714,"duration":6151}},{"uid":"390e5b6ad2220842","reportUrl":"https://m1mohammed1.github.io/orangeHRM/65/#testresult/390e5b6ad2220842","status":"passed","time":{"start":1767037069296,"stop":1767037075150,"duration":5854}},{"uid":"7a11af72e7635f28","reportUrl":"https://m1mohammed1.github.io/orangeHRM/64/#testresult/7a11af72e7635f28","status":"passed","time":{"start":1767031847430,"stop":1767031866883,"duration":19453}},{"uid":"590f265a4c64b9f9","reportUrl":"https://m1mohammed1.github.io/orangeHRM/63/#testresult/590f265a4c64b9f9","status":"passed","time":{"start":1767023236147,"stop":1767023246562,"duration":10415}},{"uid":"3c267f59372fcb2c","reportUrl":"https://m1mohammed1.github.io/orangeHRM/62/#testresult/3c267f59372fcb2c","status":"passed","time":{"start":1767020622306,"stop":1767020628485,"duration":6179}},{"uid":"240483667f4c5ee3","reportUrl":"https://m1mohammed1.github.io/orangeHRM/61/#testresult/240483667f4c5ee3","status":"passed","time":{"start":1767018458785,"stop":1767018464728,"duration":5943}},{"uid":"838f54f932c7c39c","reportUrl":"https://m1mohammed1.github.io/orangeHRM/60/#testresult/838f54f932c7c39c","status":"passed","time":{"start":1766961819392,"stop":1766961828866,"duration":9474}},{"uid":"c262b09a8bdd92ae","reportUrl":"https://m1mohammed1.github.io/orangeHRM/59/#testresult/c262b09a8bdd92ae","status":"passed","time":{"start":1766957910736,"stop":1766957917600,"duration":6864}}]},"tags":[]},"source":"7e1967177cbdfa64.json","parameterValues":[]}