{"uid":"fbd02875b4e23f5b","name":"TC01 - Verify Maintenance Access Requires Password","fullName":"project_orangehrm.Test.Maintenance_Authentication_Test.verifyMaintenance_Access_Security","historyId":"69a28c38c37cc787f34a5b8f0a807f43","time":{"start":1767376482670,"stop":1767376482677,"duration":7},"status":"skipped","statusMessage":"java.util.concurrent.TimeoutException\nBuild info: version: '4.39.0', revision: '126f156aee'\nSystem info: os.name: 'Linux', os.arch: 'amd64', os.version: '6.11.0-1018-azure', java.version: '21.0.9'\nDriver info: org.openqa.selenium.edge.EdgeDriver\nCommand: [4283a4a9334afdd91c15b9f4ffc5492a, get {url=https://opensource-demo.orangehrmlive.com/}]\nCapabilities {acceptInsecureCerts: false, browserName: MicrosoftEdge, browserVersion: 143.0.3650.80, fedcm:accounts: true, goog:processID: 2656, ms:edgeOptions: {debuggerAddress: localhost:42469}, msedge: {msedgedriverVersion: 143.0.3650.80 (788579717f68..., userDataDir: /tmp/.com.microsoft.Edge.sc...}, networkConnectionEnabled: false, pageLoadStrategy: normal, platformName: linux, proxy: Proxy(), se:cdp: ws://localhost:42469/devtoo..., se:cdpVersion: 143.0.3650.80, setWindowRect: true, strictFileInteractability: false, timeouts: {implicit: 0, pageLoad: 300000, script: 30000}, unhandledPromptBehavior: dismiss and notify, webauthn:extension:credBlob: true, webauthn:extension:largeBlob: true, webauthn:extension:minPinLength: true, webauthn:extension:prf: true, webauthn:virtualAuthenticators: true}\nSession ID: 4283a4a9334afdd91c15b9f4ffc5492a","statusTrace":"org.openqa.selenium.TimeoutException: java.util.concurrent.TimeoutException\nBuild info: version: '4.39.0', revision: '126f156aee'\nSystem info: os.name: 'Linux', os.arch: 'amd64', os.version: '6.11.0-1018-azure', java.version: '21.0.9'\nDriver info: org.openqa.selenium.edge.EdgeDriver\nCommand: [4283a4a9334afdd91c15b9f4ffc5492a, get {url=https://opensource-demo.orangehrmlive.com/}]\nCapabilities {acceptInsecureCerts: false, browserName: MicrosoftEdge, browserVersion: 143.0.3650.80, fedcm:accounts: true, goog:processID: 2656, ms:edgeOptions: {debuggerAddress: localhost:42469}, msedge: {msedgedriverVersion: 143.0.3650.80 (788579717f68..., userDataDir: /tmp/.com.microsoft.Edge.sc...}, networkConnectionEnabled: false, pageLoadStrategy: normal, platformName: linux, proxy: Proxy(), se:cdp: ws://localhost:42469/devtoo..., se:cdpVersion: 143.0.3650.80, setWindowRect: true, strictFileInteractability: false, timeouts: {implicit: 0, pageLoad: 300000, script: 30000}, unhandledPromptBehavior: dismiss and notify, webauthn:extension:credBlob: true, webauthn:extension:largeBlob: true, webauthn:extension:minPinLength: true, webauthn:extension:prf: true, webauthn:virtualAuthenticators: true}\nSession ID: 4283a4a9334afdd91c15b9f4ffc5492a\n\tat org.openqa.selenium.remote.http.jdk.JdkHttpClient.execute(JdkHttpClient.java:428)\n\tat org.openqa.selenium.remote.HttpCommandExecutor.execute(HttpCommandExecutor.java:212)\n\tat org.openqa.selenium.remote.service.DriverCommandExecutor.invokeExecute(DriverCommandExecutor.java:216)\n\tat org.openqa.selenium.remote.service.DriverCommandExecutor.execute(DriverCommandExecutor.java:174)\n\tat org.openqa.selenium.remote.RemoteWebDriver.execute(RemoteWebDriver.java:561)\n\tat org.openqa.selenium.remote.RemoteWebDriver.get(RemoteWebDriver.java:329)\n\tat project_orangehrm.Base.BaseTest.setUp(BaseTest.java:117)\n\tat java.base/jdk.internal.reflect.DirectMethodHandleAccessor.invoke(DirectMethodHandleAccessor.java:103)\n\tat java.base/java.lang.reflect.Method.invoke(Method.java:580)\n\tat org.testng.internal.invokers.MethodInvocationHelper.invokeMethod(MethodInvocationHelper.java:141)\n\tat org.testng.internal.invokers.MethodInvocationHelper.invokeMethodConsideringTimeout(MethodInvocationHelper.java:71)\n\tat org.testng.internal.invokers.ConfigInvoker.invokeConfigurationMethod(ConfigInvoker.java:400)\n\tat org.testng.internal.invokers.ConfigInvoker.invokeConfigurations(ConfigInvoker.java:333)\n\tat org.testng.internal.invokers.TestInvoker.runConfigMethods(TestInvoker.java:836)\n\tat org.testng.internal.invokers.TestInvoker.invokeMethod(TestInvoker.java:601)\n\tat org.testng.internal.invokers.TestInvoker.invokeTestMethod(TestInvoker.java:230)\n\tat org.testng.internal.invokers.MethodRunner.runInSequence(MethodRunner.java:63)\n\tat org.testng.internal.invokers.TestInvoker$MethodInvocationAgent.invoke(TestInvoker.java:995)\n\tat org.testng.internal.invokers.TestInvoker.invokeTestMethods(TestInvoker.java:203)\n\tat org.testng.internal.invokers.TestMethodWorker.invokeTestMethods(TestMethodWorker.java:154)\n\tat org.testng.internal.invokers.TestMethodWorker.run(TestMethodWorker.java:134)\n\tat java.base/java.util.ArrayList.forEach(ArrayList.java:1596)\n\tat org.testng.TestRunner.privateRun(TestRunner.java:741)\n\tat org.testng.TestRunner.run(TestRunner.java:616)\n\tat org.testng.SuiteRunner.runTest(SuiteRunner.java:421)\n\tat org.testng.SuiteRunner.runSequentially(SuiteRunner.java:413)\n\tat org.testng.SuiteRunner.privateRun(SuiteRunner.java:373)\n\tat org.testng.SuiteRunner.run(SuiteRunner.java:312)\n\tat org.testng.SuiteRunnerWorker.runSuite(SuiteRunnerWorker.java:52)\n\tat org.testng.SuiteRunnerWorker.run(SuiteRunnerWorker.java:95)\n\tat org.testng.TestNG.runSuitesSequentially(TestNG.java:1274)\n\tat org.testng.TestNG.runSuitesLocally(TestNG.java:1208)\n\tat org.testng.TestNG.runSuites(TestNG.java:1112)\n\tat org.testng.TestNG.run(TestNG.java:1079)\n\tat org.apache.maven.surefire.testng.TestNGExecutor.run(TestNGExecutor.java:155)\n\tat org.apache.maven.surefire.testng.TestNGDirectoryTestSuite.executeSingleClass(TestNGDirectoryTestSuite.java:102)\n\tat org.apache.maven.surefire.testng.TestNGDirectoryTestSuite.execute(TestNGDirectoryTestSuite.java:91)\n\tat org.apache.maven.surefire.testng.TestNGProvider.invoke(TestNGProvider.java:137)\n\tat org.apache.maven.surefire.booter.ForkedBooter.runSuitesInProcess(ForkedBooter.java:385)\n\tat org.apache.maven.surefire.booter.ForkedBooter.execute(ForkedBooter.java:162)\n\tat org.apache.maven.surefire.booter.ForkedBooter.run(ForkedBooter.java:507)\n\tat org.apache.maven.surefire.booter.ForkedBooter.main(ForkedBooter.java:495)\nCaused by: java.util.concurrent.TimeoutException\n\tat java.base/java.util.concurrent.CompletableFuture$Timeout.run(CompletableFuture.java:2920)\n\tat java.base/java.util.concurrent.Executors$RunnableAdapter.call(Executors.java:572)\n\tat java.base/java.util.concurrent.FutureTask.run(FutureTask.java:317)\n\tat java.base/java.util.concurrent.ScheduledThreadPoolExecutor$ScheduledFutureTask.run(ScheduledThreadPoolExecutor.java:304)\n\tat java.base/java.util.concurrent.ThreadPoolExecutor.runWorker(ThreadPoolExecutor.java:1144)\n\tat java.base/java.util.concurrent.ThreadPoolExecutor$Worker.run(ThreadPoolExecutor.java:642)\n\tat java.base/java.lang.Thread.run(Thread.java:1583)\n","flaky":false,"newFailed":false,"newBroken":false,"newPassed":false,"retriesCount":0,"retriesStatusChange":false,"beforeStages":[{"name":"setUp","time":{"start":1767376261444,"stop":1767376482294,"duration":220850},"description":"","status":"broken","statusMessage":"java.util.concurrent.TimeoutException\nBuild info: version: '4.39.0', revision: '126f156aee'\nSystem info: os.name: 'Linux', os.arch: 'amd64', os.version: '6.11.0-1018-azure', java.version: '21.0.9'\nDriver info: org.openqa.selenium.edge.EdgeDriver\nCommand: [4283a4a9334afdd91c15b9f4ffc5492a, get {url=https://opensource-demo.orangehrmlive.com/}]\nCapabilities {acceptInsecureCerts: false, browserName: MicrosoftEdge, browserVersion: 143.0.3650.80, fedcm:accounts: true, goog:processID: 2656, ms:edgeOptions: {debuggerAddress: localhost:42469}, msedge: {msedgedriverVersion: 143.0.3650.80 (788579717f68..., userDataDir: /tmp/.com.microsoft.Edge.sc...}, networkConnectionEnabled: false, pageLoadStrategy: normal, platformName: linux, proxy: Proxy(), se:cdp: ws://localhost:42469/devtoo..., se:cdpVersion: 143.0.3650.80, setWindowRect: true, strictFileInteractability: false, timeouts: {implicit: 0, pageLoad: 300000, script: 30000}, unhandledPromptBehavior: dismiss and notify, webauthn:extension:credBlob: true, webauthn:extension:largeBlob: true, webauthn:extension:minPinLength: true, webauthn:extension:prf: true, webauthn:virtualAuthenticators: true}\nSession ID: 4283a4a9334afdd91c15b9f4ffc5492a","statusTrace":"org.openqa.selenium.TimeoutException: java.util.concurrent.TimeoutException\nBuild info: version: '4.39.0', revision: '126f156aee'\nSystem info: os.name: 'Linux', os.arch: 'amd64', os.version: '6.11.0-1018-azure', java.version: '21.0.9'\nDriver info: org.openqa.selenium.edge.EdgeDriver\nCommand: [4283a4a9334afdd91c15b9f4ffc5492a, get {url=https://opensource-demo.orangehrmlive.com/}]\nCapabilities {acceptInsecureCerts: false, browserName: MicrosoftEdge, browserVersion: 143.0.3650.80, fedcm:accounts: true, goog:processID: 2656, ms:edgeOptions: {debuggerAddress: localhost:42469}, msedge: {msedgedriverVersion: 143.0.3650.80 (788579717f68..., userDataDir: /tmp/.com.microsoft.Edge.sc...}, networkConnectionEnabled: false, pageLoadStrategy: normal, platformName: linux, proxy: Proxy(), se:cdp: ws://localhost:42469/devtoo..., se:cdpVersion: 143.0.3650.80, setWindowRect: true, strictFileInteractability: false, timeouts: {implicit: 0, pageLoad: 300000, script: 30000}, unhandledPromptBehavior: dismiss and notify, webauthn:extension:credBlob: true, webauthn:extension:largeBlob: true, webauthn:extension:minPinLength: true, webauthn:extension:prf: true, webauthn:virtualAuthenticators: true}\nSession ID: 4283a4a9334afdd91c15b9f4ffc5492a\n\tat org.openqa.selenium.remote.http.jdk.JdkHttpClient.execute(JdkHttpClient.java:428)\n\tat org.openqa.selenium.remote.HttpCommandExecutor.execute(HttpCommandExecutor.java:212)\n\tat org.openqa.selenium.remote.service.DriverCommandExecutor.invokeExecute(DriverCommandExecutor.java:216)\n\tat org.openqa.selenium.remote.service.DriverCommandExecutor.execute(DriverCommandExecutor.java:174)\n\tat org.openqa.selenium.remote.RemoteWebDriver.execute(RemoteWebDriver.java:561)\n\tat org.openqa.selenium.remote.RemoteWebDriver.get(RemoteWebDriver.java:329)\n\tat project_orangehrm.Base.BaseTest.setUp(BaseTest.java:117)\n\tat java.base/jdk.internal.reflect.DirectMethodHandleAccessor.invoke(DirectMethodHandleAccessor.java:103)\n\tat java.base/java.lang.reflect.Method.invoke(Method.java:580)\n\tat org.testng.internal.invokers.MethodInvocationHelper.invokeMethod(MethodInvocationHelper.java:141)\n\tat org.testng.internal.invokers.MethodInvocationHelper.invokeMethodConsideringTimeout(MethodInvocationHelper.java:71)\n\tat org.testng.internal.invokers.ConfigInvoker.invokeConfigurationMethod(ConfigInvoker.java:400)\n\tat org.testng.internal.invokers.ConfigInvoker.invokeConfigurations(ConfigInvoker.java:333)\n\tat org.testng.internal.invokers.TestInvoker.runConfigMethods(TestInvoker.java:836)\n\tat org.testng.internal.invokers.TestInvoker.invokeMethod(TestInvoker.java:601)\n\tat org.testng.internal.invokers.TestInvoker.invokeTestMethod(TestInvoker.java:230)\n\tat org.testng.internal.invokers.MethodRunner.runInSequence(MethodRunner.java:63)\n\tat org.testng.internal.invokers.TestInvoker$MethodInvocationAgent.invoke(TestInvoker.java:995)\n\tat org.testng.internal.invokers.TestInvoker.invokeTestMethods(TestInvoker.java:203)\n\tat org.testng.internal.invokers.TestMethodWorker.invokeTestMethods(TestMethodWorker.java:154)\n\tat org.testng.internal.invokers.TestMethodWorker.run(TestMethodWorker.java:134)\n\tat java.base/java.util.ArrayList.forEach(ArrayList.java:1596)\n\tat org.testng.TestRunner.privateRun(TestRunner.java:741)\n\tat org.testng.TestRunner.run(TestRunner.java:616)\n\tat org.testng.SuiteRunner.runTest(SuiteRunner.java:421)\n\tat org.testng.SuiteRunner.runSequentially(SuiteRunner.java:413)\n\tat org.testng.SuiteRunner.privateRun(SuiteRunner.java:373)\n\tat org.testng.SuiteRunner.run(SuiteRunner.java:312)\n\tat org.testng.SuiteRunnerWorker.runSuite(SuiteRunnerWorker.java:52)\n\tat org.testng.SuiteRunnerWorker.run(SuiteRunnerWorker.java:95)\n\tat org.testng.TestNG.runSuitesSequentially(TestNG.java:1274)\n\tat org.testng.TestNG.runSuitesLocally(TestNG.java:1208)\n\tat org.testng.TestNG.runSuites(TestNG.java:1112)\n\tat org.testng.TestNG.run(TestNG.java:1079)\n\tat org.apache.maven.surefire.testng.TestNGExecutor.run(TestNGExecutor.java:155)\n\tat org.apache.maven.surefire.testng.TestNGDirectoryTestSuite.executeSingleClass(TestNGDirectoryTestSuite.java:102)\n\tat org.apache.maven.surefire.testng.TestNGDirectoryTestSuite.execute(TestNGDirectoryTestSuite.java:91)\n\tat org.apache.maven.surefire.testng.TestNGProvider.invoke(TestNGProvider.java:137)\n\tat org.apache.maven.surefire.booter.ForkedBooter.runSuitesInProcess(ForkedBooter.java:385)\n\tat org.apache.maven.surefire.booter.ForkedBooter.execute(ForkedBooter.java:162)\n\tat org.apache.maven.surefire.booter.ForkedBooter.run(ForkedBooter.java:507)\n\tat org.apache.maven.surefire.booter.ForkedBooter.main(ForkedBooter.java:495)\nCaused by: java.util.concurrent.TimeoutException\n\tat java.base/java.util.concurrent.CompletableFuture$Timeout.run(CompletableFuture.java:2920)\n\tat java.base/java.util.concurrent.Executors$RunnableAdapter.call(Executors.java:572)\n\tat java.base/java.util.concurrent.FutureTask.run(FutureTask.java:317)\n\tat java.base/java.util.concurrent.ScheduledThreadPoolExecutor$ScheduledFutureTask.run(ScheduledThreadPoolExecutor.java:304)\n\tat java.base/java.util.concurrent.ThreadPoolExecutor.runWorker(ThreadPoolExecutor.java:1144)\n\tat java.base/java.util.concurrent.ThreadPoolExecutor$Worker.run(ThreadPoolExecutor.java:642)\n\tat java.base/java.lang.Thread.run(Thread.java:1583)\n","steps":[],"attachments":[],"parameters":[],"stepsCount":0,"shouldDisplayMessage":true,"attachmentsCount":0,"hasContent":true,"attachmentStep":false},{"name":"setup","time":{"start":1767376482650,"stop":1767376482650,"duration":0},"description":"","status":"broken","steps":[],"attachments":[],"parameters":[],"stepsCount":0,"shouldDisplayMessage":false,"attachmentsCount":0,"hasContent":false,"attachmentStep":false}],"afterStages":[{"name":"tearDown","time":{"start":1767376482686,"stop":1767376523742,"duration":41056},"description":"","status":"passed","steps":[],"attachments":[],"parameters":[],"stepsCount":0,"shouldDisplayMessage":false,"attachmentsCount":0,"hasContent":false,"attachmentStep":false}],"labels":[{"name":"package","value":"project_orangehrm.Test.Maintenance_Authentication_Test"},{"name":"testClass","value":"project_orangehrm.Test.Maintenance_Authentication_Test"},{"name":"testMethod","value":"verifyMaintenance_Access_Security"},{"name":"parentSuite","value":"Surefire suite"},{"name":"suite","value":"Surefire test"},{"name":"subSuite","value":"project_orangehrm.Test.Maintenance_Authentication_Test"},{"name":"host","value":"runnervmh13bl"},{"name":"thread","value":"2573@runnervmh13bl.main(1)"},{"name":"framework","value":"testng"},{"name":"language","value":"java"},{"name":"resultFormat","value":"allure2"}],"parameters":[],"links":[],"hidden":false,"retry":false,"extra":{"severity":"normal","retries":[],"categories":[],"history":{"statistic":{"failed":29,"broken":1,"skipped":1,"passed":0,"unknown":0,"total":31},"items":[{"uid":"774dda9594c13dbc","reportUrl":"https://m1mohammed1.github.io/orangeHRM/89/#testresult/774dda9594c13dbc","status":"failed","statusDetails":"Text mismatch for element defined by [By.tagName: h6]. Expected to contain: [Purge Records], but found: [Maintenance]","time":{"start":1767371010128,"stop":1767371100000,"duration":89872}},{"uid":"cdd90c120716bf5f","reportUrl":"https://m1mohammed1.github.io/orangeHRM/86/#testresult/cdd90c120716bf5f","status":"failed","statusDetails":"Text mismatch for element defined by [By.tagName: h6]. Expected to contain: [Purge Records], but found: [Maintenance]","time":{"start":1767305637716,"stop":1767305709270,"duration":71554}},{"uid":"eda30a141a40000","reportUrl":"https://m1mohammed1.github.io/orangeHRM/85/#testresult/eda30a141a40000","status":"failed","statusDetails":"Text mismatch for element defined by [By.tagName: h6]. Expected to contain: [Purge Records], but found: [Maintenance]","time":{"start":1767304391204,"stop":1767304437830,"duration":46626}},{"uid":"7c996d5a20f98282","reportUrl":"https://m1mohammed1.github.io/orangeHRM/84/#testresult/7c996d5a20f98282","status":"failed","statusDetails":"Text mismatch for element defined by [By.tagName: h6]. Expected to contain: [Purge Records], but found: [Maintenance]","time":{"start":1767302819194,"stop":1767302871065,"duration":51871}},{"uid":"6d671dd28661d3ee","reportUrl":"https://m1mohammed1.github.io/orangeHRM/83/#testresult/6d671dd28661d3ee","status":"failed","statusDetails":"Text mismatch for element defined by [By.tagName: h6]. Expected to contain: [Purge Records], but found: [Maintenance]","time":{"start":1767295843598,"stop":1767295924181,"duration":80583}},{"uid":"4553770ff8eb92b6","reportUrl":"https://m1mohammed1.github.io/orangeHRM/82/#testresult/4553770ff8eb92b6","status":"failed","statusDetails":"Text mismatch for element defined by [By.tagName: h6]. Expected to contain: [Purge Records], but found: [Maintenance]","time":{"start":1767292041036,"stop":1767292121924,"duration":80888}},{"uid":"9906696da1ebc085","reportUrl":"https://m1mohammed1.github.io/orangeHRM/81/#testresult/9906696da1ebc085","status":"failed","statusDetails":"Text mismatch for element defined by [By.tagName: h6]. Expected to contain: [Purge Records], but found: [Maintenance]","time":{"start":1767290481173,"stop":1767290519877,"duration":38704}},{"uid":"d182978493e7b769","reportUrl":"https://m1mohammed1.github.io/orangeHRM/80/#testresult/d182978493e7b769","status":"failed","statusDetails":"Text mismatch for element defined by [By.tagName: h6]. Expected to contain: [Purge Records], but found: [Maintenance]","time":{"start":1767220010921,"stop":1767220024830,"duration":13909}},{"uid":"75c02213a7cf18cb","reportUrl":"https://m1mohammed1.github.io/orangeHRM/79/#testresult/75c02213a7cf18cb","status":"failed","statusDetails":"Text mismatch for element defined by [By.tagName: h6]. Expected to contain: [Purge Records], but found: [Maintenance]","time":{"start":1767132605800,"stop":1767132626659,"duration":20859}},{"uid":"4ac60c2169de2e6f","reportUrl":"https://m1mohammed1.github.io/orangeHRM/78/#testresult/4ac60c2169de2e6f","status":"failed","statusDetails":"Text mismatch for element defined by [By.tagName: h6]. Expected to contain: [Purge Records], but found: [Maintenance]","time":{"start":1767112092116,"stop":1767112104262,"duration":12146}},{"uid":"588e7bd334f6ddad","reportUrl":"https://m1mohammed1.github.io/orangeHRM/77/#testresult/588e7bd334f6ddad","status":"failed","statusDetails":"Text mismatch for element defined by [By.tagName: h6]. Expected to contain: [Purge Records], but found: [Maintenance]","time":{"start":1767051978806,"stop":1767052006422,"duration":27616}},{"uid":"dd8d8e0b6d6127a0","reportUrl":"https://m1mohammed1.github.io/orangeHRM/69/#testresult/dd8d8e0b6d6127a0","status":"failed","statusDetails":"Text mismatch for element defined by [By.tagName: h6]. Expected to contain: [Purge Records], but found: [Maintenance]","time":{"start":1767044548780,"stop":1767044563917,"duration":15137}},{"uid":"2ac255440e1cb73d","reportUrl":"https://m1mohammed1.github.io/orangeHRM/66/#testresult/2ac255440e1cb73d","status":"failed","statusDetails":"Text mismatch for element defined by [By.tagName: h6]. Expected to contain: [Purge Records], but found: [Maintenance]","time":{"start":1767040514293,"stop":1767040543738,"duration":29445}},{"uid":"7240f7b62a85d821","reportUrl":"https://m1mohammed1.github.io/orangeHRM/65/#testresult/7240f7b62a85d821","status":"failed","statusDetails":"Text mismatch for element defined by [By.tagName: h6]. Expected to contain: [Purge Records], but found: [Maintenance]","time":{"start":1767037103398,"stop":1767037121336,"duration":17938}},{"uid":"2d4b250ddeb7dea1","reportUrl":"https://m1mohammed1.github.io/orangeHRM/64/#testresult/2d4b250ddeb7dea1","status":"failed","statusDetails":"Text mismatch for element defined by [By.tagName: h6]. Expected to contain: [Purge Records], but found: [Maintenance]","time":{"start":1767031708217,"stop":1767031749187,"duration":40970}},{"uid":"1eb98a0927dae595","reportUrl":"https://m1mohammed1.github.io/orangeHRM/63/#testresult/1eb98a0927dae595","status":"failed","statusDetails":"Text mismatch for element defined by [By.tagName: h6]. Expected to contain: [Purge Records], but found: [Maintenance]","time":{"start":1767023270556,"stop":1767023294357,"duration":23801}},{"uid":"38e181ec358d503c","reportUrl":"https://m1mohammed1.github.io/orangeHRM/62/#testresult/38e181ec358d503c","status":"failed","statusDetails":"Text mismatch for element defined by [By.tagName: h6]. Expected to contain: [Purge Records], but found: [Maintenance]","time":{"start":1767020587366,"stop":1767020610452,"duration":23086}},{"uid":"8c9edb950c57057b","reportUrl":"https://m1mohammed1.github.io/orangeHRM/61/#testresult/8c9edb950c57057b","status":"failed","statusDetails":"Text mismatch for element defined by [By.tagName: h6]. Expected to contain: [Purge Records], but found: [Maintenance]","time":{"start":1767018398556,"stop":1767018420834,"duration":22278}},{"uid":"9f4c446f42cd7445","reportUrl":"https://m1mohammed1.github.io/orangeHRM/60/#testresult/9f4c446f42cd7445","status":"failed","statusDetails":"Text mismatch for element defined by [By.tagName: h6]. Expected to contain: [Purge Records], but found: [Maintenance]","time":{"start":1766961784441,"stop":1766961805250,"duration":20809}},{"uid":"d7e048937a588fb4","reportUrl":"https://m1mohammed1.github.io/orangeHRM/59/#testresult/d7e048937a588fb4","status":"failed","statusDetails":"Text mismatch for element defined by [By.tagName: h6]. Expected to contain: [Purge Records], but found: [Maintenance]","time":{"start":1766957891644,"stop":1766957915304,"duration":23660}}]},"tags":[]},"source":"fbd02875b4e23f5b.json","parameterValues":[]}