{"uid":"1e2fcaba6308a430","name":"TC05 - Verify Education Level Lifecycle: Create","fullName":"project_orangehrm.Test.Admin_Qualifications_Test.verifyEducation_Lifecycle_Success","historyId":"a355b3d5cbed25f588a4ba404eda3dbe","time":{"start":1767031992477,"stop":1767031992477,"duration":0},"status":"skipped","statusMessage":"Text mismatch for element defined by [By.cssSelector: .oxd-topbar-header-title]. Expected to contain: [Dashboard], but found: [Dashboard]","statusTrace":"java.lang.AssertionError: Text mismatch for element defined by [By.cssSelector: .oxd-topbar-header-title]. Expected to contain: [Dashboard], but found: [Dashboard]\n\tat org.testng.Assert.fail(Assert.java:111)\n\tat project_orangehrm.Base.BasePage.assertTextContain(BasePage.java:109)\n\tat project_orangehrm.Pages.CommonPage.verifyDashboard(CommonPage.java:253)\n\tat project_orangehrm.Test.Admin_Qualifications_Test.setup(Admin_Qualifications_Test.java:25)\n\tat java.base/jdk.internal.reflect.DirectMethodHandleAccessor.invoke(DirectMethodHandleAccessor.java:103)\n\tat java.base/java.lang.reflect.Method.invoke(Method.java:580)\n\tat org.testng.internal.invokers.MethodInvocationHelper.invokeMethod(MethodInvocationHelper.java:141)\n\tat org.testng.internal.invokers.MethodInvocationHelper.invokeMethodConsideringTimeout(MethodInvocationHelper.java:71)\n\tat org.testng.internal.invokers.ConfigInvoker.invokeConfigurationMethod(ConfigInvoker.java:400)\n\tat org.testng.internal.invokers.ConfigInvoker.invokeConfigurations(ConfigInvoker.java:333)\n\tat org.testng.internal.invokers.TestInvoker.runConfigMethods(TestInvoker.java:836)\n\tat org.testng.internal.invokers.TestInvoker.invokeMethod(TestInvoker.java:601)\n\tat org.testng.internal.invokers.TestInvoker.invokeTestMethod(TestInvoker.java:230)\n\tat org.testng.internal.invokers.MethodRunner.runInSequence(MethodRunner.java:63)\n\tat org.testng.internal.invokers.TestInvoker$MethodInvocationAgent.invoke(TestInvoker.java:995)\n\tat org.testng.internal.invokers.TestInvoker.invokeTestMethods(TestInvoker.java:203)\n\tat org.testng.internal.invokers.TestMethodWorker.invokeTestMethods(TestMethodWorker.java:154)\n\tat org.testng.internal.invokers.TestMethodWorker.run(TestMethodWorker.java:134)\n\tat java.base/java.util.ArrayList.forEach(ArrayList.java:1596)\n\tat org.testng.TestRunner.privateRun(TestRunner.java:741)\n\tat org.testng.TestRunner.run(TestRunner.java:616)\n\tat org.testng.SuiteRunner.runTest(SuiteRunner.java:421)\n\tat org.testng.SuiteRunner.runSequentially(SuiteRunner.java:413)\n\tat org.testng.SuiteRunner.privateRun(SuiteRunner.java:373)\n\tat org.testng.SuiteRunner.run(SuiteRunner.java:312)\n\tat org.testng.SuiteRunnerWorker.runSuite(SuiteRunnerWorker.java:52)\n\tat org.testng.SuiteRunnerWorker.run(SuiteRunnerWorker.java:95)\n\tat org.testng.TestNG.runSuitesSequentially(TestNG.java:1274)\n\tat org.testng.TestNG.runSuitesLocally(TestNG.java:1208)\n\tat org.testng.TestNG.runSuites(TestNG.java:1112)\n\tat org.testng.TestNG.run(TestNG.java:1079)\n\tat org.apache.maven.surefire.testng.TestNGExecutor.run(TestNGExecutor.java:155)\n\tat org.apache.maven.surefire.testng.TestNGDirectoryTestSuite.executeSingleClass(TestNGDirectoryTestSuite.java:102)\n\tat org.apache.maven.surefire.testng.TestNGDirectoryTestSuite.execute(TestNGDirectoryTestSuite.java:91)\n\tat org.apache.maven.surefire.testng.TestNGProvider.invoke(TestNGProvider.java:137)\n\tat org.apache.maven.surefire.booter.ForkedBooter.runSuitesInProcess(ForkedBooter.java:385)\n\tat org.apache.maven.surefire.booter.ForkedBooter.execute(ForkedBooter.java:162)\n\tat org.apache.maven.surefire.booter.ForkedBooter.run(ForkedBooter.java:507)\n\tat org.apache.maven.surefire.booter.ForkedBooter.main(ForkedBooter.java:495)\n","flaky":false,"newFailed":false,"newBroken":false,"newPassed":false,"retriesCount":0,"retriesStatusChange":false,"beforeStages":[{"name":"setUp","time":{"start":1767031966615,"stop":1767031975205,"duration":8590},"description":"","status":"passed","steps":[],"attachments":[],"parameters":[],"stepsCount":0,"shouldDisplayMessage":false,"attachmentsCount":0,"hasContent":false,"attachmentStep":false},{"name":"setup","time":{"start":1767031975206,"stop":1767031992468,"duration":17262},"description":"","status":"failed","statusMessage":"Text mismatch for element defined by [By.cssSelector: .oxd-topbar-header-title]. Expected to contain: [Dashboard], but found: [Dashboard]","statusTrace":"java.lang.AssertionError: Text mismatch for element defined by [By.cssSelector: .oxd-topbar-header-title]. Expected to contain: [Dashboard], but found: [Dashboard]\n\tat org.testng.Assert.fail(Assert.java:111)\n\tat project_orangehrm.Base.BasePage.assertTextContain(BasePage.java:109)\n\tat project_orangehrm.Pages.CommonPage.verifyDashboard(CommonPage.java:253)\n\tat project_orangehrm.Test.Admin_Qualifications_Test.setup(Admin_Qualifications_Test.java:25)\n\tat java.base/jdk.internal.reflect.DirectMethodHandleAccessor.invoke(DirectMethodHandleAccessor.java:103)\n\tat java.base/java.lang.reflect.Method.invoke(Method.java:580)\n\tat org.testng.internal.invokers.MethodInvocationHelper.invokeMethod(MethodInvocationHelper.java:141)\n\tat org.testng.internal.invokers.MethodInvocationHelper.invokeMethodConsideringTimeout(MethodInvocationHelper.java:71)\n\tat org.testng.internal.invokers.ConfigInvoker.invokeConfigurationMethod(ConfigInvoker.java:400)\n\tat org.testng.internal.invokers.ConfigInvoker.invokeConfigurations(ConfigInvoker.java:333)\n\tat org.testng.internal.invokers.TestInvoker.runConfigMethods(TestInvoker.java:836)\n\tat org.testng.internal.invokers.TestInvoker.invokeMethod(TestInvoker.java:601)\n\tat org.testng.internal.invokers.TestInvoker.invokeTestMethod(TestInvoker.java:230)\n\tat org.testng.internal.invokers.MethodRunner.runInSequence(MethodRunner.java:63)\n\tat org.testng.internal.invokers.TestInvoker$MethodInvocationAgent.invoke(TestInvoker.java:995)\n\tat org.testng.internal.invokers.TestInvoker.invokeTestMethods(TestInvoker.java:203)\n\tat org.testng.internal.invokers.TestMethodWorker.invokeTestMethods(TestMethodWorker.java:154)\n\tat org.testng.internal.invokers.TestMethodWorker.run(TestMethodWorker.java:134)\n\tat java.base/java.util.ArrayList.forEach(ArrayList.java:1596)\n\tat org.testng.TestRunner.privateRun(TestRunner.java:741)\n\tat org.testng.TestRunner.run(TestRunner.java:616)\n\tat org.testng.SuiteRunner.runTest(SuiteRunner.java:421)\n\tat org.testng.SuiteRunner.runSequentially(SuiteRunner.java:413)\n\tat org.testng.SuiteRunner.privateRun(SuiteRunner.java:373)\n\tat org.testng.SuiteRunner.run(SuiteRunner.java:312)\n\tat org.testng.SuiteRunnerWorker.runSuite(SuiteRunnerWorker.java:52)\n\tat org.testng.SuiteRunnerWorker.run(SuiteRunnerWorker.java:95)\n\tat org.testng.TestNG.runSuitesSequentially(TestNG.java:1274)\n\tat org.testng.TestNG.runSuitesLocally(TestNG.java:1208)\n\tat org.testng.TestNG.runSuites(TestNG.java:1112)\n\tat org.testng.TestNG.run(TestNG.java:1079)\n\tat org.apache.maven.surefire.testng.TestNGExecutor.run(TestNGExecutor.java:155)\n\tat org.apache.maven.surefire.testng.TestNGDirectoryTestSuite.executeSingleClass(TestNGDirectoryTestSuite.java:102)\n\tat org.apache.maven.surefire.testng.TestNGDirectoryTestSuite.execute(TestNGDirectoryTestSuite.java:91)\n\tat org.apache.maven.surefire.testng.TestNGProvider.invoke(TestNGProvider.java:137)\n\tat org.apache.maven.surefire.booter.ForkedBooter.runSuitesInProcess(ForkedBooter.java:385)\n\tat org.apache.maven.surefire.booter.ForkedBooter.execute(ForkedBooter.java:162)\n\tat org.apache.maven.surefire.booter.ForkedBooter.run(ForkedBooter.java:507)\n\tat org.apache.maven.surefire.booter.ForkedBooter.main(ForkedBooter.java:495)\n","steps":[],"attachments":[],"parameters":[],"stepsCount":0,"shouldDisplayMessage":true,"attachmentsCount":0,"hasContent":true,"attachmentStep":false}],"afterStages":[{"name":"tearDown","time":{"start":1767031992479,"stop":1767031992554,"duration":75},"description":"","status":"passed","steps":[],"attachments":[],"parameters":[],"stepsCount":0,"shouldDisplayMessage":false,"attachmentsCount":0,"hasContent":false,"attachmentStep":false}],"labels":[{"name":"package","value":"project_orangehrm.Test.Admin_Qualifications_Test"},{"name":"testClass","value":"project_orangehrm.Test.Admin_Qualifications_Test"},{"name":"testMethod","value":"verifyEducation_Lifecycle_Success"},{"name":"parentSuite","value":"Surefire suite"},{"name":"suite","value":"Surefire test"},{"name":"subSuite","value":"project_orangehrm.Test.Admin_Qualifications_Test"},{"name":"host","value":"runnervmh13bl"},{"name":"thread","value":"2580@runnervmh13bl.main(1)"},{"name":"framework","value":"testng"},{"name":"language","value":"java"},{"name":"resultFormat","value":"allure2"}],"parameters":[],"links":[],"hidden":false,"retry":false,"extra":{"severity":"normal","retries":[],"categories":[],"history":{"statistic":{"failed":0,"broken":0,"skipped":1,"passed":14,"unknown":0,"total":15},"items":[{"uid":"5eacfa6d06ff166e","reportUrl":"https://m1mohammed1.github.io/orangeHRM/63/#testresult/5eacfa6d06ff166e","status":"passed","time":{"start":1767023329898,"stop":1767023342544,"duration":12646}},{"uid":"b49e3e4b59b3872c","reportUrl":"https://m1mohammed1.github.io/orangeHRM/62/#testresult/b49e3e4b59b3872c","status":"passed","time":{"start":1767020689754,"stop":1767020699407,"duration":9653}},{"uid":"ec7a5ab303fe48f4","reportUrl":"https://m1mohammed1.github.io/orangeHRM/61/#testresult/ec7a5ab303fe48f4","status":"passed","time":{"start":1767018503445,"stop":1767018512786,"duration":9341}},{"uid":"33c39fbc531b3c43","reportUrl":"https://m1mohammed1.github.io/orangeHRM/60/#testresult/33c39fbc531b3c43","status":"passed","time":{"start":1766961862846,"stop":1766961873045,"duration":10199}},{"uid":"533c7172a651be3f","reportUrl":"https://m1mohammed1.github.io/orangeHRM/59/#testresult/533c7172a651be3f","status":"passed","time":{"start":1766957981043,"stop":1766957988257,"duration":7214}},{"uid":"1067a04d0911b4bc","reportUrl":"https://m1mohammed1.github.io/orangeHRM/58/#testresult/1067a04d0911b4bc","status":"passed","time":{"start":1766955393809,"stop":1766955403145,"duration":9336}},{"uid":"2126e747553e4499","reportUrl":"https://m1mohammed1.github.io/orangeHRM/57/#testresult/2126e747553e4499","status":"passed","time":{"start":1766953337620,"stop":1766953347733,"duration":10113}},{"uid":"28f48c6b45da6f6e","reportUrl":"https://m1mohammed1.github.io/orangeHRM/55/#testresult/28f48c6b45da6f6e","status":"passed","time":{"start":1766948966221,"stop":1766948976121,"duration":9900}},{"uid":"d6663143a92dded2","reportUrl":"https://m1mohammed1.github.io/orangeHRM/53/#testresult/d6663143a92dded2","status":"passed","time":{"start":1766936303925,"stop":1766936310002,"duration":6077}},{"uid":"76eec30e347cf315","reportUrl":"https://m1mohammed1.github.io/orangeHRM/52/#testresult/76eec30e347cf315","status":"passed","time":{"start":1766883498084,"stop":1766883503893,"duration":5809}},{"uid":"d6e3c28e03064cda","reportUrl":"https://m1mohammed1.github.io/orangeHRM/51/#testresult/d6e3c28e03064cda","status":"passed","time":{"start":1766874097050,"stop":1766874106003,"duration":8953}},{"uid":"d6f2278183357044","reportUrl":"https://m1mohammed1.github.io/orangeHRM/50/#testresult/d6f2278183357044","status":"passed","time":{"start":1766871249866,"stop":1766871257182,"duration":7316}},{"uid":"88d1b38ff658f6a4","reportUrl":"https://m1mohammed1.github.io/orangeHRM/49/#testresult/88d1b38ff658f6a4","status":"passed","time":{"start":1766869086275,"stop":1766869097407,"duration":11132}},{"uid":"a46dcf0c45184e9f","reportUrl":"https://m1mohammed1.github.io/orangeHRM/32/#testresult/a46dcf0c45184e9f","status":"passed","time":{"start":1766787743766,"stop":1766787749241,"duration":5475}}]},"tags":[]},"source":"1e2fcaba6308a430.json","parameterValues":[]}