{"uid":"725d8f5fed008233","name":"TC18 - Verify Membership Lifecycle: Create, Edit, Delete","fullName":"project_orangehrm.Test.Admin_Qualifications_Test.verifyMemberships_Lifecycle_Edit","historyId":"94c7270324279f70b9549c09b4e2a749","time":{"start":1767032382611,"stop":1767032382611,"duration":0},"status":"skipped","statusMessage":"Text mismatch for element defined by [By.cssSelector: .oxd-topbar-header-title]. Expected to contain: [Dashboard], but found: [Dashboard]","statusTrace":"java.lang.AssertionError: Text mismatch for element defined by [By.cssSelector: .oxd-topbar-header-title]. Expected to contain: [Dashboard], but found: [Dashboard]\n\tat org.testng.Assert.fail(Assert.java:111)\n\tat project_orangehrm.Base.BasePage.assertTextContain(BasePage.java:109)\n\tat project_orangehrm.Pages.CommonPage.verifyDashboard(CommonPage.java:253)\n\tat project_orangehrm.Test.Admin_Qualifications_Test.setup(Admin_Qualifications_Test.java:25)\n\tat java.base/jdk.internal.reflect.DirectMethodHandleAccessor.invoke(DirectMethodHandleAccessor.java:103)\n\tat java.base/java.lang.reflect.Method.invoke(Method.java:580)\n\tat org.testng.internal.invokers.MethodInvocationHelper.invokeMethod(MethodInvocationHelper.java:141)\n\tat org.testng.internal.invokers.MethodInvocationHelper.invokeMethodConsideringTimeout(MethodInvocationHelper.java:71)\n\tat org.testng.internal.invokers.ConfigInvoker.invokeConfigurationMethod(ConfigInvoker.java:400)\n\tat org.testng.internal.invokers.ConfigInvoker.invokeConfigurations(ConfigInvoker.java:333)\n\tat org.testng.internal.invokers.TestInvoker.runConfigMethods(TestInvoker.java:836)\n\tat org.testng.internal.invokers.TestInvoker.invokeMethod(TestInvoker.java:601)\n\tat org.testng.internal.invokers.TestInvoker.invokeTestMethod(TestInvoker.java:230)\n\tat org.testng.internal.invokers.MethodRunner.runInSequence(MethodRunner.java:63)\n\tat org.testng.internal.invokers.TestInvoker$MethodInvocationAgent.invoke(TestInvoker.java:995)\n\tat org.testng.internal.invokers.TestInvoker.invokeTestMethods(TestInvoker.java:203)\n\tat org.testng.internal.invokers.TestMethodWorker.invokeTestMethods(TestMethodWorker.java:154)\n\tat org.testng.internal.invokers.TestMethodWorker.run(TestMethodWorker.java:134)\n\tat java.base/java.util.ArrayList.forEach(ArrayList.java:1596)\n\tat org.testng.TestRunner.privateRun(TestRunner.java:741)\n\tat org.testng.TestRunner.run(TestRunner.java:616)\n\tat org.testng.SuiteRunner.runTest(SuiteRunner.java:421)\n\tat org.testng.SuiteRunner.runSequentially(SuiteRunner.java:413)\n\tat org.testng.SuiteRunner.privateRun(SuiteRunner.java:373)\n\tat org.testng.SuiteRunner.run(SuiteRunner.java:312)\n\tat org.testng.SuiteRunnerWorker.runSuite(SuiteRunnerWorker.java:52)\n\tat org.testng.SuiteRunnerWorker.run(SuiteRunnerWorker.java:95)\n\tat org.testng.TestNG.runSuitesSequentially(TestNG.java:1274)\n\tat org.testng.TestNG.runSuitesLocally(TestNG.java:1208)\n\tat org.testng.TestNG.runSuites(TestNG.java:1112)\n\tat org.testng.TestNG.run(TestNG.java:1079)\n\tat org.apache.maven.surefire.testng.TestNGExecutor.run(TestNGExecutor.java:155)\n\tat org.apache.maven.surefire.testng.TestNGDirectoryTestSuite.executeSingleClass(TestNGDirectoryTestSuite.java:102)\n\tat org.apache.maven.surefire.testng.TestNGDirectoryTestSuite.execute(TestNGDirectoryTestSuite.java:91)\n\tat org.apache.maven.surefire.testng.TestNGProvider.invoke(TestNGProvider.java:137)\n\tat org.apache.maven.surefire.booter.ForkedBooter.runSuitesInProcess(ForkedBooter.java:385)\n\tat org.apache.maven.surefire.booter.ForkedBooter.execute(ForkedBooter.java:162)\n\tat org.apache.maven.surefire.booter.ForkedBooter.run(ForkedBooter.java:507)\n\tat org.apache.maven.surefire.booter.ForkedBooter.main(ForkedBooter.java:495)\n","flaky":false,"newFailed":false,"newBroken":false,"newPassed":false,"retriesCount":0,"retriesStatusChange":false,"beforeStages":[{"name":"setUp","time":{"start":1767032355065,"stop":1767032361467,"duration":6402},"description":"","status":"passed","steps":[],"attachments":[],"parameters":[],"stepsCount":0,"shouldDisplayMessage":false,"attachmentsCount":0,"hasContent":false,"attachmentStep":false},{"name":"setup","time":{"start":1767032361468,"stop":1767032382609,"duration":21141},"description":"","status":"failed","statusMessage":"Text mismatch for element defined by [By.cssSelector: .oxd-topbar-header-title]. Expected to contain: [Dashboard], but found: [Dashboard]","statusTrace":"java.lang.AssertionError: Text mismatch for element defined by [By.cssSelector: .oxd-topbar-header-title]. Expected to contain: [Dashboard], but found: [Dashboard]\n\tat org.testng.Assert.fail(Assert.java:111)\n\tat project_orangehrm.Base.BasePage.assertTextContain(BasePage.java:109)\n\tat project_orangehrm.Pages.CommonPage.verifyDashboard(CommonPage.java:253)\n\tat project_orangehrm.Test.Admin_Qualifications_Test.setup(Admin_Qualifications_Test.java:25)\n\tat java.base/jdk.internal.reflect.DirectMethodHandleAccessor.invoke(DirectMethodHandleAccessor.java:103)\n\tat java.base/java.lang.reflect.Method.invoke(Method.java:580)\n\tat org.testng.internal.invokers.MethodInvocationHelper.invokeMethod(MethodInvocationHelper.java:141)\n\tat org.testng.internal.invokers.MethodInvocationHelper.invokeMethodConsideringTimeout(MethodInvocationHelper.java:71)\n\tat org.testng.internal.invokers.ConfigInvoker.invokeConfigurationMethod(ConfigInvoker.java:400)\n\tat org.testng.internal.invokers.ConfigInvoker.invokeConfigurations(ConfigInvoker.java:333)\n\tat org.testng.internal.invokers.TestInvoker.runConfigMethods(TestInvoker.java:836)\n\tat org.testng.internal.invokers.TestInvoker.invokeMethod(TestInvoker.java:601)\n\tat org.testng.internal.invokers.TestInvoker.invokeTestMethod(TestInvoker.java:230)\n\tat org.testng.internal.invokers.MethodRunner.runInSequence(MethodRunner.java:63)\n\tat org.testng.internal.invokers.TestInvoker$MethodInvocationAgent.invoke(TestInvoker.java:995)\n\tat org.testng.internal.invokers.TestInvoker.invokeTestMethods(TestInvoker.java:203)\n\tat org.testng.internal.invokers.TestMethodWorker.invokeTestMethods(TestMethodWorker.java:154)\n\tat org.testng.internal.invokers.TestMethodWorker.run(TestMethodWorker.java:134)\n\tat java.base/java.util.ArrayList.forEach(ArrayList.java:1596)\n\tat org.testng.TestRunner.privateRun(TestRunner.java:741)\n\tat org.testng.TestRunner.run(TestRunner.java:616)\n\tat org.testng.SuiteRunner.runTest(SuiteRunner.java:421)\n\tat org.testng.SuiteRunner.runSequentially(SuiteRunner.java:413)\n\tat org.testng.SuiteRunner.privateRun(SuiteRunner.java:373)\n\tat org.testng.SuiteRunner.run(SuiteRunner.java:312)\n\tat org.testng.SuiteRunnerWorker.runSuite(SuiteRunnerWorker.java:52)\n\tat org.testng.SuiteRunnerWorker.run(SuiteRunnerWorker.java:95)\n\tat org.testng.TestNG.runSuitesSequentially(TestNG.java:1274)\n\tat org.testng.TestNG.runSuitesLocally(TestNG.java:1208)\n\tat org.testng.TestNG.runSuites(TestNG.java:1112)\n\tat org.testng.TestNG.run(TestNG.java:1079)\n\tat org.apache.maven.surefire.testng.TestNGExecutor.run(TestNGExecutor.java:155)\n\tat org.apache.maven.surefire.testng.TestNGDirectoryTestSuite.executeSingleClass(TestNGDirectoryTestSuite.java:102)\n\tat org.apache.maven.surefire.testng.TestNGDirectoryTestSuite.execute(TestNGDirectoryTestSuite.java:91)\n\tat org.apache.maven.surefire.testng.TestNGProvider.invoke(TestNGProvider.java:137)\n\tat org.apache.maven.surefire.booter.ForkedBooter.runSuitesInProcess(ForkedBooter.java:385)\n\tat org.apache.maven.surefire.booter.ForkedBooter.execute(ForkedBooter.java:162)\n\tat org.apache.maven.surefire.booter.ForkedBooter.run(ForkedBooter.java:507)\n\tat org.apache.maven.surefire.booter.ForkedBooter.main(ForkedBooter.java:495)\n","steps":[],"attachments":[],"parameters":[],"stepsCount":0,"shouldDisplayMessage":true,"attachmentsCount":0,"hasContent":true,"attachmentStep":false}],"afterStages":[{"name":"tearDown","time":{"start":1767032382612,"stop":1767032382689,"duration":77},"description":"","status":"passed","steps":[],"attachments":[],"parameters":[],"stepsCount":0,"shouldDisplayMessage":false,"attachmentsCount":0,"hasContent":false,"attachmentStep":false}],"labels":[{"name":"package","value":"project_orangehrm.Test.Admin_Qualifications_Test"},{"name":"testClass","value":"project_orangehrm.Test.Admin_Qualifications_Test"},{"name":"testMethod","value":"verifyMemberships_Lifecycle_Edit"},{"name":"parentSuite","value":"Surefire suite"},{"name":"suite","value":"Surefire test"},{"name":"subSuite","value":"project_orangehrm.Test.Admin_Qualifications_Test"},{"name":"host","value":"runnervmh13bl"},{"name":"thread","value":"2580@runnervmh13bl.main(1)"},{"name":"framework","value":"testng"},{"name":"language","value":"java"},{"name":"resultFormat","value":"allure2"}],"parameters":[],"links":[],"hidden":false,"retry":false,"extra":{"severity":"normal","retries":[],"categories":[],"history":{"statistic":{"failed":0,"broken":0,"skipped":1,"passed":14,"unknown":0,"total":15},"items":[{"uid":"cebecc5fc1b7c190","reportUrl":"https://m1mohammed1.github.io/orangeHRM/63/#testresult/cebecc5fc1b7c190","status":"passed","time":{"start":1767023523109,"stop":1767023543912,"duration":20803}},{"uid":"e0672752f3bf2db1","reportUrl":"https://m1mohammed1.github.io/orangeHRM/62/#testresult/e0672752f3bf2db1","status":"passed","time":{"start":1767020858827,"stop":1767020879553,"duration":20726}},{"uid":"110a0c88f6c6d774","reportUrl":"https://m1mohammed1.github.io/orangeHRM/61/#testresult/110a0c88f6c6d774","status":"passed","time":{"start":1767018683887,"stop":1767018704456,"duration":20569}},{"uid":"ac2257c22904ca1b","reportUrl":"https://m1mohammed1.github.io/orangeHRM/60/#testresult/ac2257c22904ca1b","status":"passed","time":{"start":1766962025947,"stop":1766962046208,"duration":20261}},{"uid":"aa9f11aa4cdbafdf","reportUrl":"https://m1mohammed1.github.io/orangeHRM/59/#testresult/aa9f11aa4cdbafdf","status":"passed","time":{"start":1766958134860,"stop":1766958155559,"duration":20699}},{"uid":"cc8d28131a5c17d2","reportUrl":"https://m1mohammed1.github.io/orangeHRM/58/#testresult/cc8d28131a5c17d2","status":"passed","time":{"start":1766955552960,"stop":1766955573610,"duration":20650}},{"uid":"e5384b54385300b5","reportUrl":"https://m1mohammed1.github.io/orangeHRM/57/#testresult/e5384b54385300b5","status":"passed","time":{"start":1766953516297,"stop":1766953538007,"duration":21710}},{"uid":"b3e458d0a747d275","reportUrl":"https://m1mohammed1.github.io/orangeHRM/55/#testresult/b3e458d0a747d275","status":"passed","time":{"start":1766949136436,"stop":1766949157898,"duration":21462}},{"uid":"6d5495c97ed42ea1","reportUrl":"https://m1mohammed1.github.io/orangeHRM/53/#testresult/6d5495c97ed42ea1","status":"passed","time":{"start":1766936467778,"stop":1766936488593,"duration":20815}},{"uid":"c23838d500ee808","reportUrl":"https://m1mohammed1.github.io/orangeHRM/52/#testresult/c23838d500ee808","status":"passed","time":{"start":1766883661254,"stop":1766883682071,"duration":20817}},{"uid":"af63f7ed6cab616b","reportUrl":"https://m1mohammed1.github.io/orangeHRM/51/#testresult/af63f7ed6cab616b","status":"passed","time":{"start":1766874248674,"stop":1766874269175,"duration":20501}},{"uid":"cc49ab194cc09eb6","reportUrl":"https://m1mohammed1.github.io/orangeHRM/50/#testresult/cc49ab194cc09eb6","status":"passed","time":{"start":1766871402504,"stop":1766871423042,"duration":20538}},{"uid":"95dacf951c42bd54","reportUrl":"https://m1mohammed1.github.io/orangeHRM/49/#testresult/95dacf951c42bd54","status":"passed","time":{"start":1766869277608,"stop":1766869299601,"duration":21993}},{"uid":"20209e24e99945ca","reportUrl":"https://m1mohammed1.github.io/orangeHRM/32/#testresult/20209e24e99945ca","status":"passed","time":{"start":1766787889420,"stop":1766787910170,"duration":20750}}]},"tags":[]},"source":"725d8f5fed008233.json","parameterValues":[]}