{"uid":"90b926ae270acb84","name":"TC11 - Verify validation error for empty License Name","fullName":"project_orangehrm.Test.Admin_Qualifications_Test.verifyLicenses_EmptyFields_ShowError","historyId":"830c5e873534749ab7773f2c373acd7e","time":{"start":1767032169431,"stop":1767032169431,"duration":0},"status":"skipped","statusMessage":"Text mismatch for element defined by [By.cssSelector: .oxd-topbar-header-title]. Expected to contain: [Dashboard], but found: [Dashboard]","statusTrace":"java.lang.AssertionError: Text mismatch for element defined by [By.cssSelector: .oxd-topbar-header-title]. Expected to contain: [Dashboard], but found: [Dashboard]\n\tat org.testng.Assert.fail(Assert.java:111)\n\tat project_orangehrm.Base.BasePage.assertTextContain(BasePage.java:109)\n\tat project_orangehrm.Pages.CommonPage.verifyDashboard(CommonPage.java:253)\n\tat project_orangehrm.Test.Admin_Qualifications_Test.setup(Admin_Qualifications_Test.java:25)\n\tat java.base/jdk.internal.reflect.DirectMethodHandleAccessor.invoke(DirectMethodHandleAccessor.java:103)\n\tat java.base/java.lang.reflect.Method.invoke(Method.java:580)\n\tat org.testng.internal.invokers.MethodInvocationHelper.invokeMethod(MethodInvocationHelper.java:141)\n\tat org.testng.internal.invokers.MethodInvocationHelper.invokeMethodConsideringTimeout(MethodInvocationHelper.java:71)\n\tat org.testng.internal.invokers.ConfigInvoker.invokeConfigurationMethod(ConfigInvoker.java:400)\n\tat org.testng.internal.invokers.ConfigInvoker.invokeConfigurations(ConfigInvoker.java:333)\n\tat org.testng.internal.invokers.TestInvoker.runConfigMethods(TestInvoker.java:836)\n\tat org.testng.internal.invokers.TestInvoker.invokeMethod(TestInvoker.java:601)\n\tat org.testng.internal.invokers.TestInvoker.invokeTestMethod(TestInvoker.java:230)\n\tat org.testng.internal.invokers.MethodRunner.runInSequence(MethodRunner.java:63)\n\tat org.testng.internal.invokers.TestInvoker$MethodInvocationAgent.invoke(TestInvoker.java:995)\n\tat org.testng.internal.invokers.TestInvoker.invokeTestMethods(TestInvoker.java:203)\n\tat org.testng.internal.invokers.TestMethodWorker.invokeTestMethods(TestMethodWorker.java:154)\n\tat org.testng.internal.invokers.TestMethodWorker.run(TestMethodWorker.java:134)\n\tat java.base/java.util.ArrayList.forEach(ArrayList.java:1596)\n\tat org.testng.TestRunner.privateRun(TestRunner.java:741)\n\tat org.testng.TestRunner.run(TestRunner.java:616)\n\tat org.testng.SuiteRunner.runTest(SuiteRunner.java:421)\n\tat org.testng.SuiteRunner.runSequentially(SuiteRunner.java:413)\n\tat org.testng.SuiteRunner.privateRun(SuiteRunner.java:373)\n\tat org.testng.SuiteRunner.run(SuiteRunner.java:312)\n\tat org.testng.SuiteRunnerWorker.runSuite(SuiteRunnerWorker.java:52)\n\tat org.testng.SuiteRunnerWorker.run(SuiteRunnerWorker.java:95)\n\tat org.testng.TestNG.runSuitesSequentially(TestNG.java:1274)\n\tat org.testng.TestNG.runSuitesLocally(TestNG.java:1208)\n\tat org.testng.TestNG.runSuites(TestNG.java:1112)\n\tat org.testng.TestNG.run(TestNG.java:1079)\n\tat org.apache.maven.surefire.testng.TestNGExecutor.run(TestNGExecutor.java:155)\n\tat org.apache.maven.surefire.testng.TestNGDirectoryTestSuite.executeSingleClass(TestNGDirectoryTestSuite.java:102)\n\tat org.apache.maven.surefire.testng.TestNGDirectoryTestSuite.execute(TestNGDirectoryTestSuite.java:91)\n\tat org.apache.maven.surefire.testng.TestNGProvider.invoke(TestNGProvider.java:137)\n\tat org.apache.maven.surefire.booter.ForkedBooter.runSuitesInProcess(ForkedBooter.java:385)\n\tat org.apache.maven.surefire.booter.ForkedBooter.execute(ForkedBooter.java:162)\n\tat org.apache.maven.surefire.booter.ForkedBooter.run(ForkedBooter.java:507)\n\tat org.apache.maven.surefire.booter.ForkedBooter.main(ForkedBooter.java:495)\n","flaky":false,"newFailed":false,"newBroken":false,"newPassed":false,"retriesCount":0,"retriesStatusChange":false,"beforeStages":[{"name":"setUp","time":{"start":1767032147546,"stop":1767032153417,"duration":5871},"description":"","status":"passed","steps":[],"attachments":[],"parameters":[],"stepsCount":0,"shouldDisplayMessage":false,"attachmentsCount":0,"hasContent":false,"attachmentStep":false},{"name":"setup","time":{"start":1767032153418,"stop":1767032169427,"duration":16009},"description":"","status":"failed","statusMessage":"Text mismatch for element defined by [By.cssSelector: .oxd-topbar-header-title]. Expected to contain: [Dashboard], but found: [Dashboard]","statusTrace":"java.lang.AssertionError: Text mismatch for element defined by [By.cssSelector: .oxd-topbar-header-title]. Expected to contain: [Dashboard], but found: [Dashboard]\n\tat org.testng.Assert.fail(Assert.java:111)\n\tat project_orangehrm.Base.BasePage.assertTextContain(BasePage.java:109)\n\tat project_orangehrm.Pages.CommonPage.verifyDashboard(CommonPage.java:253)\n\tat project_orangehrm.Test.Admin_Qualifications_Test.setup(Admin_Qualifications_Test.java:25)\n\tat java.base/jdk.internal.reflect.DirectMethodHandleAccessor.invoke(DirectMethodHandleAccessor.java:103)\n\tat java.base/java.lang.reflect.Method.invoke(Method.java:580)\n\tat org.testng.internal.invokers.MethodInvocationHelper.invokeMethod(MethodInvocationHelper.java:141)\n\tat org.testng.internal.invokers.MethodInvocationHelper.invokeMethodConsideringTimeout(MethodInvocationHelper.java:71)\n\tat org.testng.internal.invokers.ConfigInvoker.invokeConfigurationMethod(ConfigInvoker.java:400)\n\tat org.testng.internal.invokers.ConfigInvoker.invokeConfigurations(ConfigInvoker.java:333)\n\tat org.testng.internal.invokers.TestInvoker.runConfigMethods(TestInvoker.java:836)\n\tat org.testng.internal.invokers.TestInvoker.invokeMethod(TestInvoker.java:601)\n\tat org.testng.internal.invokers.TestInvoker.invokeTestMethod(TestInvoker.java:230)\n\tat org.testng.internal.invokers.MethodRunner.runInSequence(MethodRunner.java:63)\n\tat org.testng.internal.invokers.TestInvoker$MethodInvocationAgent.invoke(TestInvoker.java:995)\n\tat org.testng.internal.invokers.TestInvoker.invokeTestMethods(TestInvoker.java:203)\n\tat org.testng.internal.invokers.TestMethodWorker.invokeTestMethods(TestMethodWorker.java:154)\n\tat org.testng.internal.invokers.TestMethodWorker.run(TestMethodWorker.java:134)\n\tat java.base/java.util.ArrayList.forEach(ArrayList.java:1596)\n\tat org.testng.TestRunner.privateRun(TestRunner.java:741)\n\tat org.testng.TestRunner.run(TestRunner.java:616)\n\tat org.testng.SuiteRunner.runTest(SuiteRunner.java:421)\n\tat org.testng.SuiteRunner.runSequentially(SuiteRunner.java:413)\n\tat org.testng.SuiteRunner.privateRun(SuiteRunner.java:373)\n\tat org.testng.SuiteRunner.run(SuiteRunner.java:312)\n\tat org.testng.SuiteRunnerWorker.runSuite(SuiteRunnerWorker.java:52)\n\tat org.testng.SuiteRunnerWorker.run(SuiteRunnerWorker.java:95)\n\tat org.testng.TestNG.runSuitesSequentially(TestNG.java:1274)\n\tat org.testng.TestNG.runSuitesLocally(TestNG.java:1208)\n\tat org.testng.TestNG.runSuites(TestNG.java:1112)\n\tat org.testng.TestNG.run(TestNG.java:1079)\n\tat org.apache.maven.surefire.testng.TestNGExecutor.run(TestNGExecutor.java:155)\n\tat org.apache.maven.surefire.testng.TestNGDirectoryTestSuite.executeSingleClass(TestNGDirectoryTestSuite.java:102)\n\tat org.apache.maven.surefire.testng.TestNGDirectoryTestSuite.execute(TestNGDirectoryTestSuite.java:91)\n\tat org.apache.maven.surefire.testng.TestNGProvider.invoke(TestNGProvider.java:137)\n\tat org.apache.maven.surefire.booter.ForkedBooter.runSuitesInProcess(ForkedBooter.java:385)\n\tat org.apache.maven.surefire.booter.ForkedBooter.execute(ForkedBooter.java:162)\n\tat org.apache.maven.surefire.booter.ForkedBooter.run(ForkedBooter.java:507)\n\tat org.apache.maven.surefire.booter.ForkedBooter.main(ForkedBooter.java:495)\n","steps":[],"attachments":[],"parameters":[],"stepsCount":0,"shouldDisplayMessage":true,"attachmentsCount":0,"hasContent":true,"attachmentStep":false}],"afterStages":[{"name":"tearDown","time":{"start":1767032169432,"stop":1767032169511,"duration":79},"description":"","status":"passed","steps":[],"attachments":[],"parameters":[],"stepsCount":0,"shouldDisplayMessage":false,"attachmentsCount":0,"hasContent":false,"attachmentStep":false}],"labels":[{"name":"package","value":"project_orangehrm.Test.Admin_Qualifications_Test"},{"name":"testClass","value":"project_orangehrm.Test.Admin_Qualifications_Test"},{"name":"testMethod","value":"verifyLicenses_EmptyFields_ShowError"},{"name":"parentSuite","value":"Surefire suite"},{"name":"suite","value":"Surefire test"},{"name":"subSuite","value":"project_orangehrm.Test.Admin_Qualifications_Test"},{"name":"host","value":"runnervmh13bl"},{"name":"thread","value":"2580@runnervmh13bl.main(1)"},{"name":"framework","value":"testng"},{"name":"language","value":"java"},{"name":"resultFormat","value":"allure2"}],"parameters":[],"links":[],"hidden":false,"retry":false,"extra":{"severity":"normal","retries":[],"categories":[],"history":{"statistic":{"failed":0,"broken":0,"skipped":1,"passed":14,"unknown":0,"total":15},"items":[{"uid":"aaf2607acf7f1fc9","reportUrl":"https://m1mohammed1.github.io/orangeHRM/63/#testresult/aaf2607acf7f1fc9","status":"passed","time":{"start":1767023447799,"stop":1767023449307,"duration":1508}},{"uid":"382c396430812565","reportUrl":"https://m1mohammed1.github.io/orangeHRM/62/#testresult/382c396430812565","status":"passed","time":{"start":1767020786045,"stop":1767020787542,"duration":1497}},{"uid":"c6819d4087883353","reportUrl":"https://m1mohammed1.github.io/orangeHRM/61/#testresult/c6819d4087883353","status":"passed","time":{"start":1767018608854,"stop":1767018610438,"duration":1584}},{"uid":"259ed4c68f88f87f","reportUrl":"https://m1mohammed1.github.io/orangeHRM/60/#testresult/259ed4c68f88f87f","status":"passed","time":{"start":1766961956347,"stop":1766961957764,"duration":1417}},{"uid":"8580f1285c56ff2f","reportUrl":"https://m1mohammed1.github.io/orangeHRM/59/#testresult/8580f1285c56ff2f","status":"passed","time":{"start":1766958063358,"stop":1766958065122,"duration":1764}},{"uid":"b20c67f37d705b51","reportUrl":"https://m1mohammed1.github.io/orangeHRM/58/#testresult/b20c67f37d705b51","status":"passed","time":{"start":1766955478114,"stop":1766955479676,"duration":1562}},{"uid":"e268b56b77cafcd2","reportUrl":"https://m1mohammed1.github.io/orangeHRM/57/#testresult/e268b56b77cafcd2","status":"passed","time":{"start":1766953435276,"stop":1766953437009,"duration":1733}},{"uid":"ddce5914479a8854","reportUrl":"https://m1mohammed1.github.io/orangeHRM/55/#testresult/ddce5914479a8854","status":"passed","time":{"start":1766949054018,"stop":1766949055901,"duration":1883}},{"uid":"d96f0769dbceacab","reportUrl":"https://m1mohammed1.github.io/orangeHRM/53/#testresult/d96f0769dbceacab","status":"passed","time":{"start":1766936390556,"stop":1766936392271,"duration":1715}},{"uid":"8a269eff7c0ebcd4","reportUrl":"https://m1mohammed1.github.io/orangeHRM/52/#testresult/8a269eff7c0ebcd4","status":"passed","time":{"start":1766883588663,"stop":1766883590205,"duration":1542}},{"uid":"54c0a103d7694407","reportUrl":"https://m1mohammed1.github.io/orangeHRM/51/#testresult/54c0a103d7694407","status":"passed","time":{"start":1766874179429,"stop":1766874180925,"duration":1496}},{"uid":"c5cd04cbebbf6518","reportUrl":"https://m1mohammed1.github.io/orangeHRM/50/#testresult/c5cd04cbebbf6518","status":"passed","time":{"start":1766871330608,"stop":1766871332119,"duration":1511}},{"uid":"675f82d95aa44add","reportUrl":"https://m1mohammed1.github.io/orangeHRM/49/#testresult/675f82d95aa44add","status":"passed","time":{"start":1766869194977,"stop":1766869196640,"duration":1663}},{"uid":"e43f95e9fc2d6aba","reportUrl":"https://m1mohammed1.github.io/orangeHRM/32/#testresult/e43f95e9fc2d6aba","status":"passed","time":{"start":1766787815423,"stop":1766787816958,"duration":1535}}]},"tags":[]},"source":"90b926ae270acb84.json","parameterValues":[]}