{"uid":"8a02e140643cec44","name":"TC02 - Verify Event Lifecycle: Create, Verify","fullName":"project_orangehrm.Test.Claim_Configuration_Test.verifyEvent_Lifecycle_Success","historyId":"21df3ce8dfb1c64813c80173c3ade666","time":{"start":1767036938250,"stop":1767036960036,"duration":21786},"status":"failed","statusMessage":"Record not found: Global QA Summit 2025 | Locator: By.xpath: //div[@role='row']//div[normalize-space()='Global QA Summit 2025']","statusTrace":"java.lang.AssertionError: Record not found: Global QA Summit 2025 | Locator: By.xpath: //div[@role='row']//div[normalize-space()='Global QA Summit 2025']\n\tat org.testng.Assert.fail(Assert.java:111)\n\tat project_orangehrm.Base.BasePage.assertVisible(BasePage.java:46)\n\tat project_orangehrm.Pages.CommonPage.verifyRecordVisible(CommonPage.java:316)\n\tat project_orangehrm.Pages.ClaimPage.verifyRecordExists(ClaimPage.java:202)\n\tat project_orangehrm.Test.Claim_Configuration_Test.verifyEvent_Lifecycle_Success(Claim_Configuration_Test.java:51)\n\tat java.base/jdk.internal.reflect.DirectMethodHandleAccessor.invoke(DirectMethodHandleAccessor.java:103)\n\tat java.base/java.lang.reflect.Method.invoke(Method.java:580)\n\tat org.testng.internal.invokers.MethodInvocationHelper.invokeMethod(MethodInvocationHelper.java:141)\n\tat org.testng.internal.invokers.TestInvoker.invokeMethod(TestInvoker.java:687)\n\tat org.testng.internal.invokers.TestInvoker.invokeTestMethod(TestInvoker.java:230)\n\tat org.testng.internal.invokers.MethodRunner.runInSequence(MethodRunner.java:63)\n\tat org.testng.internal.invokers.TestInvoker$MethodInvocationAgent.invoke(TestInvoker.java:995)\n\tat org.testng.internal.invokers.TestInvoker.invokeTestMethods(TestInvoker.java:203)\n\tat org.testng.internal.invokers.TestMethodWorker.invokeTestMethods(TestMethodWorker.java:154)\n\tat org.testng.internal.invokers.TestMethodWorker.run(TestMethodWorker.java:134)\n\tat java.base/java.util.ArrayList.forEach(ArrayList.java:1596)\n\tat org.testng.TestRunner.privateRun(TestRunner.java:741)\n\tat org.testng.TestRunner.run(TestRunner.java:616)\n\tat org.testng.SuiteRunner.runTest(SuiteRunner.java:421)\n\tat org.testng.SuiteRunner.runSequentially(SuiteRunner.java:413)\n\tat org.testng.SuiteRunner.privateRun(SuiteRunner.java:373)\n\tat org.testng.SuiteRunner.run(SuiteRunner.java:312)\n\tat org.testng.SuiteRunnerWorker.runSuite(SuiteRunnerWorker.java:52)\n\tat org.testng.SuiteRunnerWorker.run(SuiteRunnerWorker.java:95)\n\tat org.testng.TestNG.runSuitesSequentially(TestNG.java:1274)\n\tat org.testng.TestNG.runSuitesLocally(TestNG.java:1208)\n\tat org.testng.TestNG.runSuites(TestNG.java:1112)\n\tat org.testng.TestNG.run(TestNG.java:1079)\n\tat org.apache.maven.surefire.testng.TestNGExecutor.run(TestNGExecutor.java:308)\n\tat org.apache.maven.surefire.testng.TestNGXmlTestSuite.execute(TestNGXmlTestSuite.java:71)\n\tat org.apache.maven.surefire.testng.TestNGProvider.invoke(TestNGProvider.java:113)\n\tat org.apache.maven.surefire.booter.ForkedBooter.runSuitesInProcess(ForkedBooter.java:385)\n\tat org.apache.maven.surefire.booter.ForkedBooter.execute(ForkedBooter.java:162)\n\tat org.apache.maven.surefire.booter.ForkedBooter.run(ForkedBooter.java:507)\n\tat org.apache.maven.surefire.booter.ForkedBooter.main(ForkedBooter.java:495)\n","flaky":true,"newFailed":false,"newBroken":false,"newPassed":false,"retriesCount":1,"retriesStatusChange":false,"beforeStages":[{"name":"setUp","time":{"start":1767036935403,"stop":1767036936381,"duration":978},"description":"","status":"passed","steps":[],"attachments":[],"parameters":[],"stepsCount":0,"shouldDisplayMessage":false,"attachmentsCount":0,"hasContent":false,"attachmentStep":false},{"name":"setup","time":{"start":1767036936382,"stop":1767036938249,"duration":1867},"description":"","status":"passed","steps":[],"attachments":[],"parameters":[],"stepsCount":0,"shouldDisplayMessage":false,"attachmentsCount":0,"hasContent":false,"attachmentStep":false}],"testStage":{"status":"failed","statusMessage":"Record not found: Global QA Summit 2025 | Locator: By.xpath: //div[@role='row']//div[normalize-space()='Global QA Summit 2025']","statusTrace":"java.lang.AssertionError: Record not found: Global QA Summit 2025 | Locator: By.xpath: //div[@role='row']//div[normalize-space()='Global QA Summit 2025']\n\tat org.testng.Assert.fail(Assert.java:111)\n\tat project_orangehrm.Base.BasePage.assertVisible(BasePage.java:46)\n\tat project_orangehrm.Pages.CommonPage.verifyRecordVisible(CommonPage.java:316)\n\tat project_orangehrm.Pages.ClaimPage.verifyRecordExists(ClaimPage.java:202)\n\tat project_orangehrm.Test.Claim_Configuration_Test.verifyEvent_Lifecycle_Success(Claim_Configuration_Test.java:51)\n\tat java.base/jdk.internal.reflect.DirectMethodHandleAccessor.invoke(DirectMethodHandleAccessor.java:103)\n\tat java.base/java.lang.reflect.Method.invoke(Method.java:580)\n\tat org.testng.internal.invokers.MethodInvocationHelper.invokeMethod(MethodInvocationHelper.java:141)\n\tat org.testng.internal.invokers.TestInvoker.invokeMethod(TestInvoker.java:687)\n\tat org.testng.internal.invokers.TestInvoker.invokeTestMethod(TestInvoker.java:230)\n\tat org.testng.internal.invokers.MethodRunner.runInSequence(MethodRunner.java:63)\n\tat org.testng.internal.invokers.TestInvoker$MethodInvocationAgent.invoke(TestInvoker.java:995)\n\tat org.testng.internal.invokers.TestInvoker.invokeTestMethods(TestInvoker.java:203)\n\tat org.testng.internal.invokers.TestMethodWorker.invokeTestMethods(TestMethodWorker.java:154)\n\tat org.testng.internal.invokers.TestMethodWorker.run(TestMethodWorker.java:134)\n\tat java.base/java.util.ArrayList.forEach(ArrayList.java:1596)\n\tat org.testng.TestRunner.privateRun(TestRunner.java:741)\n\tat org.testng.TestRunner.run(TestRunner.java:616)\n\tat org.testng.SuiteRunner.runTest(SuiteRunner.java:421)\n\tat org.testng.SuiteRunner.runSequentially(SuiteRunner.java:413)\n\tat org.testng.SuiteRunner.privateRun(SuiteRunner.java:373)\n\tat org.testng.SuiteRunner.run(SuiteRunner.java:312)\n\tat org.testng.SuiteRunnerWorker.runSuite(SuiteRunnerWorker.java:52)\n\tat org.testng.SuiteRunnerWorker.run(SuiteRunnerWorker.java:95)\n\tat org.testng.TestNG.runSuitesSequentially(TestNG.java:1274)\n\tat org.testng.TestNG.runSuitesLocally(TestNG.java:1208)\n\tat org.testng.TestNG.runSuites(TestNG.java:1112)\n\tat org.testng.TestNG.run(TestNG.java:1079)\n\tat org.apache.maven.surefire.testng.TestNGExecutor.run(TestNGExecutor.java:308)\n\tat org.apache.maven.surefire.testng.TestNGXmlTestSuite.execute(TestNGXmlTestSuite.java:71)\n\tat org.apache.maven.surefire.testng.TestNGProvider.invoke(TestNGProvider.java:113)\n\tat org.apache.maven.surefire.booter.ForkedBooter.runSuitesInProcess(ForkedBooter.java:385)\n\tat org.apache.maven.surefire.booter.ForkedBooter.execute(ForkedBooter.java:162)\n\tat org.apache.maven.surefire.booter.ForkedBooter.run(ForkedBooter.java:507)\n\tat org.apache.maven.surefire.booter.ForkedBooter.main(ForkedBooter.java:495)\n","steps":[],"attachments":[{"name":"SoftAssert_Failed - 2025-12-29T19:35:49.915289624","type":"image/png","size":0},{"name":"Page Source","type":"text/html","size":0}],"parameters":[],"stepsCount":0,"shouldDisplayMessage":true,"attachmentsCount":2,"hasContent":true,"attachmentStep":false},"afterStages":[{"name":"tearDown","time":{"start":1767036960037,"stop":1767036960221,"duration":184},"description":"","status":"passed","steps":[],"attachments":[{"name":"Screenshot Failure - verifyEvent_Lifecycle_Success","type":"image/png","size":0},{"name":"Page Source","type":"text/html","size":0}],"parameters":[],"stepsCount":0,"shouldDisplayMessage":false,"attachmentsCount":2,"hasContent":true,"attachmentStep":false}],"labels":[{"name":"package","value":"project_orangehrm.Test.Claim_Configuration_Test"},{"name":"testClass","value":"project_orangehrm.Test.Claim_Configuration_Test"},{"name":"testMethod","value":"verifyEvent_Lifecycle_Success"},{"name":"parentSuite","value":"OrangeHRM_Atomic_Pro_Suite"},{"name":"suite","value":"Reg_Claim_Config"},{"name":"subSuite","value":"project_orangehrm.Test.Claim_Configuration_Test"},{"name":"host","value":"runnervmh13bl"},{"name":"thread","value":"2581@runnervmh13bl.main(1)"},{"name":"framework","value":"testng"},{"name":"language","value":"java"},{"name":"resultFormat","value":"allure2"}],"parameters":[{"name":"browser","value":"chrome"}],"links":[],"hidden":false,"retry":false,"extra":{"severity":"normal","retries":[{"uid":"a612bdd6fa45f6c4","status":"failed","statusDetails":"Record not found: Global QA Summit 2025 | Locator: By.xpath: //div[@role='row']//div[normalize-space()='Global QA Summit 2025']","time":{"start":1767036460994,"stop":1767036482811,"duration":21817}}],"categories":[{"name":"Product defects","matchedStatuses":[],"flaky":false}],"history":{"statistic":{"failed":10,"broken":0,"skipped":0,"passed":1,"unknown":0,"total":11},"items":[{"uid":"1cecbaf662e841a3","reportUrl":"https://m1mohammed1.github.io/orangeHRM/64/#testresult/1cecbaf662e841a3","status":"failed","statusDetails":"Record not found: Global QA Summit 2025 | Locator: By.xpath: //div[@role='row']//div[normalize-space()='Global QA Summit 2025']","time":{"start":1767031607794,"stop":1767031630405,"duration":22611}},{"uid":"492c828428606dfd","reportUrl":"https://m1mohammed1.github.io/orangeHRM/63/#testresult/492c828428606dfd","status":"failed","statusDetails":"Record not found: Global QA Summit 2025 | Locator: By.xpath: //div[@role='row']//div[normalize-space()='Global QA Summit 2025']","time":{"start":1767023096856,"stop":1767023118882,"duration":22026}},{"uid":"a9e1e29b7e94cda7","reportUrl":"https://m1mohammed1.github.io/orangeHRM/62/#testresult/a9e1e29b7e94cda7","status":"passed","time":{"start":1767020495738,"stop":1767020501512,"duration":5774}},{"uid":"5193a5c9cd59fe4a","reportUrl":"https://m1mohammed1.github.io/orangeHRM/61/#testresult/5193a5c9cd59fe4a","status":"failed","statusDetails":"Record not found: Global QA Summit 2025 | Locator: By.xpath: //div[@role='row']//div[normalize-space()='Global QA Summit 2025']","time":{"start":1767018294977,"stop":1767018316984,"duration":22007}},{"uid":"3cc335fc41fd912f","reportUrl":"https://m1mohammed1.github.io/orangeHRM/60/#testresult/3cc335fc41fd912f","status":"failed","statusDetails":"Record not found: Global QA Summit 2025 | Locator: By.xpath: //div[@role='row']//div[normalize-space()='Global QA Summit 2025']","time":{"start":1766961693976,"stop":1766961715781,"duration":21805}},{"uid":"aeede7c6cffff50e","reportUrl":"https://m1mohammed1.github.io/orangeHRM/59/#testresult/aeede7c6cffff50e","status":"failed","statusDetails":"Record not found: Global QA Summit 2025 | Locator: By.xpath: //div[@role='row']//div[normalize-space()='Global QA Summit 2025']","time":{"start":1766957786604,"stop":1766957808631,"duration":22027}},{"uid":"7e6a3f7312e0dd4b","reportUrl":"https://m1mohammed1.github.io/orangeHRM/58/#testresult/7e6a3f7312e0dd4b","status":"failed","statusDetails":"Record not found: Global QA Summit 2025 | Locator: By.xpath: //div[@role='row']//div[normalize-space()='Global QA Summit 2025']","time":{"start":1766955209232,"stop":1766955231355,"duration":22123}},{"uid":"61a38d623679805a","reportUrl":"https://m1mohammed1.github.io/orangeHRM/57/#testresult/61a38d623679805a","status":"failed","statusDetails":"Record not found: Global QA Summit 2025 | Locator: By.xpath: //div[@role='row']//div[normalize-space()='Global QA Summit 2025']","time":{"start":1766953158053,"stop":1766953179784,"duration":21731}},{"uid":"75a278559efa0019","reportUrl":"https://m1mohammed1.github.io/orangeHRM/55/#testresult/75a278559efa0019","status":"failed","statusDetails":"Record not found: Global QA Summit 2025 | Locator: By.xpath: //div[@role='row']//div[normalize-space()='Global QA Summit 2025']","time":{"start":1766948764891,"stop":1766948786696,"duration":21805}},{"uid":"df27fc3220ecb556","reportUrl":"https://m1mohammed1.github.io/orangeHRM/53/#testresult/df27fc3220ecb556","status":"failed","statusDetails":"Success message not displayed | Locator: By.xpath: //div[contains(@class, 'oxd-toast--success')]","time":{"start":1766936102553,"stop":1766936114210,"duration":11657}}]},"tags":[]},"source":"8a02e140643cec44.json","parameterValues":["chrome"]}