{"uid":"11e3de7c2be7775a","name":"TC03 - Positive: Verify Edit Post","fullName":"project_orangehrm.Test.Buzz_Newsfeed_Test.verifyPost_Edit_Success","historyId":"fa8333e0019e91cec8e3828cb45256f5","time":{"start":1766955418215,"stop":1766955429343,"duration":11128},"status":"broken","statusMessage":"Expected condition failed: waiting for presence of element located by: By.xpath: //div[contains(@class,'oxd-sheet')][descendant::*[contains(normalize-space(),'Original Text')]]//button[contains(@class,'oxd-icon-button')] (tried for 10 second(s) with 300 milliseconds interval)","statusTrace":"org.openqa.selenium.TimeoutException: Expected condition failed: waiting for presence of element located by: By.xpath: //div[contains(@class,'oxd-sheet')][descendant::*[contains(normalize-space(),'Original Text')]]//button[contains(@class,'oxd-icon-button')] (tried for 10 second(s) with 300 milliseconds interval)\n\tat org.openqa.selenium.support.ui.FluentWait.timeoutException(FluentWait.java:265)\n\tat org.openqa.selenium.support.ui.FluentWait.until(FluentWait.java:228)\n\tat project_orangehrm.Base.BasePage.clickJS(BasePage.java:130)\n\tat project_orangehrm.Pages.BuzzPage.clickPostOptions(BuzzPage.java:59)\n\tat project_orangehrm.Test.Buzz_Newsfeed_Test.verifyPost_Edit_Success(Buzz_Newsfeed_Test.java:61)\n\tat java.base/jdk.internal.reflect.DirectMethodHandleAccessor.invoke(DirectMethodHandleAccessor.java:103)\n\tat java.base/java.lang.reflect.Method.invoke(Method.java:580)\n\tat org.testng.internal.invokers.MethodInvocationHelper.invokeMethod(MethodInvocationHelper.java:141)\n\tat org.testng.internal.invokers.TestInvoker.invokeMethod(TestInvoker.java:687)\n\tat org.testng.internal.invokers.TestInvoker.invokeTestMethod(TestInvoker.java:230)\n\tat org.testng.internal.invokers.MethodRunner.runInSequence(MethodRunner.java:63)\n\tat org.testng.internal.invokers.TestInvoker$MethodInvocationAgent.invoke(TestInvoker.java:995)\n\tat org.testng.internal.invokers.TestInvoker.invokeTestMethods(TestInvoker.java:203)\n\tat org.testng.internal.invokers.TestMethodWorker.invokeTestMethods(TestMethodWorker.java:154)\n\tat org.testng.internal.invokers.TestMethodWorker.run(TestMethodWorker.java:134)\n\tat java.base/java.util.ArrayList.forEach(ArrayList.java:1596)\n\tat org.testng.TestRunner.privateRun(TestRunner.java:741)\n\tat org.testng.TestRunner.run(TestRunner.java:616)\n\tat org.testng.SuiteRunner.runTest(SuiteRunner.java:421)\n\tat org.testng.SuiteRunner.runSequentially(SuiteRunner.java:413)\n\tat org.testng.SuiteRunner.privateRun(SuiteRunner.java:373)\n\tat org.testng.SuiteRunner.run(SuiteRunner.java:312)\n\tat org.testng.SuiteRunnerWorker.runSuite(SuiteRunnerWorker.java:52)\n\tat org.testng.SuiteRunnerWorker.run(SuiteRunnerWorker.java:95)\n\tat org.testng.TestNG.runSuitesSequentially(TestNG.java:1274)\n\tat org.testng.TestNG.runSuitesLocally(TestNG.java:1208)\n\tat org.testng.TestNG.runSuites(TestNG.java:1112)\n\tat org.testng.TestNG.run(TestNG.java:1079)\n\tat org.apache.maven.surefire.testng.TestNGExecutor.run(TestNGExecutor.java:155)\n\tat org.apache.maven.surefire.testng.TestNGDirectoryTestSuite.executeSingleClass(TestNGDirectoryTestSuite.java:102)\n\tat org.apache.maven.surefire.testng.TestNGDirectoryTestSuite.execute(TestNGDirectoryTestSuite.java:91)\n\tat org.apache.maven.surefire.testng.TestNGProvider.invoke(TestNGProvider.java:137)\n\tat org.apache.maven.surefire.booter.ForkedBooter.runSuitesInProcess(ForkedBooter.java:385)\n\tat org.apache.maven.surefire.booter.ForkedBooter.execute(ForkedBooter.java:162)\n\tat org.apache.maven.surefire.booter.ForkedBooter.run(ForkedBooter.java:507)\n\tat org.apache.maven.surefire.booter.ForkedBooter.main(ForkedBooter.java:495)\nCaused by: org.openqa.selenium.NoSuchElementException: no such element: Unable to locate element: {\"method\":\"xpath\",\"selector\":\"//div[contains(@class,'oxd-sheet')][descendant::*[contains(normalize-space(),'Original Text')]]//button[contains(@class,'oxd-icon-button')]\"}\n  (Session info: MicrosoftEdge=143.0.3650.80)\nFor documentation on this error, please visit: https://www.selenium.dev/documentation/webdriver/troubleshooting/errors#nosuchelementexception\nBuild info: version: '4.39.0', revision: '126f156aee'\nSystem info: os.name: 'Linux', os.arch: 'amd64', os.version: '6.11.0-1018-azure', java.version: '21.0.9'\nDriver info: org.openqa.selenium.edge.EdgeDriver\nCommand: [4581125a17b7a9005bc7a63b435dd8b5, findElement {using=xpath, value=//div[contains(@class,'oxd-sheet')][descendant::*[contains(normalize-space(),'Original Text')]]//button[contains(@class,'oxd-icon-button')]}]\nCapabilities {acceptInsecureCerts: false, browserName: MicrosoftEdge, browserVersion: 143.0.3650.80, fedcm:accounts: true, goog:processID: 3490, ms:edgeOptions: {debuggerAddress: localhost:33181}, msedge: {msedgedriverVersion: 143.0.3650.80 (788579717f68..., userDataDir: /tmp/.com.microsoft.Edge.sc...}, networkConnectionEnabled: false, pageLoadStrategy: normal, platformName: linux, proxy: Proxy(), se:cdp: ws://localhost:33181/devtoo..., se:cdpVersion: 143.0.3650.80, setWindowRect: true, strictFileInteractability: false, timeouts: {implicit: 0, pageLoad: 300000, script: 30000}, unhandledPromptBehavior: dismiss and notify, webauthn:extension:credBlob: true, webauthn:extension:largeBlob: true, webauthn:extension:minPinLength: true, webauthn:extension:prf: true, webauthn:virtualAuthenticators: true}\nSession ID: 4581125a17b7a9005bc7a63b435dd8b5\n\tat java.base/jdk.internal.reflect.DirectConstructorHandleAccessor.newInstance(DirectConstructorHandleAccessor.java:62)\n\tat java.base/java.lang.reflect.Constructor.newInstanceWithCaller(Constructor.java:502)\n\tat java.base/java.lang.reflect.Constructor.newInstance(Constructor.java:486)\n\tat org.openqa.selenium.remote.ErrorCodec.decode(ErrorCodec.java:167)\n\tat org.openqa.selenium.remote.codec.w3c.W3CHttpResponseCodec.decode(W3CHttpResponseCodec.java:142)\n\tat org.openqa.selenium.remote.codec.w3c.W3CHttpResponseCodec.decode(W3CHttpResponseCodec.java:49)\n\tat org.openqa.selenium.remote.HttpCommandExecutor.execute(HttpCommandExecutor.java:215)\n\tat org.openqa.selenium.remote.service.DriverCommandExecutor.invokeExecute(DriverCommandExecutor.java:216)\n\tat org.openqa.selenium.remote.service.DriverCommandExecutor.execute(DriverCommandExecutor.java:174)\n\tat org.openqa.selenium.remote.RemoteWebDriver.execute(RemoteWebDriver.java:561)\n\tat org.openqa.selenium.remote.ElementLocation$ElementFinder$2.findElement(ElementLocation.java:166)\n\tat org.openqa.selenium.remote.ElementLocation.findElement(ElementLocation.java:60)\n\tat org.openqa.selenium.remote.RemoteWebDriver.findElement(RemoteWebDriver.java:384)\n\tat org.openqa.selenium.remote.RemoteWebDriver.findElement(RemoteWebDriver.java:378)\n\tat org.openqa.selenium.support.ui.ExpectedConditions$6.apply(ExpectedConditions.java:174)\n\tat org.openqa.selenium.support.ui.ExpectedConditions$6.apply(ExpectedConditions.java:171)\n\tat org.openqa.selenium.support.ui.FluentWait.until(FluentWait.java:203)\n\t... 34 more\n","flaky":false,"newFailed":false,"newBroken":true,"newPassed":false,"retriesCount":0,"retriesStatusChange":false,"beforeStages":[{"name":"setUp","time":{"start":1766955414106,"stop":1766955415248,"duration":1142},"description":"","status":"passed","steps":[],"attachments":[],"parameters":[],"stepsCount":0,"shouldDisplayMessage":false,"attachmentsCount":0,"hasContent":false,"attachmentStep":false},{"name":"setup","time":{"start":1766955415249,"stop":1766955418213,"duration":2964},"description":"","status":"passed","steps":[],"attachments":[],"parameters":[],"stepsCount":0,"shouldDisplayMessage":false,"attachmentsCount":0,"hasContent":false,"attachmentStep":false}],"afterStages":[{"name":"tearDown","time":{"start":1766955429346,"stop":1766955429555,"duration":209},"description":"","status":"passed","steps":[],"attachments":[{"uid":"1974de6bb4e9f697","name":"Screenshot Failure - verifyPost_Edit_Success","source":"1974de6bb4e9f697.png","type":"image/png","size":163118},{"uid":"ab8042e92e6d530d","name":"Page Source","source":"ab8042e92e6d530d.html","type":"text/html","size":352404}],"parameters":[],"stepsCount":0,"shouldDisplayMessage":false,"attachmentsCount":2,"hasContent":true,"attachmentStep":false}],"labels":[{"name":"package","value":"project_orangehrm.Test.Buzz_Newsfeed_Test"},{"name":"testClass","value":"project_orangehrm.Test.Buzz_Newsfeed_Test"},{"name":"testMethod","value":"verifyPost_Edit_Success"},{"name":"parentSuite","value":"Surefire suite"},{"name":"suite","value":"Surefire test"},{"name":"subSuite","value":"project_orangehrm.Test.Buzz_Newsfeed_Test"},{"name":"host","value":"runnervmh13bl"},{"name":"thread","value":"2578@runnervmh13bl.main(1)"},{"name":"framework","value":"testng"},{"name":"language","value":"java"},{"name":"resultFormat","value":"allure2"}],"parameters":[],"links":[],"hidden":false,"retry":false,"extra":{"severity":"normal","retries":[],"categories":[{"name":"Test defects","matchedStatuses":[],"flaky":false}],"history":{"statistic":{"failed":0,"broken":1,"skipped":0,"passed":9,"unknown":0,"total":10},"items":[{"uid":"462f62ded6f47ffd","reportUrl":"https://m1mohammed1.github.io/orangeHRM/57/#testresult/462f62ded6f47ffd","status":"passed","time":{"start":1766953326850,"stop":1766953343332,"duration":16482}},{"uid":"86b36bd71d3aa821","reportUrl":"https://m1mohammed1.github.io/orangeHRM/55/#testresult/86b36bd71d3aa821","status":"passed","time":{"start":1766948944490,"stop":1766948948849,"duration":4359}},{"uid":"7e27454609a09840","reportUrl":"https://m1mohammed1.github.io/orangeHRM/53/#testresult/7e27454609a09840","status":"passed","time":{"start":1766936246344,"stop":1766936250557,"duration":4213}},{"uid":"6ce82cd3a4c3f8b1","reportUrl":"https://m1mohammed1.github.io/orangeHRM/52/#testresult/6ce82cd3a4c3f8b1","status":"passed","time":{"start":1766883519190,"stop":1766883534881,"duration":15691}},{"uid":"bfcdbe03130fc6ad","reportUrl":"https://m1mohammed1.github.io/orangeHRM/51/#testresult/bfcdbe03130fc6ad","status":"passed","time":{"start":1766874077193,"stop":1766874093029,"duration":15836}},{"uid":"353d52dbc2ac9cfe","reportUrl":"https://m1mohammed1.github.io/orangeHRM/50/#testresult/353d52dbc2ac9cfe","status":"passed","time":{"start":1766871272483,"stop":1766871287832,"duration":15349}},{"uid":"175c4c158d2b0559","reportUrl":"https://m1mohammed1.github.io/orangeHRM/49/#testresult/175c4c158d2b0559","status":"passed","time":{"start":1766869099321,"stop":1766869116604,"duration":17283}},{"uid":"794acd5ffdabb65e","reportUrl":"https://m1mohammed1.github.io/orangeHRM/32/#testresult/794acd5ffdabb65e","status":"passed","time":{"start":1766788716021,"stop":1766788731015,"duration":14994}},{"uid":"a1e3ca42a25393b0","reportUrl":"https://m1mohammed1.github.io/orangeHRM/22/#testresult/a1e3ca42a25393b0","status":"passed","time":{"start":1766707358780,"stop":1766707373606,"duration":14826}}]},"tags":[]},"source":"11e3de7c2be7775a.json","parameterValues":[]}