{"uid":"13bdb672b7392070","name":"TC07 - Verify Reporting Method Lifecycle: Create, Verify, Edit, Delete","fullName":"project_orangehrm.Test.PIM_Configuration_Test.verifyReportingMethod_Lifecycle_Edit","historyId":"2527e171fe15289cb43e2217a7c745a9","time":{"start":1766782016316,"stop":1766782038116,"duration":21800},"status":"broken","statusMessage":"Expected condition failed: waiting for element to be clickable: By.xpath: //div[contains(text(),'Weekly Scrum Report')]/ancestor::div[@role='row']//button[i[contains(@class, 'bi-pencil')]] (tried for 10 second(s) with 300 milliseconds interval)\nBuild info: version: '4.37.0', revision: '3c1da1e342'\nSystem info: os.name: 'Linux', os.arch: 'amd64', os.version: '6.11.0-1018-azure', java.version: '21.0.9'\nDriver info: driver.version: unknown","statusTrace":"org.openqa.selenium.TimeoutException: Expected condition failed: waiting for element to be clickable: By.xpath: //div[contains(text(),'Weekly Scrum Report')]/ancestor::div[@role='row']//button[i[contains(@class, 'bi-pencil')]] (tried for 10 second(s) with 300 milliseconds interval)\nBuild info: version: '4.37.0', revision: '3c1da1e342'\nSystem info: os.name: 'Linux', os.arch: 'amd64', os.version: '6.11.0-1018-azure', java.version: '21.0.9'\nDriver info: driver.version: unknown\n\tat org.openqa.selenium.support.ui.FluentWait.timeoutException(FluentWait.java:265)\n\tat org.openqa.selenium.support.ui.FluentWait.until(FluentWait.java:228)\n\tat project_orangehrm.Base.BasePage.clickWhenReady(BasePage.java:95)\n\tat project_orangehrm.Pages.CommonPage.edit(CommonPage.java:216)\n\tat project_orangehrm.Pages.PIMPage.clickToEdit(PIMPage.java:148)\n\tat project_orangehrm.Test.PIM_Configuration_Test.verifyReportingMethod_Lifecycle_Edit(PIM_Configuration_Test.java:115)\n\tat java.base/jdk.internal.reflect.DirectMethodHandleAccessor.invoke(DirectMethodHandleAccessor.java:103)\n\tat java.base/java.lang.reflect.Method.invoke(Method.java:580)\n\tat org.testng.internal.invokers.MethodInvocationHelper.invokeMethod(MethodInvocationHelper.java:141)\n\tat org.testng.internal.invokers.TestInvoker.invokeMethod(TestInvoker.java:687)\n\tat org.testng.internal.invokers.TestInvoker.invokeTestMethod(TestInvoker.java:230)\n\tat org.testng.internal.invokers.MethodRunner.runInSequence(MethodRunner.java:63)\n\tat org.testng.internal.invokers.TestInvoker$MethodInvocationAgent.invoke(TestInvoker.java:995)\n\tat org.testng.internal.invokers.TestInvoker.invokeTestMethods(TestInvoker.java:203)\n\tat org.testng.internal.invokers.TestMethodWorker.invokeTestMethods(TestMethodWorker.java:154)\n\tat org.testng.internal.invokers.TestMethodWorker.run(TestMethodWorker.java:134)\n\tat java.base/java.util.ArrayList.forEach(ArrayList.java:1596)\n\tat org.testng.TestRunner.privateRun(TestRunner.java:741)\n\tat org.testng.TestRunner.run(TestRunner.java:616)\n\tat org.testng.SuiteRunner.runTest(SuiteRunner.java:421)\n\tat org.testng.SuiteRunner.runSequentially(SuiteRunner.java:413)\n\tat org.testng.SuiteRunner.privateRun(SuiteRunner.java:373)\n\tat org.testng.SuiteRunner.run(SuiteRunner.java:312)\n\tat org.testng.SuiteRunnerWorker.runSuite(SuiteRunnerWorker.java:52)\n\tat org.testng.SuiteRunnerWorker.run(SuiteRunnerWorker.java:95)\n\tat org.testng.TestNG.runSuitesSequentially(TestNG.java:1274)\n\tat org.testng.TestNG.runSuitesLocally(TestNG.java:1208)\n\tat org.testng.TestNG.runSuites(TestNG.java:1112)\n\tat org.testng.TestNG.run(TestNG.java:1079)\n\tat org.apache.maven.surefire.testng.TestNGExecutor.run(TestNGExecutor.java:308)\n\tat org.apache.maven.surefire.testng.TestNGXmlTestSuite.execute(TestNGXmlTestSuite.java:71)\n\tat org.apache.maven.surefire.testng.TestNGProvider.invoke(TestNGProvider.java:113)\n\tat org.apache.maven.surefire.booter.ForkedBooter.runSuitesInProcess(ForkedBooter.java:385)\n\tat org.apache.maven.surefire.booter.ForkedBooter.execute(ForkedBooter.java:162)\n\tat org.apache.maven.surefire.booter.ForkedBooter.run(ForkedBooter.java:507)\n\tat org.apache.maven.surefire.booter.ForkedBooter.main(ForkedBooter.java:495)\n","flaky":false,"newFailed":false,"newBroken":false,"newPassed":false,"retriesCount":12,"retriesStatusChange":false,"beforeStages":[{"name":"setUp","time":{"start":1766782013533,"stop":1766782014470,"duration":937},"description":"","status":"passed","steps":[],"attachments":[],"parameters":[],"stepsCount":0,"shouldDisplayMessage":false,"attachmentsCount":0,"hasContent":false,"attachmentStep":false},{"name":"setup","time":{"start":1766782014471,"stop":1766782016315,"duration":1844},"description":"","status":"passed","steps":[],"attachments":[],"parameters":[],"stepsCount":0,"shouldDisplayMessage":false,"attachmentsCount":0,"hasContent":false,"attachmentStep":false}],"testStage":{"status":"broken","statusMessage":"Expected condition failed: waiting for element to be clickable: By.xpath: //div[contains(text(),'Weekly Scrum Report')]/ancestor::div[@role='row']//button[i[contains(@class, 'bi-pencil')]] (tried for 10 second(s) with 300 milliseconds interval)\nBuild info: version: '4.37.0', revision: '3c1da1e342'\nSystem info: os.name: 'Linux', os.arch: 'amd64', os.version: '6.11.0-1018-azure', java.version: '21.0.9'\nDriver info: driver.version: unknown","statusTrace":"org.openqa.selenium.TimeoutException: Expected condition failed: waiting for element to be clickable: By.xpath: //div[contains(text(),'Weekly Scrum Report')]/ancestor::div[@role='row']//button[i[contains(@class, 'bi-pencil')]] (tried for 10 second(s) with 300 milliseconds interval)\nBuild info: version: '4.37.0', revision: '3c1da1e342'\nSystem info: os.name: 'Linux', os.arch: 'amd64', os.version: '6.11.0-1018-azure', java.version: '21.0.9'\nDriver info: driver.version: unknown\n\tat org.openqa.selenium.support.ui.FluentWait.timeoutException(FluentWait.java:265)\n\tat org.openqa.selenium.support.ui.FluentWait.until(FluentWait.java:228)\n\tat project_orangehrm.Base.BasePage.clickWhenReady(BasePage.java:95)\n\tat project_orangehrm.Pages.CommonPage.edit(CommonPage.java:216)\n\tat project_orangehrm.Pages.PIMPage.clickToEdit(PIMPage.java:148)\n\tat project_orangehrm.Test.PIM_Configuration_Test.verifyReportingMethod_Lifecycle_Edit(PIM_Configuration_Test.java:115)\n\tat java.base/jdk.internal.reflect.DirectMethodHandleAccessor.invoke(DirectMethodHandleAccessor.java:103)\n\tat java.base/java.lang.reflect.Method.invoke(Method.java:580)\n\tat org.testng.internal.invokers.MethodInvocationHelper.invokeMethod(MethodInvocationHelper.java:141)\n\tat org.testng.internal.invokers.TestInvoker.invokeMethod(TestInvoker.java:687)\n\tat org.testng.internal.invokers.TestInvoker.invokeTestMethod(TestInvoker.java:230)\n\tat org.testng.internal.invokers.MethodRunner.runInSequence(MethodRunner.java:63)\n\tat org.testng.internal.invokers.TestInvoker$MethodInvocationAgent.invoke(TestInvoker.java:995)\n\tat org.testng.internal.invokers.TestInvoker.invokeTestMethods(TestInvoker.java:203)\n\tat org.testng.internal.invokers.TestMethodWorker.invokeTestMethods(TestMethodWorker.java:154)\n\tat org.testng.internal.invokers.TestMethodWorker.run(TestMethodWorker.java:134)\n\tat java.base/java.util.ArrayList.forEach(ArrayList.java:1596)\n\tat org.testng.TestRunner.privateRun(TestRunner.java:741)\n\tat org.testng.TestRunner.run(TestRunner.java:616)\n\tat org.testng.SuiteRunner.runTest(SuiteRunner.java:421)\n\tat org.testng.SuiteRunner.runSequentially(SuiteRunner.java:413)\n\tat org.testng.SuiteRunner.privateRun(SuiteRunner.java:373)\n\tat org.testng.SuiteRunner.run(SuiteRunner.java:312)\n\tat org.testng.SuiteRunnerWorker.runSuite(SuiteRunnerWorker.java:52)\n\tat org.testng.SuiteRunnerWorker.run(SuiteRunnerWorker.java:95)\n\tat org.testng.TestNG.runSuitesSequentially(TestNG.java:1274)\n\tat org.testng.TestNG.runSuitesLocally(TestNG.java:1208)\n\tat org.testng.TestNG.runSuites(TestNG.java:1112)\n\tat org.testng.TestNG.run(TestNG.java:1079)\n\tat org.apache.maven.surefire.testng.TestNGExecutor.run(TestNGExecutor.java:308)\n\tat org.apache.maven.surefire.testng.TestNGXmlTestSuite.execute(TestNGXmlTestSuite.java:71)\n\tat org.apache.maven.surefire.testng.TestNGProvider.invoke(TestNGProvider.java:113)\n\tat org.apache.maven.surefire.booter.ForkedBooter.runSuitesInProcess(ForkedBooter.java:385)\n\tat org.apache.maven.surefire.booter.ForkedBooter.execute(ForkedBooter.java:162)\n\tat org.apache.maven.surefire.booter.ForkedBooter.run(ForkedBooter.java:507)\n\tat org.apache.maven.surefire.booter.ForkedBooter.main(ForkedBooter.java:495)\n","steps":[],"attachments":[{"uid":"af20193c352f276b","name":"SoftAssert_Failed - 2025-12-26T20:47:08.001719705","source":"af20193c352f276b.png","type":"image/png","size":95137},{"uid":"4ba27fb8f13bfeba","name":"Page Source","source":"4ba27fb8f13bfeba.html","type":"text/html","size":293457}],"parameters":[],"stepsCount":0,"shouldDisplayMessage":true,"attachmentsCount":2,"hasContent":true,"attachmentStep":false},"afterStages":[{"name":"tearDown","time":{"start":1766782038117,"stop":1766782038296,"duration":179},"description":"","status":"passed","steps":[],"attachments":[{"uid":"9d1232db0a9682be","name":"Screenshot Failure - verifyReportingMethod_Lifecycle_Edit","source":"9d1232db0a9682be.png","type":"image/png","size":95137},{"uid":"d08bfb211fc89f2a","name":"Page Source","source":"d08bfb211fc89f2a.html","type":"text/html","size":293457}],"parameters":[],"stepsCount":0,"shouldDisplayMessage":false,"attachmentsCount":2,"hasContent":true,"attachmentStep":false}],"labels":[{"name":"package","value":"project_orangehrm.Test.PIM_Configuration_Test"},{"name":"testClass","value":"project_orangehrm.Test.PIM_Configuration_Test"},{"name":"testMethod","value":"verifyReportingMethod_Lifecycle_Edit"},{"name":"parentSuite","value":"OrangeHRM_Strategic_Suite"},{"name":"suite","value":"Step2_PIM_User_Foundation"},{"name":"subSuite","value":"project_orangehrm.Test.PIM_Configuration_Test"},{"name":"host","value":"runnervmh13bl"},{"name":"thread","value":"2634@runnervmh13bl.main(1)"},{"name":"framework","value":"testng"},{"name":"language","value":"java"},{"name":"resultFormat","value":"allure2"}],"parameters":[{"name":"browser","value":"edge"}],"links":[],"hidden":false,"retry":false,"extra":{"severity":"normal","retries":[{"uid":"a92f10f4cd00e3e9","status":"broken","statusDetails":"Expected condition failed: waiting for element to be clickable: By.xpath: //div[contains(text(),'Weekly Scrum Report')]/ancestor::div[@role='row']//button[i[contains(@class, 'bi-pencil')]] (tried for 10 second(s) with 300 milliseconds interval)\nBuild info: version: '4.37.0', revision: '3c1da1e342'\nSystem info: os.name: 'Linux', os.arch: 'amd64', os.version: '6.11.0-1018-azure', java.version: '21.0.9'\nDriver info: driver.version: unknown","time":{"start":1766781959874,"stop":1766781981667,"duration":21793}},{"uid":"3b207660921fd6bb","status":"broken","statusDetails":"Expected condition failed: waiting for element to be clickable: By.xpath: //div[contains(text(),'Weekly Scrum Report')]/ancestor::div[@role='row']//button[i[contains(@class, 'bi-pencil')]] (tried for 10 second(s) with 300 milliseconds interval)\nBuild info: version: '4.37.0', revision: '3c1da1e342'\nSystem info: os.name: 'Linux', os.arch: 'amd64', os.version: '6.11.0-1018-azure', java.version: '21.0.9'\nDriver info: driver.version: unknown","time":{"start":1766780586776,"stop":1766780608902,"duration":22126}},{"uid":"46ac707e1616c794","status":"broken","statusDetails":"Expected condition failed: waiting for element to be clickable: By.xpath: //div[contains(text(),'Weekly Scrum Report')]/ancestor::div[@role='row']//button[i[contains(@class, 'bi-pencil')]] (tried for 10 second(s) with 300 milliseconds interval)\nBuild info: version: '4.37.0', revision: '3c1da1e342'\nSystem info: os.name: 'Linux', os.arch: 'amd64', os.version: '6.11.0-1018-azure', java.version: '21.0.9'\nDriver info: driver.version: unknown","time":{"start":1766780571705,"stop":1766780593592,"duration":21887}},{"uid":"39d5de85d5850a51","status":"broken","statusDetails":"Expected condition failed: waiting for element to be clickable: By.xpath: //div[contains(text(),'Weekly Scrum Report')]/ancestor::div[@role='row']//button[i[contains(@class, 'bi-pencil')]] (tried for 10 second(s) with 300 milliseconds interval)\nBuild info: version: '4.37.0', revision: '3c1da1e342'\nSystem info: os.name: 'Linux', os.arch: 'amd64', os.version: '6.11.0-1018-azure', java.version: '21.0.9'\nDriver info: driver.version: unknown","time":{"start":1766780563060,"stop":1766780585890,"duration":22830}},{"uid":"fac1b5e9556205c0","status":"broken","statusDetails":"Expected condition failed: waiting for element to be clickable: By.xpath: //div[contains(text(),'Weekly Scrum Report')]/ancestor::div[@role='row']//button[i[contains(@class, 'bi-pencil')]] (tried for 10 second(s) with 300 milliseconds interval)\nBuild info: version: '4.37.0', revision: '3c1da1e342'\nSystem info: os.name: 'Linux', os.arch: 'amd64', os.version: '6.11.0-1018-azure', java.version: '21.0.9'\nDriver info: driver.version: unknown","time":{"start":1766780538210,"stop":1766780560540,"duration":22330}},{"uid":"fcee2fc17b5c1c8d","status":"broken","statusDetails":"Expected condition failed: waiting for element to be clickable: By.xpath: //div[contains(text(),'Weekly Scrum Report')]/ancestor::div[@role='row']//button[i[contains(@class, 'bi-pencil')]] (tried for 10 second(s) with 300 milliseconds interval)\nBuild info: version: '4.37.0', revision: '3c1da1e342'\nSystem info: os.name: 'Linux', os.arch: 'amd64', os.version: '6.11.0-1018-azure', java.version: '21.0.9'\nDriver info: driver.version: unknown","time":{"start":1766780513779,"stop":1766780535665,"duration":21886}},{"uid":"5fa2e4dabb1c7a43","status":"broken","statusDetails":"Expected condition failed: waiting for element to be clickable: By.xpath: //div[contains(text(),'Weekly Scrum Report')]/ancestor::div[@role='row']//button[i[contains(@class, 'bi-pencil')]] (tried for 10 second(s) with 300 milliseconds interval)\nBuild info: version: '4.37.0', revision: '3c1da1e342'\nSystem info: os.name: 'Linux', os.arch: 'amd64', os.version: '6.11.0-1018-azure', java.version: '21.0.9'\nDriver info: driver.version: unknown","time":{"start":1766780507282,"stop":1766780529444,"duration":22162}},{"uid":"926e685b00675735","status":"broken","statusDetails":"Expected condition failed: waiting for element to be clickable: By.xpath: //div[contains(text(),'Weekly Scrum Report')]/ancestor::div[@role='row']//button[i[contains(@class, 'bi-pencil')]] (tried for 10 second(s) with 300 milliseconds interval)\nBuild info: version: '4.37.0', revision: '3c1da1e342'\nSystem info: os.name: 'Linux', os.arch: 'amd64', os.version: '6.11.0-1018-azure', java.version: '21.0.9'\nDriver info: driver.version: unknown","time":{"start":1766780485998,"stop":1766780508591,"duration":22593}},{"uid":"9d66ec9076497a93","status":"broken","statusDetails":"Expected condition failed: waiting for element to be clickable: By.xpath: //div[contains(text(),'Weekly Scrum Report')]/ancestor::div[@role='row']//button[i[contains(@class, 'bi-pencil')]] (tried for 10 second(s) with 300 milliseconds interval)\nBuild info: version: '4.37.0', revision: '3c1da1e342'\nSystem info: os.name: 'Linux', os.arch: 'amd64', os.version: '6.11.0-1018-azure', java.version: '21.0.9'\nDriver info: driver.version: unknown","time":{"start":1766780460909,"stop":1766780483537,"duration":22628}},{"uid":"f5e25864e2edfcca","status":"broken","statusDetails":"Expected condition failed: waiting for element to be clickable: By.xpath: //div[contains(text(),'Weekly Scrum Report')]/ancestor::div[@role='row']//button[i[contains(@class, 'bi-pencil')]] (tried for 10 second(s) with 300 milliseconds interval)\nBuild info: version: '4.37.0', revision: '3c1da1e342'\nSystem info: os.name: 'Linux', os.arch: 'amd64', os.version: '6.11.0-1018-azure', java.version: '21.0.9'\nDriver info: driver.version: unknown","time":{"start":1766780373341,"stop":1766780395459,"duration":22118}},{"uid":"5343708493e5fd2b","status":"broken","statusDetails":"Expected condition failed: waiting for element to be clickable: By.xpath: //div[contains(text(),'Weekly Scrum Report')]/ancestor::div[@role='row']//button[i[contains(@class, 'bi-pencil')]] (tried for 10 second(s) with 300 milliseconds interval)\nBuild info: version: '4.37.0', revision: '3c1da1e342'\nSystem info: os.name: 'Linux', os.arch: 'amd64', os.version: '6.11.0-1018-azure', java.version: '21.0.9'\nDriver info: driver.version: unknown","time":{"start":1766780237795,"stop":1766780260407,"duration":22612}},{"uid":"91e438a209db40ac","status":"broken","statusDetails":"Expected condition failed: waiting for element to be clickable: By.xpath: //div[contains(text(),'Weekly Scrum Report')]/ancestor::div[@role='row']//button[i[contains(@class, 'bi-pencil')]] (tried for 10 second(s) with 300 milliseconds interval)\nBuild info: version: '4.37.0', revision: '3c1da1e342'\nSystem info: os.name: 'Linux', os.arch: 'amd64', os.version: '6.11.0-1018-azure', java.version: '21.0.9'\nDriver info: driver.version: unknown","time":{"start":1766777855655,"stop":1766777877338,"duration":21683}}],"categories":[{"name":"Test defects","matchedStatuses":[],"flaky":false}],"history":{"statistic":{"failed":2,"broken":8,"skipped":1,"passed":2,"unknown":0,"total":13},"items":[{"uid":"a61e55afcc6432e2","reportUrl":"https://m1mohammed1.github.io/orangeHRM/25/#testresult/a61e55afcc6432e2","status":"broken","statusDetails":"Expected condition failed: waiting for element to be clickable: By.xpath: //div[contains(text(),'Weekly Scrum Report')]/ancestor::div[@role='row']//button[i[contains(@class, 'bi-pencil')]] (tried for 10 second(s) with 300 milliseconds interval)\nBuild info: version: '4.37.0', revision: '3c1da1e342'\nSystem info: os.name: 'Linux', os.arch: 'amd64', os.version: '6.11.0-1018-azure', java.version: '21.0.9'\nDriver info: driver.version: unknown","time":{"start":1766770195561,"stop":1766770217754,"duration":22193}},{"uid":"57933bcbf3d79ede","reportUrl":"https://m1mohammed1.github.io/orangeHRM/24/#testresult/57933bcbf3d79ede","status":"skipped","statusDetails":"Expected condition failed: waiting for project_orangehrm.Base.BasePage$$Lambda/0x00007fd2f83468a8@6c6928c (tried for 10 second(s) with 300 milliseconds interval)","time":{"start":1766763664829,"stop":1766763664830,"duration":1}},{"uid":"d90cdcf4aaac3f85","reportUrl":"https://m1mohammed1.github.io/orangeHRM/23/#testresult/d90cdcf4aaac3f85","status":"broken","statusDetails":"Expected condition failed: waiting for element to be clickable: By.xpath: //div[contains(text(),'Weekly Scrum Report')]/ancestor::div[@role='row']//button[i[contains(@class, 'bi-pencil')]] (tried for 10 second(s) with 300 milliseconds interval)\nBuild info: version: '4.37.0', revision: '3c1da1e342'\nSystem info: os.name: 'Linux', os.arch: 'amd64', os.version: '6.11.0-1018-azure', java.version: '21.0.9'\nDriver info: driver.version: unknown","time":{"start":1766760009742,"stop":1766760031899,"duration":22157}},{"uid":"a461bab84cce12ea","reportUrl":"https://m1mohammed1.github.io/orangeHRM/22/#testresult/a461bab84cce12ea","status":"broken","statusDetails":"Expected condition failed: waiting for element to be clickable: By.xpath: //div[contains(text(),'Weekly Scrum Report')]/ancestor::div[@role='row']//button[i[contains(@class, 'bi-pencil')]] (tried for 10 second(s) with 300 milliseconds interval)\nBuild info: version: '4.37.0', revision: '3c1da1e342'\nSystem info: os.name: 'Linux', os.arch: 'amd64', os.version: '6.11.0-1018-azure', java.version: '21.0.9'\nDriver info: driver.version: unknown","time":{"start":1766705904641,"stop":1766705926335,"duration":21694}},{"uid":"18e831180711e5e1","reportUrl":"https://m1mohammed1.github.io/orangeHRM/17/#testresult/18e831180711e5e1","status":"broken","statusDetails":"Expected condition failed: waiting for element to be clickable: By.xpath: //div[contains(text(),'Weekly Scrum Report')]/ancestor::div[@role='row']//button[i[contains(@class, 'bi-pencil')]] (tried for 10 second(s) with 300 milliseconds interval)\nBuild info: version: '4.37.0', revision: '3c1da1e342'\nSystem info: os.name: 'Linux', os.arch: 'amd64', os.version: '6.11.0-1018-azure', java.version: '21.0.9'\nDriver info: driver.version: unknown","time":{"start":1766697949901,"stop":1766697971753,"duration":21852}},{"uid":"87c683a1bd3f270c","reportUrl":"https://m1mohammed1.github.io/orangeHRM/16/#testresult/87c683a1bd3f270c","status":"broken","statusDetails":"Expected condition failed: waiting for element to be clickable: By.xpath: //div[contains(text(),'Weekly Scrum Report')]/ancestor::div[@role='row']//button[i[contains(@class, 'bi-pencil')]] (tried for 10 second(s) with 300 milliseconds interval)\nBuild info: version: '4.37.0', revision: '3c1da1e342'\nSystem info: os.name: 'Linux', os.arch: 'amd64', os.version: '6.11.0-1018-azure', java.version: '21.0.9'\nDriver info: driver.version: unknown","time":{"start":1766632098216,"stop":1766632120416,"duration":22200}},{"uid":"5de9f1a0f6a477b0","reportUrl":"https://m1mohammed1.github.io/orangeHRM/15/#testresult/5de9f1a0f6a477b0","status":"broken","statusDetails":"Expected condition failed: waiting for element to be clickable: By.xpath: //div[contains(text(),'Weekly Scrum Report')]/ancestor::div[@role='row']//button[i[contains(@class, 'bi-pencil')]] (tried for 10 second(s) with 300 milliseconds interval)\nBuild info: version: '4.37.0', revision: '3c1da1e342'\nSystem info: os.name: 'Linux', os.arch: 'amd64', os.version: '6.11.0-1018-azure', java.version: '21.0.9'\nDriver info: driver.version: unknown","time":{"start":1766624380388,"stop":1766624402250,"duration":21862}},{"uid":"1b7757014a6287da","reportUrl":"https://m1mohammed1.github.io/orangeHRM/13/#testresult/1b7757014a6287da","status":"broken","statusDetails":"Expected condition failed: waiting for element to be clickable: By.xpath: //div[contains(text(),'Weekly Scrum Report')]/ancestor::div[@role='row']//button[i[contains(@class, 'bi-pencil')]] (tried for 10 second(s) with 300 milliseconds interval)\nBuild info: version: '4.37.0', revision: '3c1da1e342'\nSystem info: os.name: 'Linux', os.arch: 'amd64', os.version: '6.11.0-1018-azure', java.version: '21.0.9'\nDriver info: driver.version: unknown","time":{"start":1766618161177,"stop":1766618182918,"duration":21741}},{"uid":"ba4060a9ca21ea9d","reportUrl":"https://m1mohammed1.github.io/orangeHRM/12/#testresult/ba4060a9ca21ea9d","status":"passed","time":{"start":1766616737127,"stop":1766616756413,"duration":19286}},{"uid":"6dbe44b98ad1ed5b","reportUrl":"https://m1mohammed1.github.io/orangeHRM/11/#testresult/6dbe44b98ad1ed5b","status":"passed","time":{"start":1766605956676,"stop":1766605975368,"duration":18692}},{"uid":"c3a9606dd8a99534","reportUrl":"https://m1mohammed1.github.io/orangeHRM/10/#testresult/c3a9606dd8a99534","status":"failed","statusDetails":"Success message not displayed | Locator: By.xpath: //div[contains(@class, 'oxd-toast--success')]","time":{"start":1766597809047,"stop":1766597820717,"duration":11670}},{"uid":"2f03882ad9a47002","reportUrl":"https://m1mohammed1.github.io/orangeHRM/9/#testresult/2f03882ad9a47002","status":"failed","statusDetails":"Success message not displayed | Locator: By.xpath: //div[contains(@class, 'oxd-toast--success')]","time":{"start":1766596123119,"stop":1766596147159,"duration":24040}}]},"tags":[]},"source":"13bdb672b7392070.json","parameterValues":["edge"]}