{"uid":"173b4c76ac2d714","name":"setup","fullName":"project_orangehrm.Test.Leave_ApplyLeave_Test.setup","historyId":"e8eb497a4526776dfc3856c7c5fa64ae","time":{"start":1766763814953,"stop":1766763814953,"duration":0},"status":"broken","statusMessage":"Expected condition failed: waiting for project_orangehrm.Base.BasePage$$Lambda/0x00007fd2f83468a8@6d4ea3ca (tried for 10 second(s) with 300 milliseconds interval)","statusTrace":"org.openqa.selenium.TimeoutException: Expected condition failed: waiting for project_orangehrm.Base.BasePage$$Lambda/0x00007fd2f83468a8@6d4ea3ca (tried for 10 second(s) with 300 milliseconds interval)\n\tat org.openqa.selenium.support.ui.FluentWait.timeoutException(FluentWait.java:265)\n\tat org.openqa.selenium.support.ui.FluentWait.until(FluentWait.java:228)\n\tat project_orangehrm.Base.BasePage.typeText(BasePage.java:82)\n\tat project_orangehrm.Pages.LoginPage.enterUsername(LoginPage.java:22)\n\tat project_orangehrm.Test.Leave_ApplyLeave_Test.setup(Leave_ApplyLeave_Test.java:23)\n\tat java.base/jdk.internal.reflect.DirectMethodHandleAccessor.invoke(DirectMethodHandleAccessor.java:103)\n\tat java.base/java.lang.reflect.Method.invoke(Method.java:580)\n\tat org.testng.internal.invokers.MethodInvocationHelper.invokeMethod(MethodInvocationHelper.java:141)\n\tat org.testng.internal.invokers.MethodInvocationHelper.invokeMethodConsideringTimeout(MethodInvocationHelper.java:71)\n\tat org.testng.internal.invokers.ConfigInvoker.invokeConfigurationMethod(ConfigInvoker.java:400)\n\tat org.testng.internal.invokers.ConfigInvoker.invokeConfigurations(ConfigInvoker.java:333)\n\tat org.testng.internal.invokers.TestInvoker.runConfigMethods(TestInvoker.java:836)\n\tat org.testng.internal.invokers.TestInvoker.invokeMethod(TestInvoker.java:601)\n\tat org.testng.internal.invokers.TestInvoker.invokeTestMethod(TestInvoker.java:230)\n\tat org.testng.internal.invokers.MethodRunner.runInSequence(MethodRunner.java:63)\n\tat org.testng.internal.invokers.TestInvoker$MethodInvocationAgent.invoke(TestInvoker.java:995)\n\tat org.testng.internal.invokers.TestInvoker.invokeTestMethods(TestInvoker.java:203)\n\tat org.testng.internal.invokers.TestMethodWorker.invokeTestMethods(TestMethodWorker.java:154)\n\tat org.testng.internal.invokers.TestMethodWorker.run(TestMethodWorker.java:134)\n\tat java.base/java.util.concurrent.Executors$RunnableAdapter.call(Executors.java:572)\n\tat java.base/java.util.concurrent.FutureTask.run(FutureTask.java:317)\n\tat org.testng.internal.thread.graph.TestNGFutureTask.run(TestNGFutureTask.java:22)\n\tat java.base/java.util.concurrent.ThreadPoolExecutor.runWorker(ThreadPoolExecutor.java:1144)\n\tat java.base/java.util.concurrent.ThreadPoolExecutor$Worker.run(ThreadPoolExecutor.java:642)\n\tat java.base/java.lang.Thread.run(Thread.java:1583)\nCaused by: org.openqa.selenium.NoSuchElementException: no such element: Unable to locate element: {\"method\":\"css selector\",\"selector\":\"input[placeholder='Username']\"}\n  (Session info: chrome=143.0.7499.109)\nFor documentation on this error, please visit: https://www.selenium.dev/documentation/webdriver/troubleshooting/errors#nosuchelementexception\nBuild info: version: '4.37.0', revision: '3c1da1e342'\nSystem info: os.name: 'Linux', os.arch: 'amd64', os.version: '6.11.0-1018-azure', java.version: '21.0.9'\nDriver info: org.openqa.selenium.chrome.ChromeDriver\nCommand: [a1c229845f1d499d716e0a7f205ca9fd, findElement {using=css selector, value=input[placeholder='Username']}]\nCapabilities {acceptInsecureCerts: false, browserName: chrome, browserVersion: 143.0.7499.109, chrome: {chromedriverVersion: 143.0.7499.169 (164b20aab62..., userDataDir: /tmp/.org.chromium.Chromium...}, fedcm:accounts: true, goog:chromeOptions: {debuggerAddress: localhost:46355}, goog:processID: 9357, networkConnectionEnabled: false, pageLoadStrategy: normal, platformName: linux, proxy: Proxy(), se:cdp: ws://localhost:46355/devtoo..., se:cdpVersion: 143.0.7499.109, setWindowRect: true, strictFileInteractability: false, timeouts: {implicit: 0, pageLoad: 300000, script: 30000}, unhandledPromptBehavior: dismiss and notify, webauthn:extension:credBlob: true, webauthn:extension:largeBlob: true, webauthn:extension:minPinLength: true, webauthn:extension:prf: true, webauthn:virtualAuthenticators: true}\nSession ID: a1c229845f1d499d716e0a7f205ca9fd\n\tat java.base/jdk.internal.reflect.DirectConstructorHandleAccessor.newInstance(DirectConstructorHandleAccessor.java:62)\n\tat java.base/java.lang.reflect.Constructor.newInstanceWithCaller(Constructor.java:502)\n\tat java.base/java.lang.reflect.Constructor.newInstance(Constructor.java:486)\n\tat org.openqa.selenium.remote.ErrorCodec.decode(ErrorCodec.java:167)\n\tat org.openqa.selenium.remote.codec.w3c.W3CHttpResponseCodec.decode(W3CHttpResponseCodec.java:138)\n\tat org.openqa.selenium.remote.codec.w3c.W3CHttpResponseCodec.decode(W3CHttpResponseCodec.java:50)\n\tat org.openqa.selenium.remote.HttpCommandExecutor.execute(HttpCommandExecutor.java:215)\n\tat org.openqa.selenium.remote.service.DriverCommandExecutor.invokeExecute(DriverCommandExecutor.java:216)\n\tat org.openqa.selenium.remote.service.DriverCommandExecutor.execute(DriverCommandExecutor.java:174)\n\tat org.openqa.selenium.remote.RemoteWebDriver.execute(RemoteWebDriver.java:557)\n\tat org.openqa.selenium.remote.ElementLocation$ElementFinder$2.findElement(ElementLocation.java:165)\n\tat org.openqa.selenium.remote.ElementLocation.findElement(ElementLocation.java:59)\n\tat org.openqa.selenium.remote.RemoteWebDriver.findElement(RemoteWebDriver.java:380)\n\tat org.openqa.selenium.remote.RemoteWebDriver.findElement(RemoteWebDriver.java:374)\n\tat project_orangehrm.Base.BasePage.lambda$typeText$0(BasePage.java:83)\n\tat org.openqa.selenium.support.ui.FluentWait.until(FluentWait.java:203)\n\t... 23 more\n","flaky":false,"newFailed":false,"newBroken":false,"newPassed":false,"retriesCount":15,"retriesStatusChange":false,"beforeStages":[],"afterStages":[],"labels":[{"name":"package","value":"project_orangehrm.Test.Leave_ApplyLeave_Test"},{"name":"testClass","value":"project_orangehrm.Test.Leave_ApplyLeave_Test"},{"name":"testMethod","value":"setup"},{"name":"parentSuite","value":"OrangeHRM_Strategic_Suite"},{"name":"suite","value":"Step4_Ops_Leave_Apply"},{"name":"subSuite","value":"project_orangehrm.Test.Leave_ApplyLeave_Test"},{"name":"host","value":"runnervmh13bl"},{"name":"thread","value":"2331@runnervmh13bl.TestNG-test-Step4_Ops_Leave_Apply-1(382)"},{"name":"framework","value":"testng"},{"name":"language","value":"java"},{"name":"AS_ID","value":"-1"},{"name":"resultFormat","value":"allure2"}],"parameters":[{"name":"browser","value":"edge"}],"links":[],"hidden":false,"retry":false,"extra":{"severity":"normal","retries":[{"uid":"d11e36e305419c31","status":"broken","statusDetails":"Expected condition failed: waiting for project_orangehrm.Base.BasePage$$Lambda/0x00007f8ca0346ae0@22b7c515 (tried for 10 second(s) with 300 milliseconds interval)","time":{"start":1766763806561,"stop":1766763806561,"duration":0}},{"uid":"c0ac9ae4b9c8a622","status":"broken","statusDetails":"Expected condition failed: waiting for project_orangehrm.Base.BasePage$$Lambda/0x00007f05643468a8@36a79d42 (tried for 10 second(s) with 300 milliseconds interval)","time":{"start":1766763803260,"stop":1766763803260,"duration":0}},{"uid":"17532d5473b22a4e","status":"broken","statusDetails":"Expected condition failed: waiting for project_orangehrm.Base.BasePage$$Lambda/0x00007f7b283468a8@6d4ea3ca (tried for 10 second(s) with 300 milliseconds interval)","time":{"start":1766763802654,"stop":1766763802654,"duration":0}},{"uid":"dadac5c54a5b9177","status":"broken","statusDetails":"Expected condition failed: waiting for project_orangehrm.Base.BasePage$$Lambda/0x00007f047c3491b0@2f2cf854 (tried for 10 second(s) with 300 milliseconds interval)","time":{"start":1766763789927,"stop":1766763789927,"duration":0}},{"uid":"23e622ea4d67c3ec","status":"broken","statusDetails":"Expected condition failed: waiting for project_orangehrm.Base.BasePage$$Lambda/0x00007fc4a83491b0@4233e69c (tried for 10 second(s) with 300 milliseconds interval)","time":{"start":1766763318331,"stop":1766763318331,"duration":0}},{"uid":"7cc9641f2c129ccc","status":"broken","statusDetails":"Expected condition failed: waiting for project_orangehrm.Base.BasePage$$Lambda/0x00007f57e03491b0@4c893868 (tried for 10 second(s) with 300 milliseconds interval)","time":{"start":1766763308665,"stop":1766763308665,"duration":0}},{"uid":"3cb0ee2ed4a9ea4f","status":"broken","statusDetails":"Expected condition failed: waiting for project_orangehrm.Base.BasePage$$Lambda/0x00007ff86c3491b0@22b7c515 (tried for 10 second(s) with 300 milliseconds interval)","time":{"start":1766763303564,"stop":1766763303564,"duration":0}},{"uid":"bae5ca2239db3dfa","status":"broken","statusDetails":"Expected condition failed: waiting for project_orangehrm.Base.BasePage$$Lambda/0x00007f4d003491b0@546a0d75 (tried for 10 second(s) with 300 milliseconds interval)","time":{"start":1766763303022,"stop":1766763303022,"duration":0}},{"uid":"3245101285691ff9","status":"broken","statusDetails":"Expected condition failed: waiting for project_orangehrm.Base.BasePage$$Lambda/0x00007f4a303491b0@22b7c515 (tried for 10 second(s) with 300 milliseconds interval)","time":{"start":1766763303009,"stop":1766763303009,"duration":0}},{"uid":"d9cefe826a509e81","status":"broken","statusDetails":"Expected condition failed: waiting for project_orangehrm.Base.BasePage$$Lambda/0x00007f13b0346ae0@4c893868 (tried for 10 second(s) with 300 milliseconds interval)","time":{"start":1766763293834,"stop":1766763293834,"duration":0}},{"uid":"279447c9ee5dcf08","status":"broken","statusDetails":"Expected condition failed: waiting for project_orangehrm.Base.BasePage$$Lambda/0x00007fa3e8344bd0@2eb7872a (tried for 10 second(s) with 300 milliseconds interval)","time":{"start":1766763289990,"stop":1766763289990,"duration":0}},{"uid":"1dc3c30dc1628913","status":"broken","statusDetails":"Expected condition failed: waiting for project_orangehrm.Base.BasePage$$Lambda/0x00007fa75c346ae0@22b7c515 (tried for 10 second(s) with 300 milliseconds interval)","time":{"start":1766763288990,"stop":1766763288991,"duration":1}},{"uid":"2c3c11c3d63ce296","status":"broken","statusDetails":"Expected condition failed: waiting for project_orangehrm.Base.BasePage$$Lambda/0x00007f9aec3491b0@5b00842 (tried for 10 second(s) with 300 milliseconds interval)","time":{"start":1766763285831,"stop":1766763285831,"duration":0}},{"uid":"8b94276e394da72b","status":"broken","statusDetails":"Expected condition failed: waiting for project_orangehrm.Base.BasePage$$Lambda/0x00007f2cd03468a8@6ccf86c0 (tried for 10 second(s) with 300 milliseconds interval)","time":{"start":1766763284546,"stop":1766763284546,"duration":0}},{"uid":"3b01f7895d8698df","status":"broken","statusDetails":"Expected condition failed: waiting for project_orangehrm.Base.BasePage$$Lambda/0x00007f69143491b0@69dfe83f (tried for 10 second(s) with 300 milliseconds interval)","time":{"start":1766762823863,"stop":1766762823864,"duration":1}}],"categories":[{"name":"Test defects","matchedStatuses":[],"flaky":false}],"tags":[]},"source":"173b4c76ac2d714.json","parameterValues":["edge"]}