{"uid":"213eec413fa45df1","name":"TC05 - Verify Emergency Contact Delete","fullName":"project_orangehrm.Test.PIM_EmployeeDetails_Test.verifyEmergencyContact_Delete_Success","historyId":"d424bc0aebb2c4731372f6d9dbdd59b7","time":{"start":1766763676355,"stop":1766763676355,"duration":0},"status":"skipped","statusMessage":"Expected condition failed: waiting for project_orangehrm.Base.BasePage$$Lambda/0x00007fd2f83468a8@5ed31735 (tried for 10 second(s) with 300 milliseconds interval)","statusTrace":"org.openqa.selenium.TimeoutException: Expected condition failed: waiting for project_orangehrm.Base.BasePage$$Lambda/0x00007fd2f83468a8@5ed31735 (tried for 10 second(s) with 300 milliseconds interval)\n\tat org.openqa.selenium.support.ui.FluentWait.timeoutException(FluentWait.java:265)\n\tat org.openqa.selenium.support.ui.FluentWait.until(FluentWait.java:228)\n\tat project_orangehrm.Base.BasePage.typeText(BasePage.java:82)\n\tat project_orangehrm.Pages.LoginPage.enterUsername(LoginPage.java:22)\n\tat project_orangehrm.Test.PIM_EmployeeDetails_Test.setup(PIM_EmployeeDetails_Test.java:23)\n\tat java.base/jdk.internal.reflect.DirectMethodHandleAccessor.invoke(DirectMethodHandleAccessor.java:103)\n\tat java.base/java.lang.reflect.Method.invoke(Method.java:580)\n\tat org.testng.internal.invokers.MethodInvocationHelper.invokeMethod(MethodInvocationHelper.java:141)\n\tat org.testng.internal.invokers.MethodInvocationHelper.invokeMethodConsideringTimeout(MethodInvocationHelper.java:71)\n\tat org.testng.internal.invokers.ConfigInvoker.invokeConfigurationMethod(ConfigInvoker.java:400)\n\tat org.testng.internal.invokers.ConfigInvoker.invokeConfigurations(ConfigInvoker.java:333)\n\tat org.testng.internal.invokers.TestInvoker.runConfigMethods(TestInvoker.java:836)\n\tat org.testng.internal.invokers.TestInvoker.invokeMethod(TestInvoker.java:601)\n\tat org.testng.internal.invokers.TestInvoker.invokeTestMethod(TestInvoker.java:230)\n\tat org.testng.internal.invokers.MethodRunner.runInSequence(MethodRunner.java:63)\n\tat org.testng.internal.invokers.TestInvoker$MethodInvocationAgent.invoke(TestInvoker.java:995)\n\tat org.testng.internal.invokers.TestInvoker.invokeTestMethods(TestInvoker.java:203)\n\tat org.testng.internal.invokers.TestMethodWorker.invokeTestMethods(TestMethodWorker.java:154)\n\tat org.testng.internal.invokers.TestMethodWorker.run(TestMethodWorker.java:134)\n\tat java.base/java.util.ArrayList.forEach(ArrayList.java:1596)\n\tat org.testng.TestRunner.privateRun(TestRunner.java:741)\n\tat org.testng.TestRunner.run(TestRunner.java:616)\n\tat org.testng.SuiteRunner.runTest(SuiteRunner.java:421)\n\tat org.testng.SuiteRunner.runSequentially(SuiteRunner.java:413)\n\tat org.testng.SuiteRunner.privateRun(SuiteRunner.java:373)\n\tat org.testng.SuiteRunner.run(SuiteRunner.java:312)\n\tat org.testng.SuiteRunnerWorker.runSuite(SuiteRunnerWorker.java:52)\n\tat org.testng.SuiteRunnerWorker.run(SuiteRunnerWorker.java:95)\n\tat org.testng.TestNG.runSuitesSequentially(TestNG.java:1274)\n\tat org.testng.TestNG.runSuitesLocally(TestNG.java:1208)\n\tat org.testng.TestNG.runSuites(TestNG.java:1112)\n\tat org.testng.TestNG.run(TestNG.java:1079)\n\tat org.apache.maven.surefire.testng.TestNGExecutor.run(TestNGExecutor.java:308)\n\tat org.apache.maven.surefire.testng.TestNGXmlTestSuite.execute(TestNGXmlTestSuite.java:71)\n\tat org.apache.maven.surefire.testng.TestNGProvider.invoke(TestNGProvider.java:113)\n\tat org.apache.maven.surefire.booter.ForkedBooter.runSuitesInProcess(ForkedBooter.java:385)\n\tat org.apache.maven.surefire.booter.ForkedBooter.execute(ForkedBooter.java:162)\n\tat org.apache.maven.surefire.booter.ForkedBooter.run(ForkedBooter.java:507)\n\tat org.apache.maven.surefire.booter.ForkedBooter.main(ForkedBooter.java:495)\nCaused by: org.openqa.selenium.NoSuchElementException: no such element: Unable to locate element: {\"method\":\"css selector\",\"selector\":\"input[placeholder='Username']\"}\n  (Session info: chrome=143.0.7499.109)\nFor documentation on this error, please visit: https://www.selenium.dev/documentation/webdriver/troubleshooting/errors#nosuchelementexception\nBuild info: version: '4.37.0', revision: '3c1da1e342'\nSystem info: os.name: 'Linux', os.arch: 'amd64', os.version: '6.11.0-1018-azure', java.version: '21.0.9'\nDriver info: org.openqa.selenium.chrome.ChromeDriver\nCommand: [dfb55e9622ee5feddffc61bd0f9f06c9, findElement {using=css selector, value=input[placeholder='Username']}]\nCapabilities {acceptInsecureCerts: false, browserName: chrome, browserVersion: 143.0.7499.109, chrome: {chromedriverVersion: 143.0.7499.169 (164b20aab62..., userDataDir: /tmp/.org.chromium.Chromium...}, fedcm:accounts: true, goog:chromeOptions: {debuggerAddress: localhost:35397}, goog:processID: 4790, networkConnectionEnabled: false, pageLoadStrategy: normal, platformName: linux, proxy: Proxy(), se:cdp: ws://localhost:35397/devtoo..., se:cdpVersion: 143.0.7499.109, setWindowRect: true, strictFileInteractability: false, timeouts: {implicit: 0, pageLoad: 300000, script: 30000}, unhandledPromptBehavior: dismiss and notify, webauthn:extension:credBlob: true, webauthn:extension:largeBlob: true, webauthn:extension:minPinLength: true, webauthn:extension:prf: true, webauthn:virtualAuthenticators: true}\nSession ID: dfb55e9622ee5feddffc61bd0f9f06c9\n\tat java.base/jdk.internal.reflect.DirectConstructorHandleAccessor.newInstance(DirectConstructorHandleAccessor.java:62)\n\tat java.base/java.lang.reflect.Constructor.newInstanceWithCaller(Constructor.java:502)\n\tat java.base/java.lang.reflect.Constructor.newInstance(Constructor.java:486)\n\tat org.openqa.selenium.remote.ErrorCodec.decode(ErrorCodec.java:167)\n\tat org.openqa.selenium.remote.codec.w3c.W3CHttpResponseCodec.decode(W3CHttpResponseCodec.java:138)\n\tat org.openqa.selenium.remote.codec.w3c.W3CHttpResponseCodec.decode(W3CHttpResponseCodec.java:50)\n\tat org.openqa.selenium.remote.HttpCommandExecutor.execute(HttpCommandExecutor.java:215)\n\tat org.openqa.selenium.remote.service.DriverCommandExecutor.invokeExecute(DriverCommandExecutor.java:216)\n\tat org.openqa.selenium.remote.service.DriverCommandExecutor.execute(DriverCommandExecutor.java:174)\n\tat org.openqa.selenium.remote.RemoteWebDriver.execute(RemoteWebDriver.java:557)\n\tat org.openqa.selenium.remote.ElementLocation$ElementFinder$2.findElement(ElementLocation.java:165)\n\tat org.openqa.selenium.remote.ElementLocation.findElement(ElementLocation.java:59)\n\tat org.openqa.selenium.remote.RemoteWebDriver.findElement(RemoteWebDriver.java:380)\n\tat org.openqa.selenium.remote.RemoteWebDriver.findElement(RemoteWebDriver.java:374)\n\tat project_orangehrm.Base.BasePage.lambda$typeText$0(BasePage.java:83)\n\tat org.openqa.selenium.support.ui.FluentWait.until(FluentWait.java:203)\n\t... 37 more\n","flaky":false,"newFailed":false,"newBroken":false,"newPassed":false,"retriesCount":15,"retriesStatusChange":false,"beforeStages":[{"name":"setUp","time":{"start":1766763676354,"stop":1766763676354,"duration":0},"description":"","status":"broken","steps":[],"attachments":[],"parameters":[],"stepsCount":0,"shouldDisplayMessage":false,"attachmentsCount":0,"hasContent":false,"attachmentStep":false},{"name":"setup","time":{"start":1766763676354,"stop":1766763676354,"duration":0},"description":"","status":"broken","steps":[],"attachments":[],"parameters":[],"stepsCount":0,"shouldDisplayMessage":false,"attachmentsCount":0,"hasContent":false,"attachmentStep":false}],"afterStages":[{"name":"tearDown","time":{"start":1766763676355,"stop":1766763676355,"duration":0},"description":"","status":"broken","steps":[],"attachments":[],"parameters":[],"stepsCount":0,"shouldDisplayMessage":false,"attachmentsCount":0,"hasContent":false,"attachmentStep":false}],"labels":[{"name":"package","value":"project_orangehrm.Test.PIM_EmployeeDetails_Test"},{"name":"testClass","value":"project_orangehrm.Test.PIM_EmployeeDetails_Test"},{"name":"testMethod","value":"verifyEmergencyContact_Delete_Success"},{"name":"parentSuite","value":"OrangeHRM_Strategic_Suite"},{"name":"suite","value":"Step2_PIM_User_Foundation"},{"name":"subSuite","value":"project_orangehrm.Test.PIM_EmployeeDetails_Test"},{"name":"host","value":"runnervmh13bl"},{"name":"thread","value":"2331@runnervmh13bl.main(1)"},{"name":"framework","value":"testng"},{"name":"language","value":"java"},{"name":"resultFormat","value":"allure2"}],"parameters":[{"name":"browser","value":"edge"}],"links":[],"hidden":false,"retry":false,"extra":{"severity":"normal","retries":[{"uid":"7a6cf81b0d44a212","status":"skipped","statusDetails":"Expected condition failed: waiting for project_orangehrm.Base.BasePage$$Lambda/0x00007f8ca0346ae0@4e94669c (tried for 10 second(s) with 300 milliseconds interval)","time":{"start":1766763668777,"stop":1766763668777,"duration":0}},{"uid":"a6adae5a74827653","status":"skipped","statusDetails":"Expected condition failed: waiting for project_orangehrm.Base.BasePage$$Lambda/0x00007f05643468a8@7493d937 (tried for 10 second(s) with 300 milliseconds interval)","time":{"start":1766763665325,"stop":1766763665325,"duration":0}},{"uid":"838f1ed43daa7179","status":"skipped","statusDetails":"Expected condition failed: waiting for project_orangehrm.Base.BasePage$$Lambda/0x00007f7b283468a8@b3fc6d8 (tried for 10 second(s) with 300 milliseconds interval)","time":{"start":1766763664697,"stop":1766763664697,"duration":0}},{"uid":"7338ce6da25ab6e5","status":"skipped","statusDetails":"Expected condition failed: waiting for project_orangehrm.Base.BasePage$$Lambda/0x00007f047c3491b0@71dd4624 (tried for 10 second(s) with 300 milliseconds interval)","time":{"start":1766763659703,"stop":1766763659703,"duration":0}},{"uid":"8ba6e8fc3826240a","status":"skipped","statusDetails":"Expected condition failed: waiting for project_orangehrm.Base.BasePage$$Lambda/0x00007fc4a83491b0@72b40f87 (tried for 10 second(s) with 300 milliseconds interval)","time":{"start":1766763180368,"stop":1766763180368,"duration":0}},{"uid":"58f8b0f76586bf3c","status":"skipped","statusDetails":"Expected condition failed: waiting for project_orangehrm.Base.BasePage$$Lambda/0x00007f4d003491b0@71dd4624 (tried for 10 second(s) with 300 milliseconds interval)","time":{"start":1766763171478,"stop":1766763171479,"duration":1}},{"uid":"a1de5782a2e57db7","status":"skipped","statusDetails":"Expected condition failed: waiting for project_orangehrm.Base.BasePage$$Lambda/0x00007f57e03491b0@3b8507df (tried for 10 second(s) with 300 milliseconds interval)","time":{"start":1766763170513,"stop":1766763170513,"duration":0}},{"uid":"c6a42d633b5fec32","status":"skipped","statusDetails":"Expected condition failed: waiting for project_orangehrm.Base.BasePage$$Lambda/0x00007f4a303491b0@507049f2 (tried for 10 second(s) with 300 milliseconds interval)","time":{"start":1766763166221,"stop":1766763166221,"duration":0}},{"uid":"c0316065c84c013","status":"skipped","statusDetails":"Expected condition failed: waiting for project_orangehrm.Base.BasePage$$Lambda/0x00007ff86c3491b0@44d43cc9 (tried for 10 second(s) with 300 milliseconds interval)","time":{"start":1766763165395,"stop":1766763165395,"duration":0}},{"uid":"e098a0f9d18637d0","status":"skipped","statusDetails":"Expected condition failed: waiting for project_orangehrm.Base.BasePage$$Lambda/0x00007f13b0346ae0@4d67d5a4 (tried for 10 second(s) with 300 milliseconds interval)","time":{"start":1766763163744,"stop":1766763163744,"duration":0}},{"uid":"94c9e738ad5d9aed","status":"skipped","statusDetails":"Expected condition failed: waiting for project_orangehrm.Base.BasePage$$Lambda/0x00007fa75c346ae0@2347b7af (tried for 10 second(s) with 300 milliseconds interval)","time":{"start":1766763157676,"stop":1766763157676,"duration":0}},{"uid":"f05091f384e770d3","status":"skipped","statusDetails":"Expected condition failed: waiting for project_orangehrm.Base.BasePage$$Lambda/0x00007f9aec3491b0@12e5d3e1 (tried for 10 second(s) with 300 milliseconds interval)","time":{"start":1766763155616,"stop":1766763155616,"duration":0}},{"uid":"72f51317117c1b2a","status":"skipped","statusDetails":"Expected condition failed: waiting for project_orangehrm.Base.BasePage$$Lambda/0x00007fa3e8344bd0@9e33a6a (tried for 10 second(s) with 300 milliseconds interval)","time":{"start":1766763154677,"stop":1766763154677,"duration":0}},{"uid":"4e7adc519c922724","status":"skipped","statusDetails":"Expected condition failed: waiting for project_orangehrm.Base.BasePage$$Lambda/0x00007f2cd03468a8@451816fd (tried for 10 second(s) with 300 milliseconds interval)","time":{"start":1766763154474,"stop":1766763154474,"duration":0}},{"uid":"82dc2998b12879b1","status":"skipped","statusDetails":"Expected condition failed: waiting for project_orangehrm.Base.BasePage$$Lambda/0x00007f69143491b0@b267745 (tried for 10 second(s) with 300 milliseconds interval)","time":{"start":1766762693795,"stop":1766762693795,"duration":0}}],"categories":[],"history":{"statistic":{"failed":0,"broken":0,"skipped":1,"passed":7,"unknown":0,"total":8},"items":[{"uid":"3e63f82c1de746ab","reportUrl":"https://m1mohammed1.github.io/orangeHRM/23/#testresult/3e63f82c1de746ab","status":"passed","time":{"start":1766760145448,"stop":1766760149947,"duration":4499}},{"uid":"ec6e7eee753e31e4","reportUrl":"https://m1mohammed1.github.io/orangeHRM/22/#testresult/ec6e7eee753e31e4","status":"passed","time":{"start":1766706012173,"stop":1766706016347,"duration":4174}},{"uid":"bcd61ccd94c06c84","reportUrl":"https://m1mohammed1.github.io/orangeHRM/17/#testresult/bcd61ccd94c06c84","status":"passed","time":{"start":1766698058551,"stop":1766698062341,"duration":3790}},{"uid":"97fe9e68cf3ac6d7","reportUrl":"https://m1mohammed1.github.io/orangeHRM/16/#testresult/97fe9e68cf3ac6d7","status":"passed","time":{"start":1766632287380,"stop":1766632292014,"duration":4634}},{"uid":"8e892b080c76be21","reportUrl":"https://m1mohammed1.github.io/orangeHRM/15/#testresult/8e892b080c76be21","status":"passed","time":{"start":1766624589694,"stop":1766624593824,"duration":4130}},{"uid":"a77f20a91e85d44","reportUrl":"https://m1mohammed1.github.io/orangeHRM/13/#testresult/a77f20a91e85d44","status":"passed","time":{"start":1766618399719,"stop":1766618403828,"duration":4109}},{"uid":"399cd34317a04074","reportUrl":"https://m1mohammed1.github.io/orangeHRM/12/#testresult/399cd34317a04074","status":"passed","time":{"start":1766616906786,"stop":1766616910597,"duration":3811}}]},"tags":[]},"source":"213eec413fa45df1.json","parameterValues":["edge"]}