{"uid":"23a1581131f625e7","name":"TC09 - Verify Social Media Authentication: Add Provider Validation","fullName":"project_orangehrm.Test.Admin_Configuration_Test.verifySocialMedia_AddProvider_Validation","historyId":"2edc594d034a0f6e3536b873a9ae653a","time":{"start":1766763641739,"stop":1766763641739,"duration":0},"status":"skipped","statusMessage":"Expected condition failed: waiting for project_orangehrm.Base.BasePage$$Lambda/0x00007fd2f83468a8@250967f1 (tried for 10 second(s) with 300 milliseconds interval)","statusTrace":"org.openqa.selenium.TimeoutException: Expected condition failed: waiting for project_orangehrm.Base.BasePage$$Lambda/0x00007fd2f83468a8@250967f1 (tried for 10 second(s) with 300 milliseconds interval)\n\tat org.openqa.selenium.support.ui.FluentWait.timeoutException(FluentWait.java:265)\n\tat org.openqa.selenium.support.ui.FluentWait.until(FluentWait.java:228)\n\tat project_orangehrm.Base.BasePage.typeText(BasePage.java:82)\n\tat project_orangehrm.Pages.LoginPage.enterUsername(LoginPage.java:22)\n\tat project_orangehrm.Test.Admin_Configuration_Test.setup(Admin_Configuration_Test.java:22)\n\tat java.base/jdk.internal.reflect.DirectMethodHandleAccessor.invoke(DirectMethodHandleAccessor.java:103)\n\tat java.base/java.lang.reflect.Method.invoke(Method.java:580)\n\tat org.testng.internal.invokers.MethodInvocationHelper.invokeMethod(MethodInvocationHelper.java:141)\n\tat org.testng.internal.invokers.MethodInvocationHelper.invokeMethodConsideringTimeout(MethodInvocationHelper.java:71)\n\tat org.testng.internal.invokers.ConfigInvoker.invokeConfigurationMethod(ConfigInvoker.java:400)\n\tat org.testng.internal.invokers.ConfigInvoker.invokeConfigurations(ConfigInvoker.java:333)\n\tat org.testng.internal.invokers.TestInvoker.runConfigMethods(TestInvoker.java:836)\n\tat org.testng.internal.invokers.TestInvoker.invokeMethod(TestInvoker.java:601)\n\tat org.testng.internal.invokers.TestInvoker.invokeTestMethod(TestInvoker.java:230)\n\tat org.testng.internal.invokers.MethodRunner.runInSequence(MethodRunner.java:63)\n\tat org.testng.internal.invokers.TestInvoker$MethodInvocationAgent.invoke(TestInvoker.java:995)\n\tat org.testng.internal.invokers.TestInvoker.invokeTestMethods(TestInvoker.java:203)\n\tat org.testng.internal.invokers.TestMethodWorker.invokeTestMethods(TestMethodWorker.java:154)\n\tat org.testng.internal.invokers.TestMethodWorker.run(TestMethodWorker.java:134)\n\tat java.base/java.util.ArrayList.forEach(ArrayList.java:1596)\n\tat org.testng.TestRunner.privateRun(TestRunner.java:741)\n\tat org.testng.TestRunner.run(TestRunner.java:616)\n\tat org.testng.SuiteRunner.runTest(SuiteRunner.java:421)\n\tat org.testng.SuiteRunner.runSequentially(SuiteRunner.java:413)\n\tat org.testng.SuiteRunner.privateRun(SuiteRunner.java:373)\n\tat org.testng.SuiteRunner.run(SuiteRunner.java:312)\n\tat org.testng.SuiteRunnerWorker.runSuite(SuiteRunnerWorker.java:52)\n\tat org.testng.SuiteRunnerWorker.run(SuiteRunnerWorker.java:95)\n\tat org.testng.TestNG.runSuitesSequentially(TestNG.java:1274)\n\tat org.testng.TestNG.runSuitesLocally(TestNG.java:1208)\n\tat org.testng.TestNG.runSuites(TestNG.java:1112)\n\tat org.testng.TestNG.run(TestNG.java:1079)\n\tat org.apache.maven.surefire.testng.TestNGExecutor.run(TestNGExecutor.java:308)\n\tat org.apache.maven.surefire.testng.TestNGXmlTestSuite.execute(TestNGXmlTestSuite.java:71)\n\tat org.apache.maven.surefire.testng.TestNGProvider.invoke(TestNGProvider.java:113)\n\tat org.apache.maven.surefire.booter.ForkedBooter.runSuitesInProcess(ForkedBooter.java:385)\n\tat org.apache.maven.surefire.booter.ForkedBooter.execute(ForkedBooter.java:162)\n\tat org.apache.maven.surefire.booter.ForkedBooter.run(ForkedBooter.java:507)\n\tat org.apache.maven.surefire.booter.ForkedBooter.main(ForkedBooter.java:495)\nCaused by: org.openqa.selenium.NoSuchElementException: no such element: Unable to locate element: {\"method\":\"css selector\",\"selector\":\"input[placeholder='Username']\"}\n  (Session info: chrome=143.0.7499.109)\nFor documentation on this error, please visit: https://www.selenium.dev/documentation/webdriver/troubleshooting/errors#nosuchelementexception\nBuild info: version: '4.37.0', revision: '3c1da1e342'\nSystem info: os.name: 'Linux', os.arch: 'amd64', os.version: '6.11.0-1018-azure', java.version: '21.0.9'\nDriver info: org.openqa.selenium.chrome.ChromeDriver\nCommand: [cf23540fe8f9e5e83c1e37205dbb8ef3, findElement {using=css selector, value=input[placeholder='Username']}]\nCapabilities {acceptInsecureCerts: false, browserName: chrome, browserVersion: 143.0.7499.109, chrome: {chromedriverVersion: 143.0.7499.169 (164b20aab62..., userDataDir: /tmp/.org.chromium.Chromium...}, fedcm:accounts: true, goog:chromeOptions: {debuggerAddress: localhost:36405}, goog:processID: 3759, networkConnectionEnabled: false, pageLoadStrategy: normal, platformName: linux, proxy: Proxy(), se:cdp: ws://localhost:36405/devtoo..., se:cdpVersion: 143.0.7499.109, setWindowRect: true, strictFileInteractability: false, timeouts: {implicit: 0, pageLoad: 300000, script: 30000}, unhandledPromptBehavior: dismiss and notify, webauthn:extension:credBlob: true, webauthn:extension:largeBlob: true, webauthn:extension:minPinLength: true, webauthn:extension:prf: true, webauthn:virtualAuthenticators: true}\nSession ID: cf23540fe8f9e5e83c1e37205dbb8ef3\n\tat java.base/jdk.internal.reflect.DirectConstructorHandleAccessor.newInstance(DirectConstructorHandleAccessor.java:62)\n\tat java.base/java.lang.reflect.Constructor.newInstanceWithCaller(Constructor.java:502)\n\tat java.base/java.lang.reflect.Constructor.newInstance(Constructor.java:486)\n\tat org.openqa.selenium.remote.ErrorCodec.decode(ErrorCodec.java:167)\n\tat org.openqa.selenium.remote.codec.w3c.W3CHttpResponseCodec.decode(W3CHttpResponseCodec.java:138)\n\tat org.openqa.selenium.remote.codec.w3c.W3CHttpResponseCodec.decode(W3CHttpResponseCodec.java:50)\n\tat org.openqa.selenium.remote.HttpCommandExecutor.execute(HttpCommandExecutor.java:215)\n\tat org.openqa.selenium.remote.service.DriverCommandExecutor.invokeExecute(DriverCommandExecutor.java:216)\n\tat org.openqa.selenium.remote.service.DriverCommandExecutor.execute(DriverCommandExecutor.java:174)\n\tat org.openqa.selenium.remote.RemoteWebDriver.execute(RemoteWebDriver.java:557)\n\tat org.openqa.selenium.remote.ElementLocation$ElementFinder$2.findElement(ElementLocation.java:165)\n\tat org.openqa.selenium.remote.ElementLocation.findElement(ElementLocation.java:59)\n\tat org.openqa.selenium.remote.RemoteWebDriver.findElement(RemoteWebDriver.java:380)\n\tat org.openqa.selenium.remote.RemoteWebDriver.findElement(RemoteWebDriver.java:374)\n\tat project_orangehrm.Base.BasePage.lambda$typeText$0(BasePage.java:83)\n\tat org.openqa.selenium.support.ui.FluentWait.until(FluentWait.java:203)\n\t... 37 more\n","flaky":false,"newFailed":false,"newBroken":false,"newPassed":false,"retriesCount":15,"retriesStatusChange":false,"beforeStages":[{"name":"setUp","time":{"start":1766763641738,"stop":1766763641738,"duration":0},"description":"","status":"broken","steps":[],"attachments":[],"parameters":[],"stepsCount":0,"shouldDisplayMessage":false,"attachmentsCount":0,"hasContent":false,"attachmentStep":false},{"name":"setup","time":{"start":1766763641738,"stop":1766763641738,"duration":0},"description":"","status":"broken","steps":[],"attachments":[],"parameters":[],"stepsCount":0,"shouldDisplayMessage":false,"attachmentsCount":0,"hasContent":false,"attachmentStep":false}],"afterStages":[{"name":"tearDown","time":{"start":1766763641739,"stop":1766763641739,"duration":0},"description":"","status":"broken","steps":[],"attachments":[],"parameters":[],"stepsCount":0,"shouldDisplayMessage":false,"attachmentsCount":0,"hasContent":false,"attachmentStep":false}],"labels":[{"name":"package","value":"project_orangehrm.Test.Admin_Configuration_Test"},{"name":"testClass","value":"project_orangehrm.Test.Admin_Configuration_Test"},{"name":"testMethod","value":"verifySocialMedia_AddProvider_Validation"},{"name":"parentSuite","value":"OrangeHRM_Strategic_Suite"},{"name":"suite","value":"Step1_Hyper_Admin_PIM_Foundation"},{"name":"subSuite","value":"project_orangehrm.Test.Admin_Configuration_Test"},{"name":"host","value":"runnervmh13bl"},{"name":"thread","value":"2331@runnervmh13bl.main(1)"},{"name":"framework","value":"testng"},{"name":"language","value":"java"},{"name":"resultFormat","value":"allure2"}],"parameters":[{"name":"browser","value":"edge"}],"links":[],"hidden":false,"retry":false,"extra":{"severity":"normal","retries":[{"uid":"a64a157c24dcb4c7","status":"skipped","statusDetails":"Expected condition failed: waiting for project_orangehrm.Base.BasePage$$Lambda/0x00007f8ca0346ae0@2a04ab05 (tried for 10 second(s) with 300 milliseconds interval)","time":{"start":1766763634415,"stop":1766763634415,"duration":0}},{"uid":"f0977bfe46416760","status":"skipped","statusDetails":"Expected condition failed: waiting for project_orangehrm.Base.BasePage$$Lambda/0x00007f05643468a8@29bd85db (tried for 10 second(s) with 300 milliseconds interval)","time":{"start":1766763630750,"stop":1766763630750,"duration":0}},{"uid":"33aa17c2ba690dc","status":"skipped","statusDetails":"Expected condition failed: waiting for project_orangehrm.Base.BasePage$$Lambda/0x00007f7b283468a8@2a5abd3c (tried for 10 second(s) with 300 milliseconds interval)","time":{"start":1766763630172,"stop":1766763630172,"duration":0}},{"uid":"13eb1ea13dc67945","status":"skipped","statusDetails":"Expected condition failed: waiting for project_orangehrm.Base.BasePage$$Lambda/0x00007f047c3491b0@5a4464c5 (tried for 10 second(s) with 300 milliseconds interval)","time":{"start":1766763627184,"stop":1766763627185,"duration":1}},{"uid":"73301671ed2bf8f4","status":"skipped","statusDetails":"Expected condition failed: waiting for project_orangehrm.Base.BasePage$$Lambda/0x00007fc4a83491b0@2674d4f6 (tried for 10 second(s) with 300 milliseconds interval)","time":{"start":1766763145770,"stop":1766763145770,"duration":0}},{"uid":"4346315bd7185657","status":"skipped","statusDetails":"Expected condition failed: waiting for project_orangehrm.Base.BasePage$$Lambda/0x00007f4d003491b0@5a4464c5 (tried for 10 second(s) with 300 milliseconds interval)","time":{"start":1766763138541,"stop":1766763138541,"duration":0}},{"uid":"24b098dd960b0fac","status":"skipped","statusDetails":"Expected condition failed: waiting for project_orangehrm.Base.BasePage$$Lambda/0x00007f57e03491b0@a316f6b (tried for 10 second(s) with 300 milliseconds interval)","time":{"start":1766763136027,"stop":1766763136028,"duration":1}},{"uid":"b71eee4d91f89c88","status":"skipped","statusDetails":"Expected condition failed: waiting for project_orangehrm.Base.BasePage$$Lambda/0x00007f4a303491b0@370c7cc5 (tried for 10 second(s) with 300 milliseconds interval)","time":{"start":1766763131879,"stop":1766763131879,"duration":0}},{"uid":"43ae069a18b25778","status":"skipped","statusDetails":"Expected condition failed: waiting for project_orangehrm.Base.BasePage$$Lambda/0x00007f13b0346ae0@5c234920 (tried for 10 second(s) with 300 milliseconds interval)","time":{"start":1766763131295,"stop":1766763131295,"duration":0}},{"uid":"219e83bcafe149b4","status":"skipped","statusDetails":"Expected condition failed: waiting for project_orangehrm.Base.BasePage$$Lambda/0x00007ff86c3491b0@70b33256 (tried for 10 second(s) with 300 milliseconds interval)","time":{"start":1766763130913,"stop":1766763130914,"duration":1}},{"uid":"ff353b720c79001d","status":"skipped","statusDetails":"Expected condition failed: waiting for project_orangehrm.Base.BasePage$$Lambda/0x00007fa75c346ae0@4e974b9e (tried for 10 second(s) with 300 milliseconds interval)","time":{"start":1766763124846,"stop":1766763124846,"duration":0}},{"uid":"549b36d61b2f1810","status":"skipped","statusDetails":"Expected condition failed: waiting for project_orangehrm.Base.BasePage$$Lambda/0x00007f9aec3491b0@250967f1 (tried for 10 second(s) with 300 milliseconds interval)","time":{"start":1766763123036,"stop":1766763123036,"duration":0}},{"uid":"c2880e14ff75ea4c","status":"skipped","statusDetails":"Expected condition failed: waiting for project_orangehrm.Base.BasePage$$Lambda/0x00007f2cd03468a8@410fc508 (tried for 10 second(s) with 300 milliseconds interval)","time":{"start":1766763121985,"stop":1766763121985,"duration":0}},{"uid":"277316d91dd7c283","status":"skipped","statusDetails":"Expected condition failed: waiting for project_orangehrm.Base.BasePage$$Lambda/0x00007fa3e8344bd0@62e73ab6 (tried for 10 second(s) with 300 milliseconds interval)","time":{"start":1766763120922,"stop":1766763120922,"duration":0}},{"uid":"1c9584f1e8675707","status":"skipped","statusDetails":"Expected condition failed: waiting for project_orangehrm.Base.BasePage$$Lambda/0x00007f69143491b0@20f63ddc (tried for 10 second(s) with 300 milliseconds interval)","time":{"start":1766762661254,"stop":1766762661255,"duration":1}}],"categories":[],"history":{"statistic":{"failed":0,"broken":0,"skipped":1,"passed":10,"unknown":0,"total":11},"items":[{"uid":"7d9691255f942d35","reportUrl":"https://m1mohammed1.github.io/orangeHRM/23/#testresult/7d9691255f942d35","status":"passed","time":{"start":1766759818615,"stop":1766759821066,"duration":2451}},{"uid":"8633d61b8837a58e","reportUrl":"https://m1mohammed1.github.io/orangeHRM/22/#testresult/8633d61b8837a58e","status":"passed","time":{"start":1766705788334,"stop":1766705790430,"duration":2096}},{"uid":"24ab074bf1dc0326","reportUrl":"https://m1mohammed1.github.io/orangeHRM/17/#testresult/24ab074bf1dc0326","status":"passed","time":{"start":1766697829331,"stop":1766697831516,"duration":2185}},{"uid":"9a529e95e23f0fb3","reportUrl":"https://m1mohammed1.github.io/orangeHRM/16/#testresult/9a529e95e23f0fb3","status":"passed","time":{"start":1766631959832,"stop":1766631962284,"duration":2452}},{"uid":"35f104c6a115a0eb","reportUrl":"https://m1mohammed1.github.io/orangeHRM/15/#testresult/35f104c6a115a0eb","status":"passed","time":{"start":1766624203775,"stop":1766624205994,"duration":2219}},{"uid":"27f1418ae3a55b58","reportUrl":"https://m1mohammed1.github.io/orangeHRM/13/#testresult/27f1418ae3a55b58","status":"passed","time":{"start":1766620308189,"stop":1766620310372,"duration":2183}},{"uid":"c557eed8bc480145","reportUrl":"https://m1mohammed1.github.io/orangeHRM/12/#testresult/c557eed8bc480145","status":"passed","time":{"start":1766616631308,"stop":1766616633469,"duration":2161}},{"uid":"c98f05181b54d2c0","reportUrl":"https://m1mohammed1.github.io/orangeHRM/11/#testresult/c98f05181b54d2c0","status":"passed","time":{"start":1766605887988,"stop":1766605889792,"duration":1804}},{"uid":"76dfcb53a4163cba","reportUrl":"https://m1mohammed1.github.io/orangeHRM/10/#testresult/76dfcb53a4163cba","status":"passed","time":{"start":1766597688793,"stop":1766597690949,"duration":2156}},{"uid":"4290654a12ed0d00","reportUrl":"https://m1mohammed1.github.io/orangeHRM/9/#testresult/4290654a12ed0d00","status":"passed","time":{"start":1766595800279,"stop":1766595803322,"duration":3043}}]},"tags":[]},"source":"23a1581131f625e7.json","parameterValues":["edge"]}