{"uid":"29b3ca19ac844e21","name":"TC02 - Verify KPI Lifecycle: Create, Link to Job, Edit, Delete","fullName":"project_orangehrm.Test.Performance_Configuration_Test.verifyKPI_Lifecycle_Edit","historyId":"3dc09dff25bd1938867a406a8bc342f5","time":{"start":1766596533091,"stop":1766596559455,"duration":26364},"status":"broken","statusMessage":"Expected condition failed: waiting for project_orangehrm.Base.BasePage$$Lambda/0x00007f4190381600@1f660c1d (tried for 15 second(s) with 300 milliseconds interval)","statusTrace":"org.openqa.selenium.TimeoutException: Expected condition failed: waiting for project_orangehrm.Base.BasePage$$Lambda/0x00007f4190381600@1f660c1d (tried for 15 second(s) with 300 milliseconds interval)\n\tat org.openqa.selenium.support.ui.FluentWait.timeoutException(FluentWait.java:265)\n\tat org.openqa.selenium.support.ui.FluentWait.until(FluentWait.java:228)\n\tat project_orangehrm.Base.BasePage.clickWhenReady(BasePage.java:73)\n\tat project_orangehrm.Pages.CommonPage.edit(CommonPage.java:204)\n\tat project_orangehrm.Pages.PerformancePage.clickToEdit(PerformancePage.java:36)\n\tat project_orangehrm.Test.Performance_Configuration_Test.verifyKPI_Lifecycle_Edit(Performance_Configuration_Test.java:63)\n\tat java.base/jdk.internal.reflect.DirectMethodHandleAccessor.invoke(DirectMethodHandleAccessor.java:103)\n\tat java.base/java.lang.reflect.Method.invoke(Method.java:580)\n\tat org.testng.internal.invokers.MethodInvocationHelper.invokeMethod(MethodInvocationHelper.java:141)\n\tat org.testng.internal.invokers.TestInvoker.invokeMethod(TestInvoker.java:687)\n\tat org.testng.internal.invokers.TestInvoker.invokeTestMethod(TestInvoker.java:230)\n\tat org.testng.internal.invokers.MethodRunner.runInSequence(MethodRunner.java:63)\n\tat org.testng.internal.invokers.TestInvoker$MethodInvocationAgent.invoke(TestInvoker.java:995)\n\tat org.testng.internal.invokers.TestInvoker.invokeTestMethods(TestInvoker.java:203)\n\tat org.testng.internal.invokers.TestMethodWorker.invokeTestMethods(TestMethodWorker.java:154)\n\tat org.testng.internal.invokers.TestMethodWorker.run(TestMethodWorker.java:134)\n\tat java.base/java.util.concurrent.Executors$RunnableAdapter.call(Executors.java:572)\n\tat java.base/java.util.concurrent.FutureTask.run(FutureTask.java:317)\n\tat org.testng.internal.thread.graph.TestNGFutureTask.run(TestNGFutureTask.java:22)\n\tat java.base/java.util.concurrent.ThreadPoolExecutor.runWorker(ThreadPoolExecutor.java:1144)\n\tat java.base/java.util.concurrent.ThreadPoolExecutor$Worker.run(ThreadPoolExecutor.java:642)\n\tat java.base/java.lang.Thread.run(Thread.java:1583)\nCaused by: org.openqa.selenium.NoSuchElementException: no such element: Unable to locate element: {\"method\":\"xpath\",\"selector\":\"//div[contains(text(),'Zero Bugs, Zero Compromise')]/ancestor::div[@role='row']//button[i[contains(@class, 'bi-pencil')]]\"}\n  (Session info: MicrosoftEdge=143.0.3650.80)\nFor documentation on this error, please visit: https://www.selenium.dev/documentation/webdriver/troubleshooting/errors#nosuchelementexception\nBuild info: version: '4.37.0', revision: '3c1da1e342'\nSystem info: os.name: 'Linux', os.arch: 'amd64', os.version: '6.11.0-1018-azure', java.version: '21.0.9'\nDriver info: org.openqa.selenium.edge.EdgeDriver\nCommand: [f51d79ce1416f15ff94f61f31493e291, findElement {value=//div[contains(text(),'Zero Bugs, Zero Compromise')]/ancestor::div[@role='row']//button[i[contains(@class, 'bi-pencil')]], using=xpath}]\nCapabilities {acceptInsecureCerts: false, browserName: MicrosoftEdge, browserVersion: 143.0.3650.80, fedcm:accounts: true, goog:processID: 47893, ms:edgeOptions: {debuggerAddress: localhost:33177}, msedge: {msedgedriverVersion: 143.0.3650.80 (788579717f68..., userDataDir: /tmp/.com.microsoft.Edge.sc...}, networkConnectionEnabled: false, pageLoadStrategy: normal, platformName: linux, proxy: Proxy(), se:cdp: ws://localhost:33177/devtoo..., se:cdpVersion: 143.0.3650.80, setWindowRect: true, strictFileInteractability: false, timeouts: {implicit: 0, pageLoad: 300000, script: 30000}, unhandledPromptBehavior: dismiss and notify, webauthn:extension:credBlob: true, webauthn:extension:largeBlob: true, webauthn:extension:minPinLength: true, webauthn:extension:prf: true, webauthn:virtualAuthenticators: true}\nSession ID: f51d79ce1416f15ff94f61f31493e291\n\tat java.base/jdk.internal.reflect.DirectConstructorHandleAccessor.newInstance(DirectConstructorHandleAccessor.java:62)\n\tat java.base/java.lang.reflect.Constructor.newInstanceWithCaller(Constructor.java:502)\n\tat java.base/java.lang.reflect.Constructor.newInstance(Constructor.java:486)\n\tat org.openqa.selenium.remote.ErrorCodec.decode(ErrorCodec.java:167)\n\tat org.openqa.selenium.remote.codec.w3c.W3CHttpResponseCodec.decode(W3CHttpResponseCodec.java:138)\n\tat org.openqa.selenium.remote.codec.w3c.W3CHttpResponseCodec.decode(W3CHttpResponseCodec.java:50)\n\tat org.openqa.selenium.remote.HttpCommandExecutor.execute(HttpCommandExecutor.java:215)\n\tat org.openqa.selenium.remote.service.DriverCommandExecutor.invokeExecute(DriverCommandExecutor.java:216)\n\tat org.openqa.selenium.remote.service.DriverCommandExecutor.execute(DriverCommandExecutor.java:174)\n\tat org.openqa.selenium.remote.RemoteWebDriver.execute(RemoteWebDriver.java:557)\n\tat org.openqa.selenium.remote.ElementLocation$ElementFinder$2.findElement(ElementLocation.java:165)\n\tat org.openqa.selenium.remote.ElementLocation.findElement(ElementLocation.java:59)\n\tat org.openqa.selenium.remote.RemoteWebDriver.findElement(RemoteWebDriver.java:380)\n\tat org.openqa.selenium.remote.RemoteWebDriver.findElement(RemoteWebDriver.java:374)\n\tat project_orangehrm.Base.BasePage.lambda$clickWhenReady$1(BasePage.java:74)\n\tat org.openqa.selenium.support.ui.FluentWait.until(FluentWait.java:203)\n\t... 20 more\n","flaky":false,"newFailed":false,"newBroken":false,"newPassed":false,"retriesCount":0,"retriesStatusChange":false,"beforeStages":[{"name":"setUp","time":{"start":1766596525455,"stop":1766596528353,"duration":2898},"description":"","status":"passed","steps":[],"attachments":[],"parameters":[],"stepsCount":0,"shouldDisplayMessage":false,"attachmentsCount":0,"hasContent":false,"attachmentStep":false},{"name":"setup","time":{"start":1766596528354,"stop":1766596533086,"duration":4732},"description":"","status":"passed","steps":[],"attachments":[],"parameters":[],"stepsCount":0,"shouldDisplayMessage":false,"attachmentsCount":0,"hasContent":false,"attachmentStep":false}],"afterStages":[{"name":"tearDown","time":{"start":1766596559455,"stop":1766596568062,"duration":8607},"description":"","status":"passed","steps":[],"attachments":[{"uid":"6351cafc58377cba","name":"Screenshot Failure - verifyKPI_Lifecycle_Edit","source":"6351cafc58377cba.png","type":"image/png","size":168572},{"uid":"1732fc1fbf7fd23d","name":"Page Source","source":"1732fc1fbf7fd23d.html","type":"text/html","size":339664}],"parameters":[],"stepsCount":0,"shouldDisplayMessage":false,"attachmentsCount":2,"hasContent":true,"attachmentStep":false}],"labels":[{"name":"package","value":"project_orangehrm.Test.Performance_Configuration_Test"},{"name":"testClass","value":"project_orangehrm.Test.Performance_Configuration_Test"},{"name":"testMethod","value":"verifyKPI_Lifecycle_Edit"},{"name":"parentSuite","value":"OrangeHRM_Comprehensive_Suite"},{"name":"suite","value":"Step4_Talent_And_Reports"},{"name":"subSuite","value":"project_orangehrm.Test.Performance_Configuration_Test"},{"name":"host","value":"runnervmh13bl"},{"name":"thread","value":"2214@runnervmh13bl.TestNG-test-Step4_Talent_And_Reports-4(1953)"},{"name":"framework","value":"testng"},{"name":"language","value":"java"},{"name":"resultFormat","value":"allure2"}],"parameters":[{"name":"browser","value":"edge"}],"links":[],"hidden":true,"retry":true,"extra":{"categories":[],"tags":[]},"source":"29b3ca19ac844e21.json","parameterValues":["edge"]}