{"uid":"2b01a4ecabe51af1","name":"TC02 - Verify Event Lifecycle: Create, Verify","fullName":"project_orangehrm.Test.Claim_Configuration_Test.verifyEvent_Lifecycle_Success","historyId":"8166daac8c1672f046cb86c542c67616","time":{"start":1766779004798,"stop":1766779026847,"duration":22049},"status":"failed","statusMessage":"Record not found: Global QA Summit 2025 | Locator: By.xpath: //div[@role='row']//div[normalize-space()='Global QA Summit 2025']","statusTrace":"java.lang.AssertionError: Record not found: Global QA Summit 2025 | Locator: By.xpath: //div[@role='row']//div[normalize-space()='Global QA Summit 2025']\n\tat org.testng.Assert.fail(Assert.java:111)\n\tat project_orangehrm.Base.BasePage.assertVisible(BasePage.java:46)\n\tat project_orangehrm.Pages.CommonPage.verifyRecordVisible(CommonPage.java:311)\n\tat project_orangehrm.Pages.ClaimPage.verifyRecordExists(ClaimPage.java:192)\n\tat project_orangehrm.Test.Claim_Configuration_Test.verifyEvent_Lifecycle_Success(Claim_Configuration_Test.java:51)\n\tat java.base/jdk.internal.reflect.DirectMethodHandleAccessor.invoke(DirectMethodHandleAccessor.java:103)\n\tat java.base/java.lang.reflect.Method.invoke(Method.java:580)\n\tat org.testng.internal.invokers.MethodInvocationHelper.invokeMethod(MethodInvocationHelper.java:141)\n\tat org.testng.internal.invokers.TestInvoker.invokeMethod(TestInvoker.java:687)\n\tat org.testng.internal.invokers.TestInvoker.invokeTestMethod(TestInvoker.java:230)\n\tat org.testng.internal.invokers.MethodRunner.runInSequence(MethodRunner.java:63)\n\tat org.testng.internal.invokers.TestInvoker$MethodInvocationAgent.invoke(TestInvoker.java:995)\n\tat org.testng.internal.invokers.TestInvoker.invokeTestMethods(TestInvoker.java:203)\n\tat org.testng.internal.invokers.TestMethodWorker.invokeTestMethods(TestMethodWorker.java:154)\n\tat org.testng.internal.invokers.TestMethodWorker.run(TestMethodWorker.java:134)\n\tat java.base/java.util.concurrent.Executors$RunnableAdapter.call(Executors.java:572)\n\tat java.base/java.util.concurrent.FutureTask.run(FutureTask.java:317)\n\tat org.testng.internal.thread.graph.TestNGFutureTask.run(TestNGFutureTask.java:22)\n\tat java.base/java.util.concurrent.ThreadPoolExecutor.runWorker(ThreadPoolExecutor.java:1144)\n\tat java.base/java.util.concurrent.ThreadPoolExecutor$Worker.run(ThreadPoolExecutor.java:642)\n\tat java.base/java.lang.Thread.run(Thread.java:1583)\n","flaky":false,"newFailed":false,"newBroken":false,"newPassed":false,"retriesCount":0,"retriesStatusChange":false,"beforeStages":[{"name":"setUp","time":{"start":1766779002111,"stop":1766779002997,"duration":886},"description":"","status":"passed","steps":[],"attachments":[],"parameters":[],"stepsCount":0,"shouldDisplayMessage":false,"attachmentsCount":0,"hasContent":false,"attachmentStep":false},{"name":"setup","time":{"start":1766779002997,"stop":1766779004797,"duration":1800},"description":"","status":"passed","steps":[],"attachments":[],"parameters":[],"stepsCount":0,"shouldDisplayMessage":false,"attachmentsCount":0,"hasContent":false,"attachmentStep":false}],"testStage":{"status":"failed","statusMessage":"Record not found: Global QA Summit 2025 | Locator: By.xpath: //div[@role='row']//div[normalize-space()='Global QA Summit 2025']","statusTrace":"java.lang.AssertionError: Record not found: Global QA Summit 2025 | Locator: By.xpath: //div[@role='row']//div[normalize-space()='Global QA Summit 2025']\n\tat org.testng.Assert.fail(Assert.java:111)\n\tat project_orangehrm.Base.BasePage.assertVisible(BasePage.java:46)\n\tat project_orangehrm.Pages.CommonPage.verifyRecordVisible(CommonPage.java:311)\n\tat project_orangehrm.Pages.ClaimPage.verifyRecordExists(ClaimPage.java:192)\n\tat project_orangehrm.Test.Claim_Configuration_Test.verifyEvent_Lifecycle_Success(Claim_Configuration_Test.java:51)\n\tat java.base/jdk.internal.reflect.DirectMethodHandleAccessor.invoke(DirectMethodHandleAccessor.java:103)\n\tat java.base/java.lang.reflect.Method.invoke(Method.java:580)\n\tat org.testng.internal.invokers.MethodInvocationHelper.invokeMethod(MethodInvocationHelper.java:141)\n\tat org.testng.internal.invokers.TestInvoker.invokeMethod(TestInvoker.java:687)\n\tat org.testng.internal.invokers.TestInvoker.invokeTestMethod(TestInvoker.java:230)\n\tat org.testng.internal.invokers.MethodRunner.runInSequence(MethodRunner.java:63)\n\tat org.testng.internal.invokers.TestInvoker$MethodInvocationAgent.invoke(TestInvoker.java:995)\n\tat org.testng.internal.invokers.TestInvoker.invokeTestMethods(TestInvoker.java:203)\n\tat org.testng.internal.invokers.TestMethodWorker.invokeTestMethods(TestMethodWorker.java:154)\n\tat org.testng.internal.invokers.TestMethodWorker.run(TestMethodWorker.java:134)\n\tat java.base/java.util.concurrent.Executors$RunnableAdapter.call(Executors.java:572)\n\tat java.base/java.util.concurrent.FutureTask.run(FutureTask.java:317)\n\tat org.testng.internal.thread.graph.TestNGFutureTask.run(TestNGFutureTask.java:22)\n\tat java.base/java.util.concurrent.ThreadPoolExecutor.runWorker(ThreadPoolExecutor.java:1144)\n\tat java.base/java.util.concurrent.ThreadPoolExecutor$Worker.run(ThreadPoolExecutor.java:642)\n\tat java.base/java.lang.Thread.run(Thread.java:1583)\n","steps":[],"attachments":[{"uid":"c60ced095eb6b212","name":"SoftAssert_Failed - 2025-12-26T19:56:56.608379425","source":"c60ced095eb6b212.png","type":"image/png","size":101517},{"uid":"7c0933e6bc76fbb8","name":"Page Source","source":"7c0933e6bc76fbb8.html","type":"text/html","size":294992}],"parameters":[],"stepsCount":0,"shouldDisplayMessage":true,"attachmentsCount":2,"hasContent":true,"attachmentStep":false},"afterStages":[{"name":"tearDown","time":{"start":1766779026847,"stop":1766779027264,"duration":417},"description":"","status":"passed","steps":[],"attachments":[{"uid":"95e90f586d3d5a2f","name":"Screenshot Failure - verifyEvent_Lifecycle_Success","source":"95e90f586d3d5a2f.png","type":"image/png","size":102140},{"uid":"ce80bd88f10a6a19","name":"Page Source","source":"ce80bd88f10a6a19.html","type":"text/html","size":327133}],"parameters":[],"stepsCount":0,"shouldDisplayMessage":false,"attachmentsCount":2,"hasContent":true,"attachmentStep":false}],"labels":[{"name":"package","value":"project_orangehrm.Test.Claim_Configuration_Test"},{"name":"testClass","value":"project_orangehrm.Test.Claim_Configuration_Test"},{"name":"testMethod","value":"verifyEvent_Lifecycle_Success"},{"name":"parentSuite","value":"OrangeHRM_Strategic_Suite"},{"name":"suite","value":"Step4_Ops_Claims"},{"name":"subSuite","value":"project_orangehrm.Test.Claim_Configuration_Test"},{"name":"host","value":"runnervmh13bl"},{"name":"thread","value":"2603@runnervmh13bl.TestNG-test-Step4_Ops_Claims-1(2962)"},{"name":"framework","value":"testng"},{"name":"language","value":"java"},{"name":"resultFormat","value":"allure2"}],"parameters":[{"name":"browser","value":"edge"}],"links":[],"hidden":false,"retry":false,"extra":{"severity":"normal","retries":[],"categories":[{"name":"Product defects","matchedStatuses":[],"flaky":false}],"history":{"statistic":{"failed":5,"broken":0,"skipped":1,"passed":6,"unknown":0,"total":12},"items":[{"uid":"b982821ad9b27ffb","reportUrl":"https://m1mohammed1.github.io/orangeHRM/25/#testresult/b982821ad9b27ffb","status":"failed","statusDetails":"Record not found: Global QA Summit 2025 | Locator: By.xpath: //div[@role='row']//div[normalize-space()='Global QA Summit 2025']","time":{"start":1766771520545,"stop":1766771542798,"duration":22253}},{"uid":"f11cfce09b4f9d53","reportUrl":"https://m1mohammed1.github.io/orangeHRM/24/#testresult/f11cfce09b4f9d53","status":"skipped","statusDetails":"Expected condition failed: waiting for project_orangehrm.Base.BasePage$$Lambda/0x00007fd2f83468a8@7a484af0 (tried for 10 second(s) with 300 milliseconds interval)","time":{"start":1766763826897,"stop":1766763826897,"duration":0}},{"uid":"57a7547add076c80","reportUrl":"https://m1mohammed1.github.io/orangeHRM/23/#testresult/57a7547add076c80","status":"failed","statusDetails":"Record not found: Global QA Summit 2025 | Locator: By.xpath: //div[@role='row']//div[normalize-space()='Global QA Summit 2025']","time":{"start":1766761324412,"stop":1766761346674,"duration":22262}},{"uid":"c8fefa3cb8ecc7bd","reportUrl":"https://m1mohammed1.github.io/orangeHRM/22/#testresult/c8fefa3cb8ecc7bd","status":"passed","time":{"start":1766706638973,"stop":1766706644848,"duration":5875}},{"uid":"eba869df7a3c0433","reportUrl":"https://m1mohammed1.github.io/orangeHRM/17/#testresult/eba869df7a3c0433","status":"passed","time":{"start":1766698790502,"stop":1766698796338,"duration":5836}},{"uid":"c3083f09689bf007","reportUrl":"https://m1mohammed1.github.io/orangeHRM/16/#testresult/c3083f09689bf007","status":"failed","statusDetails":"Record not found: Global QA Summit 2025 | Locator: By.xpath: //div[@role='row']//div[normalize-space()='Global QA Summit 2025']","time":{"start":1766630505660,"stop":1766630527552,"duration":21892}},{"uid":"d549bf13a81279e","reportUrl":"https://m1mohammed1.github.io/orangeHRM/15/#testresult/d549bf13a81279e","status":"passed","time":{"start":1766625095187,"stop":1766625101444,"duration":6257}},{"uid":"2b34316ef69daccd","reportUrl":"https://m1mohammed1.github.io/orangeHRM/13/#testresult/2b34316ef69daccd","status":"passed","time":{"start":1766619101011,"stop":1766619106497,"duration":5486}},{"uid":"490d5e38790d75","reportUrl":"https://m1mohammed1.github.io/orangeHRM/11/#testresult/490d5e38790d75","status":"passed","time":{"start":1766606370984,"stop":1766606376147,"duration":5163}},{"uid":"93b53fba48de8290","reportUrl":"https://m1mohammed1.github.io/orangeHRM/10/#testresult/93b53fba48de8290","status":"passed","time":{"start":1766598235745,"stop":1766598241669,"duration":5924}},{"uid":"a33da1a00ccaf205","reportUrl":"https://m1mohammed1.github.io/orangeHRM/9/#testresult/a33da1a00ccaf205","status":"failed","statusDetails":"Success message not displayed | Locator: By.xpath: //div[contains(@class, 'oxd-toast--success')]","time":{"start":1766596372675,"stop":1766596395855,"duration":23180}}]},"tags":[]},"source":"2b01a4ecabe51af1.json","parameterValues":["edge"]}