{"uid":"2e5a94bf1a6f1f48","name":"TC05 - Verify Tracker Validation Errors","fullName":"project_orangehrm.Test.Performance_Configuration_Test.verifyTracker_EmptyFields_Error","historyId":"3a692f99732942f68bac44d7d0fb2e3e","time":{"start":1767023643200,"stop":1767023643200,"duration":0},"status":"skipped","statusMessage":"Expected condition failed: waiting for project_orangehrm.Base.BasePage$$Lambda/0x00007f974836ccb0@3a4aadf8 (tried for 10 second(s) with 300 milliseconds interval)","statusTrace":"org.openqa.selenium.TimeoutException: Expected condition failed: waiting for project_orangehrm.Base.BasePage$$Lambda/0x00007f974836ccb0@3a4aadf8 (tried for 10 second(s) with 300 milliseconds interval)\n\tat org.openqa.selenium.support.ui.FluentWait.timeoutException(FluentWait.java:265)\n\tat org.openqa.selenium.support.ui.FluentWait.until(FluentWait.java:228)\n\tat project_orangehrm.Base.BasePage.typeText(BasePage.java:82)\n\tat project_orangehrm.Pages.LoginPage.enterUsername(LoginPage.java:22)\n\tat project_orangehrm.Test.Performance_Configuration_Test.setup(Performance_Configuration_Test.java:23)\n\tat java.base/jdk.internal.reflect.DirectMethodHandleAccessor.invoke(DirectMethodHandleAccessor.java:103)\n\tat java.base/java.lang.reflect.Method.invoke(Method.java:580)\n\tat org.testng.internal.invokers.MethodInvocationHelper.invokeMethod(MethodInvocationHelper.java:141)\n\tat org.testng.internal.invokers.MethodInvocationHelper.invokeMethodConsideringTimeout(MethodInvocationHelper.java:71)\n\tat org.testng.internal.invokers.ConfigInvoker.invokeConfigurationMethod(ConfigInvoker.java:400)\n\tat org.testng.internal.invokers.ConfigInvoker.invokeConfigurations(ConfigInvoker.java:333)\n\tat org.testng.internal.invokers.TestInvoker.runConfigMethods(TestInvoker.java:836)\n\tat org.testng.internal.invokers.TestInvoker.invokeMethod(TestInvoker.java:601)\n\tat org.testng.internal.invokers.TestInvoker.invokeTestMethod(TestInvoker.java:230)\n\tat org.testng.internal.invokers.MethodRunner.runInSequence(MethodRunner.java:63)\n\tat org.testng.internal.invokers.TestInvoker$MethodInvocationAgent.invoke(TestInvoker.java:995)\n\tat org.testng.internal.invokers.TestInvoker.invokeTestMethods(TestInvoker.java:203)\n\tat org.testng.internal.invokers.TestMethodWorker.invokeTestMethods(TestMethodWorker.java:154)\n\tat org.testng.internal.invokers.TestMethodWorker.run(TestMethodWorker.java:134)\n\tat java.base/java.util.ArrayList.forEach(ArrayList.java:1596)\n\tat org.testng.TestRunner.privateRun(TestRunner.java:741)\n\tat org.testng.TestRunner.run(TestRunner.java:616)\n\tat org.testng.SuiteRunner.runTest(SuiteRunner.java:421)\n\tat org.testng.SuiteRunner.runSequentially(SuiteRunner.java:413)\n\tat org.testng.SuiteRunner.privateRun(SuiteRunner.java:373)\n\tat org.testng.SuiteRunner.run(SuiteRunner.java:312)\n\tat org.testng.SuiteRunnerWorker.runSuite(SuiteRunnerWorker.java:52)\n\tat org.testng.SuiteRunnerWorker.run(SuiteRunnerWorker.java:95)\n\tat org.testng.TestNG.runSuitesSequentially(TestNG.java:1274)\n\tat org.testng.TestNG.runSuitesLocally(TestNG.java:1208)\n\tat org.testng.TestNG.runSuites(TestNG.java:1112)\n\tat org.testng.TestNG.run(TestNG.java:1079)\n\tat org.apache.maven.surefire.testng.TestNGExecutor.run(TestNGExecutor.java:155)\n\tat org.apache.maven.surefire.testng.TestNGDirectoryTestSuite.executeSingleClass(TestNGDirectoryTestSuite.java:102)\n\tat org.apache.maven.surefire.testng.TestNGDirectoryTestSuite.execute(TestNGDirectoryTestSuite.java:91)\n\tat org.apache.maven.surefire.testng.TestNGProvider.invoke(TestNGProvider.java:137)\n\tat org.apache.maven.surefire.booter.ForkedBooter.runSuitesInProcess(ForkedBooter.java:385)\n\tat org.apache.maven.surefire.booter.ForkedBooter.execute(ForkedBooter.java:162)\n\tat org.apache.maven.surefire.booter.ForkedBooter.run(ForkedBooter.java:507)\n\tat org.apache.maven.surefire.booter.ForkedBooter.main(ForkedBooter.java:495)\nCaused by: org.openqa.selenium.NoSuchElementException: no such element: Unable to locate element: {\"method\":\"css selector\",\"selector\":\"input[placeholder='Username']\"}\n  (Session info: MicrosoftEdge=143.0.3650.80)\nFor documentation on this error, please visit: https://www.selenium.dev/documentation/webdriver/troubleshooting/errors#nosuchelementexception\nBuild info: version: '4.39.0', revision: '126f156aee'\nSystem info: os.name: 'Linux', os.arch: 'amd64', os.version: '6.11.0-1018-azure', java.version: '21.0.9'\nDriver info: org.openqa.selenium.edge.EdgeDriver\nCommand: [db0a7096965c551146e92e61ba777f25, findElement {value=input[placeholder='Username'], using=css selector}]\nCapabilities {acceptInsecureCerts: false, browserName: MicrosoftEdge, browserVersion: 143.0.3650.80, fedcm:accounts: true, goog:processID: 2656, ms:edgeOptions: {debuggerAddress: localhost:35203}, msedge: {msedgedriverVersion: 143.0.3650.80 (788579717f68..., userDataDir: /tmp/.com.microsoft.Edge.sc...}, networkConnectionEnabled: false, pageLoadStrategy: normal, platformName: linux, proxy: Proxy(), se:cdp: ws://localhost:35203/devtoo..., se:cdpVersion: 143.0.3650.80, setWindowRect: true, strictFileInteractability: false, timeouts: {implicit: 0, pageLoad: 300000, script: 30000}, unhandledPromptBehavior: dismiss and notify, webauthn:extension:credBlob: true, webauthn:extension:largeBlob: true, webauthn:extension:minPinLength: true, webauthn:extension:prf: true, webauthn:virtualAuthenticators: true}\nSession ID: db0a7096965c551146e92e61ba777f25\n\tat java.base/jdk.internal.reflect.DirectConstructorHandleAccessor.newInstance(DirectConstructorHandleAccessor.java:62)\n\tat java.base/java.lang.reflect.Constructor.newInstanceWithCaller(Constructor.java:502)\n\tat java.base/java.lang.reflect.Constructor.newInstance(Constructor.java:486)\n\tat org.openqa.selenium.remote.ErrorCodec.decode(ErrorCodec.java:167)\n\tat org.openqa.selenium.remote.codec.w3c.W3CHttpResponseCodec.decode(W3CHttpResponseCodec.java:142)\n\tat org.openqa.selenium.remote.codec.w3c.W3CHttpResponseCodec.decode(W3CHttpResponseCodec.java:49)\n\tat org.openqa.selenium.remote.HttpCommandExecutor.execute(HttpCommandExecutor.java:215)\n\tat org.openqa.selenium.remote.service.DriverCommandExecutor.invokeExecute(DriverCommandExecutor.java:216)\n\tat org.openqa.selenium.remote.service.DriverCommandExecutor.execute(DriverCommandExecutor.java:174)\n\tat org.openqa.selenium.remote.RemoteWebDriver.execute(RemoteWebDriver.java:561)\n\tat org.openqa.selenium.remote.ElementLocation$ElementFinder$2.findElement(ElementLocation.java:166)\n\tat org.openqa.selenium.remote.ElementLocation.findElement(ElementLocation.java:60)\n\tat org.openqa.selenium.remote.RemoteWebDriver.findElement(RemoteWebDriver.java:384)\n\tat org.openqa.selenium.remote.RemoteWebDriver.findElement(RemoteWebDriver.java:378)\n\tat project_orangehrm.Base.BasePage.lambda$typeText$0(BasePage.java:83)\n\tat org.openqa.selenium.support.ui.FluentWait.until(FluentWait.java:203)\n\t... 38 more\n","flaky":false,"newFailed":false,"newBroken":false,"newPassed":false,"retriesCount":0,"retriesStatusChange":false,"beforeStages":[{"name":"setUp","time":{"start":1767023639191,"stop":1767023640781,"duration":1590},"description":"","status":"passed","steps":[],"attachments":[],"parameters":[],"stepsCount":0,"shouldDisplayMessage":false,"attachmentsCount":0,"hasContent":false,"attachmentStep":false},{"name":"setup","time":{"start":1767023640782,"stop":1767023643198,"duration":2416},"description":"","status":"passed","steps":[],"attachments":[],"parameters":[],"stepsCount":0,"shouldDisplayMessage":false,"attachmentsCount":0,"hasContent":false,"attachmentStep":false}],"afterStages":[{"name":"tearDown","time":{"start":1767023643202,"stop":1767023643277,"duration":75},"description":"","status":"passed","steps":[],"attachments":[],"parameters":[],"stepsCount":0,"shouldDisplayMessage":false,"attachmentsCount":0,"hasContent":false,"attachmentStep":false}],"labels":[{"name":"package","value":"project_orangehrm.Test.Performance_Configuration_Test"},{"name":"testClass","value":"project_orangehrm.Test.Performance_Configuration_Test"},{"name":"testMethod","value":"verifyTracker_EmptyFields_Error"},{"name":"parentSuite","value":"Surefire suite"},{"name":"suite","value":"Surefire test"},{"name":"subSuite","value":"project_orangehrm.Test.Performance_Configuration_Test"},{"name":"host","value":"runnervmh13bl"},{"name":"thread","value":"2572@runnervmh13bl.main(1)"},{"name":"framework","value":"testng"},{"name":"language","value":"java"},{"name":"resultFormat","value":"allure2"}],"parameters":[],"links":[],"hidden":false,"retry":false,"extra":{"severity":"normal","retries":[],"categories":[],"history":{"statistic":{"failed":0,"broken":0,"skipped":1,"passed":14,"unknown":0,"total":15},"items":[{"uid":"16e19bcbd9996765","reportUrl":"https://m1mohammed1.github.io/orangeHRM/62/#testresult/16e19bcbd9996765","status":"passed","time":{"start":1767020674907,"stop":1767020679370,"duration":4463}},{"uid":"2f4ffee3971a1829","reportUrl":"https://m1mohammed1.github.io/orangeHRM/61/#testresult/2f4ffee3971a1829","status":"passed","time":{"start":1767018473897,"stop":1767018477522,"duration":3625}},{"uid":"b4f7355d3fbb0554","reportUrl":"https://m1mohammed1.github.io/orangeHRM/60/#testresult/b4f7355d3fbb0554","status":"passed","time":{"start":1766961867333,"stop":1766961870829,"duration":3496}},{"uid":"eb58f0b5c1287b2a","reportUrl":"https://m1mohammed1.github.io/orangeHRM/59/#testresult/eb58f0b5c1287b2a","status":"passed","time":{"start":1766957978658,"stop":1766957981858,"duration":3200}},{"uid":"2c5cda69acecf3f","reportUrl":"https://m1mohammed1.github.io/orangeHRM/58/#testresult/2c5cda69acecf3f","status":"passed","time":{"start":1766955399593,"stop":1766955403723,"duration":4130}},{"uid":"2ef6bf8f8c87717e","reportUrl":"https://m1mohammed1.github.io/orangeHRM/57/#testresult/2ef6bf8f8c87717e","status":"passed","time":{"start":1766953327357,"stop":1766953330196,"duration":2839}},{"uid":"1e38680ee95203fd","reportUrl":"https://m1mohammed1.github.io/orangeHRM/55/#testresult/1e38680ee95203fd","status":"passed","time":{"start":1766948961840,"stop":1766948967782,"duration":5942}},{"uid":"7e7ae03ba70f3375","reportUrl":"https://m1mohammed1.github.io/orangeHRM/53/#testresult/7e7ae03ba70f3375","status":"passed","time":{"start":1766936266383,"stop":1766936270839,"duration":4456}},{"uid":"cab426331ba3f501","reportUrl":"https://m1mohammed1.github.io/orangeHRM/52/#testresult/cab426331ba3f501","status":"passed","time":{"start":1766883439163,"stop":1766883444529,"duration":5366}},{"uid":"f3bd43c008b4423b","reportUrl":"https://m1mohammed1.github.io/orangeHRM/51/#testresult/f3bd43c008b4423b","status":"passed","time":{"start":1766874067480,"stop":1766874070414,"duration":2934}},{"uid":"d9eee75758fc078b","reportUrl":"https://m1mohammed1.github.io/orangeHRM/50/#testresult/d9eee75758fc078b","status":"passed","time":{"start":1766871236777,"stop":1766871242205,"duration":5428}},{"uid":"f5f5557c1d5407f5","reportUrl":"https://m1mohammed1.github.io/orangeHRM/49/#testresult/f5f5557c1d5407f5","status":"passed","time":{"start":1766869092917,"stop":1766869097672,"duration":4755}},{"uid":"ea86f0f4ca9d9092","reportUrl":"https://m1mohammed1.github.io/orangeHRM/32/#testresult/ea86f0f4ca9d9092","status":"passed","time":{"start":1766788706911,"stop":1766788708632,"duration":1721}},{"uid":"7454eb7f4894311d","reportUrl":"https://m1mohammed1.github.io/orangeHRM/22/#testresult/7454eb7f4894311d","status":"passed","time":{"start":1766707364757,"stop":1766707366483,"duration":1726}}]},"tags":[]},"source":"2e5a94bf1a6f1f48.json","parameterValues":[]}