{"uid":"360abd04fd14a6bb","name":"TC01 - Verify Employee Submitting Self Review","fullName":"project_orangehrm.Test.Performance_Evaluation_Test.verifySelfReview_Submit_Success","historyId":"3ae4997af6c74016d8d67ea5491440da","time":{"start":1766596571826,"stop":1766596593728,"duration":21902},"status":"broken","statusMessage":"Expected condition failed: waiting for project_orangehrm.Base.BasePage$$Lambda/0x00007f1508381f10@143ad060 (tried for 15 second(s) with 300 milliseconds interval)","statusTrace":"org.openqa.selenium.TimeoutException: Expected condition failed: waiting for project_orangehrm.Base.BasePage$$Lambda/0x00007f1508381f10@143ad060 (tried for 15 second(s) with 300 milliseconds interval)\n\tat org.openqa.selenium.support.ui.FluentWait.timeoutException(FluentWait.java:265)\n\tat org.openqa.selenium.support.ui.FluentWait.until(FluentWait.java:228)\n\tat project_orangehrm.Base.BasePage.clickWhenReady(BasePage.java:73)\n\tat project_orangehrm.Pages.CommonPage.clickAction(CommonPage.java:124)\n\tat project_orangehrm.Pages.PerformancePage.clickActionStatus(PerformancePage.java:31)\n\tat project_orangehrm.Test.Performance_Evaluation_Test.verifySelfReview_Submit_Success(Performance_Evaluation_Test.java:40)\n\tat java.base/jdk.internal.reflect.DirectMethodHandleAccessor.invoke(DirectMethodHandleAccessor.java:103)\n\tat java.base/java.lang.reflect.Method.invoke(Method.java:580)\n\tat org.testng.internal.invokers.MethodInvocationHelper.invokeMethod(MethodInvocationHelper.java:141)\n\tat org.testng.internal.invokers.TestInvoker.invokeMethod(TestInvoker.java:687)\n\tat org.testng.internal.invokers.TestInvoker.invokeTestMethod(TestInvoker.java:230)\n\tat org.testng.internal.invokers.MethodRunner.runInSequence(MethodRunner.java:63)\n\tat org.testng.internal.invokers.TestInvoker$MethodInvocationAgent.invoke(TestInvoker.java:995)\n\tat org.testng.internal.invokers.TestInvoker.invokeTestMethods(TestInvoker.java:203)\n\tat org.testng.internal.invokers.TestMethodWorker.invokeTestMethods(TestMethodWorker.java:154)\n\tat org.testng.internal.invokers.TestMethodWorker.run(TestMethodWorker.java:134)\n\tat java.base/java.util.concurrent.Executors$RunnableAdapter.call(Executors.java:572)\n\tat java.base/java.util.concurrent.FutureTask.run(FutureTask.java:317)\n\tat org.testng.internal.thread.graph.TestNGFutureTask.run(TestNGFutureTask.java:22)\n\tat java.base/java.util.concurrent.ThreadPoolExecutor.runWorker(ThreadPoolExecutor.java:1144)\n\tat java.base/java.util.concurrent.ThreadPoolExecutor$Worker.run(ThreadPoolExecutor.java:642)\n\tat java.base/java.lang.Thread.run(Thread.java:1583)\nCaused by: org.openqa.selenium.NoSuchElementException: no such element: Unable to locate element: {\"method\":\"xpath\",\"selector\":\"//div[normalize-space()='Evaluate']/ancestor::div[@role='row']//button[i[contains(@class, 'bi-eye')]]\"}\n  (Session info: MicrosoftEdge=143.0.3650.80)\nFor documentation on this error, please visit: https://www.selenium.dev/documentation/webdriver/troubleshooting/errors#nosuchelementexception\nBuild info: version: '4.37.0', revision: '3c1da1e342'\nSystem info: os.name: 'Linux', os.arch: 'amd64', os.version: '6.11.0-1018-azure', java.version: '21.0.9'\nDriver info: org.openqa.selenium.edge.EdgeDriver\nCommand: [8d203da4f4183fa6a8ef8d80ad736fe4, findElement {using=xpath, value=//div[normalize-space()='Evaluate']/ancestor::div[@role='row']//button[i[contains(@class, 'bi-eye')]]}]\nCapabilities {acceptInsecureCerts: false, browserName: MicrosoftEdge, browserVersion: 143.0.3650.80, fedcm:accounts: true, goog:processID: 46663, ms:edgeOptions: {debuggerAddress: localhost:41351}, msedge: {msedgedriverVersion: 143.0.3650.80 (788579717f68..., userDataDir: /tmp/.com.microsoft.Edge.sc...}, networkConnectionEnabled: false, pageLoadStrategy: normal, platformName: linux, proxy: Proxy(), se:cdp: ws://localhost:41351/devtoo..., se:cdpVersion: 143.0.3650.80, setWindowRect: true, strictFileInteractability: false, timeouts: {implicit: 0, pageLoad: 300000, script: 30000}, unhandledPromptBehavior: dismiss and notify, webauthn:extension:credBlob: true, webauthn:extension:largeBlob: true, webauthn:extension:minPinLength: true, webauthn:extension:prf: true, webauthn:virtualAuthenticators: true}\nSession ID: 8d203da4f4183fa6a8ef8d80ad736fe4\n\tat java.base/jdk.internal.reflect.DirectConstructorHandleAccessor.newInstance(DirectConstructorHandleAccessor.java:62)\n\tat java.base/java.lang.reflect.Constructor.newInstanceWithCaller(Constructor.java:502)\n\tat java.base/java.lang.reflect.Constructor.newInstance(Constructor.java:486)\n\tat org.openqa.selenium.remote.ErrorCodec.decode(ErrorCodec.java:167)\n\tat org.openqa.selenium.remote.codec.w3c.W3CHttpResponseCodec.decode(W3CHttpResponseCodec.java:138)\n\tat org.openqa.selenium.remote.codec.w3c.W3CHttpResponseCodec.decode(W3CHttpResponseCodec.java:50)\n\tat org.openqa.selenium.remote.HttpCommandExecutor.execute(HttpCommandExecutor.java:215)\n\tat org.openqa.selenium.remote.service.DriverCommandExecutor.invokeExecute(DriverCommandExecutor.java:216)\n\tat org.openqa.selenium.remote.service.DriverCommandExecutor.execute(DriverCommandExecutor.java:174)\n\tat org.openqa.selenium.remote.RemoteWebDriver.execute(RemoteWebDriver.java:557)\n\tat org.openqa.selenium.remote.ElementLocation$ElementFinder$2.findElement(ElementLocation.java:165)\n\tat org.openqa.selenium.remote.ElementLocation.findElement(ElementLocation.java:59)\n\tat org.openqa.selenium.remote.RemoteWebDriver.findElement(RemoteWebDriver.java:380)\n\tat org.openqa.selenium.remote.RemoteWebDriver.findElement(RemoteWebDriver.java:374)\n\tat project_orangehrm.Base.BasePage.lambda$clickWhenReady$1(BasePage.java:74)\n\tat org.openqa.selenium.support.ui.FluentWait.until(FluentWait.java:203)\n\t... 20 more\n","flaky":false,"newFailed":false,"newBroken":false,"newPassed":false,"retriesCount":4,"retriesStatusChange":false,"beforeStages":[{"name":"setUp","time":{"start":1766596564066,"stop":1766596567340,"duration":3274},"description":"","status":"passed","steps":[],"attachments":[],"parameters":[],"stepsCount":0,"shouldDisplayMessage":false,"attachmentsCount":0,"hasContent":false,"attachmentStep":false},{"name":"setup","time":{"start":1766596567343,"stop":1766596571825,"duration":4482},"description":"","status":"passed","steps":[],"attachments":[],"parameters":[],"stepsCount":0,"shouldDisplayMessage":false,"attachmentsCount":0,"hasContent":false,"attachmentStep":false}],"afterStages":[{"name":"tearDown","time":{"start":1766596593728,"stop":1766596593948,"duration":220},"description":"","status":"passed","steps":[],"attachments":[{"uid":"d89556d63e3edf7f","name":"Screenshot Failure - verifySelfReview_Submit_Success","source":"d89556d63e3edf7f.png","type":"image/png","size":65065},{"uid":"77691198a789628b","name":"Page Source","source":"77691198a789628b.html","type":"text/html","size":14986}],"parameters":[],"stepsCount":0,"shouldDisplayMessage":false,"attachmentsCount":2,"hasContent":true,"attachmentStep":false}],"labels":[{"name":"package","value":"project_orangehrm.Test.Performance_Evaluation_Test"},{"name":"testClass","value":"project_orangehrm.Test.Performance_Evaluation_Test"},{"name":"testMethod","value":"verifySelfReview_Submit_Success"},{"name":"parentSuite","value":"OrangeHRM_Comprehensive_Suite"},{"name":"suite","value":"Step4_Talent_And_Reports"},{"name":"subSuite","value":"project_orangehrm.Test.Performance_Evaluation_Test"},{"name":"host","value":"runnervmh13bl"},{"name":"thread","value":"2196@runnervmh13bl.TestNG-test-Step4_Talent_And_Reports-3(1972)"},{"name":"framework","value":"testng"},{"name":"language","value":"java"},{"name":"resultFormat","value":"allure2"}],"parameters":[{"name":"browser","value":"edge"}],"links":[],"hidden":false,"retry":false,"extra":{"severity":"normal","retries":[{"uid":"e0e9387ebef041c1","status":"broken","statusDetails":"Expected condition failed: waiting for project_orangehrm.Base.BasePage$$Lambda/0x00007f6c7c37b940@26d22643 (tried for 15 second(s) with 300 milliseconds interval)","time":{"start":1766596550098,"stop":1766596571499,"duration":21401}},{"uid":"24aa63ee7f4b06be","status":"broken","statusDetails":"Expected condition failed: waiting for project_orangehrm.Base.BasePage$$Lambda/0x00007f4190381600@41e08f7c (tried for 15 second(s) with 300 milliseconds interval)","time":{"start":1766596510281,"stop":1766596531956,"duration":21675}},{"uid":"20d14ece9506146d","status":"broken","statusDetails":"Expected condition failed: waiting for project_orangehrm.Base.BasePage$$Lambda/0x00007f69303732d8@2a8bd63a (tried for 15 second(s) with 300 milliseconds interval)","time":{"start":1766596489811,"stop":1766596511623,"duration":21812}},{"uid":"98e78265cc8822ba","status":"broken","statusDetails":"Expected condition failed: waiting for project_orangehrm.Base.BasePage$$Lambda/0x00007f38583713c8@4d6d4ee2 (tried for 15 second(s) with 300 milliseconds interval)","time":{"start":1766596437399,"stop":1766596459440,"duration":22041}}],"categories":[{"name":"Test defects","matchedStatuses":[],"flaky":false}],"tags":[]},"source":"360abd04fd14a6bb.json","parameterValues":["edge"]}