{"uid":"4be6f3193849ea7b","name":"TC12 - Verify updating Employment Status Name","fullName":"project_orangehrm.Test.AdminJobTest.verifyEmploymentStatus_Update_Success","historyId":"76e7c187b42d633ea827fd46d08ec89e","time":{"start":1766781167582,"stop":1766781189285,"duration":21703},"status":"broken","statusMessage":"Expected condition failed: waiting for element to be clickable: By.xpath: //div[contains(text(),'Freelance Part Time ')]/ancestor::div[@role='row']//button[i[contains(@class, 'bi-pencil')]] (tried for 10 second(s) with 300 milliseconds interval)\nBuild info: version: '4.37.0', revision: '3c1da1e342'\nSystem info: os.name: 'Linux', os.arch: 'amd64', os.version: '6.11.0-1018-azure', java.version: '21.0.9'\nDriver info: driver.version: unknown","statusTrace":"org.openqa.selenium.TimeoutException: Expected condition failed: waiting for element to be clickable: By.xpath: //div[contains(text(),'Freelance Part Time ')]/ancestor::div[@role='row']//button[i[contains(@class, 'bi-pencil')]] (tried for 10 second(s) with 300 milliseconds interval)\nBuild info: version: '4.37.0', revision: '3c1da1e342'\nSystem info: os.name: 'Linux', os.arch: 'amd64', os.version: '6.11.0-1018-azure', java.version: '21.0.9'\nDriver info: driver.version: unknown\n\tat org.openqa.selenium.support.ui.FluentWait.timeoutException(FluentWait.java:265)\n\tat org.openqa.selenium.support.ui.FluentWait.until(FluentWait.java:228)\n\tat project_orangehrm.Base.BasePage.clickWhenReady(BasePage.java:95)\n\tat project_orangehrm.Pages.CommonPage.edit(CommonPage.java:216)\n\tat project_orangehrm.Pages.AdminPage.clickToEdit(AdminPage.java:112)\n\tat project_orangehrm.Test.AdminJobTest.verifyEmploymentStatus_Update_Success(AdminJobTest.java:213)\n\tat java.base/jdk.internal.reflect.DirectMethodHandleAccessor.invoke(DirectMethodHandleAccessor.java:103)\n\tat java.base/java.lang.reflect.Method.invoke(Method.java:580)\n\tat org.testng.internal.invokers.MethodInvocationHelper.invokeMethod(MethodInvocationHelper.java:141)\n\tat org.testng.internal.invokers.TestInvoker.invokeMethod(TestInvoker.java:687)\n\tat org.testng.internal.invokers.TestInvoker.invokeTestMethod(TestInvoker.java:230)\n\tat org.testng.internal.invokers.MethodRunner.runInSequence(MethodRunner.java:63)\n\tat org.testng.internal.invokers.TestInvoker$MethodInvocationAgent.invoke(TestInvoker.java:995)\n\tat org.testng.internal.invokers.TestInvoker.invokeTestMethods(TestInvoker.java:203)\n\tat org.testng.internal.invokers.TestMethodWorker.invokeTestMethods(TestMethodWorker.java:154)\n\tat org.testng.internal.invokers.TestMethodWorker.run(TestMethodWorker.java:134)\n\tat java.base/java.util.ArrayList.forEach(ArrayList.java:1596)\n\tat org.testng.TestRunner.privateRun(TestRunner.java:741)\n\tat org.testng.TestRunner.run(TestRunner.java:616)\n\tat org.testng.SuiteRunner.runTest(SuiteRunner.java:421)\n\tat org.testng.SuiteRunner.runSequentially(SuiteRunner.java:413)\n\tat org.testng.SuiteRunner.privateRun(SuiteRunner.java:373)\n\tat org.testng.SuiteRunner.run(SuiteRunner.java:312)\n\tat org.testng.SuiteRunnerWorker.runSuite(SuiteRunnerWorker.java:52)\n\tat org.testng.SuiteRunnerWorker.run(SuiteRunnerWorker.java:95)\n\tat org.testng.TestNG.runSuitesSequentially(TestNG.java:1274)\n\tat org.testng.TestNG.runSuitesLocally(TestNG.java:1208)\n\tat org.testng.TestNG.runSuites(TestNG.java:1112)\n\tat org.testng.TestNG.run(TestNG.java:1079)\n\tat org.apache.maven.surefire.testng.TestNGExecutor.run(TestNGExecutor.java:308)\n\tat org.apache.maven.surefire.testng.TestNGXmlTestSuite.execute(TestNGXmlTestSuite.java:71)\n\tat org.apache.maven.surefire.testng.TestNGProvider.invoke(TestNGProvider.java:113)\n\tat org.apache.maven.surefire.booter.ForkedBooter.runSuitesInProcess(ForkedBooter.java:385)\n\tat org.apache.maven.surefire.booter.ForkedBooter.execute(ForkedBooter.java:162)\n\tat org.apache.maven.surefire.booter.ForkedBooter.run(ForkedBooter.java:507)\n\tat org.apache.maven.surefire.booter.ForkedBooter.main(ForkedBooter.java:495)\n","flaky":false,"newFailed":false,"newBroken":true,"newPassed":false,"retriesCount":15,"retriesStatusChange":true,"beforeStages":[{"name":"setUp","time":{"start":1766781164972,"stop":1766781165751,"duration":779},"description":"","status":"passed","steps":[],"attachments":[],"parameters":[],"stepsCount":0,"shouldDisplayMessage":false,"attachmentsCount":0,"hasContent":false,"attachmentStep":false},{"name":"setup","time":{"start":1766781165752,"stop":1766781167581,"duration":1829},"description":"","status":"passed","steps":[],"attachments":[],"parameters":[],"stepsCount":0,"shouldDisplayMessage":false,"attachmentsCount":0,"hasContent":false,"attachmentStep":false}],"testStage":{"status":"broken","statusMessage":"Expected condition failed: waiting for element to be clickable: By.xpath: //div[contains(text(),'Freelance Part Time ')]/ancestor::div[@role='row']//button[i[contains(@class, 'bi-pencil')]] (tried for 10 second(s) with 300 milliseconds interval)\nBuild info: version: '4.37.0', revision: '3c1da1e342'\nSystem info: os.name: 'Linux', os.arch: 'amd64', os.version: '6.11.0-1018-azure', java.version: '21.0.9'\nDriver info: driver.version: unknown","statusTrace":"org.openqa.selenium.TimeoutException: Expected condition failed: waiting for element to be clickable: By.xpath: //div[contains(text(),'Freelance Part Time ')]/ancestor::div[@role='row']//button[i[contains(@class, 'bi-pencil')]] (tried for 10 second(s) with 300 milliseconds interval)\nBuild info: version: '4.37.0', revision: '3c1da1e342'\nSystem info: os.name: 'Linux', os.arch: 'amd64', os.version: '6.11.0-1018-azure', java.version: '21.0.9'\nDriver info: driver.version: unknown\n\tat org.openqa.selenium.support.ui.FluentWait.timeoutException(FluentWait.java:265)\n\tat org.openqa.selenium.support.ui.FluentWait.until(FluentWait.java:228)\n\tat project_orangehrm.Base.BasePage.clickWhenReady(BasePage.java:95)\n\tat project_orangehrm.Pages.CommonPage.edit(CommonPage.java:216)\n\tat project_orangehrm.Pages.AdminPage.clickToEdit(AdminPage.java:112)\n\tat project_orangehrm.Test.AdminJobTest.verifyEmploymentStatus_Update_Success(AdminJobTest.java:213)\n\tat java.base/jdk.internal.reflect.DirectMethodHandleAccessor.invoke(DirectMethodHandleAccessor.java:103)\n\tat java.base/java.lang.reflect.Method.invoke(Method.java:580)\n\tat org.testng.internal.invokers.MethodInvocationHelper.invokeMethod(MethodInvocationHelper.java:141)\n\tat org.testng.internal.invokers.TestInvoker.invokeMethod(TestInvoker.java:687)\n\tat org.testng.internal.invokers.TestInvoker.invokeTestMethod(TestInvoker.java:230)\n\tat org.testng.internal.invokers.MethodRunner.runInSequence(MethodRunner.java:63)\n\tat org.testng.internal.invokers.TestInvoker$MethodInvocationAgent.invoke(TestInvoker.java:995)\n\tat org.testng.internal.invokers.TestInvoker.invokeTestMethods(TestInvoker.java:203)\n\tat org.testng.internal.invokers.TestMethodWorker.invokeTestMethods(TestMethodWorker.java:154)\n\tat org.testng.internal.invokers.TestMethodWorker.run(TestMethodWorker.java:134)\n\tat java.base/java.util.ArrayList.forEach(ArrayList.java:1596)\n\tat org.testng.TestRunner.privateRun(TestRunner.java:741)\n\tat org.testng.TestRunner.run(TestRunner.java:616)\n\tat org.testng.SuiteRunner.runTest(SuiteRunner.java:421)\n\tat org.testng.SuiteRunner.runSequentially(SuiteRunner.java:413)\n\tat org.testng.SuiteRunner.privateRun(SuiteRunner.java:373)\n\tat org.testng.SuiteRunner.run(SuiteRunner.java:312)\n\tat org.testng.SuiteRunnerWorker.runSuite(SuiteRunnerWorker.java:52)\n\tat org.testng.SuiteRunnerWorker.run(SuiteRunnerWorker.java:95)\n\tat org.testng.TestNG.runSuitesSequentially(TestNG.java:1274)\n\tat org.testng.TestNG.runSuitesLocally(TestNG.java:1208)\n\tat org.testng.TestNG.runSuites(TestNG.java:1112)\n\tat org.testng.TestNG.run(TestNG.java:1079)\n\tat org.apache.maven.surefire.testng.TestNGExecutor.run(TestNGExecutor.java:308)\n\tat org.apache.maven.surefire.testng.TestNGXmlTestSuite.execute(TestNGXmlTestSuite.java:71)\n\tat org.apache.maven.surefire.testng.TestNGProvider.invoke(TestNGProvider.java:113)\n\tat org.apache.maven.surefire.booter.ForkedBooter.runSuitesInProcess(ForkedBooter.java:385)\n\tat org.apache.maven.surefire.booter.ForkedBooter.execute(ForkedBooter.java:162)\n\tat org.apache.maven.surefire.booter.ForkedBooter.run(ForkedBooter.java:507)\n\tat org.apache.maven.surefire.booter.ForkedBooter.main(ForkedBooter.java:495)\n","steps":[],"attachments":[{"uid":"903f0888b7ea81eb","name":"SoftAssert_Failed - 2025-12-26T20:32:59.145523466","source":"903f0888b7ea81eb.png","type":"image/png","size":97174},{"uid":"d4feefd179f9fef4","name":"Page Source","source":"d4feefd179f9fef4.html","type":"text/html","size":294305}],"parameters":[],"stepsCount":0,"shouldDisplayMessage":true,"attachmentsCount":2,"hasContent":true,"attachmentStep":false},"afterStages":[{"name":"tearDown","time":{"start":1766781189286,"stop":1766781189454,"duration":168},"description":"","status":"passed","steps":[],"attachments":[{"uid":"5fc6ef2b1f6b82ad","name":"Screenshot Failure - verifyEmploymentStatus_Update_Success","source":"5fc6ef2b1f6b82ad.png","type":"image/png","size":97174},{"uid":"69fcf03d0db44636","name":"Page Source","source":"69fcf03d0db44636.html","type":"text/html","size":294305}],"parameters":[],"stepsCount":0,"shouldDisplayMessage":false,"attachmentsCount":2,"hasContent":true,"attachmentStep":false}],"labels":[{"name":"package","value":"project_orangehrm.Test.AdminJobTest"},{"name":"testClass","value":"project_orangehrm.Test.AdminJobTest"},{"name":"testMethod","value":"verifyEmploymentStatus_Update_Success"},{"name":"parentSuite","value":"OrangeHRM_Strategic_Suite"},{"name":"suite","value":"Step1_Hyper_Admin_PIM_Foundation"},{"name":"subSuite","value":"project_orangehrm.Test.AdminJobTest"},{"name":"host","value":"runnervmh13bl"},{"name":"thread","value":"2617@runnervmh13bl.main(1)"},{"name":"framework","value":"testng"},{"name":"language","value":"java"},{"name":"resultFormat","value":"allure2"}],"parameters":[{"name":"browser","value":"edge"}],"links":[],"hidden":false,"retry":false,"extra":{"severity":"normal","retries":[{"uid":"38a793a7b96546b8","status":"broken","statusDetails":"Expected condition failed: waiting for element to be clickable: By.xpath: //div[contains(text(),'Freelance Part Time ')]/ancestor::div[@role='row']//button[i[contains(@class, 'bi-pencil')]] (tried for 10 second(s) with 300 milliseconds interval)\nBuild info: version: '4.37.0', revision: '3c1da1e342'\nSystem info: os.name: 'Linux', os.arch: 'amd64', os.version: '6.11.0-1018-azure', java.version: '21.0.9'\nDriver info: driver.version: unknown","time":{"start":1766781148912,"stop":1766781170635,"duration":21723}},{"uid":"1e64c71019e72a39","status":"broken","statusDetails":"Expected condition failed: waiting for element to be clickable: By.xpath: //div[contains(text(),'Freelance Part Time ')]/ancestor::div[@role='row']//button[i[contains(@class, 'bi-pencil')]] (tried for 10 second(s) with 300 milliseconds interval)\nBuild info: version: '4.37.0', revision: '3c1da1e342'\nSystem info: os.name: 'Linux', os.arch: 'amd64', os.version: '6.11.0-1018-azure', java.version: '21.0.9'\nDriver info: driver.version: unknown","time":{"start":1766781134626,"stop":1766781156213,"duration":21587}},{"uid":"a6c5b4d12fce7709","status":"broken","statusDetails":"Expected condition failed: waiting for element to be clickable: By.xpath: //div[contains(text(),'Freelance Part Time ')]/ancestor::div[@role='row']//button[i[contains(@class, 'bi-pencil')]] (tried for 10 second(s) with 300 milliseconds interval)\nBuild info: version: '4.37.0', revision: '3c1da1e342'\nSystem info: os.name: 'Linux', os.arch: 'amd64', os.version: '6.11.0-1018-azure', java.version: '21.0.9'\nDriver info: driver.version: unknown","time":{"start":1766781121467,"stop":1766781143200,"duration":21733}},{"uid":"cbcecddf78ea1b4b","status":"broken","statusDetails":"Expected condition failed: waiting for element to be clickable: By.xpath: //div[contains(text(),'Freelance Part Time ')]/ancestor::div[@role='row']//button[i[contains(@class, 'bi-pencil')]] (tried for 10 second(s) with 300 milliseconds interval)\nBuild info: version: '4.37.0', revision: '3c1da1e342'\nSystem info: os.name: 'Linux', os.arch: 'amd64', os.version: '6.11.0-1018-azure', java.version: '21.0.9'\nDriver info: driver.version: unknown","time":{"start":1766781106244,"stop":1766781128018,"duration":21774}},{"uid":"24fdd1f61dd3cb22","status":"broken","statusDetails":"Expected condition failed: waiting for element to be clickable: By.xpath: //div[contains(text(),'Freelance Part Time ')]/ancestor::div[@role='row']//button[i[contains(@class, 'bi-pencil')]] (tried for 10 second(s) with 300 milliseconds interval)\nBuild info: version: '4.37.0', revision: '3c1da1e342'\nSystem info: os.name: 'Linux', os.arch: 'amd64', os.version: '6.11.0-1018-azure', java.version: '21.0.9'\nDriver info: driver.version: unknown","time":{"start":1766779648952,"stop":1766779670865,"duration":21913}},{"uid":"f4679734f85085db","status":"broken","statusDetails":"Expected condition failed: waiting for element to be clickable: By.xpath: //div[contains(text(),'Freelance Part Time ')]/ancestor::div[@role='row']//button[i[contains(@class, 'bi-pencil')]] (tried for 10 second(s) with 300 milliseconds interval)\nBuild info: version: '4.37.0', revision: '3c1da1e342'\nSystem info: os.name: 'Linux', os.arch: 'amd64', os.version: '6.11.0-1018-azure', java.version: '21.0.9'\nDriver info: driver.version: unknown","time":{"start":1766779640905,"stop":1766779662519,"duration":21614}},{"uid":"e39d915213eaa29b","status":"broken","statusDetails":"Expected condition failed: waiting for element to be clickable: By.xpath: //div[contains(text(),'Freelance Part Time ')]/ancestor::div[@role='row']//button[i[contains(@class, 'bi-pencil')]] (tried for 10 second(s) with 300 milliseconds interval)\nBuild info: version: '4.37.0', revision: '3c1da1e342'\nSystem info: os.name: 'Linux', os.arch: 'amd64', os.version: '6.11.0-1018-azure', java.version: '21.0.9'\nDriver info: driver.version: unknown","time":{"start":1766779631140,"stop":1766779655266,"duration":24126}},{"uid":"cab43c49984b5c42","status":"broken","statusDetails":"Expected condition failed: waiting for element to be clickable: By.xpath: //div[contains(text(),'Freelance Part Time ')]/ancestor::div[@role='row']//button[i[contains(@class, 'bi-pencil')]] (tried for 10 second(s) with 300 milliseconds interval)\nBuild info: version: '4.37.0', revision: '3c1da1e342'\nSystem info: os.name: 'Linux', os.arch: 'amd64', os.version: '6.11.0-1018-azure', java.version: '21.0.9'\nDriver info: driver.version: unknown","time":{"start":1766779625994,"stop":1766779647836,"duration":21842}},{"uid":"6db7aead6f806793","status":"broken","statusDetails":"Expected condition failed: waiting for element to be clickable: By.xpath: //div[contains(text(),'Freelance Part Time ')]/ancestor::div[@role='row']//button[i[contains(@class, 'bi-pencil')]] (tried for 10 second(s) with 300 milliseconds interval)\nBuild info: version: '4.37.0', revision: '3c1da1e342'\nSystem info: os.name: 'Linux', os.arch: 'amd64', os.version: '6.11.0-1018-azure', java.version: '21.0.9'\nDriver info: driver.version: unknown","time":{"start":1766779612040,"stop":1766779633971,"duration":21931}},{"uid":"1054de4340145aed","status":"broken","statusDetails":"Expected condition failed: waiting for element to be clickable: By.xpath: //div[contains(text(),'Freelance Part Time ')]/ancestor::div[@role='row']//button[i[contains(@class, 'bi-pencil')]] (tried for 10 second(s) with 300 milliseconds interval)\nBuild info: version: '4.37.0', revision: '3c1da1e342'\nSystem info: os.name: 'Linux', os.arch: 'amd64', os.version: '6.11.0-1018-azure', java.version: '21.0.9'\nDriver info: driver.version: unknown","time":{"start":1766779611825,"stop":1766779633571,"duration":21746}},{"uid":"daa25039b38b67c4","status":"failed","statusDetails":"Record not found: Part Time (Contract) | Locator: By.xpath: //div[@role='row']//div[normalize-space()='Part Time (Contract)']","time":{"start":1766779595426,"stop":1766779631657,"duration":36231}},{"uid":"da6a1945849def8b","status":"passed","time":{"start":1766779584556,"stop":1766779602750,"duration":18194}},{"uid":"37002b7d45c76169","status":"passed","time":{"start":1766779567125,"stop":1766779584387,"duration":17262}},{"uid":"d77cdc6455491909","status":"passed","time":{"start":1766779520745,"stop":1766779539342,"duration":18597}},{"uid":"37608ca80cc996e7","status":"passed","time":{"start":1766777087772,"stop":1766777105259,"duration":17487}}],"categories":[{"name":"Test defects","matchedStatuses":[],"flaky":false}],"history":{"statistic":{"failed":2,"broken":1,"skipped":1,"passed":10,"unknown":0,"total":14},"items":[{"uid":"cb89e4ac4fd4bc06","reportUrl":"https://m1mohammed1.github.io/orangeHRM/25/#testresult/cb89e4ac4fd4bc06","status":"passed","time":{"start":1766769355283,"stop":1766769372530,"duration":17247}},{"uid":"abcd060a5f7bc269","reportUrl":"https://m1mohammed1.github.io/orangeHRM/24/#testresult/abcd060a5f7bc269","status":"skipped","statusDetails":"Expected condition failed: waiting for project_orangehrm.Base.BasePage$$Lambda/0x00007fd2f83468a8@508ad266 (tried for 10 second(s) with 300 milliseconds interval)","time":{"start":1766763607052,"stop":1766763607052,"duration":0}},{"uid":"9a491bdc2a528446","reportUrl":"https://m1mohammed1.github.io/orangeHRM/23/#testresult/9a491bdc2a528446","status":"passed","time":{"start":1766759159047,"stop":1766759177390,"duration":18343}},{"uid":"c47f43ae17f4cc32","reportUrl":"https://m1mohammed1.github.io/orangeHRM/22/#testresult/c47f43ae17f4cc32","status":"passed","time":{"start":1766705315002,"stop":1766705332343,"duration":17341}},{"uid":"4027afebdde6c61f","reportUrl":"https://m1mohammed1.github.io/orangeHRM/17/#testresult/4027afebdde6c61f","status":"passed","time":{"start":1766697339743,"stop":1766697357290,"duration":17547}},{"uid":"f25cfd6a8d64696d","reportUrl":"https://m1mohammed1.github.io/orangeHRM/16/#testresult/f25cfd6a8d64696d","status":"passed","time":{"start":1766631409363,"stop":1766631427189,"duration":17826}},{"uid":"129195109c87da00","reportUrl":"https://m1mohammed1.github.io/orangeHRM/15/#testresult/129195109c87da00","status":"passed","time":{"start":1766623575417,"stop":1766623592786,"duration":17369}},{"uid":"be863fc48e0fb484","reportUrl":"https://m1mohammed1.github.io/orangeHRM/14/#testresult/be863fc48e0fb484","status":"passed","time":{"start":1766620625959,"stop":1766620643729,"duration":17770}},{"uid":"6901d586fcf14264","reportUrl":"https://m1mohammed1.github.io/orangeHRM/13/#testresult/6901d586fcf14264","status":"passed","time":{"start":1766619858463,"stop":1766619875327,"duration":16864}},{"uid":"cf33612fe9c7c9da","reportUrl":"https://m1mohammed1.github.io/orangeHRM/12/#testresult/cf33612fe9c7c9da","status":"passed","time":{"start":1766616141319,"stop":1766616158433,"duration":17114}},{"uid":"91a6ea20b561942e","reportUrl":"https://m1mohammed1.github.io/orangeHRM/11/#testresult/91a6ea20b561942e","status":"passed","time":{"start":1766605424288,"stop":1766605440692,"duration":16404}},{"uid":"a5924e99c3731aa6","reportUrl":"https://m1mohammed1.github.io/orangeHRM/10/#testresult/a5924e99c3731aa6","status":"failed","statusDetails":"Success message not displayed | Locator: By.xpath: //div[contains(@class, 'oxd-toast--success')]","time":{"start":1766597115912,"stop":1766597127342,"duration":11430}},{"uid":"abcd2c2abf9cea7e","reportUrl":"https://m1mohammed1.github.io/orangeHRM/9/#testresult/abcd2c2abf9cea7e","status":"failed","statusDetails":"Success message not displayed | Locator: By.xpath: //div[contains(@class, 'oxd-toast--success')]","time":{"start":1766595862954,"stop":1766595884732,"duration":21778}}]},"tags":[]},"source":"4be6f3193849ea7b.json","parameterValues":["edge"]}