{"uid":"4ddcf84daf9c559d","name":"TC11 - Verify Leave List Add Comment","fullName":"project_orangehrm.Test.Leave_LeaveList_Test.verifyLeaveList_AddComment_Success","historyId":"f19adf121d01bab82bc0682134ef8c67","time":{"start":1766763815026,"stop":1766763815026,"duration":0},"status":"skipped","statusMessage":"Expected condition failed: waiting for project_orangehrm.Base.BasePage$$Lambda/0x00007fd2f83468a8@36a79d42 (tried for 10 second(s) with 300 milliseconds interval)","statusTrace":"org.openqa.selenium.TimeoutException: Expected condition failed: waiting for project_orangehrm.Base.BasePage$$Lambda/0x00007fd2f83468a8@36a79d42 (tried for 10 second(s) with 300 milliseconds interval)\n\tat org.openqa.selenium.support.ui.FluentWait.timeoutException(FluentWait.java:265)\n\tat org.openqa.selenium.support.ui.FluentWait.until(FluentWait.java:228)\n\tat project_orangehrm.Base.BasePage.typeText(BasePage.java:82)\n\tat project_orangehrm.Pages.LoginPage.enterUsername(LoginPage.java:22)\n\tat project_orangehrm.Test.Leave_LeaveList_Test.setup(Leave_LeaveList_Test.java:23)\n\tat java.base/jdk.internal.reflect.DirectMethodHandleAccessor.invoke(DirectMethodHandleAccessor.java:103)\n\tat java.base/java.lang.reflect.Method.invoke(Method.java:580)\n\tat org.testng.internal.invokers.MethodInvocationHelper.invokeMethod(MethodInvocationHelper.java:141)\n\tat org.testng.internal.invokers.MethodInvocationHelper.invokeMethodConsideringTimeout(MethodInvocationHelper.java:71)\n\tat org.testng.internal.invokers.ConfigInvoker.invokeConfigurationMethod(ConfigInvoker.java:400)\n\tat org.testng.internal.invokers.ConfigInvoker.invokeConfigurations(ConfigInvoker.java:333)\n\tat org.testng.internal.invokers.TestInvoker.runConfigMethods(TestInvoker.java:836)\n\tat org.testng.internal.invokers.TestInvoker.invokeMethod(TestInvoker.java:601)\n\tat org.testng.internal.invokers.TestInvoker.invokeTestMethod(TestInvoker.java:230)\n\tat org.testng.internal.invokers.MethodRunner.runInSequence(MethodRunner.java:63)\n\tat org.testng.internal.invokers.TestInvoker$MethodInvocationAgent.invoke(TestInvoker.java:995)\n\tat org.testng.internal.invokers.TestInvoker.invokeTestMethods(TestInvoker.java:203)\n\tat org.testng.internal.invokers.TestMethodWorker.invokeTestMethods(TestMethodWorker.java:154)\n\tat org.testng.internal.invokers.TestMethodWorker.run(TestMethodWorker.java:134)\n\tat java.base/java.util.concurrent.Executors$RunnableAdapter.call(Executors.java:572)\n\tat java.base/java.util.concurrent.FutureTask.run(FutureTask.java:317)\n\tat org.testng.internal.thread.graph.TestNGFutureTask.run(TestNGFutureTask.java:22)\n\tat java.base/java.util.concurrent.ThreadPoolExecutor.runWorker(ThreadPoolExecutor.java:1144)\n\tat java.base/java.util.concurrent.ThreadPoolExecutor$Worker.run(ThreadPoolExecutor.java:642)\n\tat java.base/java.lang.Thread.run(Thread.java:1583)\nCaused by: org.openqa.selenium.NoSuchElementException: no such element: Unable to locate element: {\"method\":\"css selector\",\"selector\":\"input[placeholder='Username']\"}\n  (Session info: chrome=143.0.7499.109)\nFor documentation on this error, please visit: https://www.selenium.dev/documentation/webdriver/troubleshooting/errors#nosuchelementexception\nBuild info: version: '4.37.0', revision: '3c1da1e342'\nSystem info: os.name: 'Linux', os.arch: 'amd64', os.version: '6.11.0-1018-azure', java.version: '21.0.9'\nDriver info: org.openqa.selenium.chrome.ChromeDriver\nCommand: [8481bb7845cff187494fa9248a92b317, findElement {using=css selector, value=input[placeholder='Username']}]\nCapabilities {acceptInsecureCerts: false, browserName: chrome, browserVersion: 143.0.7499.109, chrome: {chromedriverVersion: 143.0.7499.169 (164b20aab62..., userDataDir: /tmp/.org.chromium.Chromium...}, fedcm:accounts: true, goog:chromeOptions: {debuggerAddress: localhost:32931}, goog:processID: 9358, networkConnectionEnabled: false, pageLoadStrategy: normal, platformName: linux, proxy: Proxy(), se:cdp: ws://localhost:32931/devtoo..., se:cdpVersion: 143.0.7499.109, setWindowRect: true, strictFileInteractability: false, timeouts: {implicit: 0, pageLoad: 300000, script: 30000}, unhandledPromptBehavior: dismiss and notify, webauthn:extension:credBlob: true, webauthn:extension:largeBlob: true, webauthn:extension:minPinLength: true, webauthn:extension:prf: true, webauthn:virtualAuthenticators: true}\nSession ID: 8481bb7845cff187494fa9248a92b317\n\tat java.base/jdk.internal.reflect.DirectConstructorHandleAccessor.newInstance(DirectConstructorHandleAccessor.java:62)\n\tat java.base/java.lang.reflect.Constructor.newInstanceWithCaller(Constructor.java:502)\n\tat java.base/java.lang.reflect.Constructor.newInstance(Constructor.java:486)\n\tat org.openqa.selenium.remote.ErrorCodec.decode(ErrorCodec.java:167)\n\tat org.openqa.selenium.remote.codec.w3c.W3CHttpResponseCodec.decode(W3CHttpResponseCodec.java:138)\n\tat org.openqa.selenium.remote.codec.w3c.W3CHttpResponseCodec.decode(W3CHttpResponseCodec.java:50)\n\tat org.openqa.selenium.remote.HttpCommandExecutor.execute(HttpCommandExecutor.java:215)\n\tat org.openqa.selenium.remote.service.DriverCommandExecutor.invokeExecute(DriverCommandExecutor.java:216)\n\tat org.openqa.selenium.remote.service.DriverCommandExecutor.execute(DriverCommandExecutor.java:174)\n\tat org.openqa.selenium.remote.RemoteWebDriver.execute(RemoteWebDriver.java:557)\n\tat org.openqa.selenium.remote.ElementLocation$ElementFinder$2.findElement(ElementLocation.java:165)\n\tat org.openqa.selenium.remote.ElementLocation.findElement(ElementLocation.java:59)\n\tat org.openqa.selenium.remote.RemoteWebDriver.findElement(RemoteWebDriver.java:380)\n\tat org.openqa.selenium.remote.RemoteWebDriver.findElement(RemoteWebDriver.java:374)\n\tat project_orangehrm.Base.BasePage.lambda$typeText$0(BasePage.java:83)\n\tat org.openqa.selenium.support.ui.FluentWait.until(FluentWait.java:203)\n\t... 23 more\n","flaky":false,"newFailed":false,"newBroken":false,"newPassed":false,"retriesCount":15,"retriesStatusChange":false,"beforeStages":[{"name":"setUp","time":{"start":1766763815025,"stop":1766763815025,"duration":0},"description":"","status":"broken","steps":[],"attachments":[],"parameters":[],"stepsCount":0,"shouldDisplayMessage":false,"attachmentsCount":0,"hasContent":false,"attachmentStep":false},{"name":"setup","time":{"start":1766763815026,"stop":1766763815026,"duration":0},"description":"","status":"broken","steps":[],"attachments":[],"parameters":[],"stepsCount":0,"shouldDisplayMessage":false,"attachmentsCount":0,"hasContent":false,"attachmentStep":false}],"afterStages":[{"name":"tearDown","time":{"start":1766763815027,"stop":1766763815027,"duration":0},"description":"","status":"broken","steps":[],"attachments":[],"parameters":[],"stepsCount":0,"shouldDisplayMessage":false,"attachmentsCount":0,"hasContent":false,"attachmentStep":false}],"labels":[{"name":"package","value":"project_orangehrm.Test.Leave_LeaveList_Test"},{"name":"testClass","value":"project_orangehrm.Test.Leave_LeaveList_Test"},{"name":"testMethod","value":"verifyLeaveList_AddComment_Success"},{"name":"parentSuite","value":"OrangeHRM_Strategic_Suite"},{"name":"suite","value":"Step4_Ops_Leave_Apply"},{"name":"subSuite","value":"project_orangehrm.Test.Leave_LeaveList_Test"},{"name":"host","value":"runnervmh13bl"},{"name":"thread","value":"2331@runnervmh13bl.TestNG-test-Step4_Ops_Leave_Apply-2(383)"},{"name":"framework","value":"testng"},{"name":"language","value":"java"},{"name":"resultFormat","value":"allure2"}],"parameters":[{"name":"browser","value":"edge"}],"links":[],"hidden":false,"retry":false,"extra":{"severity":"normal","retries":[{"uid":"301b61606b7602fc","status":"skipped","statusDetails":"Expected condition failed: waiting for project_orangehrm.Base.BasePage$$Lambda/0x00007f8ca0346ae0@4f4017be (tried for 10 second(s) with 300 milliseconds interval)","time":{"start":1766763806544,"stop":1766763806544,"duration":0}},{"uid":"283786b8204426d8","status":"skipped","statusDetails":"Expected condition failed: waiting for project_orangehrm.Base.BasePage$$Lambda/0x00007f05643468a8@5b00842 (tried for 10 second(s) with 300 milliseconds interval)","time":{"start":1766763803282,"stop":1766763803283,"duration":1}},{"uid":"1767e6f308ff3858","status":"skipped","statusDetails":"Expected condition failed: waiting for project_orangehrm.Base.BasePage$$Lambda/0x00007f7b283468a8@36a79d42 (tried for 10 second(s) with 300 milliseconds interval)","time":{"start":1766763802614,"stop":1766763802614,"duration":0}},{"uid":"765a3525574f8d28","status":"skipped","statusDetails":"Expected condition failed: waiting for project_orangehrm.Base.BasePage$$Lambda/0x00007f047c3491b0@6479f005 (tried for 10 second(s) with 300 milliseconds interval)","time":{"start":1766763789963,"stop":1766763789963,"duration":0}},{"uid":"8a6749426fd86203","status":"skipped","statusDetails":"Expected condition failed: waiting for project_orangehrm.Base.BasePage$$Lambda/0x00007fc4a83491b0@1c26215 (tried for 10 second(s) with 300 milliseconds interval)","time":{"start":1766763318368,"stop":1766763318368,"duration":0}},{"uid":"7463f5bb4bdebd61","status":"skipped","statusDetails":"Expected condition failed: waiting for project_orangehrm.Base.BasePage$$Lambda/0x00007f57e03491b0@6258052e (tried for 10 second(s) with 300 milliseconds interval)","time":{"start":1766763308767,"stop":1766763308767,"duration":0}},{"uid":"2c9200317e1b863e","status":"skipped","statusDetails":"Expected condition failed: waiting for project_orangehrm.Base.BasePage$$Lambda/0x00007ff86c3491b0@4f4017be (tried for 10 second(s) with 300 milliseconds interval)","time":{"start":1766763303589,"stop":1766763303589,"duration":0}},{"uid":"d6fe2e1d634e7c5","status":"skipped","statusDetails":"Expected condition failed: waiting for project_orangehrm.Base.BasePage$$Lambda/0x00007f4d003491b0@42c3c2fc (tried for 10 second(s) with 300 milliseconds interval)","time":{"start":1766763303049,"stop":1766763303049,"duration":0}},{"uid":"da04e5a8919e6e36","status":"skipped","statusDetails":"Expected condition failed: waiting for project_orangehrm.Base.BasePage$$Lambda/0x00007f4a303491b0@4f4017be (tried for 10 second(s) with 300 milliseconds interval)","time":{"start":1766763303038,"stop":1766763303039,"duration":1}},{"uid":"6f12ee10e96d3d9d","status":"skipped","statusDetails":"Expected condition failed: waiting for project_orangehrm.Base.BasePage$$Lambda/0x00007f13b0346ae0@45a43907 (tried for 10 second(s) with 300 milliseconds interval)","time":{"start":1766763293793,"stop":1766763293793,"duration":0}},{"uid":"e02a14c19491f578","status":"skipped","statusDetails":"Expected condition failed: waiting for project_orangehrm.Base.BasePage$$Lambda/0x00007fa3e8344bd0@7863ae41 (tried for 10 second(s) with 300 milliseconds interval)","time":{"start":1766763289951,"stop":1766763289951,"duration":0}},{"uid":"14bc99ee9fbaec17","status":"skipped","statusDetails":"Expected condition failed: waiting for project_orangehrm.Base.BasePage$$Lambda/0x00007fa75c346ae0@4f4017be (tried for 10 second(s) with 300 milliseconds interval)","time":{"start":1766763289031,"stop":1766763289031,"duration":0}},{"uid":"b44703cf7a58a4d4","status":"skipped","statusDetails":"Expected condition failed: waiting for project_orangehrm.Base.BasePage$$Lambda/0x00007f9aec3491b0@5e1c2f80 (tried for 10 second(s) with 300 milliseconds interval)","time":{"start":1766763285798,"stop":1766763285798,"duration":0}},{"uid":"7eb5c3798d39bbbf","status":"skipped","statusDetails":"Expected condition failed: waiting for project_orangehrm.Base.BasePage$$Lambda/0x00007f2cd03468a8@56a5cca7 (tried for 10 second(s) with 300 milliseconds interval)","time":{"start":1766763284566,"stop":1766763284567,"duration":1}},{"uid":"fd5ced08269670e7","status":"skipped","statusDetails":"Expected condition failed: waiting for project_orangehrm.Base.BasePage$$Lambda/0x00007f69143491b0@7e4f42da (tried for 10 second(s) with 300 milliseconds interval)","time":{"start":1766762823929,"stop":1766762823929,"duration":0}}],"categories":[],"history":{"statistic":{"failed":0,"broken":6,"skipped":1,"passed":0,"unknown":0,"total":7},"items":[{"uid":"67bd956b7054e76d","reportUrl":"https://m1mohammed1.github.io/orangeHRM/23/#testresult/67bd956b7054e76d","status":"broken","statusDetails":"Expected condition failed: waiting for element to be clickable: By.xpath: //button[i[contains(@class, 'bi-chat-text')]] (tried for 10 second(s) with 300 milliseconds interval)\nBuild info: version: '4.37.0', revision: '3c1da1e342'\nSystem info: os.name: 'Linux', os.arch: 'amd64', os.version: '6.11.0-1018-azure', java.version: '21.0.9'\nDriver info: driver.version: unknown","time":{"start":1766761297811,"stop":1766761308814,"duration":11003}},{"uid":"d188c681adb9468f","reportUrl":"https://m1mohammed1.github.io/orangeHRM/22/#testresult/d188c681adb9468f","status":"broken","statusDetails":"Expected condition failed: waiting for element to be clickable: By.xpath: //button[i[contains(@class, 'bi-chat-text')]] (tried for 10 second(s) with 300 milliseconds interval)\nBuild info: version: '4.37.0', revision: '3c1da1e342'\nSystem info: os.name: 'Linux', os.arch: 'amd64', os.version: '6.11.0-1018-azure', java.version: '21.0.9'\nDriver info: driver.version: unknown","time":{"start":1766706727723,"stop":1766706738913,"duration":11190}},{"uid":"6beadd68d408cdc0","reportUrl":"https://m1mohammed1.github.io/orangeHRM/17/#testresult/6beadd68d408cdc0","status":"broken","statusDetails":"Expected condition failed: waiting for element to be clickable: By.xpath: //button[i[contains(@class, 'bi-chat-text')]] (tried for 10 second(s) with 300 milliseconds interval)\nBuild info: version: '4.37.0', revision: '3c1da1e342'\nSystem info: os.name: 'Linux', os.arch: 'amd64', os.version: '6.11.0-1018-azure', java.version: '21.0.9'\nDriver info: driver.version: unknown","time":{"start":1766698846646,"stop":1766698857700,"duration":11054}},{"uid":"a77362742aaf7059","reportUrl":"https://m1mohammed1.github.io/orangeHRM/16/#testresult/a77362742aaf7059","status":"broken","statusDetails":"Expected condition failed: waiting for element to be clickable: By.xpath: //button[i[contains(@class, 'bi-chat-text')]] (tried for 10 second(s) with 300 milliseconds interval)\nBuild info: version: '4.37.0', revision: '3c1da1e342'\nSystem info: os.name: 'Linux', os.arch: 'amd64', os.version: '6.11.0-1018-azure', java.version: '21.0.9'\nDriver info: driver.version: unknown","time":{"start":1766630572378,"stop":1766630584681,"duration":12303}},{"uid":"7079db365fc713b1","reportUrl":"https://m1mohammed1.github.io/orangeHRM/15/#testresult/7079db365fc713b1","status":"broken","statusDetails":"Expected condition failed: waiting for element to be clickable: By.xpath: //button[i[contains(@class, 'bi-chat-text')]] (tried for 10 second(s) with 300 milliseconds interval)\nBuild info: version: '4.37.0', revision: '3c1da1e342'\nSystem info: os.name: 'Linux', os.arch: 'amd64', os.version: '6.11.0-1018-azure', java.version: '21.0.9'\nDriver info: driver.version: unknown","time":{"start":1766622854298,"stop":1766622865645,"duration":11347}},{"uid":"cab47519afa34fe3","reportUrl":"https://m1mohammed1.github.io/orangeHRM/13/#testresult/cab47519afa34fe3","status":"broken","statusDetails":"Expected condition failed: waiting for element to be clickable: By.xpath: //button[i[contains(@class, 'bi-chat-text')]] (tried for 10 second(s) with 300 milliseconds interval)\nBuild info: version: '4.37.0', revision: '3c1da1e342'\nSystem info: os.name: 'Linux', os.arch: 'amd64', os.version: '6.11.0-1018-azure', java.version: '21.0.9'\nDriver info: driver.version: unknown","time":{"start":1766619172646,"stop":1766619183754,"duration":11108}}]},"tags":[]},"source":"4ddcf84daf9c559d.json","parameterValues":["edge"]}