{"uid":"5008c69a35b854e4","name":"TC04 - Verify Tracker Lifecycle: Create","fullName":"project_orangehrm.Test.Performance_Configuration_Test.verifyTracker_Lifecycle_Success","historyId":"cb68c576544f08e44d2fd3a0e3d6b5c2","time":{"start":1767023639113,"stop":1767023639113,"duration":0},"status":"skipped","statusMessage":"Expected condition failed: waiting for project_orangehrm.Base.BasePage$$Lambda/0x00007f974836ccb0@3a4aadf8 (tried for 10 second(s) with 300 milliseconds interval)","statusTrace":"org.openqa.selenium.TimeoutException: Expected condition failed: waiting for project_orangehrm.Base.BasePage$$Lambda/0x00007f974836ccb0@3a4aadf8 (tried for 10 second(s) with 300 milliseconds interval)\n\tat org.openqa.selenium.support.ui.FluentWait.timeoutException(FluentWait.java:265)\n\tat org.openqa.selenium.support.ui.FluentWait.until(FluentWait.java:228)\n\tat project_orangehrm.Base.BasePage.typeText(BasePage.java:82)\n\tat project_orangehrm.Pages.LoginPage.enterUsername(LoginPage.java:22)\n\tat project_orangehrm.Test.Performance_Configuration_Test.setup(Performance_Configuration_Test.java:23)\n\tat java.base/jdk.internal.reflect.DirectMethodHandleAccessor.invoke(DirectMethodHandleAccessor.java:103)\n\tat java.base/java.lang.reflect.Method.invoke(Method.java:580)\n\tat org.testng.internal.invokers.MethodInvocationHelper.invokeMethod(MethodInvocationHelper.java:141)\n\tat org.testng.internal.invokers.MethodInvocationHelper.invokeMethodConsideringTimeout(MethodInvocationHelper.java:71)\n\tat org.testng.internal.invokers.ConfigInvoker.invokeConfigurationMethod(ConfigInvoker.java:400)\n\tat org.testng.internal.invokers.ConfigInvoker.invokeConfigurations(ConfigInvoker.java:333)\n\tat org.testng.internal.invokers.TestInvoker.runConfigMethods(TestInvoker.java:836)\n\tat org.testng.internal.invokers.TestInvoker.invokeMethod(TestInvoker.java:601)\n\tat org.testng.internal.invokers.TestInvoker.invokeTestMethod(TestInvoker.java:230)\n\tat org.testng.internal.invokers.MethodRunner.runInSequence(MethodRunner.java:63)\n\tat org.testng.internal.invokers.TestInvoker$MethodInvocationAgent.invoke(TestInvoker.java:995)\n\tat org.testng.internal.invokers.TestInvoker.invokeTestMethods(TestInvoker.java:203)\n\tat org.testng.internal.invokers.TestMethodWorker.invokeTestMethods(TestMethodWorker.java:154)\n\tat org.testng.internal.invokers.TestMethodWorker.run(TestMethodWorker.java:134)\n\tat java.base/java.util.ArrayList.forEach(ArrayList.java:1596)\n\tat org.testng.TestRunner.privateRun(TestRunner.java:741)\n\tat org.testng.TestRunner.run(TestRunner.java:616)\n\tat org.testng.SuiteRunner.runTest(SuiteRunner.java:421)\n\tat org.testng.SuiteRunner.runSequentially(SuiteRunner.java:413)\n\tat org.testng.SuiteRunner.privateRun(SuiteRunner.java:373)\n\tat org.testng.SuiteRunner.run(SuiteRunner.java:312)\n\tat org.testng.SuiteRunnerWorker.runSuite(SuiteRunnerWorker.java:52)\n\tat org.testng.SuiteRunnerWorker.run(SuiteRunnerWorker.java:95)\n\tat org.testng.TestNG.runSuitesSequentially(TestNG.java:1274)\n\tat org.testng.TestNG.runSuitesLocally(TestNG.java:1208)\n\tat org.testng.TestNG.runSuites(TestNG.java:1112)\n\tat org.testng.TestNG.run(TestNG.java:1079)\n\tat org.apache.maven.surefire.testng.TestNGExecutor.run(TestNGExecutor.java:155)\n\tat org.apache.maven.surefire.testng.TestNGDirectoryTestSuite.executeSingleClass(TestNGDirectoryTestSuite.java:102)\n\tat org.apache.maven.surefire.testng.TestNGDirectoryTestSuite.execute(TestNGDirectoryTestSuite.java:91)\n\tat org.apache.maven.surefire.testng.TestNGProvider.invoke(TestNGProvider.java:137)\n\tat org.apache.maven.surefire.booter.ForkedBooter.runSuitesInProcess(ForkedBooter.java:385)\n\tat org.apache.maven.surefire.booter.ForkedBooter.execute(ForkedBooter.java:162)\n\tat org.apache.maven.surefire.booter.ForkedBooter.run(ForkedBooter.java:507)\n\tat org.apache.maven.surefire.booter.ForkedBooter.main(ForkedBooter.java:495)\nCaused by: org.openqa.selenium.NoSuchElementException: no such element: Unable to locate element: {\"method\":\"css selector\",\"selector\":\"input[placeholder='Username']\"}\n  (Session info: MicrosoftEdge=143.0.3650.80)\nFor documentation on this error, please visit: https://www.selenium.dev/documentation/webdriver/troubleshooting/errors#nosuchelementexception\nBuild info: version: '4.39.0', revision: '126f156aee'\nSystem info: os.name: 'Linux', os.arch: 'amd64', os.version: '6.11.0-1018-azure', java.version: '21.0.9'\nDriver info: org.openqa.selenium.edge.EdgeDriver\nCommand: [db0a7096965c551146e92e61ba777f25, findElement {value=input[placeholder='Username'], using=css selector}]\nCapabilities {acceptInsecureCerts: false, browserName: MicrosoftEdge, browserVersion: 143.0.3650.80, fedcm:accounts: true, goog:processID: 2656, ms:edgeOptions: {debuggerAddress: localhost:35203}, msedge: {msedgedriverVersion: 143.0.3650.80 (788579717f68..., userDataDir: /tmp/.com.microsoft.Edge.sc...}, networkConnectionEnabled: false, pageLoadStrategy: normal, platformName: linux, proxy: Proxy(), se:cdp: ws://localhost:35203/devtoo..., se:cdpVersion: 143.0.3650.80, setWindowRect: true, strictFileInteractability: false, timeouts: {implicit: 0, pageLoad: 300000, script: 30000}, unhandledPromptBehavior: dismiss and notify, webauthn:extension:credBlob: true, webauthn:extension:largeBlob: true, webauthn:extension:minPinLength: true, webauthn:extension:prf: true, webauthn:virtualAuthenticators: true}\nSession ID: db0a7096965c551146e92e61ba777f25\n\tat java.base/jdk.internal.reflect.DirectConstructorHandleAccessor.newInstance(DirectConstructorHandleAccessor.java:62)\n\tat java.base/java.lang.reflect.Constructor.newInstanceWithCaller(Constructor.java:502)\n\tat java.base/java.lang.reflect.Constructor.newInstance(Constructor.java:486)\n\tat org.openqa.selenium.remote.ErrorCodec.decode(ErrorCodec.java:167)\n\tat org.openqa.selenium.remote.codec.w3c.W3CHttpResponseCodec.decode(W3CHttpResponseCodec.java:142)\n\tat org.openqa.selenium.remote.codec.w3c.W3CHttpResponseCodec.decode(W3CHttpResponseCodec.java:49)\n\tat org.openqa.selenium.remote.HttpCommandExecutor.execute(HttpCommandExecutor.java:215)\n\tat org.openqa.selenium.remote.service.DriverCommandExecutor.invokeExecute(DriverCommandExecutor.java:216)\n\tat org.openqa.selenium.remote.service.DriverCommandExecutor.execute(DriverCommandExecutor.java:174)\n\tat org.openqa.selenium.remote.RemoteWebDriver.execute(RemoteWebDriver.java:561)\n\tat org.openqa.selenium.remote.ElementLocation$ElementFinder$2.findElement(ElementLocation.java:166)\n\tat org.openqa.selenium.remote.ElementLocation.findElement(ElementLocation.java:60)\n\tat org.openqa.selenium.remote.RemoteWebDriver.findElement(RemoteWebDriver.java:384)\n\tat org.openqa.selenium.remote.RemoteWebDriver.findElement(RemoteWebDriver.java:378)\n\tat project_orangehrm.Base.BasePage.lambda$typeText$0(BasePage.java:83)\n\tat org.openqa.selenium.support.ui.FluentWait.until(FluentWait.java:203)\n\t... 38 more\n","flaky":false,"newFailed":false,"newBroken":false,"newPassed":false,"retriesCount":0,"retriesStatusChange":false,"beforeStages":[{"name":"setUp","time":{"start":1767023635288,"stop":1767023636882,"duration":1594},"description":"","status":"passed","steps":[],"attachments":[],"parameters":[],"stepsCount":0,"shouldDisplayMessage":false,"attachmentsCount":0,"hasContent":false,"attachmentStep":false},{"name":"setup","time":{"start":1767023636883,"stop":1767023639110,"duration":2227},"description":"","status":"passed","steps":[],"attachments":[],"parameters":[],"stepsCount":0,"shouldDisplayMessage":false,"attachmentsCount":0,"hasContent":false,"attachmentStep":false}],"afterStages":[{"name":"tearDown","time":{"start":1767023639114,"stop":1767023639189,"duration":75},"description":"","status":"passed","steps":[],"attachments":[],"parameters":[],"stepsCount":0,"shouldDisplayMessage":false,"attachmentsCount":0,"hasContent":false,"attachmentStep":false}],"labels":[{"name":"package","value":"project_orangehrm.Test.Performance_Configuration_Test"},{"name":"testClass","value":"project_orangehrm.Test.Performance_Configuration_Test"},{"name":"testMethod","value":"verifyTracker_Lifecycle_Success"},{"name":"parentSuite","value":"Surefire suite"},{"name":"suite","value":"Surefire test"},{"name":"subSuite","value":"project_orangehrm.Test.Performance_Configuration_Test"},{"name":"host","value":"runnervmh13bl"},{"name":"thread","value":"2572@runnervmh13bl.main(1)"},{"name":"framework","value":"testng"},{"name":"language","value":"java"},{"name":"resultFormat","value":"allure2"}],"parameters":[],"links":[],"hidden":false,"retry":false,"extra":{"severity":"normal","retries":[],"categories":[],"history":{"statistic":{"failed":0,"broken":2,"skipped":1,"passed":12,"unknown":0,"total":15},"items":[{"uid":"a581b566e6046f0f","reportUrl":"https://m1mohammed1.github.io/orangeHRM/62/#testresult/a581b566e6046f0f","status":"passed","time":{"start":1767020654462,"stop":1767020664634,"duration":10172}},{"uid":"b29a89dc027317a","reportUrl":"https://m1mohammed1.github.io/orangeHRM/61/#testresult/b29a89dc027317a","status":"passed","time":{"start":1767018454964,"stop":1767018464532,"duration":9568}},{"uid":"19d590110b414a3d","reportUrl":"https://m1mohammed1.github.io/orangeHRM/60/#testresult/19d590110b414a3d","status":"passed","time":{"start":1766961847015,"stop":1766961856647,"duration":9632}},{"uid":"4a02c083528f2b78","reportUrl":"https://m1mohammed1.github.io/orangeHRM/59/#testresult/4a02c083528f2b78","status":"passed","time":{"start":1766957961538,"stop":1766957971159,"duration":9621}},{"uid":"9777c2816a877fb9","reportUrl":"https://m1mohammed1.github.io/orangeHRM/58/#testresult/9777c2816a877fb9","status":"passed","time":{"start":1766955386018,"stop":1766955393120,"duration":7102}},{"uid":"dd676a5daeefe2a5","reportUrl":"https://m1mohammed1.github.io/orangeHRM/57/#testresult/dd676a5daeefe2a5","status":"passed","time":{"start":1766953313260,"stop":1766953320523,"duration":7263}},{"uid":"939cf9fd06134183","reportUrl":"https://m1mohammed1.github.io/orangeHRM/55/#testresult/939cf9fd06134183","status":"passed","time":{"start":1766948941787,"stop":1766948951564,"duration":9777}},{"uid":"2e2bd9f8901d8b32","reportUrl":"https://m1mohammed1.github.io/orangeHRM/53/#testresult/2e2bd9f8901d8b32","status":"passed","time":{"start":1766936252826,"stop":1766936259072,"duration":6246}},{"uid":"980016858562bd63","reportUrl":"https://m1mohammed1.github.io/orangeHRM/52/#testresult/980016858562bd63","status":"broken","statusDetails":"Expected condition failed: waiting for element to be clickable: By.xpath: //div[@role='listbox']//span (tried for 10 second(s) with 300 milliseconds interval)\nBuild info: version: '4.39.0', revision: '126f156aee'\nSystem info: os.name: 'Linux', os.arch: 'amd64', os.version: '6.11.0-1018-azure', java.version: '21.0.9'\nDriver info: driver.version: unknown","time":{"start":1766883418195,"stop":1766883433711,"duration":15516}},{"uid":"4ebb0af3aa81199b","reportUrl":"https://m1mohammed1.github.io/orangeHRM/51/#testresult/4ebb0af3aa81199b","status":"passed","time":{"start":1766874052904,"stop":1766874060394,"duration":7490}},{"uid":"a3a67a07e5df3cea","reportUrl":"https://m1mohammed1.github.io/orangeHRM/50/#testresult/a3a67a07e5df3cea","status":"passed","time":{"start":1766871218328,"stop":1766871227999,"duration":9671}},{"uid":"c2dad553df8165c6","reportUrl":"https://m1mohammed1.github.io/orangeHRM/49/#testresult/c2dad553df8165c6","status":"passed","time":{"start":1766869077177,"stop":1766869084698,"duration":7521}},{"uid":"1a02297db4a9f00e","reportUrl":"https://m1mohammed1.github.io/orangeHRM/32/#testresult/1a02297db4a9f00e","status":"passed","time":{"start":1766788698937,"stop":1766788703358,"duration":4421}},{"uid":"183a9bb912fb1e74","reportUrl":"https://m1mohammed1.github.io/orangeHRM/22/#testresult/183a9bb912fb1e74","status":"broken","statusDetails":"Expected condition failed: waiting for element to be clickable: By.xpath: //div[@role='listbox']//span (tried for 10 second(s) with 300 milliseconds interval)\nBuild info: version: '4.37.0', revision: '3c1da1e342'\nSystem info: os.name: 'Linux', os.arch: 'amd64', os.version: '6.11.0-1018-azure', java.version: '21.0.9'\nDriver info: driver.version: unknown","time":{"start":1766707348375,"stop":1766707360490,"duration":12115}}]},"tags":[]},"source":"5008c69a35b854e4.json","parameterValues":[]}