{"uid":"56272a7290b374f5","name":"TC03 - Verify Report Lifecycle: Create, Verify, Edit, Delete","fullName":"project_orangehrm.Test.PIM_Reports_Test.verifyReport_Lifecycle_Edit","historyId":"46090797701d0b8fc16d6aa551f0ed9c","time":{"start":1766706955701,"stop":1766707000666,"duration":44965},"status":"broken","statusMessage":"Expected condition failed: waiting for element to be clickable: By.xpath: //div[contains(text(),'QA Automation All Employee Audit Report')]/ancestor::div[@role='row']//button[i[contains(@class, 'bi-trash')]] (tried for 10 second(s) with 300 milliseconds interval)\nBuild info: version: '4.37.0', revision: '3c1da1e342'\nSystem info: os.name: 'Linux', os.arch: 'amd64', os.version: '6.11.0-1018-azure', java.version: '21.0.9'\nDriver info: driver.version: unknown","statusTrace":"org.openqa.selenium.TimeoutException: Expected condition failed: waiting for element to be clickable: By.xpath: //div[contains(text(),'QA Automation All Employee Audit Report')]/ancestor::div[@role='row']//button[i[contains(@class, 'bi-trash')]] (tried for 10 second(s) with 300 milliseconds interval)\nBuild info: version: '4.37.0', revision: '3c1da1e342'\nSystem info: os.name: 'Linux', os.arch: 'amd64', os.version: '6.11.0-1018-azure', java.version: '21.0.9'\nDriver info: driver.version: unknown\n\tat org.openqa.selenium.support.ui.FluentWait.timeoutException(FluentWait.java:265)\n\tat org.openqa.selenium.support.ui.FluentWait.until(FluentWait.java:228)\n\tat project_orangehrm.Base.BasePage.clickWhenReady(BasePage.java:95)\n\tat project_orangehrm.Pages.CommonPage.delete(CommonPage.java:221)\n\tat project_orangehrm.Pages.PIMPage.deleteSpecificValue(PIMPage.java:138)\n\tat project_orangehrm.Test.PIM_Reports_Test.verifyReport_Lifecycle_Edit(PIM_Reports_Test.java:79)\n\tat java.base/jdk.internal.reflect.DirectMethodHandleAccessor.invoke(DirectMethodHandleAccessor.java:103)\n\tat java.base/java.lang.reflect.Method.invoke(Method.java:580)\n\tat org.testng.internal.invokers.MethodInvocationHelper.invokeMethod(MethodInvocationHelper.java:141)\n\tat org.testng.internal.invokers.TestInvoker.invokeMethod(TestInvoker.java:687)\n\tat org.testng.internal.invokers.TestInvoker.invokeTestMethod(TestInvoker.java:230)\n\tat org.testng.internal.invokers.MethodRunner.runInSequence(MethodRunner.java:63)\n\tat org.testng.internal.invokers.TestInvoker$MethodInvocationAgent.invoke(TestInvoker.java:995)\n\tat org.testng.internal.invokers.TestInvoker.invokeTestMethods(TestInvoker.java:203)\n\tat org.testng.internal.invokers.TestMethodWorker.invokeTestMethods(TestMethodWorker.java:154)\n\tat org.testng.internal.invokers.TestMethodWorker.run(TestMethodWorker.java:134)\n\tat java.base/java.util.concurrent.Executors$RunnableAdapter.call(Executors.java:572)\n\tat java.base/java.util.concurrent.FutureTask.run(FutureTask.java:317)\n\tat org.testng.internal.thread.graph.TestNGFutureTask.run(TestNGFutureTask.java:22)\n\tat java.base/java.util.concurrent.ThreadPoolExecutor.runWorker(ThreadPoolExecutor.java:1144)\n\tat java.base/java.util.concurrent.ThreadPoolExecutor$Worker.run(ThreadPoolExecutor.java:642)\n\tat java.base/java.lang.Thread.run(Thread.java:1583)\n","flaky":false,"newFailed":false,"newBroken":false,"newPassed":false,"retriesCount":0,"retriesStatusChange":false,"beforeStages":[{"name":"setUp","time":{"start":1766706952413,"stop":1766706953424,"duration":1011},"description":"","status":"passed","steps":[],"attachments":[],"parameters":[],"stepsCount":0,"shouldDisplayMessage":false,"attachmentsCount":0,"hasContent":false,"attachmentStep":false},{"name":"setup","time":{"start":1766706953425,"stop":1766706955700,"duration":2275},"description":"","status":"passed","steps":[],"attachments":[],"parameters":[],"stepsCount":0,"shouldDisplayMessage":false,"attachmentsCount":0,"hasContent":false,"attachmentStep":false}],"testStage":{"status":"broken","statusMessage":"Expected condition failed: waiting for element to be clickable: By.xpath: //div[contains(text(),'QA Automation All Employee Audit Report')]/ancestor::div[@role='row']//button[i[contains(@class, 'bi-trash')]] (tried for 10 second(s) with 300 milliseconds interval)\nBuild info: version: '4.37.0', revision: '3c1da1e342'\nSystem info: os.name: 'Linux', os.arch: 'amd64', os.version: '6.11.0-1018-azure', java.version: '21.0.9'\nDriver info: driver.version: unknown","statusTrace":"org.openqa.selenium.TimeoutException: Expected condition failed: waiting for element to be clickable: By.xpath: //div[contains(text(),'QA Automation All Employee Audit Report')]/ancestor::div[@role='row']//button[i[contains(@class, 'bi-trash')]] (tried for 10 second(s) with 300 milliseconds interval)\nBuild info: version: '4.37.0', revision: '3c1da1e342'\nSystem info: os.name: 'Linux', os.arch: 'amd64', os.version: '6.11.0-1018-azure', java.version: '21.0.9'\nDriver info: driver.version: unknown\n\tat org.openqa.selenium.support.ui.FluentWait.timeoutException(FluentWait.java:265)\n\tat org.openqa.selenium.support.ui.FluentWait.until(FluentWait.java:228)\n\tat project_orangehrm.Base.BasePage.clickWhenReady(BasePage.java:95)\n\tat project_orangehrm.Pages.CommonPage.delete(CommonPage.java:221)\n\tat project_orangehrm.Pages.PIMPage.deleteSpecificValue(PIMPage.java:138)\n\tat project_orangehrm.Test.PIM_Reports_Test.verifyReport_Lifecycle_Edit(PIM_Reports_Test.java:79)\n\tat java.base/jdk.internal.reflect.DirectMethodHandleAccessor.invoke(DirectMethodHandleAccessor.java:103)\n\tat java.base/java.lang.reflect.Method.invoke(Method.java:580)\n\tat org.testng.internal.invokers.MethodInvocationHelper.invokeMethod(MethodInvocationHelper.java:141)\n\tat org.testng.internal.invokers.TestInvoker.invokeMethod(TestInvoker.java:687)\n\tat org.testng.internal.invokers.TestInvoker.invokeTestMethod(TestInvoker.java:230)\n\tat org.testng.internal.invokers.MethodRunner.runInSequence(MethodRunner.java:63)\n\tat org.testng.internal.invokers.TestInvoker$MethodInvocationAgent.invoke(TestInvoker.java:995)\n\tat org.testng.internal.invokers.TestInvoker.invokeTestMethods(TestInvoker.java:203)\n\tat org.testng.internal.invokers.TestMethodWorker.invokeTestMethods(TestMethodWorker.java:154)\n\tat org.testng.internal.invokers.TestMethodWorker.run(TestMethodWorker.java:134)\n\tat java.base/java.util.concurrent.Executors$RunnableAdapter.call(Executors.java:572)\n\tat java.base/java.util.concurrent.FutureTask.run(FutureTask.java:317)\n\tat org.testng.internal.thread.graph.TestNGFutureTask.run(TestNGFutureTask.java:22)\n\tat java.base/java.util.concurrent.ThreadPoolExecutor.runWorker(ThreadPoolExecutor.java:1144)\n\tat java.base/java.util.concurrent.ThreadPoolExecutor$Worker.run(ThreadPoolExecutor.java:642)\n\tat java.base/java.lang.Thread.run(Thread.java:1583)\n","steps":[],"attachments":[{"uid":"1e2e0a631caba6ba","name":"SoftAssert_Failed - 2025-12-25T23:56:08.502347138","source":"1e2e0a631caba6ba.png","type":"image/png","size":144304},{"uid":"d542ced417343ff3","name":"Page Source","source":"d542ced417343ff3.html","type":"text/html","size":316311},{"uid":"7c6e23a918d93f86","name":"SoftAssert_Failed - 2025-12-25T23:56:28.304654965","source":"7c6e23a918d93f86.png","type":"image/png","size":142313},{"uid":"8ea5ec65ff872aee","name":"Page Source","source":"8ea5ec65ff872aee.html","type":"text/html","size":316266}],"parameters":[],"stepsCount":0,"shouldDisplayMessage":true,"attachmentsCount":4,"hasContent":true,"attachmentStep":false},"afterStages":[{"name":"tearDown","time":{"start":1766707000667,"stop":1766707004735,"duration":4068},"description":"","status":"passed","steps":[],"attachments":[{"uid":"4b9b73bac22c28df","name":"Screenshot Failure - verifyReport_Lifecycle_Edit","source":"4b9b73bac22c28df.png","type":"image/png","size":97315},{"uid":"70d197b7b156cf31","name":"Page Source","source":"70d197b7b156cf31.html","type":"text/html","size":297326}],"parameters":[],"stepsCount":0,"shouldDisplayMessage":false,"attachmentsCount":2,"hasContent":true,"attachmentStep":false}],"labels":[{"name":"package","value":"project_orangehrm.Test.PIM_Reports_Test"},{"name":"testClass","value":"project_orangehrm.Test.PIM_Reports_Test"},{"name":"testMethod","value":"verifyReport_Lifecycle_Edit"},{"name":"parentSuite","value":"OrangeHRM_E2E_Suite"},{"name":"suite","value":"Step5_Performance_Engagement"},{"name":"subSuite","value":"project_orangehrm.Test.PIM_Reports_Test"},{"name":"host","value":"runnervmh13bl"},{"name":"thread","value":"2359@runnervmh13bl.TestNG-test-Step5_Performance_Engagement-2(3379)"},{"name":"framework","value":"testng"},{"name":"language","value":"java"},{"name":"resultFormat","value":"allure2"}],"parameters":[{"name":"browser","value":"edge"}],"links":[],"hidden":false,"retry":false,"extra":{"severity":"normal","retries":[],"categories":[{"name":"Test defects","matchedStatuses":[],"flaky":false}],"history":{"statistic":{"failed":3,"broken":5,"skipped":0,"passed":0,"unknown":0,"total":8},"items":[{"uid":"fbc6c0bc1181a077","reportUrl":"https://m1mohammed1.github.io/orangeHRM/17/#testresult/fbc6c0bc1181a077","status":"broken","statusDetails":"Expected condition failed: waiting for element to be clickable: By.xpath: //div[contains(text(),'QA Automation All Employee Audit Report')]/ancestor::div[@role='row']//button[i[contains(@class, 'bi-trash')]] (tried for 10 second(s) with 300 milliseconds interval)\nBuild info: version: '4.37.0', revision: '3c1da1e342'\nSystem info: os.name: 'Linux', os.arch: 'amd64', os.version: '6.11.0-1018-azure', java.version: '21.0.9'\nDriver info: driver.version: unknown","time":{"start":1766696744365,"stop":1766696791083,"duration":46718}},{"uid":"31c53292c3746875","reportUrl":"https://m1mohammed1.github.io/orangeHRM/16/#testresult/31c53292c3746875","status":"broken","statusDetails":"Expected condition failed: waiting for element to be clickable: By.xpath: //div[contains(text(),'QA Automation All Employee Audit Report')]/ancestor::div[@role='row']//button[i[contains(@class, 'bi-trash')]] (tried for 10 second(s) with 300 milliseconds interval)\nBuild info: version: '4.37.0', revision: '3c1da1e342'\nSystem info: os.name: 'Linux', os.arch: 'amd64', os.version: '6.11.0-1018-azure', java.version: '21.0.9'\nDriver info: driver.version: unknown","time":{"start":1766630846525,"stop":1766630884267,"duration":37742}},{"uid":"5c2d7e2d1417e433","reportUrl":"https://m1mohammed1.github.io/orangeHRM/15/#testresult/5c2d7e2d1417e433","status":"broken","statusDetails":"Expected condition failed: waiting for element to be clickable: By.xpath: //div[contains(text(),'QA Automation All Employee Audit Report')]/ancestor::div[@role='row']//button[i[contains(@class, 'bi-trash')]] (tried for 10 second(s) with 300 milliseconds interval)\nBuild info: version: '4.37.0', revision: '3c1da1e342'\nSystem info: os.name: 'Linux', os.arch: 'amd64', os.version: '6.11.0-1018-azure', java.version: '21.0.9'\nDriver info: driver.version: unknown","time":{"start":1766623106571,"stop":1766623121088,"duration":14517}},{"uid":"85de0fc4aac215e8","reportUrl":"https://m1mohammed1.github.io/orangeHRM/13/#testresult/85de0fc4aac215e8","status":"broken","statusDetails":"Expected condition failed: waiting for element to be clickable: By.xpath: //div[contains(text(),'QA Automation All Employee Audit Report')]/ancestor::div[@role='row']//button[i[contains(@class, 'bi-trash')]] (tried for 10 second(s) with 300 milliseconds interval)\nBuild info: version: '4.37.0', revision: '3c1da1e342'\nSystem info: os.name: 'Linux', os.arch: 'amd64', os.version: '6.11.0-1018-azure', java.version: '21.0.9'\nDriver info: driver.version: unknown","time":{"start":1766619427190,"stop":1766619441223,"duration":14033}},{"uid":"a401ac6d26ef5379","reportUrl":"https://m1mohammed1.github.io/orangeHRM/11/#testresult/a401ac6d26ef5379","status":"failed","statusDetails":"Success message not displayed | Locator: By.xpath: //div[contains(@class, 'oxd-toast--success')]","time":{"start":1766604982789,"stop":1766604995318,"duration":12529}},{"uid":"bd726a4b6334967","reportUrl":"https://m1mohammed1.github.io/orangeHRM/10/#testresult/bd726a4b6334967","status":"failed","statusDetails":"Success message not displayed | Locator: By.xpath: //div[contains(@class, 'oxd-toast--success')]","time":{"start":1766598420249,"stop":1766598434831,"duration":14582}},{"uid":"7e36e9b67c2ce89f","reportUrl":"https://m1mohammed1.github.io/orangeHRM/9/#testresult/7e36e9b67c2ce89f","status":"failed","statusDetails":"Success message not displayed | Locator: By.xpath: //div[contains(@class, 'oxd-toast--success')]","time":{"start":1766596676907,"stop":1766596699497,"duration":22590}}]},"tags":[]},"source":"56272a7290b374f5.json","parameterValues":["edge"]}