{"uid":"57a1aa9df2bd1e24","name":"TC12 - Verify Education Add","fullName":"project_orangehrm.Test.PIM_EmployeeDetails_Test.verifyQualifications_Education_Add_Success","historyId":"e936921baf8e133f0a9bb450fd0f376c","time":{"start":1766763676371,"stop":1766763676371,"duration":0},"status":"skipped","statusMessage":"Expected condition failed: waiting for project_orangehrm.Base.BasePage$$Lambda/0x00007fd2f83468a8@5ed31735 (tried for 10 second(s) with 300 milliseconds interval)","statusTrace":"org.openqa.selenium.TimeoutException: Expected condition failed: waiting for project_orangehrm.Base.BasePage$$Lambda/0x00007fd2f83468a8@5ed31735 (tried for 10 second(s) with 300 milliseconds interval)\n\tat org.openqa.selenium.support.ui.FluentWait.timeoutException(FluentWait.java:265)\n\tat org.openqa.selenium.support.ui.FluentWait.until(FluentWait.java:228)\n\tat project_orangehrm.Base.BasePage.typeText(BasePage.java:82)\n\tat project_orangehrm.Pages.LoginPage.enterUsername(LoginPage.java:22)\n\tat project_orangehrm.Test.PIM_EmployeeDetails_Test.setup(PIM_EmployeeDetails_Test.java:23)\n\tat java.base/jdk.internal.reflect.DirectMethodHandleAccessor.invoke(DirectMethodHandleAccessor.java:103)\n\tat java.base/java.lang.reflect.Method.invoke(Method.java:580)\n\tat org.testng.internal.invokers.MethodInvocationHelper.invokeMethod(MethodInvocationHelper.java:141)\n\tat org.testng.internal.invokers.MethodInvocationHelper.invokeMethodConsideringTimeout(MethodInvocationHelper.java:71)\n\tat org.testng.internal.invokers.ConfigInvoker.invokeConfigurationMethod(ConfigInvoker.java:400)\n\tat org.testng.internal.invokers.ConfigInvoker.invokeConfigurations(ConfigInvoker.java:333)\n\tat org.testng.internal.invokers.TestInvoker.runConfigMethods(TestInvoker.java:836)\n\tat org.testng.internal.invokers.TestInvoker.invokeMethod(TestInvoker.java:601)\n\tat org.testng.internal.invokers.TestInvoker.invokeTestMethod(TestInvoker.java:230)\n\tat org.testng.internal.invokers.MethodRunner.runInSequence(MethodRunner.java:63)\n\tat org.testng.internal.invokers.TestInvoker$MethodInvocationAgent.invoke(TestInvoker.java:995)\n\tat org.testng.internal.invokers.TestInvoker.invokeTestMethods(TestInvoker.java:203)\n\tat org.testng.internal.invokers.TestMethodWorker.invokeTestMethods(TestMethodWorker.java:154)\n\tat org.testng.internal.invokers.TestMethodWorker.run(TestMethodWorker.java:134)\n\tat java.base/java.util.ArrayList.forEach(ArrayList.java:1596)\n\tat org.testng.TestRunner.privateRun(TestRunner.java:741)\n\tat org.testng.TestRunner.run(TestRunner.java:616)\n\tat org.testng.SuiteRunner.runTest(SuiteRunner.java:421)\n\tat org.testng.SuiteRunner.runSequentially(SuiteRunner.java:413)\n\tat org.testng.SuiteRunner.privateRun(SuiteRunner.java:373)\n\tat org.testng.SuiteRunner.run(SuiteRunner.java:312)\n\tat org.testng.SuiteRunnerWorker.runSuite(SuiteRunnerWorker.java:52)\n\tat org.testng.SuiteRunnerWorker.run(SuiteRunnerWorker.java:95)\n\tat org.testng.TestNG.runSuitesSequentially(TestNG.java:1274)\n\tat org.testng.TestNG.runSuitesLocally(TestNG.java:1208)\n\tat org.testng.TestNG.runSuites(TestNG.java:1112)\n\tat org.testng.TestNG.run(TestNG.java:1079)\n\tat org.apache.maven.surefire.testng.TestNGExecutor.run(TestNGExecutor.java:308)\n\tat org.apache.maven.surefire.testng.TestNGXmlTestSuite.execute(TestNGXmlTestSuite.java:71)\n\tat org.apache.maven.surefire.testng.TestNGProvider.invoke(TestNGProvider.java:113)\n\tat org.apache.maven.surefire.booter.ForkedBooter.runSuitesInProcess(ForkedBooter.java:385)\n\tat org.apache.maven.surefire.booter.ForkedBooter.execute(ForkedBooter.java:162)\n\tat org.apache.maven.surefire.booter.ForkedBooter.run(ForkedBooter.java:507)\n\tat org.apache.maven.surefire.booter.ForkedBooter.main(ForkedBooter.java:495)\nCaused by: org.openqa.selenium.NoSuchElementException: no such element: Unable to locate element: {\"method\":\"css selector\",\"selector\":\"input[placeholder='Username']\"}\n  (Session info: chrome=143.0.7499.109)\nFor documentation on this error, please visit: https://www.selenium.dev/documentation/webdriver/troubleshooting/errors#nosuchelementexception\nBuild info: version: '4.37.0', revision: '3c1da1e342'\nSystem info: os.name: 'Linux', os.arch: 'amd64', os.version: '6.11.0-1018-azure', java.version: '21.0.9'\nDriver info: org.openqa.selenium.chrome.ChromeDriver\nCommand: [dfb55e9622ee5feddffc61bd0f9f06c9, findElement {using=css selector, value=input[placeholder='Username']}]\nCapabilities {acceptInsecureCerts: false, browserName: chrome, browserVersion: 143.0.7499.109, chrome: {chromedriverVersion: 143.0.7499.169 (164b20aab62..., userDataDir: /tmp/.org.chromium.Chromium...}, fedcm:accounts: true, goog:chromeOptions: {debuggerAddress: localhost:35397}, goog:processID: 4790, networkConnectionEnabled: false, pageLoadStrategy: normal, platformName: linux, proxy: Proxy(), se:cdp: ws://localhost:35397/devtoo..., se:cdpVersion: 143.0.7499.109, setWindowRect: true, strictFileInteractability: false, timeouts: {implicit: 0, pageLoad: 300000, script: 30000}, unhandledPromptBehavior: dismiss and notify, webauthn:extension:credBlob: true, webauthn:extension:largeBlob: true, webauthn:extension:minPinLength: true, webauthn:extension:prf: true, webauthn:virtualAuthenticators: true}\nSession ID: dfb55e9622ee5feddffc61bd0f9f06c9\n\tat java.base/jdk.internal.reflect.DirectConstructorHandleAccessor.newInstance(DirectConstructorHandleAccessor.java:62)\n\tat java.base/java.lang.reflect.Constructor.newInstanceWithCaller(Constructor.java:502)\n\tat java.base/java.lang.reflect.Constructor.newInstance(Constructor.java:486)\n\tat org.openqa.selenium.remote.ErrorCodec.decode(ErrorCodec.java:167)\n\tat org.openqa.selenium.remote.codec.w3c.W3CHttpResponseCodec.decode(W3CHttpResponseCodec.java:138)\n\tat org.openqa.selenium.remote.codec.w3c.W3CHttpResponseCodec.decode(W3CHttpResponseCodec.java:50)\n\tat org.openqa.selenium.remote.HttpCommandExecutor.execute(HttpCommandExecutor.java:215)\n\tat org.openqa.selenium.remote.service.DriverCommandExecutor.invokeExecute(DriverCommandExecutor.java:216)\n\tat org.openqa.selenium.remote.service.DriverCommandExecutor.execute(DriverCommandExecutor.java:174)\n\tat org.openqa.selenium.remote.RemoteWebDriver.execute(RemoteWebDriver.java:557)\n\tat org.openqa.selenium.remote.ElementLocation$ElementFinder$2.findElement(ElementLocation.java:165)\n\tat org.openqa.selenium.remote.ElementLocation.findElement(ElementLocation.java:59)\n\tat org.openqa.selenium.remote.RemoteWebDriver.findElement(RemoteWebDriver.java:380)\n\tat org.openqa.selenium.remote.RemoteWebDriver.findElement(RemoteWebDriver.java:374)\n\tat project_orangehrm.Base.BasePage.lambda$typeText$0(BasePage.java:83)\n\tat org.openqa.selenium.support.ui.FluentWait.until(FluentWait.java:203)\n\t... 37 more\n","flaky":false,"newFailed":false,"newBroken":false,"newPassed":false,"retriesCount":15,"retriesStatusChange":false,"beforeStages":[{"name":"setup","time":{"start":1766763676370,"stop":1766763676370,"duration":0},"description":"","status":"broken","steps":[],"attachments":[],"parameters":[],"stepsCount":0,"shouldDisplayMessage":false,"attachmentsCount":0,"hasContent":false,"attachmentStep":false},{"name":"setUp","time":{"start":1766763676370,"stop":1766763676370,"duration":0},"description":"","status":"broken","steps":[],"attachments":[],"parameters":[],"stepsCount":0,"shouldDisplayMessage":false,"attachmentsCount":0,"hasContent":false,"attachmentStep":false}],"afterStages":[{"name":"tearDown","time":{"start":1766763676371,"stop":1766763676371,"duration":0},"description":"","status":"broken","steps":[],"attachments":[],"parameters":[],"stepsCount":0,"shouldDisplayMessage":false,"attachmentsCount":0,"hasContent":false,"attachmentStep":false}],"labels":[{"name":"package","value":"project_orangehrm.Test.PIM_EmployeeDetails_Test"},{"name":"testClass","value":"project_orangehrm.Test.PIM_EmployeeDetails_Test"},{"name":"testMethod","value":"verifyQualifications_Education_Add_Success"},{"name":"parentSuite","value":"OrangeHRM_Strategic_Suite"},{"name":"suite","value":"Step2_PIM_User_Foundation"},{"name":"subSuite","value":"project_orangehrm.Test.PIM_EmployeeDetails_Test"},{"name":"host","value":"runnervmh13bl"},{"name":"thread","value":"2331@runnervmh13bl.main(1)"},{"name":"framework","value":"testng"},{"name":"language","value":"java"},{"name":"resultFormat","value":"allure2"}],"parameters":[{"name":"browser","value":"edge"}],"links":[],"hidden":false,"retry":false,"extra":{"severity":"normal","retries":[{"uid":"2096b62d9bad8fd0","status":"skipped","statusDetails":"Expected condition failed: waiting for project_orangehrm.Base.BasePage$$Lambda/0x00007f8ca0346ae0@4e94669c (tried for 10 second(s) with 300 milliseconds interval)","time":{"start":1766763668792,"stop":1766763668792,"duration":0}},{"uid":"31beae25cae27c02","status":"skipped","statusDetails":"Expected condition failed: waiting for project_orangehrm.Base.BasePage$$Lambda/0x00007f05643468a8@7493d937 (tried for 10 second(s) with 300 milliseconds interval)","time":{"start":1766763665340,"stop":1766763665340,"duration":0}},{"uid":"d0d8f0ea192b015d","status":"skipped","statusDetails":"Expected condition failed: waiting for project_orangehrm.Base.BasePage$$Lambda/0x00007f7b283468a8@b3fc6d8 (tried for 10 second(s) with 300 milliseconds interval)","time":{"start":1766763664711,"stop":1766763664711,"duration":0}},{"uid":"17f5ae0e9e6a6a80","status":"skipped","statusDetails":"Expected condition failed: waiting for project_orangehrm.Base.BasePage$$Lambda/0x00007f047c3491b0@71dd4624 (tried for 10 second(s) with 300 milliseconds interval)","time":{"start":1766763659718,"stop":1766763659718,"duration":0}},{"uid":"203b5383ed87049a","status":"skipped","statusDetails":"Expected condition failed: waiting for project_orangehrm.Base.BasePage$$Lambda/0x00007fc4a83491b0@72b40f87 (tried for 10 second(s) with 300 milliseconds interval)","time":{"start":1766763180383,"stop":1766763180383,"duration":0}},{"uid":"71a6456022f0180e","status":"skipped","statusDetails":"Expected condition failed: waiting for project_orangehrm.Base.BasePage$$Lambda/0x00007f4d003491b0@71dd4624 (tried for 10 second(s) with 300 milliseconds interval)","time":{"start":1766763171494,"stop":1766763171494,"duration":0}},{"uid":"a74e312373853f2d","status":"skipped","statusDetails":"Expected condition failed: waiting for project_orangehrm.Base.BasePage$$Lambda/0x00007f57e03491b0@3b8507df (tried for 10 second(s) with 300 milliseconds interval)","time":{"start":1766763170528,"stop":1766763170528,"duration":0}},{"uid":"fff1ddc3038c6979","status":"skipped","statusDetails":"Expected condition failed: waiting for project_orangehrm.Base.BasePage$$Lambda/0x00007f4a303491b0@507049f2 (tried for 10 second(s) with 300 milliseconds interval)","time":{"start":1766763166237,"stop":1766763166237,"duration":0}},{"uid":"714c1148a164daa3","status":"skipped","statusDetails":"Expected condition failed: waiting for project_orangehrm.Base.BasePage$$Lambda/0x00007ff86c3491b0@44d43cc9 (tried for 10 second(s) with 300 milliseconds interval)","time":{"start":1766763165409,"stop":1766763165410,"duration":1}},{"uid":"d7dc0d12ba9f69ed","status":"skipped","statusDetails":"Expected condition failed: waiting for project_orangehrm.Base.BasePage$$Lambda/0x00007f13b0346ae0@4d67d5a4 (tried for 10 second(s) with 300 milliseconds interval)","time":{"start":1766763163759,"stop":1766763163759,"duration":0}},{"uid":"d6712ebf2f193409","status":"skipped","statusDetails":"Expected condition failed: waiting for project_orangehrm.Base.BasePage$$Lambda/0x00007fa75c346ae0@2347b7af (tried for 10 second(s) with 300 milliseconds interval)","time":{"start":1766763157690,"stop":1766763157690,"duration":0}},{"uid":"36befa83e1ffecac","status":"skipped","statusDetails":"Expected condition failed: waiting for project_orangehrm.Base.BasePage$$Lambda/0x00007f9aec3491b0@12e5d3e1 (tried for 10 second(s) with 300 milliseconds interval)","time":{"start":1766763155629,"stop":1766763155629,"duration":0}},{"uid":"f5d02b509e733ea8","status":"skipped","statusDetails":"Expected condition failed: waiting for project_orangehrm.Base.BasePage$$Lambda/0x00007fa3e8344bd0@9e33a6a (tried for 10 second(s) with 300 milliseconds interval)","time":{"start":1766763154692,"stop":1766763154692,"duration":0}},{"uid":"3caf3a13bdd11aa3","status":"skipped","statusDetails":"Expected condition failed: waiting for project_orangehrm.Base.BasePage$$Lambda/0x00007f2cd03468a8@451816fd (tried for 10 second(s) with 300 milliseconds interval)","time":{"start":1766763154487,"stop":1766763154487,"duration":0}},{"uid":"274ed956413855ee","status":"skipped","statusDetails":"Expected condition failed: waiting for project_orangehrm.Base.BasePage$$Lambda/0x00007f69143491b0@b267745 (tried for 10 second(s) with 300 milliseconds interval)","time":{"start":1766762693811,"stop":1766762693811,"duration":0}}],"categories":[],"history":{"statistic":{"failed":0,"broken":5,"skipped":1,"passed":2,"unknown":0,"total":8},"items":[{"uid":"4bd4e7b63b24c234","reportUrl":"https://m1mohammed1.github.io/orangeHRM/23/#testresult/4bd4e7b63b24c234","status":"passed","time":{"start":1766760215913,"stop":1766760231043,"duration":15130}},{"uid":"b3781f78652fe5aa","reportUrl":"https://m1mohammed1.github.io/orangeHRM/22/#testresult/b3781f78652fe5aa","status":"passed","time":{"start":1766706071330,"stop":1766706085532,"duration":14202}},{"uid":"b152d9bc5eb64e0b","reportUrl":"https://m1mohammed1.github.io/orangeHRM/17/#testresult/b152d9bc5eb64e0b","status":"broken","statusDetails":"Expected condition failed: waiting for element to be clickable: By.xpath: //div[@role='listbox']//span[contains(normalize-space(), 'Bachelor's Degree')] (tried for 10 second(s) with 300 milliseconds interval)","time":{"start":1766698140052,"stop":1766698153906,"duration":13854}},{"uid":"88aa95fb2c16ced9","reportUrl":"https://m1mohammed1.github.io/orangeHRM/16/#testresult/88aa95fb2c16ced9","status":"broken","statusDetails":"Expected condition failed: waiting for element to be clickable: By.xpath: //div[@role='listbox']//span[contains(normalize-space(), 'Bachelor's Degree')] (tried for 10 second(s) with 300 milliseconds interval)","time":{"start":1766632375925,"stop":1766632389806,"duration":13881}},{"uid":"a4c0521c82fa54d7","reportUrl":"https://m1mohammed1.github.io/orangeHRM/15/#testresult/a4c0521c82fa54d7","status":"broken","statusDetails":"Expected condition failed: waiting for element to be clickable: By.xpath: //div[@role='listbox']//span[contains(normalize-space(), 'Bachelor's Degree')] (tried for 10 second(s) with 300 milliseconds interval)","time":{"start":1766624669999,"stop":1766624683507,"duration":13508}},{"uid":"daeca7c00e26013e","reportUrl":"https://m1mohammed1.github.io/orangeHRM/13/#testresult/daeca7c00e26013e","status":"broken","statusDetails":"Expected condition failed: waiting for element to be clickable: By.xpath: //div[@role='listbox']//span[contains(normalize-space(), 'Bachelor's Degree')] (tried for 10 second(s) with 300 milliseconds interval)","time":{"start":1766618475860,"stop":1766618489350,"duration":13490}},{"uid":"41b95e5bdb98a58a","reportUrl":"https://m1mohammed1.github.io/orangeHRM/12/#testresult/41b95e5bdb98a58a","status":"broken","statusDetails":"Expected condition failed: waiting for element to be clickable: By.xpath: //div[@role='listbox']//span[contains(normalize-space(), 'Bachelor's Degree')] (tried for 10 second(s) with 300 milliseconds interval)","time":{"start":1766616984100,"stop":1766616997573,"duration":13473}}]},"tags":[]},"source":"57a1aa9df2bd1e24.json","parameterValues":["edge"]}