{"uid":"57a7547add076c80","name":"TC02 - Verify Event Lifecycle: Create, Verify","fullName":"project_orangehrm.Test.Claim_Configuration_Test.verifyEvent_Lifecycle_Success","historyId":"8166daac8c1672f046cb86c542c67616","time":{"start":1766761324412,"stop":1766761346674,"duration":22262},"status":"failed","statusMessage":"Record not found: Global QA Summit 2025 | Locator: By.xpath: //div[@role='row']//div[normalize-space()='Global QA Summit 2025']","statusTrace":"java.lang.AssertionError: Record not found: Global QA Summit 2025 | Locator: By.xpath: //div[@role='row']//div[normalize-space()='Global QA Summit 2025']\n\tat org.testng.Assert.fail(Assert.java:111)\n\tat project_orangehrm.Base.BasePage.assertVisible(BasePage.java:46)\n\tat project_orangehrm.Pages.CommonPage.verifyRecordVisible(CommonPage.java:311)\n\tat project_orangehrm.Pages.ClaimPage.verifyRecordExists(ClaimPage.java:192)\n\tat project_orangehrm.Test.Claim_Configuration_Test.verifyEvent_Lifecycle_Success(Claim_Configuration_Test.java:51)\n\tat java.base/jdk.internal.reflect.DirectMethodHandleAccessor.invoke(DirectMethodHandleAccessor.java:103)\n\tat java.base/java.lang.reflect.Method.invoke(Method.java:580)\n\tat org.testng.internal.invokers.MethodInvocationHelper.invokeMethod(MethodInvocationHelper.java:141)\n\tat org.testng.internal.invokers.TestInvoker.invokeMethod(TestInvoker.java:687)\n\tat org.testng.internal.invokers.TestInvoker.invokeTestMethod(TestInvoker.java:230)\n\tat org.testng.internal.invokers.MethodRunner.runInSequence(MethodRunner.java:63)\n\tat org.testng.internal.invokers.TestInvoker$MethodInvocationAgent.invoke(TestInvoker.java:995)\n\tat org.testng.internal.invokers.TestInvoker.invokeTestMethods(TestInvoker.java:203)\n\tat org.testng.internal.invokers.TestMethodWorker.invokeTestMethods(TestMethodWorker.java:154)\n\tat org.testng.internal.invokers.TestMethodWorker.run(TestMethodWorker.java:134)\n\tat java.base/java.util.concurrent.Executors$RunnableAdapter.call(Executors.java:572)\n\tat java.base/java.util.concurrent.FutureTask.run(FutureTask.java:317)\n\tat org.testng.internal.thread.graph.TestNGFutureTask.run(TestNGFutureTask.java:22)\n\tat java.base/java.util.concurrent.ThreadPoolExecutor.runWorker(ThreadPoolExecutor.java:1144)\n\tat java.base/java.util.concurrent.ThreadPoolExecutor$Worker.run(ThreadPoolExecutor.java:642)\n\tat java.base/java.lang.Thread.run(Thread.java:1583)\n","flaky":true,"newFailed":true,"newBroken":false,"newPassed":false,"retriesCount":2,"retriesStatusChange":true,"beforeStages":[{"name":"setUp","time":{"start":1766761320724,"stop":1766761322199,"duration":1475},"description":"","status":"passed","steps":[],"attachments":[],"parameters":[],"stepsCount":0,"shouldDisplayMessage":false,"attachmentsCount":0,"hasContent":false,"attachmentStep":false},{"name":"setup","time":{"start":1766761322200,"stop":1766761324411,"duration":2211},"description":"","status":"passed","steps":[],"attachments":[],"parameters":[],"stepsCount":0,"shouldDisplayMessage":false,"attachmentsCount":0,"hasContent":false,"attachmentStep":false}],"testStage":{"status":"failed","statusMessage":"Record not found: Global QA Summit 2025 | Locator: By.xpath: //div[@role='row']//div[normalize-space()='Global QA Summit 2025']","statusTrace":"java.lang.AssertionError: Record not found: Global QA Summit 2025 | Locator: By.xpath: //div[@role='row']//div[normalize-space()='Global QA Summit 2025']\n\tat org.testng.Assert.fail(Assert.java:111)\n\tat project_orangehrm.Base.BasePage.assertVisible(BasePage.java:46)\n\tat project_orangehrm.Pages.CommonPage.verifyRecordVisible(CommonPage.java:311)\n\tat project_orangehrm.Pages.ClaimPage.verifyRecordExists(ClaimPage.java:192)\n\tat project_orangehrm.Test.Claim_Configuration_Test.verifyEvent_Lifecycle_Success(Claim_Configuration_Test.java:51)\n\tat java.base/jdk.internal.reflect.DirectMethodHandleAccessor.invoke(DirectMethodHandleAccessor.java:103)\n\tat java.base/java.lang.reflect.Method.invoke(Method.java:580)\n\tat org.testng.internal.invokers.MethodInvocationHelper.invokeMethod(MethodInvocationHelper.java:141)\n\tat org.testng.internal.invokers.TestInvoker.invokeMethod(TestInvoker.java:687)\n\tat org.testng.internal.invokers.TestInvoker.invokeTestMethod(TestInvoker.java:230)\n\tat org.testng.internal.invokers.MethodRunner.runInSequence(MethodRunner.java:63)\n\tat org.testng.internal.invokers.TestInvoker$MethodInvocationAgent.invoke(TestInvoker.java:995)\n\tat org.testng.internal.invokers.TestInvoker.invokeTestMethods(TestInvoker.java:203)\n\tat org.testng.internal.invokers.TestMethodWorker.invokeTestMethods(TestMethodWorker.java:154)\n\tat org.testng.internal.invokers.TestMethodWorker.run(TestMethodWorker.java:134)\n\tat java.base/java.util.concurrent.Executors$RunnableAdapter.call(Executors.java:572)\n\tat java.base/java.util.concurrent.FutureTask.run(FutureTask.java:317)\n\tat org.testng.internal.thread.graph.TestNGFutureTask.run(TestNGFutureTask.java:22)\n\tat java.base/java.util.concurrent.ThreadPoolExecutor.runWorker(ThreadPoolExecutor.java:1144)\n\tat java.base/java.util.concurrent.ThreadPoolExecutor$Worker.run(ThreadPoolExecutor.java:642)\n\tat java.base/java.lang.Thread.run(Thread.java:1583)\n","steps":[],"attachments":[{"uid":"99c102291c82ea2c","name":"SoftAssert_Failed - 2025-12-26T15:02:16.539869641","source":"99c102291c82ea2c.png","type":"image/png","size":100647},{"uid":"6eb18d2b320a2b35","name":"Page Source","source":"6eb18d2b320a2b35.html","type":"text/html","size":294989}],"parameters":[],"stepsCount":0,"shouldDisplayMessage":true,"attachmentsCount":2,"hasContent":true,"attachmentStep":false},"afterStages":[{"name":"tearDown","time":{"start":1766761346675,"stop":1766761347079,"duration":404},"description":"","status":"passed","steps":[],"attachments":[{"uid":"239dacb291443341","name":"Screenshot Failure - verifyEvent_Lifecycle_Success","source":"239dacb291443341.png","type":"image/png","size":100647},{"uid":"d76616e1874e0ff5","name":"Page Source","source":"d76616e1874e0ff5.html","type":"text/html","size":294989}],"parameters":[],"stepsCount":0,"shouldDisplayMessage":false,"attachmentsCount":2,"hasContent":true,"attachmentStep":false}],"labels":[{"name":"package","value":"project_orangehrm.Test.Claim_Configuration_Test"},{"name":"testClass","value":"project_orangehrm.Test.Claim_Configuration_Test"},{"name":"testMethod","value":"verifyEvent_Lifecycle_Success"},{"name":"parentSuite","value":"OrangeHRM_Strategic_Suite"},{"name":"suite","value":"Step4_Ops_Claims"},{"name":"subSuite","value":"project_orangehrm.Test.Claim_Configuration_Test"},{"name":"host","value":"runnervmh13bl"},{"name":"thread","value":"2279@runnervmh13bl.TestNG-test-Step4_Ops_Claims-1(2970)"},{"name":"framework","value":"testng"},{"name":"language","value":"java"},{"name":"resultFormat","value":"allure2"}],"parameters":[{"name":"browser","value":"edge"}],"links":[],"hidden":false,"retry":false,"extra":{"severity":"normal","retries":[{"uid":"e91fced84726c4a9","status":"failed","statusDetails":"Record not found: Global QA Summit 2025 | Locator: By.xpath: //div[@role='row']//div[normalize-space()='Global QA Summit 2025']","time":{"start":1766761084020,"stop":1766761105983,"duration":21963}},{"uid":"c3e48fc46a3c283e","status":"passed","time":{"start":1766760905955,"stop":1766760911667,"duration":5712}}],"categories":[{"name":"Product defects","matchedStatuses":[],"flaky":false}],"history":{"statistic":{"failed":3,"broken":0,"skipped":0,"passed":6,"unknown":0,"total":9},"items":[{"uid":"c8fefa3cb8ecc7bd","reportUrl":"https://m1mohammed1.github.io/orangeHRM/22/#testresult/c8fefa3cb8ecc7bd","status":"passed","time":{"start":1766706638973,"stop":1766706644848,"duration":5875}},{"uid":"eba869df7a3c0433","reportUrl":"https://m1mohammed1.github.io/orangeHRM/17/#testresult/eba869df7a3c0433","status":"passed","time":{"start":1766698790502,"stop":1766698796338,"duration":5836}},{"uid":"c3083f09689bf007","reportUrl":"https://m1mohammed1.github.io/orangeHRM/16/#testresult/c3083f09689bf007","status":"failed","statusDetails":"Record not found: Global QA Summit 2025 | Locator: By.xpath: //div[@role='row']//div[normalize-space()='Global QA Summit 2025']","time":{"start":1766630505660,"stop":1766630527552,"duration":21892}},{"uid":"d549bf13a81279e","reportUrl":"https://m1mohammed1.github.io/orangeHRM/15/#testresult/d549bf13a81279e","status":"passed","time":{"start":1766625095187,"stop":1766625101444,"duration":6257}},{"uid":"2b34316ef69daccd","reportUrl":"https://m1mohammed1.github.io/orangeHRM/13/#testresult/2b34316ef69daccd","status":"passed","time":{"start":1766619101011,"stop":1766619106497,"duration":5486}},{"uid":"490d5e38790d75","reportUrl":"https://m1mohammed1.github.io/orangeHRM/11/#testresult/490d5e38790d75","status":"passed","time":{"start":1766606370984,"stop":1766606376147,"duration":5163}},{"uid":"93b53fba48de8290","reportUrl":"https://m1mohammed1.github.io/orangeHRM/10/#testresult/93b53fba48de8290","status":"passed","time":{"start":1766598235745,"stop":1766598241669,"duration":5924}},{"uid":"a33da1a00ccaf205","reportUrl":"https://m1mohammed1.github.io/orangeHRM/9/#testresult/a33da1a00ccaf205","status":"failed","statusDetails":"Success message not displayed | Locator: By.xpath: //div[contains(@class, 'oxd-toast--success')]","time":{"start":1766596372675,"stop":1766596395855,"duration":23180}}]},"tags":[]},"source":"57a7547add076c80.json","parameterValues":["edge"]}