{"uid":"57ce8615832e54d7","name":"TC02 - Verify Reset Search Filters","fullName":"project_orangehrm.Test.Recruitment_Search_And_Data_Test.verifySearch_Reset_Success","historyId":"ffb8e35160b5e7eab04299389fae49b9","time":{"start":1766763733855,"stop":1766763733855,"duration":0},"status":"skipped","statusMessage":"Expected condition failed: waiting for project_orangehrm.Base.BasePage$$Lambda/0x00007fd2f83468a8@29f3185c (tried for 10 second(s) with 300 milliseconds interval)","statusTrace":"org.openqa.selenium.TimeoutException: Expected condition failed: waiting for project_orangehrm.Base.BasePage$$Lambda/0x00007fd2f83468a8@29f3185c (tried for 10 second(s) with 300 milliseconds interval)\n\tat org.openqa.selenium.support.ui.FluentWait.timeoutException(FluentWait.java:265)\n\tat org.openqa.selenium.support.ui.FluentWait.until(FluentWait.java:228)\n\tat project_orangehrm.Base.BasePage.typeText(BasePage.java:82)\n\tat project_orangehrm.Pages.LoginPage.enterUsername(LoginPage.java:22)\n\tat project_orangehrm.Test.Recruitment_Search_And_Data_Test.setup(Recruitment_Search_And_Data_Test.java:22)\n\tat java.base/jdk.internal.reflect.DirectMethodHandleAccessor.invoke(DirectMethodHandleAccessor.java:103)\n\tat java.base/java.lang.reflect.Method.invoke(Method.java:580)\n\tat org.testng.internal.invokers.MethodInvocationHelper.invokeMethod(MethodInvocationHelper.java:141)\n\tat org.testng.internal.invokers.MethodInvocationHelper.invokeMethodConsideringTimeout(MethodInvocationHelper.java:71)\n\tat org.testng.internal.invokers.ConfigInvoker.invokeConfigurationMethod(ConfigInvoker.java:400)\n\tat org.testng.internal.invokers.ConfigInvoker.invokeConfigurations(ConfigInvoker.java:333)\n\tat org.testng.internal.invokers.TestInvoker.runConfigMethods(TestInvoker.java:836)\n\tat org.testng.internal.invokers.TestInvoker.invokeMethod(TestInvoker.java:601)\n\tat org.testng.internal.invokers.TestInvoker.invokeTestMethod(TestInvoker.java:230)\n\tat org.testng.internal.invokers.MethodRunner.runInSequence(MethodRunner.java:63)\n\tat org.testng.internal.invokers.TestInvoker$MethodInvocationAgent.invoke(TestInvoker.java:995)\n\tat org.testng.internal.invokers.TestInvoker.invokeTestMethods(TestInvoker.java:203)\n\tat org.testng.internal.invokers.TestMethodWorker.invokeTestMethods(TestMethodWorker.java:154)\n\tat org.testng.internal.invokers.TestMethodWorker.run(TestMethodWorker.java:134)\n\tat java.base/java.util.ArrayList.forEach(ArrayList.java:1596)\n\tat org.testng.TestRunner.privateRun(TestRunner.java:741)\n\tat org.testng.TestRunner.run(TestRunner.java:616)\n\tat org.testng.SuiteRunner.runTest(SuiteRunner.java:421)\n\tat org.testng.SuiteRunner.runSequentially(SuiteRunner.java:413)\n\tat org.testng.SuiteRunner.privateRun(SuiteRunner.java:373)\n\tat org.testng.SuiteRunner.run(SuiteRunner.java:312)\n\tat org.testng.SuiteRunnerWorker.runSuite(SuiteRunnerWorker.java:52)\n\tat org.testng.SuiteRunnerWorker.run(SuiteRunnerWorker.java:95)\n\tat org.testng.TestNG.runSuitesSequentially(TestNG.java:1274)\n\tat org.testng.TestNG.runSuitesLocally(TestNG.java:1208)\n\tat org.testng.TestNG.runSuites(TestNG.java:1112)\n\tat org.testng.TestNG.run(TestNG.java:1079)\n\tat org.apache.maven.surefire.testng.TestNGExecutor.run(TestNGExecutor.java:308)\n\tat org.apache.maven.surefire.testng.TestNGXmlTestSuite.execute(TestNGXmlTestSuite.java:71)\n\tat org.apache.maven.surefire.testng.TestNGProvider.invoke(TestNGProvider.java:113)\n\tat org.apache.maven.surefire.booter.ForkedBooter.runSuitesInProcess(ForkedBooter.java:385)\n\tat org.apache.maven.surefire.booter.ForkedBooter.execute(ForkedBooter.java:162)\n\tat org.apache.maven.surefire.booter.ForkedBooter.run(ForkedBooter.java:507)\n\tat org.apache.maven.surefire.booter.ForkedBooter.main(ForkedBooter.java:495)\nCaused by: org.openqa.selenium.NoSuchElementException: no such element: Unable to locate element: {\"method\":\"css selector\",\"selector\":\"input[placeholder='Username']\"}\n  (Session info: chrome=143.0.7499.109)\nFor documentation on this error, please visit: https://www.selenium.dev/documentation/webdriver/troubleshooting/errors#nosuchelementexception\nBuild info: version: '4.37.0', revision: '3c1da1e342'\nSystem info: os.name: 'Linux', os.arch: 'amd64', os.version: '6.11.0-1018-azure', java.version: '21.0.9'\nDriver info: org.openqa.selenium.chrome.ChromeDriver\nCommand: [7b4decd2fd0ceb8108ff92f004621f13, findElement {using=css selector, value=input[placeholder='Username']}]\nCapabilities {acceptInsecureCerts: false, browserName: chrome, browserVersion: 143.0.7499.109, chrome: {chromedriverVersion: 143.0.7499.169 (164b20aab62..., userDataDir: /tmp/.org.chromium.Chromium...}, fedcm:accounts: true, goog:chromeOptions: {debuggerAddress: localhost:38793}, goog:processID: 6633, networkConnectionEnabled: false, pageLoadStrategy: normal, platformName: linux, proxy: Proxy(), se:cdp: ws://localhost:38793/devtoo..., se:cdpVersion: 143.0.7499.109, setWindowRect: true, strictFileInteractability: false, timeouts: {implicit: 0, pageLoad: 300000, script: 30000}, unhandledPromptBehavior: dismiss and notify, webauthn:extension:credBlob: true, webauthn:extension:largeBlob: true, webauthn:extension:minPinLength: true, webauthn:extension:prf: true, webauthn:virtualAuthenticators: true}\nSession ID: 7b4decd2fd0ceb8108ff92f004621f13\n\tat java.base/jdk.internal.reflect.DirectConstructorHandleAccessor.newInstance(DirectConstructorHandleAccessor.java:62)\n\tat java.base/java.lang.reflect.Constructor.newInstanceWithCaller(Constructor.java:502)\n\tat java.base/java.lang.reflect.Constructor.newInstance(Constructor.java:486)\n\tat org.openqa.selenium.remote.ErrorCodec.decode(ErrorCodec.java:167)\n\tat org.openqa.selenium.remote.codec.w3c.W3CHttpResponseCodec.decode(W3CHttpResponseCodec.java:138)\n\tat org.openqa.selenium.remote.codec.w3c.W3CHttpResponseCodec.decode(W3CHttpResponseCodec.java:50)\n\tat org.openqa.selenium.remote.HttpCommandExecutor.execute(HttpCommandExecutor.java:215)\n\tat org.openqa.selenium.remote.service.DriverCommandExecutor.invokeExecute(DriverCommandExecutor.java:216)\n\tat org.openqa.selenium.remote.service.DriverCommandExecutor.execute(DriverCommandExecutor.java:174)\n\tat org.openqa.selenium.remote.RemoteWebDriver.execute(RemoteWebDriver.java:557)\n\tat org.openqa.selenium.remote.ElementLocation$ElementFinder$2.findElement(ElementLocation.java:165)\n\tat org.openqa.selenium.remote.ElementLocation.findElement(ElementLocation.java:59)\n\tat org.openqa.selenium.remote.RemoteWebDriver.findElement(RemoteWebDriver.java:380)\n\tat org.openqa.selenium.remote.RemoteWebDriver.findElement(RemoteWebDriver.java:374)\n\tat project_orangehrm.Base.BasePage.lambda$typeText$0(BasePage.java:83)\n\tat org.openqa.selenium.support.ui.FluentWait.until(FluentWait.java:203)\n\t... 37 more\n","flaky":false,"newFailed":false,"newBroken":false,"newPassed":false,"retriesCount":15,"retriesStatusChange":false,"beforeStages":[{"name":"setup","time":{"start":1766763733854,"stop":1766763733854,"duration":0},"description":"","status":"broken","steps":[],"attachments":[],"parameters":[],"stepsCount":0,"shouldDisplayMessage":false,"attachmentsCount":0,"hasContent":false,"attachmentStep":false},{"name":"setUp","time":{"start":1766763733854,"stop":1766763733854,"duration":0},"description":"","status":"broken","steps":[],"attachments":[],"parameters":[],"stepsCount":0,"shouldDisplayMessage":false,"attachmentsCount":0,"hasContent":false,"attachmentStep":false}],"afterStages":[{"name":"tearDown","time":{"start":1766763733856,"stop":1766763733856,"duration":0},"description":"","status":"broken","steps":[],"attachments":[],"parameters":[],"stepsCount":0,"shouldDisplayMessage":false,"attachmentsCount":0,"hasContent":false,"attachmentStep":false}],"labels":[{"name":"package","value":"project_orangehrm.Test.Recruitment_Search_And_Data_Test"},{"name":"testClass","value":"project_orangehrm.Test.Recruitment_Search_And_Data_Test"},{"name":"testMethod","value":"verifySearch_Reset_Success"},{"name":"parentSuite","value":"OrangeHRM_Strategic_Suite"},{"name":"suite","value":"Step3_Recruitment"},{"name":"subSuite","value":"project_orangehrm.Test.Recruitment_Search_And_Data_Test"},{"name":"host","value":"runnervmh13bl"},{"name":"thread","value":"2331@runnervmh13bl.main(1)"},{"name":"framework","value":"testng"},{"name":"language","value":"java"},{"name":"resultFormat","value":"allure2"}],"parameters":[{"name":"browser","value":"edge"}],"links":[],"hidden":false,"retry":false,"extra":{"severity":"normal","retries":[{"uid":"5c3ad1f1187ccc55","status":"skipped","statusDetails":"Expected condition failed: waiting for project_orangehrm.Base.BasePage$$Lambda/0x00007f8ca0346ae0@4bf8b77 (tried for 10 second(s) with 300 milliseconds interval)","time":{"start":1766763726006,"stop":1766763726007,"duration":1}},{"uid":"f0dae075b915c311","status":"skipped","statusDetails":"Expected condition failed: waiting for project_orangehrm.Base.BasePage$$Lambda/0x00007f05643468a8@52657d5f (tried for 10 second(s) with 300 milliseconds interval)","time":{"start":1766763722476,"stop":1766763722476,"duration":0}},{"uid":"59f105951b1f5b0f","status":"skipped","statusDetails":"Expected condition failed: waiting for project_orangehrm.Base.BasePage$$Lambda/0x00007f7b283468a8@399f5daf (tried for 10 second(s) with 300 milliseconds interval)","time":{"start":1766763721970,"stop":1766763721971,"duration":1}},{"uid":"7a26abd941ee1ee6","status":"skipped","statusDetails":"Expected condition failed: waiting for project_orangehrm.Base.BasePage$$Lambda/0x00007f047c3491b0@7d537616 (tried for 10 second(s) with 300 milliseconds interval)","time":{"start":1766763713717,"stop":1766763713717,"duration":0}},{"uid":"ded53900624dbe49","status":"skipped","statusDetails":"Expected condition failed: waiting for project_orangehrm.Base.BasePage$$Lambda/0x00007fc4a83491b0@65af05b2 (tried for 10 second(s) with 300 milliseconds interval)","time":{"start":1766763237718,"stop":1766763237718,"duration":0}},{"uid":"dff5c260b3271316","status":"skipped","statusDetails":"Expected condition failed: waiting for project_orangehrm.Base.BasePage$$Lambda/0x00007f57e03491b0@280ecc33 (tried for 10 second(s) with 300 milliseconds interval)","time":{"start":1766763227816,"stop":1766763227816,"duration":0}},{"uid":"a65e5cc95970f18a","status":"skipped","statusDetails":"Expected condition failed: waiting for project_orangehrm.Base.BasePage$$Lambda/0x00007f4d003491b0@2c2a903f (tried for 10 second(s) with 300 milliseconds interval)","time":{"start":1766763226088,"stop":1766763226088,"duration":0}},{"uid":"e5d9bd2e2941388","status":"skipped","statusDetails":"Expected condition failed: waiting for project_orangehrm.Base.BasePage$$Lambda/0x00007f4a303491b0@70485aa (tried for 10 second(s) with 300 milliseconds interval)","time":{"start":1766763223052,"stop":1766763223052,"duration":0}},{"uid":"848ddcd1b5c4afb1","status":"skipped","statusDetails":"Expected condition failed: waiting for project_orangehrm.Base.BasePage$$Lambda/0x00007ff86c3491b0@1de85972 (tried for 10 second(s) with 300 milliseconds interval)","time":{"start":1766763222674,"stop":1766763222674,"duration":0}},{"uid":"31cdf0156c75356e","status":"skipped","statusDetails":"Expected condition failed: waiting for project_orangehrm.Base.BasePage$$Lambda/0x00007f13b0346ae0@2211b44f (tried for 10 second(s) with 300 milliseconds interval)","time":{"start":1766763217684,"stop":1766763217684,"duration":0}},{"uid":"cc7f83da8c63170d","status":"skipped","statusDetails":"Expected condition failed: waiting for project_orangehrm.Base.BasePage$$Lambda/0x00007fa75c346ae0@604c7e9b (tried for 10 second(s) with 300 milliseconds interval)","time":{"start":1766763212196,"stop":1766763212196,"duration":0}},{"uid":"b5ba857017c433e9","status":"skipped","statusDetails":"Expected condition failed: waiting for project_orangehrm.Base.BasePage$$Lambda/0x00007fa3e8344bd0@6210666c (tried for 10 second(s) with 300 milliseconds interval)","time":{"start":1766763210783,"stop":1766763210783,"duration":0}},{"uid":"736416e7f9e0b2bb","status":"skipped","statusDetails":"Expected condition failed: waiting for project_orangehrm.Base.BasePage$$Lambda/0x00007f9aec3491b0@c4cceb (tried for 10 second(s) with 300 milliseconds interval)","time":{"start":1766763209639,"stop":1766763209640,"duration":1}},{"uid":"13ba564d9a13a964","status":"skipped","statusDetails":"Expected condition failed: waiting for project_orangehrm.Base.BasePage$$Lambda/0x00007f2cd03468a8@28fa541 (tried for 10 second(s) with 300 milliseconds interval)","time":{"start":1766763208383,"stop":1766763208384,"duration":1}},{"uid":"60dc055353a59061","status":"skipped","statusDetails":"Expected condition failed: waiting for project_orangehrm.Base.BasePage$$Lambda/0x00007f69143491b0@395197cb (tried for 10 second(s) with 300 milliseconds interval)","time":{"start":1766762747850,"stop":1766762747850,"duration":0}}],"categories":[],"history":{"statistic":{"failed":0,"broken":0,"skipped":1,"passed":9,"unknown":0,"total":10},"items":[{"uid":"323f4e15191c0836","reportUrl":"https://m1mohammed1.github.io/orangeHRM/23/#testresult/323f4e15191c0836","status":"passed","time":{"start":1766760689884,"stop":1766760691166,"duration":1282}},{"uid":"458251e67c37dadb","reportUrl":"https://m1mohammed1.github.io/orangeHRM/22/#testresult/458251e67c37dadb","status":"passed","time":{"start":1766706479239,"stop":1766706480440,"duration":1201}},{"uid":"c895c64101ec4566","reportUrl":"https://m1mohammed1.github.io/orangeHRM/17/#testresult/c895c64101ec4566","status":"passed","time":{"start":1766698587819,"stop":1766698589035,"duration":1216}},{"uid":"1dfe51750905209","reportUrl":"https://m1mohammed1.github.io/orangeHRM/16/#testresult/1dfe51750905209","status":"passed","time":{"start":1766630304745,"stop":1766630306744,"duration":1999}},{"uid":"d2aa667d8f42d700","reportUrl":"https://m1mohammed1.github.io/orangeHRM/15/#testresult/d2aa667d8f42d700","status":"passed","time":{"start":1766625160094,"stop":1766625161418,"duration":1324}},{"uid":"e7e166edaac57861","reportUrl":"https://m1mohammed1.github.io/orangeHRM/13/#testresult/e7e166edaac57861","status":"passed","time":{"start":1766618918869,"stop":1766618920711,"duration":1842}},{"uid":"1eccb3bad745fbbc","reportUrl":"https://m1mohammed1.github.io/orangeHRM/11/#testresult/1eccb3bad745fbbc","status":"passed","time":{"start":1766606259988,"stop":1766606261212,"duration":1224}},{"uid":"5f4eee39cd5c83bd","reportUrl":"https://m1mohammed1.github.io/orangeHRM/10/#testresult/5f4eee39cd5c83bd","status":"passed","time":{"start":1766598104404,"stop":1766598105830,"duration":1426}},{"uid":"f9bbfb02f162dce9","reportUrl":"https://m1mohammed1.github.io/orangeHRM/9/#testresult/f9bbfb02f162dce9","status":"passed","time":{"start":1766596525267,"stop":1766596528031,"duration":2764}}]},"tags":[]},"source":"57ce8615832e54d7.json","parameterValues":["edge"]}