{"uid":"5a4beaa37177e89f","name":"TC03 - Verify Nationality Validation: Empty Field","fullName":"project_orangehrm.Test.Admin_Nationalities_Test.verifyNationality_EmptyFields_ShowError","historyId":"e219ae78602013ad47398af00b7ac1af","time":{"start":1766763653193,"stop":1766763653193,"duration":0},"status":"skipped","statusMessage":"Expected condition failed: waiting for project_orangehrm.Base.BasePage$$Lambda/0x00007fd2f83468a8@104a287c (tried for 10 second(s) with 300 milliseconds interval)","statusTrace":"org.openqa.selenium.TimeoutException: Expected condition failed: waiting for project_orangehrm.Base.BasePage$$Lambda/0x00007fd2f83468a8@104a287c (tried for 10 second(s) with 300 milliseconds interval)\n\tat org.openqa.selenium.support.ui.FluentWait.timeoutException(FluentWait.java:265)\n\tat org.openqa.selenium.support.ui.FluentWait.until(FluentWait.java:228)\n\tat project_orangehrm.Base.BasePage.typeText(BasePage.java:82)\n\tat project_orangehrm.Pages.LoginPage.enterUsername(LoginPage.java:22)\n\tat project_orangehrm.Test.Admin_Nationalities_Test.setup(Admin_Nationalities_Test.java:23)\n\tat java.base/jdk.internal.reflect.DirectMethodHandleAccessor.invoke(DirectMethodHandleAccessor.java:103)\n\tat java.base/java.lang.reflect.Method.invoke(Method.java:580)\n\tat org.testng.internal.invokers.MethodInvocationHelper.invokeMethod(MethodInvocationHelper.java:141)\n\tat org.testng.internal.invokers.MethodInvocationHelper.invokeMethodConsideringTimeout(MethodInvocationHelper.java:71)\n\tat org.testng.internal.invokers.ConfigInvoker.invokeConfigurationMethod(ConfigInvoker.java:400)\n\tat org.testng.internal.invokers.ConfigInvoker.invokeConfigurations(ConfigInvoker.java:333)\n\tat org.testng.internal.invokers.TestInvoker.runConfigMethods(TestInvoker.java:836)\n\tat org.testng.internal.invokers.TestInvoker.invokeMethod(TestInvoker.java:601)\n\tat org.testng.internal.invokers.TestInvoker.invokeTestMethod(TestInvoker.java:230)\n\tat org.testng.internal.invokers.MethodRunner.runInSequence(MethodRunner.java:63)\n\tat org.testng.internal.invokers.TestInvoker$MethodInvocationAgent.invoke(TestInvoker.java:995)\n\tat org.testng.internal.invokers.TestInvoker.invokeTestMethods(TestInvoker.java:203)\n\tat org.testng.internal.invokers.TestMethodWorker.invokeTestMethods(TestMethodWorker.java:154)\n\tat org.testng.internal.invokers.TestMethodWorker.run(TestMethodWorker.java:134)\n\tat java.base/java.util.ArrayList.forEach(ArrayList.java:1596)\n\tat org.testng.TestRunner.privateRun(TestRunner.java:741)\n\tat org.testng.TestRunner.run(TestRunner.java:616)\n\tat org.testng.SuiteRunner.runTest(SuiteRunner.java:421)\n\tat org.testng.SuiteRunner.runSequentially(SuiteRunner.java:413)\n\tat org.testng.SuiteRunner.privateRun(SuiteRunner.java:373)\n\tat org.testng.SuiteRunner.run(SuiteRunner.java:312)\n\tat org.testng.SuiteRunnerWorker.runSuite(SuiteRunnerWorker.java:52)\n\tat org.testng.SuiteRunnerWorker.run(SuiteRunnerWorker.java:95)\n\tat org.testng.TestNG.runSuitesSequentially(TestNG.java:1274)\n\tat org.testng.TestNG.runSuitesLocally(TestNG.java:1208)\n\tat org.testng.TestNG.runSuites(TestNG.java:1112)\n\tat org.testng.TestNG.run(TestNG.java:1079)\n\tat org.apache.maven.surefire.testng.TestNGExecutor.run(TestNGExecutor.java:308)\n\tat org.apache.maven.surefire.testng.TestNGXmlTestSuite.execute(TestNGXmlTestSuite.java:71)\n\tat org.apache.maven.surefire.testng.TestNGProvider.invoke(TestNGProvider.java:113)\n\tat org.apache.maven.surefire.booter.ForkedBooter.runSuitesInProcess(ForkedBooter.java:385)\n\tat org.apache.maven.surefire.booter.ForkedBooter.execute(ForkedBooter.java:162)\n\tat org.apache.maven.surefire.booter.ForkedBooter.run(ForkedBooter.java:507)\n\tat org.apache.maven.surefire.booter.ForkedBooter.main(ForkedBooter.java:495)\nCaused by: org.openqa.selenium.NoSuchElementException: no such element: Unable to locate element: {\"method\":\"css selector\",\"selector\":\"input[placeholder='Username']\"}\n  (Session info: chrome=143.0.7499.109)\nFor documentation on this error, please visit: https://www.selenium.dev/documentation/webdriver/troubleshooting/errors#nosuchelementexception\nBuild info: version: '4.37.0', revision: '3c1da1e342'\nSystem info: os.name: 'Linux', os.arch: 'amd64', os.version: '6.11.0-1018-azure', java.version: '21.0.9'\nDriver info: org.openqa.selenium.chrome.ChromeDriver\nCommand: [aa1825cdda15c9f1841b2f0877ae43a1, findElement {using=css selector, value=input[placeholder='Username']}]\nCapabilities {acceptInsecureCerts: false, browserName: chrome, browserVersion: 143.0.7499.109, chrome: {chromedriverVersion: 143.0.7499.169 (164b20aab62..., userDataDir: /tmp/.org.chromium.Chromium...}, fedcm:accounts: true, goog:chromeOptions: {debuggerAddress: localhost:46005}, goog:processID: 3968, networkConnectionEnabled: false, pageLoadStrategy: normal, platformName: linux, proxy: Proxy(), se:cdp: ws://localhost:46005/devtoo..., se:cdpVersion: 143.0.7499.109, setWindowRect: true, strictFileInteractability: false, timeouts: {implicit: 0, pageLoad: 300000, script: 30000}, unhandledPromptBehavior: dismiss and notify, webauthn:extension:credBlob: true, webauthn:extension:largeBlob: true, webauthn:extension:minPinLength: true, webauthn:extension:prf: true, webauthn:virtualAuthenticators: true}\nSession ID: aa1825cdda15c9f1841b2f0877ae43a1\n\tat java.base/jdk.internal.reflect.DirectConstructorHandleAccessor.newInstance(DirectConstructorHandleAccessor.java:62)\n\tat java.base/java.lang.reflect.Constructor.newInstanceWithCaller(Constructor.java:502)\n\tat java.base/java.lang.reflect.Constructor.newInstance(Constructor.java:486)\n\tat org.openqa.selenium.remote.ErrorCodec.decode(ErrorCodec.java:167)\n\tat org.openqa.selenium.remote.codec.w3c.W3CHttpResponseCodec.decode(W3CHttpResponseCodec.java:138)\n\tat org.openqa.selenium.remote.codec.w3c.W3CHttpResponseCodec.decode(W3CHttpResponseCodec.java:50)\n\tat org.openqa.selenium.remote.HttpCommandExecutor.execute(HttpCommandExecutor.java:215)\n\tat org.openqa.selenium.remote.service.DriverCommandExecutor.invokeExecute(DriverCommandExecutor.java:216)\n\tat org.openqa.selenium.remote.service.DriverCommandExecutor.execute(DriverCommandExecutor.java:174)\n\tat org.openqa.selenium.remote.RemoteWebDriver.execute(RemoteWebDriver.java:557)\n\tat org.openqa.selenium.remote.ElementLocation$ElementFinder$2.findElement(ElementLocation.java:165)\n\tat org.openqa.selenium.remote.ElementLocation.findElement(ElementLocation.java:59)\n\tat org.openqa.selenium.remote.RemoteWebDriver.findElement(RemoteWebDriver.java:380)\n\tat org.openqa.selenium.remote.RemoteWebDriver.findElement(RemoteWebDriver.java:374)\n\tat project_orangehrm.Base.BasePage.lambda$typeText$0(BasePage.java:83)\n\tat org.openqa.selenium.support.ui.FluentWait.until(FluentWait.java:203)\n\t... 37 more\n","flaky":false,"newFailed":false,"newBroken":false,"newPassed":false,"retriesCount":15,"retriesStatusChange":false,"beforeStages":[{"name":"setUp","time":{"start":1766763653192,"stop":1766763653192,"duration":0},"description":"","status":"broken","steps":[],"attachments":[],"parameters":[],"stepsCount":0,"shouldDisplayMessage":false,"attachmentsCount":0,"hasContent":false,"attachmentStep":false},{"name":"setup","time":{"start":1766763653192,"stop":1766763653192,"duration":0},"description":"","status":"broken","steps":[],"attachments":[],"parameters":[],"stepsCount":0,"shouldDisplayMessage":false,"attachmentsCount":0,"hasContent":false,"attachmentStep":false}],"afterStages":[{"name":"tearDown","time":{"start":1766763653194,"stop":1766763653194,"duration":0},"description":"","status":"broken","steps":[],"attachments":[],"parameters":[],"stepsCount":0,"shouldDisplayMessage":false,"attachmentsCount":0,"hasContent":false,"attachmentStep":false}],"labels":[{"name":"package","value":"project_orangehrm.Test.Admin_Nationalities_Test"},{"name":"testClass","value":"project_orangehrm.Test.Admin_Nationalities_Test"},{"name":"testMethod","value":"verifyNationality_EmptyFields_ShowError"},{"name":"parentSuite","value":"OrangeHRM_Strategic_Suite"},{"name":"suite","value":"Step1_Hyper_Admin_PIM_Foundation"},{"name":"subSuite","value":"project_orangehrm.Test.Admin_Nationalities_Test"},{"name":"host","value":"runnervmh13bl"},{"name":"thread","value":"2331@runnervmh13bl.main(1)"},{"name":"framework","value":"testng"},{"name":"language","value":"java"},{"name":"resultFormat","value":"allure2"}],"parameters":[{"name":"browser","value":"edge"}],"links":[],"hidden":false,"retry":false,"extra":{"severity":"normal","retries":[{"uid":"c99cec37c35ec553","status":"skipped","statusDetails":"Expected condition failed: waiting for project_orangehrm.Base.BasePage$$Lambda/0x00007f8ca0346ae0@1ae924f1 (tried for 10 second(s) with 300 milliseconds interval)","time":{"start":1766763645705,"stop":1766763645705,"duration":0}},{"uid":"5b3d060091b0e25b","status":"skipped","statusDetails":"Expected condition failed: waiting for project_orangehrm.Base.BasePage$$Lambda/0x00007f05643468a8@6fe04f2a (tried for 10 second(s) with 300 milliseconds interval)","time":{"start":1766763642204,"stop":1766763642204,"duration":0}},{"uid":"7203e5ff7c26f047","status":"skipped","statusDetails":"Expected condition failed: waiting for project_orangehrm.Base.BasePage$$Lambda/0x00007f7b283468a8@4357524b (tried for 10 second(s) with 300 milliseconds interval)","time":{"start":1766763641603,"stop":1766763641603,"duration":0}},{"uid":"f171ba516dc37c4","status":"skipped","statusDetails":"Expected condition failed: waiting for project_orangehrm.Base.BasePage$$Lambda/0x00007f047c3491b0@61853c7e (tried for 10 second(s) with 300 milliseconds interval)","time":{"start":1766763637937,"stop":1766763637937,"duration":0}},{"uid":"98cba42e65349466","status":"skipped","statusDetails":"Expected condition failed: waiting for project_orangehrm.Base.BasePage$$Lambda/0x00007fc4a83491b0@7523d5a1 (tried for 10 second(s) with 300 milliseconds interval)","time":{"start":1766763157237,"stop":1766763157237,"duration":0}},{"uid":"cd018aa89b7334b7","status":"skipped","statusDetails":"Expected condition failed: waiting for project_orangehrm.Base.BasePage$$Lambda/0x00007f4d003491b0@61853c7e (tried for 10 second(s) with 300 milliseconds interval)","time":{"start":1766763149484,"stop":1766763149484,"duration":0}},{"uid":"48404a4626002388","status":"skipped","statusDetails":"Expected condition failed: waiting for project_orangehrm.Base.BasePage$$Lambda/0x00007f57e03491b0@660b1a9d (tried for 10 second(s) with 300 milliseconds interval)","time":{"start":1766763147433,"stop":1766763147433,"duration":0}},{"uid":"909fe80eaf272caa","status":"skipped","statusDetails":"Expected condition failed: waiting for project_orangehrm.Base.BasePage$$Lambda/0x00007f4a303491b0@5be4be74 (tried for 10 second(s) with 300 milliseconds interval)","time":{"start":1766763143243,"stop":1766763143243,"duration":0}},{"uid":"4ce8602123f5f2d7","status":"skipped","statusDetails":"Expected condition failed: waiting for project_orangehrm.Base.BasePage$$Lambda/0x00007ff86c3491b0@da09250 (tried for 10 second(s) with 300 milliseconds interval)","time":{"start":1766763142357,"stop":1766763142357,"duration":0}},{"uid":"c32bfd728e931c74","status":"skipped","statusDetails":"Expected condition failed: waiting for project_orangehrm.Base.BasePage$$Lambda/0x00007f13b0346ae0@733534f9 (tried for 10 second(s) with 300 milliseconds interval)","time":{"start":1766763142068,"stop":1766763142068,"duration":0}},{"uid":"d30095162af8896","status":"skipped","statusDetails":"Expected condition failed: waiting for project_orangehrm.Base.BasePage$$Lambda/0x00007fa75c346ae0@5980fa73 (tried for 10 second(s) with 300 milliseconds interval)","time":{"start":1766763135720,"stop":1766763135720,"duration":0}},{"uid":"3c0a0f42112d20cf","status":"skipped","statusDetails":"Expected condition failed: waiting for project_orangehrm.Base.BasePage$$Lambda/0x00007f9aec3491b0@104a287c (tried for 10 second(s) with 300 milliseconds interval)","time":{"start":1766763133881,"stop":1766763133881,"duration":0}},{"uid":"bcc86887dd869643","status":"skipped","statusDetails":"Expected condition failed: waiting for project_orangehrm.Base.BasePage$$Lambda/0x00007f2cd03468a8@d6b532f (tried for 10 second(s) with 300 milliseconds interval)","time":{"start":1766763132788,"stop":1766763132788,"duration":0}},{"uid":"4b7d5dae95fee0a6","status":"skipped","statusDetails":"Expected condition failed: waiting for project_orangehrm.Base.BasePage$$Lambda/0x00007fa3e8344bd0@7f426ddd (tried for 10 second(s) with 300 milliseconds interval)","time":{"start":1766763132108,"stop":1766763132108,"duration":0}},{"uid":"c82d3561b2106289","status":"skipped","statusDetails":"Expected condition failed: waiting for project_orangehrm.Base.BasePage$$Lambda/0x00007f69143491b0@18a0721b (tried for 10 second(s) with 300 milliseconds interval)","time":{"start":1766762672059,"stop":1766762672059,"duration":0}}],"categories":[],"history":{"statistic":{"failed":0,"broken":0,"skipped":1,"passed":7,"unknown":0,"total":8},"items":[{"uid":"52c95283d9c6eb87","reportUrl":"https://m1mohammed1.github.io/orangeHRM/23/#testresult/52c95283d9c6eb87","status":"passed","time":{"start":1766759899907,"stop":1766759901214,"duration":1307}},{"uid":"b7682eccf949718","reportUrl":"https://m1mohammed1.github.io/orangeHRM/22/#testresult/b7682eccf949718","status":"passed","time":{"start":1766705843573,"stop":1766705844532,"duration":959}},{"uid":"3b5c7e2367c2d062","reportUrl":"https://m1mohammed1.github.io/orangeHRM/17/#testresult/3b5c7e2367c2d062","status":"passed","time":{"start":1766697886108,"stop":1766697887116,"duration":1008}},{"uid":"ef2207e2fa3c3db7","reportUrl":"https://m1mohammed1.github.io/orangeHRM/16/#testresult/ef2207e2fa3c3db7","status":"passed","time":{"start":1766632024831,"stop":1766632026089,"duration":1258}},{"uid":"e58dde4c26cfa5d","reportUrl":"https://m1mohammed1.github.io/orangeHRM/15/#testresult/e58dde4c26cfa5d","status":"passed","time":{"start":1766624278356,"stop":1766624279416,"duration":1060}},{"uid":"a70a96835a7217f7","reportUrl":"https://m1mohammed1.github.io/orangeHRM/13/#testresult/a70a96835a7217f7","status":"passed","time":{"start":1766620365044,"stop":1766620366161,"duration":1117}},{"uid":"446f5b163aecf601","reportUrl":"https://m1mohammed1.github.io/orangeHRM/12/#testresult/446f5b163aecf601","status":"passed","time":{"start":1766616681290,"stop":1766616682379,"duration":1089}}]},"tags":[]},"source":"5a4beaa37177e89f.json","parameterValues":["edge"]}