{"uid":"5d8da6a23937b610","name":"TC01 - Verify Skill Lifecycle: Create","fullName":"project_orangehrm.Test.Admin_Qualifications_Test.verifySkills_Lifecycle_Success","historyId":"120e193833f9b6bdfc72f6f01757e722","time":{"start":1766961401972,"stop":1766961423770,"duration":21798},"status":"failed","statusMessage":"Record not found: Java Automation | Locator: By.xpath: //div[@role='row']//div[normalize-space()='Java Automation']","statusTrace":"java.lang.AssertionError: Record not found: Java Automation | Locator: By.xpath: //div[@role='row']//div[normalize-space()='Java Automation']\n\tat org.testng.Assert.fail(Assert.java:111)\n\tat project_orangehrm.Base.BasePage.assertVisible(BasePage.java:46)\n\tat project_orangehrm.Pages.CommonPage.verifyRecordVisible(CommonPage.java:316)\n\tat project_orangehrm.Pages.AdminPage.verifyRecordExists(AdminPage.java:137)\n\tat project_orangehrm.Test.Admin_Qualifications_Test.verifySkills_Lifecycle_Success(Admin_Qualifications_Test.java:41)\n\tat java.base/jdk.internal.reflect.DirectMethodHandleAccessor.invoke(DirectMethodHandleAccessor.java:103)\n\tat java.base/java.lang.reflect.Method.invoke(Method.java:580)\n\tat org.testng.internal.invokers.MethodInvocationHelper.invokeMethod(MethodInvocationHelper.java:141)\n\tat org.testng.internal.invokers.TestInvoker.invokeMethod(TestInvoker.java:687)\n\tat org.testng.internal.invokers.TestInvoker.invokeTestMethod(TestInvoker.java:230)\n\tat org.testng.internal.invokers.MethodRunner.runInSequence(MethodRunner.java:63)\n\tat org.testng.internal.invokers.TestInvoker$MethodInvocationAgent.invoke(TestInvoker.java:995)\n\tat org.testng.internal.invokers.TestInvoker.invokeTestMethods(TestInvoker.java:203)\n\tat org.testng.internal.invokers.TestMethodWorker.invokeTestMethods(TestMethodWorker.java:154)\n\tat org.testng.internal.invokers.TestMethodWorker.run(TestMethodWorker.java:134)\n\tat java.base/java.util.ArrayList.forEach(ArrayList.java:1596)\n\tat org.testng.TestRunner.privateRun(TestRunner.java:741)\n\tat org.testng.TestRunner.run(TestRunner.java:616)\n\tat org.testng.SuiteRunner.runTest(SuiteRunner.java:421)\n\tat org.testng.SuiteRunner.runSequentially(SuiteRunner.java:413)\n\tat org.testng.SuiteRunner.privateRun(SuiteRunner.java:373)\n\tat org.testng.SuiteRunner.run(SuiteRunner.java:312)\n\tat org.testng.SuiteRunnerWorker.runSuite(SuiteRunnerWorker.java:52)\n\tat org.testng.SuiteRunnerWorker.run(SuiteRunnerWorker.java:95)\n\tat org.testng.TestNG.runSuitesSequentially(TestNG.java:1274)\n\tat org.testng.TestNG.runSuitesLocally(TestNG.java:1208)\n\tat org.testng.TestNG.runSuites(TestNG.java:1112)\n\tat org.testng.TestNG.run(TestNG.java:1079)\n\tat org.apache.maven.surefire.testng.TestNGExecutor.run(TestNGExecutor.java:308)\n\tat org.apache.maven.surefire.testng.TestNGXmlTestSuite.execute(TestNGXmlTestSuite.java:71)\n\tat org.apache.maven.surefire.testng.TestNGProvider.invoke(TestNGProvider.java:113)\n\tat org.apache.maven.surefire.booter.ForkedBooter.runSuitesInProcess(ForkedBooter.java:385)\n\tat org.apache.maven.surefire.booter.ForkedBooter.execute(ForkedBooter.java:162)\n\tat org.apache.maven.surefire.booter.ForkedBooter.run(ForkedBooter.java:507)\n\tat org.apache.maven.surefire.booter.ForkedBooter.main(ForkedBooter.java:495)\n","flaky":false,"newFailed":false,"newBroken":false,"newPassed":false,"retriesCount":1,"retriesStatusChange":true,"beforeStages":[{"name":"setUp","time":{"start":1766961399293,"stop":1766961400114,"duration":821},"description":"","status":"passed","steps":[],"attachments":[],"parameters":[],"stepsCount":0,"shouldDisplayMessage":false,"attachmentsCount":0,"hasContent":false,"attachmentStep":false},{"name":"setup","time":{"start":1766961400115,"stop":1766961401971,"duration":1856},"description":"","status":"passed","steps":[],"attachments":[],"parameters":[],"stepsCount":0,"shouldDisplayMessage":false,"attachmentsCount":0,"hasContent":false,"attachmentStep":false}],"testStage":{"status":"failed","statusMessage":"Record not found: Java Automation | Locator: By.xpath: //div[@role='row']//div[normalize-space()='Java Automation']","statusTrace":"java.lang.AssertionError: Record not found: Java Automation | Locator: By.xpath: //div[@role='row']//div[normalize-space()='Java Automation']\n\tat org.testng.Assert.fail(Assert.java:111)\n\tat project_orangehrm.Base.BasePage.assertVisible(BasePage.java:46)\n\tat project_orangehrm.Pages.CommonPage.verifyRecordVisible(CommonPage.java:316)\n\tat project_orangehrm.Pages.AdminPage.verifyRecordExists(AdminPage.java:137)\n\tat project_orangehrm.Test.Admin_Qualifications_Test.verifySkills_Lifecycle_Success(Admin_Qualifications_Test.java:41)\n\tat java.base/jdk.internal.reflect.DirectMethodHandleAccessor.invoke(DirectMethodHandleAccessor.java:103)\n\tat java.base/java.lang.reflect.Method.invoke(Method.java:580)\n\tat org.testng.internal.invokers.MethodInvocationHelper.invokeMethod(MethodInvocationHelper.java:141)\n\tat org.testng.internal.invokers.TestInvoker.invokeMethod(TestInvoker.java:687)\n\tat org.testng.internal.invokers.TestInvoker.invokeTestMethod(TestInvoker.java:230)\n\tat org.testng.internal.invokers.MethodRunner.runInSequence(MethodRunner.java:63)\n\tat org.testng.internal.invokers.TestInvoker$MethodInvocationAgent.invoke(TestInvoker.java:995)\n\tat org.testng.internal.invokers.TestInvoker.invokeTestMethods(TestInvoker.java:203)\n\tat org.testng.internal.invokers.TestMethodWorker.invokeTestMethods(TestMethodWorker.java:154)\n\tat org.testng.internal.invokers.TestMethodWorker.run(TestMethodWorker.java:134)\n\tat java.base/java.util.ArrayList.forEach(ArrayList.java:1596)\n\tat org.testng.TestRunner.privateRun(TestRunner.java:741)\n\tat org.testng.TestRunner.run(TestRunner.java:616)\n\tat org.testng.SuiteRunner.runTest(SuiteRunner.java:421)\n\tat org.testng.SuiteRunner.runSequentially(SuiteRunner.java:413)\n\tat org.testng.SuiteRunner.privateRun(SuiteRunner.java:373)\n\tat org.testng.SuiteRunner.run(SuiteRunner.java:312)\n\tat org.testng.SuiteRunnerWorker.runSuite(SuiteRunnerWorker.java:52)\n\tat org.testng.SuiteRunnerWorker.run(SuiteRunnerWorker.java:95)\n\tat org.testng.TestNG.runSuitesSequentially(TestNG.java:1274)\n\tat org.testng.TestNG.runSuitesLocally(TestNG.java:1208)\n\tat org.testng.TestNG.runSuites(TestNG.java:1112)\n\tat org.testng.TestNG.run(TestNG.java:1079)\n\tat org.apache.maven.surefire.testng.TestNGExecutor.run(TestNGExecutor.java:308)\n\tat org.apache.maven.surefire.testng.TestNGXmlTestSuite.execute(TestNGXmlTestSuite.java:71)\n\tat org.apache.maven.surefire.testng.TestNGProvider.invoke(TestNGProvider.java:113)\n\tat org.apache.maven.surefire.booter.ForkedBooter.runSuitesInProcess(ForkedBooter.java:385)\n\tat org.apache.maven.surefire.booter.ForkedBooter.execute(ForkedBooter.java:162)\n\tat org.apache.maven.surefire.booter.ForkedBooter.run(ForkedBooter.java:507)\n\tat org.apache.maven.surefire.booter.ForkedBooter.main(ForkedBooter.java:495)\n","steps":[],"attachments":[{"uid":"ffe817f120b2adde","name":"SoftAssert_Failed - 2025-12-28T22:36:53.635552426","source":"ffe817f120b2adde.png","type":"image/png","size":98926},{"uid":"fe094d68b5a8ce6e","name":"Page Source","source":"fe094d68b5a8ce6e.html","type":"text/html","size":294780}],"parameters":[],"stepsCount":0,"shouldDisplayMessage":true,"attachmentsCount":2,"hasContent":true,"attachmentStep":false},"afterStages":[{"name":"tearDown","time":{"start":1766961423771,"stop":1766961423954,"duration":183},"description":"","status":"passed","steps":[],"attachments":[{"uid":"f2c3526ee520208b","name":"Screenshot Failure - verifySkills_Lifecycle_Success","source":"f2c3526ee520208b.png","type":"image/png","size":98926},{"uid":"6e806a0058ccf308","name":"Page Source","source":"6e806a0058ccf308.html","type":"text/html","size":294780}],"parameters":[],"stepsCount":0,"shouldDisplayMessage":false,"attachmentsCount":2,"hasContent":true,"attachmentStep":false}],"labels":[{"name":"package","value":"project_orangehrm.Test.Admin_Qualifications_Test"},{"name":"testClass","value":"project_orangehrm.Test.Admin_Qualifications_Test"},{"name":"testMethod","value":"verifySkills_Lifecycle_Success"},{"name":"parentSuite","value":"OrangeHRM_Atomic_Pro_Suite"},{"name":"suite","value":"Reg_Admin_Qual"},{"name":"subSuite","value":"project_orangehrm.Test.Admin_Qualifications_Test"},{"name":"host","value":"runnervmh13bl"},{"name":"thread","value":"2581@runnervmh13bl.main(1)"},{"name":"framework","value":"testng"},{"name":"language","value":"java"},{"name":"resultFormat","value":"allure2"}],"parameters":[{"name":"browser","value":"chrome"}],"links":[],"hidden":false,"retry":false,"extra":{"severity":"normal","retries":[{"uid":"b71ee41ffcab18e6","status":"passed","time":{"start":1766961204612,"stop":1766961209933,"duration":5321}}],"categories":[{"name":"Product defects","matchedStatuses":[],"flaky":false}],"history":{"statistic":{"failed":6,"broken":0,"skipped":0,"passed":0,"unknown":0,"total":6},"items":[{"uid":"e48f264f35a51c5a","reportUrl":"https://m1mohammed1.github.io/orangeHRM/59/#testresult/e48f264f35a51c5a","status":"failed","statusDetails":"Record not found: Java Automation | Locator: By.xpath: //div[@role='row']//div[normalize-space()='Java Automation']","time":{"start":1766957478589,"stop":1766957500616,"duration":22027}},{"uid":"6d5db1ae846c2eb2","reportUrl":"https://m1mohammed1.github.io/orangeHRM/58/#testresult/6d5db1ae846c2eb2","status":"failed","statusDetails":"Record not found: Java Automation | Locator: By.xpath: //div[@role='row']//div[normalize-space()='Java Automation']","time":{"start":1766954881653,"stop":1766954903811,"duration":22158}},{"uid":"8f8c96a02cef190c","reportUrl":"https://m1mohammed1.github.io/orangeHRM/57/#testresult/8f8c96a02cef190c","status":"failed","statusDetails":"Record not found: Java Automation | Locator: By.xpath: //div[@role='row']//div[normalize-space()='Java Automation']","time":{"start":1766952864644,"stop":1766952886451,"duration":21807}},{"uid":"4173fc1a72f3d572","reportUrl":"https://m1mohammed1.github.io/orangeHRM/55/#testresult/4173fc1a72f3d572","status":"failed","statusDetails":"Record not found: Java Automation | Locator: By.xpath: //div[@role='row']//div[normalize-space()='Java Automation']","time":{"start":1766948473674,"stop":1766948495453,"duration":21779}},{"uid":"bd698b16831c6240","reportUrl":"https://m1mohammed1.github.io/orangeHRM/53/#testresult/bd698b16831c6240","status":"failed","statusDetails":"Success message not displayed | Locator: By.xpath: //div[contains(@class, 'oxd-toast--success')]","time":{"start":1766935813919,"stop":1766935825612,"duration":11693}}]},"tags":[]},"source":"5d8da6a23937b610.json","parameterValues":["chrome"]}