{"uid":"66da167de783e150","name":"TC01 - Verify Customer Add","fullName":"project_orangehrm.Test.Time_ProjectInfo_Test.verifyCustomer_Add_Success","historyId":"d0c73dfdd3d04c7614ebe985e2c70c0","time":{"start":1766760675276,"stop":1766760697103,"duration":21827},"status":"failed","statusMessage":"Record not found: Auto Test Customer | Locator: By.xpath: //div[@role='row']//div[normalize-space()='Auto Test Customer']","statusTrace":"java.lang.AssertionError: Record not found: Auto Test Customer | Locator: By.xpath: //div[@role='row']//div[normalize-space()='Auto Test Customer']\n\tat org.testng.Assert.fail(Assert.java:111)\n\tat project_orangehrm.Base.BasePage.assertVisible(BasePage.java:46)\n\tat project_orangehrm.Pages.CommonPage.verifyRecordVisible(CommonPage.java:311)\n\tat project_orangehrm.Pages.TimePage.verifyRecordExists(TimePage.java:145)\n\tat project_orangehrm.Test.Time_ProjectInfo_Test.verifyCustomer_Add_Success(Time_ProjectInfo_Test.java:43)\n\tat java.base/jdk.internal.reflect.DirectMethodHandleAccessor.invoke(DirectMethodHandleAccessor.java:103)\n\tat java.base/java.lang.reflect.Method.invoke(Method.java:580)\n\tat org.testng.internal.invokers.MethodInvocationHelper.invokeMethod(MethodInvocationHelper.java:141)\n\tat org.testng.internal.invokers.TestInvoker.invokeMethod(TestInvoker.java:687)\n\tat org.testng.internal.invokers.TestInvoker.invokeTestMethod(TestInvoker.java:230)\n\tat org.testng.internal.invokers.MethodRunner.runInSequence(MethodRunner.java:63)\n\tat org.testng.internal.invokers.TestInvoker$MethodInvocationAgent.invoke(TestInvoker.java:995)\n\tat org.testng.internal.invokers.TestInvoker.invokeTestMethods(TestInvoker.java:203)\n\tat org.testng.internal.invokers.TestMethodWorker.invokeTestMethods(TestMethodWorker.java:154)\n\tat org.testng.internal.invokers.TestMethodWorker.run(TestMethodWorker.java:134)\n\tat java.base/java.util.concurrent.Executors$RunnableAdapter.call(Executors.java:572)\n\tat java.base/java.util.concurrent.FutureTask.run(FutureTask.java:317)\n\tat org.testng.internal.thread.graph.TestNGFutureTask.run(TestNGFutureTask.java:22)\n\tat java.base/java.util.concurrent.ThreadPoolExecutor.runWorker(ThreadPoolExecutor.java:1144)\n\tat java.base/java.util.concurrent.ThreadPoolExecutor$Worker.run(ThreadPoolExecutor.java:642)\n\tat java.base/java.lang.Thread.run(Thread.java:1583)\n","flaky":false,"newFailed":false,"newBroken":false,"newPassed":false,"retriesCount":0,"retriesStatusChange":false,"beforeStages":[{"name":"setUp","time":{"start":1766760672056,"stop":1766760672986,"duration":930},"description":"","status":"passed","steps":[],"attachments":[],"parameters":[],"stepsCount":0,"shouldDisplayMessage":false,"attachmentsCount":0,"hasContent":false,"attachmentStep":false},{"name":"setup","time":{"start":1766760672987,"stop":1766760675275,"duration":2288},"description":"","status":"passed","steps":[],"attachments":[],"parameters":[],"stepsCount":0,"shouldDisplayMessage":false,"attachmentsCount":0,"hasContent":false,"attachmentStep":false}],"testStage":{"status":"failed","statusMessage":"Record not found: Auto Test Customer | Locator: By.xpath: //div[@role='row']//div[normalize-space()='Auto Test Customer']","statusTrace":"java.lang.AssertionError: Record not found: Auto Test Customer | Locator: By.xpath: //div[@role='row']//div[normalize-space()='Auto Test Customer']\n\tat org.testng.Assert.fail(Assert.java:111)\n\tat project_orangehrm.Base.BasePage.assertVisible(BasePage.java:46)\n\tat project_orangehrm.Pages.CommonPage.verifyRecordVisible(CommonPage.java:311)\n\tat project_orangehrm.Pages.TimePage.verifyRecordExists(TimePage.java:145)\n\tat project_orangehrm.Test.Time_ProjectInfo_Test.verifyCustomer_Add_Success(Time_ProjectInfo_Test.java:43)\n\tat java.base/jdk.internal.reflect.DirectMethodHandleAccessor.invoke(DirectMethodHandleAccessor.java:103)\n\tat java.base/java.lang.reflect.Method.invoke(Method.java:580)\n\tat org.testng.internal.invokers.MethodInvocationHelper.invokeMethod(MethodInvocationHelper.java:141)\n\tat org.testng.internal.invokers.TestInvoker.invokeMethod(TestInvoker.java:687)\n\tat org.testng.internal.invokers.TestInvoker.invokeTestMethod(TestInvoker.java:230)\n\tat org.testng.internal.invokers.MethodRunner.runInSequence(MethodRunner.java:63)\n\tat org.testng.internal.invokers.TestInvoker$MethodInvocationAgent.invoke(TestInvoker.java:995)\n\tat org.testng.internal.invokers.TestInvoker.invokeTestMethods(TestInvoker.java:203)\n\tat org.testng.internal.invokers.TestMethodWorker.invokeTestMethods(TestMethodWorker.java:154)\n\tat org.testng.internal.invokers.TestMethodWorker.run(TestMethodWorker.java:134)\n\tat java.base/java.util.concurrent.Executors$RunnableAdapter.call(Executors.java:572)\n\tat java.base/java.util.concurrent.FutureTask.run(FutureTask.java:317)\n\tat org.testng.internal.thread.graph.TestNGFutureTask.run(TestNGFutureTask.java:22)\n\tat java.base/java.util.concurrent.ThreadPoolExecutor.runWorker(ThreadPoolExecutor.java:1144)\n\tat java.base/java.util.concurrent.ThreadPoolExecutor$Worker.run(ThreadPoolExecutor.java:642)\n\tat java.base/java.lang.Thread.run(Thread.java:1583)\n","steps":[],"attachments":[{"uid":"f96df1e1aad9eb1d","name":"SoftAssert_Failed - 2025-12-26T14:51:26.893984776","source":"f96df1e1aad9eb1d.png","type":"image/png","size":97825},{"uid":"dce0a0b2f0f8b44e","name":"Page Source","source":"dce0a0b2f0f8b44e.html","type":"text/html","size":294283}],"parameters":[],"stepsCount":0,"shouldDisplayMessage":true,"attachmentsCount":2,"hasContent":true,"attachmentStep":false},"afterStages":[{"name":"tearDown","time":{"start":1766760697103,"stop":1766760697174,"duration":71},"description":"","status":"passed","steps":[],"attachments":[{"uid":"264875e062944ff9","name":"Screenshot Error","source":"264875e062944ff9.txt","type":"text/plain","size":1152}],"parameters":[],"stepsCount":0,"shouldDisplayMessage":false,"attachmentsCount":1,"hasContent":true,"attachmentStep":false}],"labels":[{"name":"package","value":"project_orangehrm.Test.Time_ProjectInfo_Test"},{"name":"testClass","value":"project_orangehrm.Test.Time_ProjectInfo_Test"},{"name":"testMethod","value":"verifyCustomer_Add_Success"},{"name":"parentSuite","value":"OrangeHRM_Strategic_Suite"},{"name":"suite","value":"Step4_Ops_Time_Logic"},{"name":"subSuite","value":"project_orangehrm.Test.Time_ProjectInfo_Test"},{"name":"host","value":"runnervmh13bl"},{"name":"thread","value":"2296@runnervmh13bl.TestNG-test-Step4_Ops_Time_Logic-1(2190)"},{"name":"framework","value":"testng"},{"name":"language","value":"java"},{"name":"resultFormat","value":"allure2"}],"parameters":[{"name":"browser","value":"edge"}],"links":[],"hidden":true,"retry":true,"extra":{"categories":[],"tags":[]},"source":"66da167de783e150.json","parameterValues":["edge"]}