{"uid":"6be42df0c3facedc","name":"TC03 - Verify Report Lifecycle: Create, Verify, Edit, Delete","fullName":"project_orangehrm.Test.PIM_Reports_Test.verifyReport_Lifecycle_Edit","historyId":"46090797701d0b8fc16d6aa551f0ed9c","time":{"start":1766763920158,"stop":1766763920158,"duration":0},"status":"skipped","statusMessage":"Expected condition failed: waiting for project_orangehrm.Base.BasePage$$Lambda/0x00007fd2f83468a8@7ddee5a5 (tried for 10 second(s) with 300 milliseconds interval)","statusTrace":"org.openqa.selenium.TimeoutException: Expected condition failed: waiting for project_orangehrm.Base.BasePage$$Lambda/0x00007fd2f83468a8@7ddee5a5 (tried for 10 second(s) with 300 milliseconds interval)\n\tat org.openqa.selenium.support.ui.FluentWait.timeoutException(FluentWait.java:265)\n\tat org.openqa.selenium.support.ui.FluentWait.until(FluentWait.java:228)\n\tat project_orangehrm.Base.BasePage.typeText(BasePage.java:82)\n\tat project_orangehrm.Pages.LoginPage.enterUsername(LoginPage.java:22)\n\tat project_orangehrm.Test.PIM_Reports_Test.setup(PIM_Reports_Test.java:23)\n\tat java.base/jdk.internal.reflect.DirectMethodHandleAccessor.invoke(DirectMethodHandleAccessor.java:103)\n\tat java.base/java.lang.reflect.Method.invoke(Method.java:580)\n\tat org.testng.internal.invokers.MethodInvocationHelper.invokeMethod(MethodInvocationHelper.java:141)\n\tat org.testng.internal.invokers.MethodInvocationHelper.invokeMethodConsideringTimeout(MethodInvocationHelper.java:71)\n\tat org.testng.internal.invokers.ConfigInvoker.invokeConfigurationMethod(ConfigInvoker.java:400)\n\tat org.testng.internal.invokers.ConfigInvoker.invokeConfigurations(ConfigInvoker.java:333)\n\tat org.testng.internal.invokers.TestInvoker.runConfigMethods(TestInvoker.java:836)\n\tat org.testng.internal.invokers.TestInvoker.invokeMethod(TestInvoker.java:601)\n\tat org.testng.internal.invokers.TestInvoker.invokeTestMethod(TestInvoker.java:230)\n\tat org.testng.internal.invokers.MethodRunner.runInSequence(MethodRunner.java:63)\n\tat org.testng.internal.invokers.TestInvoker$MethodInvocationAgent.invoke(TestInvoker.java:995)\n\tat org.testng.internal.invokers.TestInvoker.invokeTestMethods(TestInvoker.java:203)\n\tat org.testng.internal.invokers.TestMethodWorker.invokeTestMethods(TestMethodWorker.java:154)\n\tat org.testng.internal.invokers.TestMethodWorker.run(TestMethodWorker.java:134)\n\tat java.base/java.util.concurrent.Executors$RunnableAdapter.call(Executors.java:572)\n\tat java.base/java.util.concurrent.FutureTask.run(FutureTask.java:317)\n\tat org.testng.internal.thread.graph.TestNGFutureTask.run(TestNGFutureTask.java:22)\n\tat java.base/java.util.concurrent.ThreadPoolExecutor.runWorker(ThreadPoolExecutor.java:1144)\n\tat java.base/java.util.concurrent.ThreadPoolExecutor$Worker.run(ThreadPoolExecutor.java:642)\n\tat java.base/java.lang.Thread.run(Thread.java:1583)\nCaused by: org.openqa.selenium.NoSuchElementException: no such element: Unable to locate element: {\"method\":\"css selector\",\"selector\":\"input[placeholder='Username']\"}\n  (Session info: chrome=143.0.7499.109)\nFor documentation on this error, please visit: https://www.selenium.dev/documentation/webdriver/troubleshooting/errors#nosuchelementexception\nBuild info: version: '4.37.0', revision: '3c1da1e342'\nSystem info: os.name: 'Linux', os.arch: 'amd64', os.version: '6.11.0-1018-azure', java.version: '21.0.9'\nDriver info: org.openqa.selenium.chrome.ChromeDriver\nCommand: [7bff1e8fefdcae746bfa4bd2aae0e944, findElement {using=css selector, value=input[placeholder='Username']}]\nCapabilities {acceptInsecureCerts: false, browserName: chrome, browserVersion: 143.0.7499.109, chrome: {chromedriverVersion: 143.0.7499.169 (164b20aab62..., userDataDir: /tmp/.org.chromium.Chromium...}, fedcm:accounts: true, goog:chromeOptions: {debuggerAddress: localhost:43139}, goog:processID: 14111, networkConnectionEnabled: false, pageLoadStrategy: normal, platformName: linux, proxy: Proxy(), se:cdp: ws://localhost:43139/devtoo..., se:cdpVersion: 143.0.7499.109, setWindowRect: true, strictFileInteractability: false, timeouts: {implicit: 0, pageLoad: 300000, script: 30000}, unhandledPromptBehavior: dismiss and notify, webauthn:extension:credBlob: true, webauthn:extension:largeBlob: true, webauthn:extension:minPinLength: true, webauthn:extension:prf: true, webauthn:virtualAuthenticators: true}\nSession ID: 7bff1e8fefdcae746bfa4bd2aae0e944\n\tat java.base/jdk.internal.reflect.DirectConstructorHandleAccessor.newInstance(DirectConstructorHandleAccessor.java:62)\n\tat java.base/java.lang.reflect.Constructor.newInstanceWithCaller(Constructor.java:502)\n\tat java.base/java.lang.reflect.Constructor.newInstance(Constructor.java:486)\n\tat org.openqa.selenium.remote.ErrorCodec.decode(ErrorCodec.java:167)\n\tat org.openqa.selenium.remote.codec.w3c.W3CHttpResponseCodec.decode(W3CHttpResponseCodec.java:138)\n\tat org.openqa.selenium.remote.codec.w3c.W3CHttpResponseCodec.decode(W3CHttpResponseCodec.java:50)\n\tat org.openqa.selenium.remote.HttpCommandExecutor.execute(HttpCommandExecutor.java:215)\n\tat org.openqa.selenium.remote.service.DriverCommandExecutor.invokeExecute(DriverCommandExecutor.java:216)\n\tat org.openqa.selenium.remote.service.DriverCommandExecutor.execute(DriverCommandExecutor.java:174)\n\tat org.openqa.selenium.remote.RemoteWebDriver.execute(RemoteWebDriver.java:557)\n\tat org.openqa.selenium.remote.ElementLocation$ElementFinder$2.findElement(ElementLocation.java:165)\n\tat org.openqa.selenium.remote.ElementLocation.findElement(ElementLocation.java:59)\n\tat org.openqa.selenium.remote.RemoteWebDriver.findElement(RemoteWebDriver.java:380)\n\tat org.openqa.selenium.remote.RemoteWebDriver.findElement(RemoteWebDriver.java:374)\n\tat project_orangehrm.Base.BasePage.lambda$typeText$0(BasePage.java:83)\n\tat org.openqa.selenium.support.ui.FluentWait.until(FluentWait.java:203)\n\t... 23 more\n","flaky":false,"newFailed":false,"newBroken":false,"newPassed":false,"retriesCount":15,"retriesStatusChange":false,"beforeStages":[{"name":"setUp","time":{"start":1766763920157,"stop":1766763920157,"duration":0},"description":"","status":"broken","steps":[],"attachments":[],"parameters":[],"stepsCount":0,"shouldDisplayMessage":false,"attachmentsCount":0,"hasContent":false,"attachmentStep":false},{"name":"setup","time":{"start":1766763920157,"stop":1766763920157,"duration":0},"description":"","status":"broken","steps":[],"attachments":[],"parameters":[],"stepsCount":0,"shouldDisplayMessage":false,"attachmentsCount":0,"hasContent":false,"attachmentStep":false}],"afterStages":[{"name":"tearDown","time":{"start":1766763920158,"stop":1766763920158,"duration":0},"description":"","status":"broken","steps":[],"attachments":[],"parameters":[],"stepsCount":0,"shouldDisplayMessage":false,"attachmentsCount":0,"hasContent":false,"attachmentStep":false}],"labels":[{"name":"package","value":"project_orangehrm.Test.PIM_Reports_Test"},{"name":"testClass","value":"project_orangehrm.Test.PIM_Reports_Test"},{"name":"testMethod","value":"verifyReport_Lifecycle_Edit"},{"name":"parentSuite","value":"OrangeHRM_Strategic_Suite"},{"name":"suite","value":"Step5_Perf_Reports"},{"name":"subSuite","value":"project_orangehrm.Test.PIM_Reports_Test"},{"name":"host","value":"runnervmh13bl"},{"name":"thread","value":"2331@runnervmh13bl.TestNG-test-Step5_Perf_Reports-1(610)"},{"name":"framework","value":"testng"},{"name":"language","value":"java"},{"name":"resultFormat","value":"allure2"}],"parameters":[{"name":"browser","value":"edge"}],"links":[],"hidden":false,"retry":false,"extra":{"severity":"normal","retries":[{"uid":"85e5ae1912115084","status":"skipped","statusDetails":"Expected condition failed: waiting for project_orangehrm.Base.BasePage$$Lambda/0x00007f8ca0346ae0@7d281980 (tried for 10 second(s) with 300 milliseconds interval)","time":{"start":1766763910757,"stop":1766763910757,"duration":0}},{"uid":"c437f75e62566644","status":"skipped","statusDetails":"Expected condition failed: waiting for project_orangehrm.Base.BasePage$$Lambda/0x00007f05643468a8@5d383954 (tried for 10 second(s) with 300 milliseconds interval)","time":{"start":1766763908389,"stop":1766763908389,"duration":0}},{"uid":"2a74561ce77de128","status":"skipped","statusDetails":"Expected condition failed: waiting for project_orangehrm.Base.BasePage$$Lambda/0x00007f7b283468a8@3270b26a (tried for 10 second(s) with 300 milliseconds interval)","time":{"start":1766763907034,"stop":1766763907034,"duration":0}},{"uid":"942a3244062490e9","status":"skipped","statusDetails":"Expected condition failed: waiting for project_orangehrm.Base.BasePage$$Lambda/0x00007f047c3491b0@27b2e318 (tried for 10 second(s) with 300 milliseconds interval)","time":{"start":1766763888781,"stop":1766763888781,"duration":0}},{"uid":"89b6ba93d9e7d69d","status":"skipped","statusDetails":"Expected condition failed: waiting for project_orangehrm.Base.BasePage$$Lambda/0x00007fc4a83491b0@3914b9dc (tried for 10 second(s) with 300 milliseconds interval)","time":{"start":1766763422816,"stop":1766763422816,"duration":0}},{"uid":"a78888cdbc3d732","status":"skipped","statusDetails":"Expected condition failed: waiting for project_orangehrm.Base.BasePage$$Lambda/0x00007f57e03491b0@63b539e (tried for 10 second(s) with 300 milliseconds interval)","time":{"start":1766763413445,"stop":1766763413445,"duration":0}},{"uid":"edd9d6b12585c69f","status":"skipped","statusDetails":"Expected condition failed: waiting for project_orangehrm.Base.BasePage$$Lambda/0x00007ff86c3491b0@7d281980 (tried for 10 second(s) with 300 milliseconds interval)","time":{"start":1766763408215,"stop":1766763408216,"duration":1}},{"uid":"ed2f83d09067bdb5","status":"skipped","statusDetails":"Expected condition failed: waiting for project_orangehrm.Base.BasePage$$Lambda/0x00007f4a303491b0@3bcf431a (tried for 10 second(s) with 300 milliseconds interval)","time":{"start":1766763406613,"stop":1766763406613,"duration":0}},{"uid":"78368943ef710224","status":"skipped","statusDetails":"Expected condition failed: waiting for project_orangehrm.Base.BasePage$$Lambda/0x00007f4d003491b0@25d26514 (tried for 10 second(s) with 300 milliseconds interval)","time":{"start":1766763402643,"stop":1766763402643,"duration":0}},{"uid":"6493c027f8eb1836","status":"skipped","statusDetails":"Expected condition failed: waiting for project_orangehrm.Base.BasePage$$Lambda/0x00007f13b0346ae0@792f3fae (tried for 10 second(s) with 300 milliseconds interval)","time":{"start":1766763392470,"stop":1766763392470,"duration":0}},{"uid":"6f99e02b5b53dbe8","status":"skipped","statusDetails":"Expected condition failed: waiting for project_orangehrm.Base.BasePage$$Lambda/0x00007fa3e8344bd0@50e04c2b (tried for 10 second(s) with 300 milliseconds interval)","time":{"start":1766763392247,"stop":1766763392247,"duration":0}},{"uid":"b7365293710ada06","status":"skipped","statusDetails":"Expected condition failed: waiting for project_orangehrm.Base.BasePage$$Lambda/0x00007fa75c346ae0@12c2146c (tried for 10 second(s) with 300 milliseconds interval)","time":{"start":1766763388690,"stop":1766763388690,"duration":0}},{"uid":"487e964ba1ca03cf","status":"skipped","statusDetails":"Expected condition failed: waiting for project_orangehrm.Base.BasePage$$Lambda/0x00007f9aec3491b0@25d26514 (tried for 10 second(s) with 300 milliseconds interval)","time":{"start":1766763384387,"stop":1766763384387,"duration":0}},{"uid":"90f84bea79bb233d","status":"skipped","statusDetails":"Expected condition failed: waiting for project_orangehrm.Base.BasePage$$Lambda/0x00007f2cd03468a8@1c721e25 (tried for 10 second(s) with 300 milliseconds interval)","time":{"start":1766763383155,"stop":1766763383155,"duration":0}},{"uid":"64e18539b9358f42","status":"skipped","statusDetails":"Expected condition failed: waiting for project_orangehrm.Base.BasePage$$Lambda/0x00007f69143491b0@6a4b7c7a (tried for 10 second(s) with 300 milliseconds interval)","time":{"start":1766762922740,"stop":1766762922741,"duration":1}}],"categories":[],"history":{"statistic":{"failed":3,"broken":6,"skipped":1,"passed":0,"unknown":0,"total":10},"items":[{"uid":"fe3af496bb18526e","reportUrl":"https://m1mohammed1.github.io/orangeHRM/23/#testresult/fe3af496bb18526e","status":"broken","statusDetails":"Expected condition failed: waiting for element to be clickable: By.xpath: //div[contains(text(),'QA Automation All Employee Audit Report')]/ancestor::div[@role='row']//button[i[contains(@class, 'bi-trash')]] (tried for 10 second(s) with 300 milliseconds interval)\nBuild info: version: '4.37.0', revision: '3c1da1e342'\nSystem info: os.name: 'Linux', os.arch: 'amd64', os.version: '6.11.0-1018-azure', java.version: '21.0.9'\nDriver info: driver.version: unknown","time":{"start":1766762069892,"stop":1766762103919,"duration":34027}},{"uid":"56272a7290b374f5","reportUrl":"https://m1mohammed1.github.io/orangeHRM/22/#testresult/56272a7290b374f5","status":"broken","statusDetails":"Expected condition failed: waiting for element to be clickable: By.xpath: //div[contains(text(),'QA Automation All Employee Audit Report')]/ancestor::div[@role='row']//button[i[contains(@class, 'bi-trash')]] (tried for 10 second(s) with 300 milliseconds interval)\nBuild info: version: '4.37.0', revision: '3c1da1e342'\nSystem info: os.name: 'Linux', os.arch: 'amd64', os.version: '6.11.0-1018-azure', java.version: '21.0.9'\nDriver info: driver.version: unknown","time":{"start":1766706955701,"stop":1766707000666,"duration":44965}},{"uid":"fbc6c0bc1181a077","reportUrl":"https://m1mohammed1.github.io/orangeHRM/17/#testresult/fbc6c0bc1181a077","status":"broken","statusDetails":"Expected condition failed: waiting for element to be clickable: By.xpath: //div[contains(text(),'QA Automation All Employee Audit Report')]/ancestor::div[@role='row']//button[i[contains(@class, 'bi-trash')]] (tried for 10 second(s) with 300 milliseconds interval)\nBuild info: version: '4.37.0', revision: '3c1da1e342'\nSystem info: os.name: 'Linux', os.arch: 'amd64', os.version: '6.11.0-1018-azure', java.version: '21.0.9'\nDriver info: driver.version: unknown","time":{"start":1766696744365,"stop":1766696791083,"duration":46718}},{"uid":"31c53292c3746875","reportUrl":"https://m1mohammed1.github.io/orangeHRM/16/#testresult/31c53292c3746875","status":"broken","statusDetails":"Expected condition failed: waiting for element to be clickable: By.xpath: //div[contains(text(),'QA Automation All Employee Audit Report')]/ancestor::div[@role='row']//button[i[contains(@class, 'bi-trash')]] (tried for 10 second(s) with 300 milliseconds interval)\nBuild info: version: '4.37.0', revision: '3c1da1e342'\nSystem info: os.name: 'Linux', os.arch: 'amd64', os.version: '6.11.0-1018-azure', java.version: '21.0.9'\nDriver info: driver.version: unknown","time":{"start":1766630846525,"stop":1766630884267,"duration":37742}},{"uid":"5c2d7e2d1417e433","reportUrl":"https://m1mohammed1.github.io/orangeHRM/15/#testresult/5c2d7e2d1417e433","status":"broken","statusDetails":"Expected condition failed: waiting for element to be clickable: By.xpath: //div[contains(text(),'QA Automation All Employee Audit Report')]/ancestor::div[@role='row']//button[i[contains(@class, 'bi-trash')]] (tried for 10 second(s) with 300 milliseconds interval)\nBuild info: version: '4.37.0', revision: '3c1da1e342'\nSystem info: os.name: 'Linux', os.arch: 'amd64', os.version: '6.11.0-1018-azure', java.version: '21.0.9'\nDriver info: driver.version: unknown","time":{"start":1766623106571,"stop":1766623121088,"duration":14517}},{"uid":"85de0fc4aac215e8","reportUrl":"https://m1mohammed1.github.io/orangeHRM/13/#testresult/85de0fc4aac215e8","status":"broken","statusDetails":"Expected condition failed: waiting for element to be clickable: By.xpath: //div[contains(text(),'QA Automation All Employee Audit Report')]/ancestor::div[@role='row']//button[i[contains(@class, 'bi-trash')]] (tried for 10 second(s) with 300 milliseconds interval)\nBuild info: version: '4.37.0', revision: '3c1da1e342'\nSystem info: os.name: 'Linux', os.arch: 'amd64', os.version: '6.11.0-1018-azure', java.version: '21.0.9'\nDriver info: driver.version: unknown","time":{"start":1766619427190,"stop":1766619441223,"duration":14033}},{"uid":"a401ac6d26ef5379","reportUrl":"https://m1mohammed1.github.io/orangeHRM/11/#testresult/a401ac6d26ef5379","status":"failed","statusDetails":"Success message not displayed | Locator: By.xpath: //div[contains(@class, 'oxd-toast--success')]","time":{"start":1766604982789,"stop":1766604995318,"duration":12529}},{"uid":"bd726a4b6334967","reportUrl":"https://m1mohammed1.github.io/orangeHRM/10/#testresult/bd726a4b6334967","status":"failed","statusDetails":"Success message not displayed | Locator: By.xpath: //div[contains(@class, 'oxd-toast--success')]","time":{"start":1766598420249,"stop":1766598434831,"duration":14582}},{"uid":"7e36e9b67c2ce89f","reportUrl":"https://m1mohammed1.github.io/orangeHRM/9/#testresult/7e36e9b67c2ce89f","status":"failed","statusDetails":"Success message not displayed | Locator: By.xpath: //div[contains(@class, 'oxd-toast--success')]","time":{"start":1766596676907,"stop":1766596699497,"duration":22590}}]},"tags":[]},"source":"6be42df0c3facedc.json","parameterValues":["edge"]}