{"uid":"6bea0c7173e73dd3","name":"TC09 - Verify Leave Cancel Action","fullName":"project_orangehrm.Test.Leave_LeaveList_Test.verifyLeaveList_Cancel_Success","historyId":"c36dff1208671ad7371d18861296758c","time":{"start":1766763815023,"stop":1766763815023,"duration":0},"status":"skipped","statusMessage":"Expected condition failed: waiting for project_orangehrm.Base.BasePage$$Lambda/0x00007fd2f83468a8@36a79d42 (tried for 10 second(s) with 300 milliseconds interval)","statusTrace":"org.openqa.selenium.TimeoutException: Expected condition failed: waiting for project_orangehrm.Base.BasePage$$Lambda/0x00007fd2f83468a8@36a79d42 (tried for 10 second(s) with 300 milliseconds interval)\n\tat org.openqa.selenium.support.ui.FluentWait.timeoutException(FluentWait.java:265)\n\tat org.openqa.selenium.support.ui.FluentWait.until(FluentWait.java:228)\n\tat project_orangehrm.Base.BasePage.typeText(BasePage.java:82)\n\tat project_orangehrm.Pages.LoginPage.enterUsername(LoginPage.java:22)\n\tat project_orangehrm.Test.Leave_LeaveList_Test.setup(Leave_LeaveList_Test.java:23)\n\tat java.base/jdk.internal.reflect.DirectMethodHandleAccessor.invoke(DirectMethodHandleAccessor.java:103)\n\tat java.base/java.lang.reflect.Method.invoke(Method.java:580)\n\tat org.testng.internal.invokers.MethodInvocationHelper.invokeMethod(MethodInvocationHelper.java:141)\n\tat org.testng.internal.invokers.MethodInvocationHelper.invokeMethodConsideringTimeout(MethodInvocationHelper.java:71)\n\tat org.testng.internal.invokers.ConfigInvoker.invokeConfigurationMethod(ConfigInvoker.java:400)\n\tat org.testng.internal.invokers.ConfigInvoker.invokeConfigurations(ConfigInvoker.java:333)\n\tat org.testng.internal.invokers.TestInvoker.runConfigMethods(TestInvoker.java:836)\n\tat org.testng.internal.invokers.TestInvoker.invokeMethod(TestInvoker.java:601)\n\tat org.testng.internal.invokers.TestInvoker.invokeTestMethod(TestInvoker.java:230)\n\tat org.testng.internal.invokers.MethodRunner.runInSequence(MethodRunner.java:63)\n\tat org.testng.internal.invokers.TestInvoker$MethodInvocationAgent.invoke(TestInvoker.java:995)\n\tat org.testng.internal.invokers.TestInvoker.invokeTestMethods(TestInvoker.java:203)\n\tat org.testng.internal.invokers.TestMethodWorker.invokeTestMethods(TestMethodWorker.java:154)\n\tat org.testng.internal.invokers.TestMethodWorker.run(TestMethodWorker.java:134)\n\tat java.base/java.util.concurrent.Executors$RunnableAdapter.call(Executors.java:572)\n\tat java.base/java.util.concurrent.FutureTask.run(FutureTask.java:317)\n\tat org.testng.internal.thread.graph.TestNGFutureTask.run(TestNGFutureTask.java:22)\n\tat java.base/java.util.concurrent.ThreadPoolExecutor.runWorker(ThreadPoolExecutor.java:1144)\n\tat java.base/java.util.concurrent.ThreadPoolExecutor$Worker.run(ThreadPoolExecutor.java:642)\n\tat java.base/java.lang.Thread.run(Thread.java:1583)\nCaused by: org.openqa.selenium.NoSuchElementException: no such element: Unable to locate element: {\"method\":\"css selector\",\"selector\":\"input[placeholder='Username']\"}\n  (Session info: chrome=143.0.7499.109)\nFor documentation on this error, please visit: https://www.selenium.dev/documentation/webdriver/troubleshooting/errors#nosuchelementexception\nBuild info: version: '4.37.0', revision: '3c1da1e342'\nSystem info: os.name: 'Linux', os.arch: 'amd64', os.version: '6.11.0-1018-azure', java.version: '21.0.9'\nDriver info: org.openqa.selenium.chrome.ChromeDriver\nCommand: [8481bb7845cff187494fa9248a92b317, findElement {using=css selector, value=input[placeholder='Username']}]\nCapabilities {acceptInsecureCerts: false, browserName: chrome, browserVersion: 143.0.7499.109, chrome: {chromedriverVersion: 143.0.7499.169 (164b20aab62..., userDataDir: /tmp/.org.chromium.Chromium...}, fedcm:accounts: true, goog:chromeOptions: {debuggerAddress: localhost:32931}, goog:processID: 9358, networkConnectionEnabled: false, pageLoadStrategy: normal, platformName: linux, proxy: Proxy(), se:cdp: ws://localhost:32931/devtoo..., se:cdpVersion: 143.0.7499.109, setWindowRect: true, strictFileInteractability: false, timeouts: {implicit: 0, pageLoad: 300000, script: 30000}, unhandledPromptBehavior: dismiss and notify, webauthn:extension:credBlob: true, webauthn:extension:largeBlob: true, webauthn:extension:minPinLength: true, webauthn:extension:prf: true, webauthn:virtualAuthenticators: true}\nSession ID: 8481bb7845cff187494fa9248a92b317\n\tat java.base/jdk.internal.reflect.DirectConstructorHandleAccessor.newInstance(DirectConstructorHandleAccessor.java:62)\n\tat java.base/java.lang.reflect.Constructor.newInstanceWithCaller(Constructor.java:502)\n\tat java.base/java.lang.reflect.Constructor.newInstance(Constructor.java:486)\n\tat org.openqa.selenium.remote.ErrorCodec.decode(ErrorCodec.java:167)\n\tat org.openqa.selenium.remote.codec.w3c.W3CHttpResponseCodec.decode(W3CHttpResponseCodec.java:138)\n\tat org.openqa.selenium.remote.codec.w3c.W3CHttpResponseCodec.decode(W3CHttpResponseCodec.java:50)\n\tat org.openqa.selenium.remote.HttpCommandExecutor.execute(HttpCommandExecutor.java:215)\n\tat org.openqa.selenium.remote.service.DriverCommandExecutor.invokeExecute(DriverCommandExecutor.java:216)\n\tat org.openqa.selenium.remote.service.DriverCommandExecutor.execute(DriverCommandExecutor.java:174)\n\tat org.openqa.selenium.remote.RemoteWebDriver.execute(RemoteWebDriver.java:557)\n\tat org.openqa.selenium.remote.ElementLocation$ElementFinder$2.findElement(ElementLocation.java:165)\n\tat org.openqa.selenium.remote.ElementLocation.findElement(ElementLocation.java:59)\n\tat org.openqa.selenium.remote.RemoteWebDriver.findElement(RemoteWebDriver.java:380)\n\tat org.openqa.selenium.remote.RemoteWebDriver.findElement(RemoteWebDriver.java:374)\n\tat project_orangehrm.Base.BasePage.lambda$typeText$0(BasePage.java:83)\n\tat org.openqa.selenium.support.ui.FluentWait.until(FluentWait.java:203)\n\t... 23 more\n","flaky":false,"newFailed":false,"newBroken":false,"newPassed":false,"retriesCount":15,"retriesStatusChange":false,"beforeStages":[{"name":"setup","time":{"start":1766763815022,"stop":1766763815023,"duration":1},"description":"","status":"broken","steps":[],"attachments":[],"parameters":[],"stepsCount":0,"shouldDisplayMessage":false,"attachmentsCount":0,"hasContent":false,"attachmentStep":false},{"name":"setUp","time":{"start":1766763815022,"stop":1766763815022,"duration":0},"description":"","status":"broken","steps":[],"attachments":[],"parameters":[],"stepsCount":0,"shouldDisplayMessage":false,"attachmentsCount":0,"hasContent":false,"attachmentStep":false}],"afterStages":[{"name":"tearDown","time":{"start":1766763815023,"stop":1766763815023,"duration":0},"description":"","status":"broken","steps":[],"attachments":[],"parameters":[],"stepsCount":0,"shouldDisplayMessage":false,"attachmentsCount":0,"hasContent":false,"attachmentStep":false}],"labels":[{"name":"package","value":"project_orangehrm.Test.Leave_LeaveList_Test"},{"name":"testClass","value":"project_orangehrm.Test.Leave_LeaveList_Test"},{"name":"testMethod","value":"verifyLeaveList_Cancel_Success"},{"name":"parentSuite","value":"OrangeHRM_Strategic_Suite"},{"name":"suite","value":"Step4_Ops_Leave_Apply"},{"name":"subSuite","value":"project_orangehrm.Test.Leave_LeaveList_Test"},{"name":"host","value":"runnervmh13bl"},{"name":"thread","value":"2331@runnervmh13bl.TestNG-test-Step4_Ops_Leave_Apply-2(383)"},{"name":"framework","value":"testng"},{"name":"language","value":"java"},{"name":"resultFormat","value":"allure2"}],"parameters":[{"name":"browser","value":"edge"}],"links":[],"hidden":false,"retry":false,"extra":{"severity":"normal","retries":[{"uid":"d9f80e4eb9b8e780","status":"skipped","statusDetails":"Expected condition failed: waiting for project_orangehrm.Base.BasePage$$Lambda/0x00007f8ca0346ae0@4f4017be (tried for 10 second(s) with 300 milliseconds interval)","time":{"start":1766763806539,"stop":1766763806539,"duration":0}},{"uid":"65ae8863fc4199bd","status":"skipped","statusDetails":"Expected condition failed: waiting for project_orangehrm.Base.BasePage$$Lambda/0x00007f05643468a8@5b00842 (tried for 10 second(s) with 300 milliseconds interval)","time":{"start":1766763803279,"stop":1766763803279,"duration":0}},{"uid":"ff012e50c9e3bfb0","status":"skipped","statusDetails":"Expected condition failed: waiting for project_orangehrm.Base.BasePage$$Lambda/0x00007f7b283468a8@36a79d42 (tried for 10 second(s) with 300 milliseconds interval)","time":{"start":1766763802611,"stop":1766763802611,"duration":0}},{"uid":"9079be41bcf38a6a","status":"skipped","statusDetails":"Expected condition failed: waiting for project_orangehrm.Base.BasePage$$Lambda/0x00007f047c3491b0@6479f005 (tried for 10 second(s) with 300 milliseconds interval)","time":{"start":1766763789959,"stop":1766763789959,"duration":0}},{"uid":"db8b4e62ec7b4bf1","status":"skipped","statusDetails":"Expected condition failed: waiting for project_orangehrm.Base.BasePage$$Lambda/0x00007fc4a83491b0@1c26215 (tried for 10 second(s) with 300 milliseconds interval)","time":{"start":1766763318364,"stop":1766763318364,"duration":0}},{"uid":"d2b2e3f620ee96ee","status":"skipped","statusDetails":"Expected condition failed: waiting for project_orangehrm.Base.BasePage$$Lambda/0x00007f57e03491b0@6258052e (tried for 10 second(s) with 300 milliseconds interval)","time":{"start":1766763308764,"stop":1766763308764,"duration":0}},{"uid":"b6eb0b67a8f5c1a3","status":"skipped","statusDetails":"Expected condition failed: waiting for project_orangehrm.Base.BasePage$$Lambda/0x00007ff86c3491b0@4f4017be (tried for 10 second(s) with 300 milliseconds interval)","time":{"start":1766763303586,"stop":1766763303586,"duration":0}},{"uid":"233cea0ce8961761","status":"skipped","statusDetails":"Expected condition failed: waiting for project_orangehrm.Base.BasePage$$Lambda/0x00007f4d003491b0@42c3c2fc (tried for 10 second(s) with 300 milliseconds interval)","time":{"start":1766763303045,"stop":1766763303045,"duration":0}},{"uid":"f6ac49bd125e7f48","status":"skipped","statusDetails":"Expected condition failed: waiting for project_orangehrm.Base.BasePage$$Lambda/0x00007f4a303491b0@4f4017be (tried for 10 second(s) with 300 milliseconds interval)","time":{"start":1766763303033,"stop":1766763303033,"duration":0}},{"uid":"ae853340f78a1d6c","status":"skipped","statusDetails":"Expected condition failed: waiting for project_orangehrm.Base.BasePage$$Lambda/0x00007f13b0346ae0@45a43907 (tried for 10 second(s) with 300 milliseconds interval)","time":{"start":1766763293790,"stop":1766763293790,"duration":0}},{"uid":"5bd3ca2b7132a9f8","status":"skipped","statusDetails":"Expected condition failed: waiting for project_orangehrm.Base.BasePage$$Lambda/0x00007fa3e8344bd0@7863ae41 (tried for 10 second(s) with 300 milliseconds interval)","time":{"start":1766763289948,"stop":1766763289948,"duration":0}},{"uid":"4131b3af71211adf","status":"skipped","statusDetails":"Expected condition failed: waiting for project_orangehrm.Base.BasePage$$Lambda/0x00007fa75c346ae0@4f4017be (tried for 10 second(s) with 300 milliseconds interval)","time":{"start":1766763289028,"stop":1766763289028,"duration":0}},{"uid":"3df7fe01a77d11ed","status":"skipped","statusDetails":"Expected condition failed: waiting for project_orangehrm.Base.BasePage$$Lambda/0x00007f9aec3491b0@5e1c2f80 (tried for 10 second(s) with 300 milliseconds interval)","time":{"start":1766763285795,"stop":1766763285795,"duration":0}},{"uid":"8317b9acdcc4919a","status":"skipped","statusDetails":"Expected condition failed: waiting for project_orangehrm.Base.BasePage$$Lambda/0x00007f2cd03468a8@56a5cca7 (tried for 10 second(s) with 300 milliseconds interval)","time":{"start":1766763284562,"stop":1766763284562,"duration":0}},{"uid":"1dfe3e3144499b62","status":"skipped","statusDetails":"Expected condition failed: waiting for project_orangehrm.Base.BasePage$$Lambda/0x00007f69143491b0@7e4f42da (tried for 10 second(s) with 300 milliseconds interval)","time":{"start":1766762823926,"stop":1766762823926,"duration":0}}],"categories":[],"history":{"statistic":{"failed":0,"broken":6,"skipped":1,"passed":0,"unknown":0,"total":7},"items":[{"uid":"b623e3f7aba4d629","reportUrl":"https://m1mohammed1.github.io/orangeHRM/23/#testresult/b623e3f7aba4d629","status":"broken","statusDetails":"Expected condition failed: waiting for element to be clickable: By.xpath: //button[i[contains(@class, 'bi-slash-circle')]] (tried for 10 second(s) with 300 milliseconds interval)\nBuild info: version: '4.37.0', revision: '3c1da1e342'\nSystem info: os.name: 'Linux', os.arch: 'amd64', os.version: '6.11.0-1018-azure', java.version: '21.0.9'\nDriver info: driver.version: unknown","time":{"start":1766761268293,"stop":1766761279277,"duration":10984}},{"uid":"81197381cf2f3538","reportUrl":"https://m1mohammed1.github.io/orangeHRM/22/#testresult/81197381cf2f3538","status":"broken","statusDetails":"Expected condition failed: waiting for element to be clickable: By.xpath: //button[i[contains(@class, 'bi-slash-circle')]] (tried for 10 second(s) with 300 milliseconds interval)\nBuild info: version: '4.37.0', revision: '3c1da1e342'\nSystem info: os.name: 'Linux', os.arch: 'amd64', os.version: '6.11.0-1018-azure', java.version: '21.0.9'\nDriver info: driver.version: unknown","time":{"start":1766706696900,"stop":1766706707954,"duration":11054}},{"uid":"5d36cd634563b183","reportUrl":"https://m1mohammed1.github.io/orangeHRM/17/#testresult/5d36cd634563b183","status":"broken","statusDetails":"Expected condition failed: waiting for element to be clickable: By.xpath: //button[i[contains(@class, 'bi-slash-circle')]] (tried for 10 second(s) with 300 milliseconds interval)\nBuild info: version: '4.37.0', revision: '3c1da1e342'\nSystem info: os.name: 'Linux', os.arch: 'amd64', os.version: '6.11.0-1018-azure', java.version: '21.0.9'\nDriver info: driver.version: unknown","time":{"start":1766698816573,"stop":1766698827782,"duration":11209}},{"uid":"914f5c8ca9d01da","reportUrl":"https://m1mohammed1.github.io/orangeHRM/16/#testresult/914f5c8ca9d01da","status":"broken","statusDetails":"Expected condition failed: waiting for element to be clickable: By.xpath: //button[i[contains(@class, 'bi-slash-circle')]] (tried for 10 second(s) with 300 milliseconds interval)\nBuild info: version: '4.37.0', revision: '3c1da1e342'\nSystem info: os.name: 'Linux', os.arch: 'amd64', os.version: '6.11.0-1018-azure', java.version: '21.0.9'\nDriver info: driver.version: unknown","time":{"start":1766630540752,"stop":1766630551978,"duration":11226}},{"uid":"d8733207c9853cbf","reportUrl":"https://m1mohammed1.github.io/orangeHRM/15/#testresult/d8733207c9853cbf","status":"broken","statusDetails":"Expected condition failed: waiting for element to be clickable: By.xpath: //button[i[contains(@class, 'bi-slash-circle')]] (tried for 10 second(s) with 300 milliseconds interval)\nBuild info: version: '4.37.0', revision: '3c1da1e342'\nSystem info: os.name: 'Linux', os.arch: 'amd64', os.version: '6.11.0-1018-azure', java.version: '21.0.9'\nDriver info: driver.version: unknown","time":{"start":1766625165443,"stop":1766625176517,"duration":11074}},{"uid":"778ac72cbe80de78","reportUrl":"https://m1mohammed1.github.io/orangeHRM/13/#testresult/778ac72cbe80de78","status":"broken","statusDetails":"Expected condition failed: waiting for element to be clickable: By.xpath: //button[i[contains(@class, 'bi-slash-circle')]] (tried for 10 second(s) with 300 milliseconds interval)\nBuild info: version: '4.37.0', revision: '3c1da1e342'\nSystem info: os.name: 'Linux', os.arch: 'amd64', os.version: '6.11.0-1018-azure', java.version: '21.0.9'\nDriver info: driver.version: unknown","time":{"start":1766619140950,"stop":1766619151942,"duration":10992}}]},"tags":[]},"source":"6bea0c7173e73dd3.json","parameterValues":["edge"]}