{"uid":"6e9842d89f8b7478","name":"TC02 - Cleanup Reporting Method - Weekly Scrum Report","fullName":"project_orangehrm.TestCleaning.PIMTestCleaning.cleanUpReportingMethod_WeeklyScrumReport","historyId":"bbaeb00c83173da783178800ffe11837","time":{"start":1766763966841,"stop":1766763966842,"duration":1},"status":"skipped","statusMessage":"Expected condition failed: waiting for project_orangehrm.Base.BasePage$$Lambda/0x00007fd2f83468a8@1bfae6aa (tried for 10 second(s) with 300 milliseconds interval)","statusTrace":"org.openqa.selenium.TimeoutException: Expected condition failed: waiting for project_orangehrm.Base.BasePage$$Lambda/0x00007fd2f83468a8@1bfae6aa (tried for 10 second(s) with 300 milliseconds interval)\n\tat org.openqa.selenium.support.ui.FluentWait.timeoutException(FluentWait.java:265)\n\tat org.openqa.selenium.support.ui.FluentWait.until(FluentWait.java:228)\n\tat project_orangehrm.Base.BasePage.typeText(BasePage.java:82)\n\tat project_orangehrm.Pages.LoginPage.enterUsername(LoginPage.java:22)\n\tat project_orangehrm.TestCleaning.PIMTestCleaning.setUP(PIMTestCleaning.java:24)\n\tat java.base/jdk.internal.reflect.DirectMethodHandleAccessor.invoke(DirectMethodHandleAccessor.java:103)\n\tat java.base/java.lang.reflect.Method.invoke(Method.java:580)\n\tat org.testng.internal.invokers.MethodInvocationHelper.invokeMethod(MethodInvocationHelper.java:141)\n\tat org.testng.internal.invokers.MethodInvocationHelper.invokeMethodConsideringTimeout(MethodInvocationHelper.java:71)\n\tat org.testng.internal.invokers.ConfigInvoker.invokeConfigurationMethod(ConfigInvoker.java:400)\n\tat org.testng.internal.invokers.ConfigInvoker.invokeConfigurations(ConfigInvoker.java:333)\n\tat org.testng.internal.invokers.TestInvoker.runConfigMethods(TestInvoker.java:836)\n\tat org.testng.internal.invokers.TestInvoker.invokeMethod(TestInvoker.java:601)\n\tat org.testng.internal.invokers.TestInvoker.invokeTestMethod(TestInvoker.java:230)\n\tat org.testng.internal.invokers.MethodRunner.runInSequence(MethodRunner.java:63)\n\tat org.testng.internal.invokers.TestInvoker$MethodInvocationAgent.invoke(TestInvoker.java:995)\n\tat org.testng.internal.invokers.TestInvoker.invokeTestMethods(TestInvoker.java:203)\n\tat org.testng.internal.invokers.TestMethodWorker.invokeTestMethods(TestMethodWorker.java:154)\n\tat org.testng.internal.invokers.TestMethodWorker.run(TestMethodWorker.java:134)\n\tat java.base/java.util.concurrent.Executors$RunnableAdapter.call(Executors.java:572)\n\tat java.base/java.util.concurrent.FutureTask.run(FutureTask.java:317)\n\tat org.testng.internal.thread.graph.TestNGFutureTask.run(TestNGFutureTask.java:22)\n\tat java.base/java.util.concurrent.ThreadPoolExecutor.runWorker(ThreadPoolExecutor.java:1144)\n\tat java.base/java.util.concurrent.ThreadPoolExecutor$Worker.run(ThreadPoolExecutor.java:642)\n\tat java.base/java.lang.Thread.run(Thread.java:1583)\nCaused by: org.openqa.selenium.NoSuchElementException: no such element: Unable to locate element: {\"method\":\"css selector\",\"selector\":\"input[placeholder='Username']\"}\n  (Session info: chrome=143.0.7499.109)\nFor documentation on this error, please visit: https://www.selenium.dev/documentation/webdriver/troubleshooting/errors#nosuchelementexception\nBuild info: version: '4.37.0', revision: '3c1da1e342'\nSystem info: os.name: 'Linux', os.arch: 'amd64', os.version: '6.11.0-1018-azure', java.version: '21.0.9'\nDriver info: org.openqa.selenium.chrome.ChromeDriver\nCommand: [3474d9b86302af5ed41e30e46f97bda4, findElement {using=css selector, value=input[placeholder='Username']}]\nCapabilities {acceptInsecureCerts: false, browserName: chrome, browserVersion: 143.0.7499.109, chrome: {chromedriverVersion: 143.0.7499.169 (164b20aab62..., userDataDir: /tmp/.org.chromium.Chromium...}, fedcm:accounts: true, goog:chromeOptions: {debuggerAddress: localhost:40557}, goog:processID: 15936, networkConnectionEnabled: false, pageLoadStrategy: normal, platformName: linux, proxy: Proxy(), se:cdp: ws://localhost:40557/devtoo..., se:cdpVersion: 143.0.7499.109, setWindowRect: true, strictFileInteractability: false, timeouts: {implicit: 0, pageLoad: 300000, script: 30000}, unhandledPromptBehavior: dismiss and notify, webauthn:extension:credBlob: true, webauthn:extension:largeBlob: true, webauthn:extension:minPinLength: true, webauthn:extension:prf: true, webauthn:virtualAuthenticators: true}\nSession ID: 3474d9b86302af5ed41e30e46f97bda4\n\tat java.base/jdk.internal.reflect.DirectConstructorHandleAccessor.newInstance(DirectConstructorHandleAccessor.java:62)\n\tat java.base/java.lang.reflect.Constructor.newInstanceWithCaller(Constructor.java:502)\n\tat java.base/java.lang.reflect.Constructor.newInstance(Constructor.java:486)\n\tat org.openqa.selenium.remote.ErrorCodec.decode(ErrorCodec.java:167)\n\tat org.openqa.selenium.remote.codec.w3c.W3CHttpResponseCodec.decode(W3CHttpResponseCodec.java:138)\n\tat org.openqa.selenium.remote.codec.w3c.W3CHttpResponseCodec.decode(W3CHttpResponseCodec.java:50)\n\tat org.openqa.selenium.remote.HttpCommandExecutor.execute(HttpCommandExecutor.java:215)\n\tat org.openqa.selenium.remote.service.DriverCommandExecutor.invokeExecute(DriverCommandExecutor.java:216)\n\tat org.openqa.selenium.remote.service.DriverCommandExecutor.execute(DriverCommandExecutor.java:174)\n\tat org.openqa.selenium.remote.RemoteWebDriver.execute(RemoteWebDriver.java:557)\n\tat org.openqa.selenium.remote.ElementLocation$ElementFinder$2.findElement(ElementLocation.java:165)\n\tat org.openqa.selenium.remote.ElementLocation.findElement(ElementLocation.java:59)\n\tat org.openqa.selenium.remote.RemoteWebDriver.findElement(RemoteWebDriver.java:380)\n\tat org.openqa.selenium.remote.RemoteWebDriver.findElement(RemoteWebDriver.java:374)\n\tat project_orangehrm.Base.BasePage.lambda$typeText$0(BasePage.java:83)\n\tat org.openqa.selenium.support.ui.FluentWait.until(FluentWait.java:203)\n\t... 23 more\n","flaky":false,"newFailed":false,"newBroken":false,"newPassed":false,"retriesCount":15,"retriesStatusChange":false,"beforeStages":[{"name":"setUp","time":{"start":1766763966841,"stop":1766763966841,"duration":0},"description":"","status":"broken","steps":[],"attachments":[],"parameters":[],"stepsCount":0,"shouldDisplayMessage":false,"attachmentsCount":0,"hasContent":false,"attachmentStep":false},{"name":"setUP","time":{"start":1766763966841,"stop":1766763966841,"duration":0},"description":"","status":"broken","steps":[],"attachments":[],"parameters":[],"stepsCount":0,"shouldDisplayMessage":false,"attachmentsCount":0,"hasContent":false,"attachmentStep":false}],"afterStages":[{"name":"tearDown","time":{"start":1766763966842,"stop":1766763966842,"duration":0},"description":"","status":"broken","steps":[],"attachments":[],"parameters":[],"stepsCount":0,"shouldDisplayMessage":false,"attachmentsCount":0,"hasContent":false,"attachmentStep":false}],"labels":[{"name":"package","value":"project_orangehrm.TestCleaning.PIMTestCleaning"},{"name":"testClass","value":"project_orangehrm.TestCleaning.PIMTestCleaning"},{"name":"testMethod","value":"cleanUpReportingMethod_WeeklyScrumReport"},{"name":"parentSuite","value":"OrangeHRM_Strategic_Suite"},{"name":"suite","value":"Step7_Clean_Admin_PIM"},{"name":"subSuite","value":"project_orangehrm.TestCleaning.PIMTestCleaning"},{"name":"host","value":"runnervmh13bl"},{"name":"thread","value":"2331@runnervmh13bl.TestNG-test-Step7_Clean_Admin_PIM-2(723)"},{"name":"framework","value":"testng"},{"name":"language","value":"java"},{"name":"resultFormat","value":"allure2"}],"parameters":[{"name":"browser","value":"edge"}],"links":[],"hidden":false,"retry":false,"extra":{"severity":"normal","retries":[{"uid":"580d525401f350be","status":"skipped","statusDetails":"Expected condition failed: waiting for project_orangehrm.Base.BasePage$$Lambda/0x00007f8ca0346ae0@ca2669 (tried for 10 second(s) with 300 milliseconds interval)","time":{"start":1766763957228,"stop":1766763957229,"duration":1}},{"uid":"4ce2ec20c61822df","status":"skipped","statusDetails":"Expected condition failed: waiting for project_orangehrm.Base.BasePage$$Lambda/0x00007f05643468a8@1bc2acd5 (tried for 10 second(s) with 300 milliseconds interval)","time":{"start":1766763955038,"stop":1766763955038,"duration":0}},{"uid":"f25ebc2837dfbe88","status":"skipped","statusDetails":"Expected condition failed: waiting for project_orangehrm.Base.BasePage$$Lambda/0x00007f7b283468a8@49a03f69 (tried for 10 second(s) with 300 milliseconds interval)","time":{"start":1766763953754,"stop":1766763953754,"duration":0}},{"uid":"1577adb1db104bf5","status":"skipped","statusDetails":"Expected condition failed: waiting for project_orangehrm.Base.BasePage$$Lambda/0x00007f047c3491b0@7b1bb638 (tried for 10 second(s) with 300 milliseconds interval)","time":{"start":1766763932894,"stop":1766763932894,"duration":0}},{"uid":"3cba66cb8189ec8e","status":"skipped","statusDetails":"Expected condition failed: waiting for project_orangehrm.Base.BasePage$$Lambda/0x00007fc4a83491b0@1cc74bbf (tried for 10 second(s) with 300 milliseconds interval)","time":{"start":1766763469481,"stop":1766763469481,"duration":0}},{"uid":"ade9c81608f251a3","status":"skipped","statusDetails":"Expected condition failed: waiting for project_orangehrm.Base.BasePage$$Lambda/0x00007f57e03491b0@2d500dc4 (tried for 10 second(s) with 300 milliseconds interval)","time":{"start":1766763459996,"stop":1766763459996,"duration":0}},{"uid":"10a95d1f2fb356cd","status":"skipped","statusDetails":"Expected condition failed: waiting for project_orangehrm.Base.BasePage$$Lambda/0x00007ff86c3491b0@ca2669 (tried for 10 second(s) with 300 milliseconds interval)","time":{"start":1766763455048,"stop":1766763455048,"duration":0}},{"uid":"e4787cce48afc57c","status":"skipped","statusDetails":"Expected condition failed: waiting for project_orangehrm.Base.BasePage$$Lambda/0x00007f4a303491b0@25761855 (tried for 10 second(s) with 300 milliseconds interval)","time":{"start":1766763452682,"stop":1766763452682,"duration":0}},{"uid":"728f1be75225ed3c","status":"skipped","statusDetails":"Expected condition failed: waiting for project_orangehrm.Base.BasePage$$Lambda/0x00007f4d003491b0@505e4beb (tried for 10 second(s) with 300 milliseconds interval)","time":{"start":1766763447110,"stop":1766763447110,"duration":0}},{"uid":"8a8b604d2158c031","status":"skipped","statusDetails":"Expected condition failed: waiting for project_orangehrm.Base.BasePage$$Lambda/0x00007fa3e8344bd0@7cd8b7dd (tried for 10 second(s) with 300 milliseconds interval)","time":{"start":1766763437975,"stop":1766763437975,"duration":0}},{"uid":"e7823c188dd688b3","status":"skipped","statusDetails":"Expected condition failed: waiting for project_orangehrm.Base.BasePage$$Lambda/0x00007f13b0346ae0@57c22a0a (tried for 10 second(s) with 300 milliseconds interval)","time":{"start":1766763436342,"stop":1766763436342,"duration":0}},{"uid":"aa0f923c61e8c836","status":"skipped","statusDetails":"Expected condition failed: waiting for project_orangehrm.Base.BasePage$$Lambda/0x00007fa75c346ae0@65d32884 (tried for 10 second(s) with 300 milliseconds interval)","time":{"start":1766763433208,"stop":1766763433208,"duration":0}},{"uid":"1198d9f07293d855","status":"skipped","statusDetails":"Expected condition failed: waiting for project_orangehrm.Base.BasePage$$Lambda/0x00007f9aec3491b0@1d8561f5 (tried for 10 second(s) with 300 milliseconds interval)","time":{"start":1766763428355,"stop":1766763428355,"duration":0}},{"uid":"f7a743e0b86b8e92","status":"skipped","statusDetails":"Expected condition failed: waiting for project_orangehrm.Base.BasePage$$Lambda/0x00007f2cd03468a8@4b5cb1ef (tried for 10 second(s) with 300 milliseconds interval)","time":{"start":1766763427071,"stop":1766763427071,"duration":0}},{"uid":"acd270996e4604e0","status":"skipped","statusDetails":"Expected condition failed: waiting for project_orangehrm.Base.BasePage$$Lambda/0x00007f69143491b0@26ea0365 (tried for 10 second(s) with 300 milliseconds interval)","time":{"start":1766762968099,"stop":1766762968099,"duration":0}}],"categories":[],"history":{"statistic":{"failed":1,"broken":0,"skipped":1,"passed":6,"unknown":0,"total":8},"items":[{"uid":"241b2904e1766018","reportUrl":"https://m1mohammed1.github.io/orangeHRM/23/#testresult/241b2904e1766018","status":"passed","time":{"start":1766762195417,"stop":1766762206342,"duration":10925}},{"uid":"fc82dcc0374addf","reportUrl":"https://m1mohammed1.github.io/orangeHRM/22/#testresult/fc82dcc0374addf","status":"passed","time":{"start":1766707183746,"stop":1766707185335,"duration":1589}},{"uid":"35b829d4229eab95","reportUrl":"https://m1mohammed1.github.io/orangeHRM/17/#testresult/35b829d4229eab95","status":"passed","time":{"start":1766696973851,"stop":1766696984864,"duration":11013}},{"uid":"6470e7327eb7dd8b","reportUrl":"https://m1mohammed1.github.io/orangeHRM/16/#testresult/6470e7327eb7dd8b","status":"passed","time":{"start":1766631070938,"stop":1766631081908,"duration":10970}},{"uid":"6ea426d5b4f93af9","reportUrl":"https://m1mohammed1.github.io/orangeHRM/15/#testresult/6ea426d5b4f93af9","status":"passed","time":{"start":1766623292255,"stop":1766623293969,"duration":1714}},{"uid":"28b81cb2186ac729","reportUrl":"https://m1mohammed1.github.io/orangeHRM/13/#testresult/28b81cb2186ac729","status":"passed","time":{"start":1766619614032,"stop":1766619615626,"duration":1594}},{"uid":"9a354106c7c41945","reportUrl":"https://m1mohammed1.github.io/orangeHRM/11/#testresult/9a354106c7c41945","status":"failed","statusDetails":"Record not found: Weekly Scrum Report | Locator: By.xpath: //div[@role='row']//div[normalize-space()='Weekly Scrum Report']","time":{"start":1766605114711,"stop":1766605125442,"duration":10731}}]},"tags":[]},"source":"6e9842d89f8b7478.json","parameterValues":["edge"]}