{"uid":"720eba67e92ca98d","name":"TC14 - Verify My Claims Filter by Event","fullName":"project_orangehrm.Test.Claim_EmployeeClaims_Test.verifyMyClaims_FilterByEvent_Success","historyId":"fba7b84dafd3cc49fed92b811e0e22ff","time":{"start":1766763838334,"stop":1766763838334,"duration":0},"status":"skipped","statusMessage":"Expected condition failed: waiting for project_orangehrm.Base.BasePage$$Lambda/0x00007fd2f83468a8@632ac7ed (tried for 10 second(s) with 300 milliseconds interval)","statusTrace":"org.openqa.selenium.TimeoutException: Expected condition failed: waiting for project_orangehrm.Base.BasePage$$Lambda/0x00007fd2f83468a8@632ac7ed (tried for 10 second(s) with 300 milliseconds interval)\n\tat org.openqa.selenium.support.ui.FluentWait.timeoutException(FluentWait.java:265)\n\tat org.openqa.selenium.support.ui.FluentWait.until(FluentWait.java:228)\n\tat project_orangehrm.Base.BasePage.typeText(BasePage.java:82)\n\tat project_orangehrm.Pages.LoginPage.enterUsername(LoginPage.java:22)\n\tat project_orangehrm.Test.Claim_EmployeeClaims_Test.setup(Claim_EmployeeClaims_Test.java:23)\n\tat java.base/jdk.internal.reflect.DirectMethodHandleAccessor.invoke(DirectMethodHandleAccessor.java:103)\n\tat java.base/java.lang.reflect.Method.invoke(Method.java:580)\n\tat org.testng.internal.invokers.MethodInvocationHelper.invokeMethod(MethodInvocationHelper.java:141)\n\tat org.testng.internal.invokers.MethodInvocationHelper.invokeMethodConsideringTimeout(MethodInvocationHelper.java:71)\n\tat org.testng.internal.invokers.ConfigInvoker.invokeConfigurationMethod(ConfigInvoker.java:400)\n\tat org.testng.internal.invokers.ConfigInvoker.invokeConfigurations(ConfigInvoker.java:333)\n\tat org.testng.internal.invokers.TestInvoker.runConfigMethods(TestInvoker.java:836)\n\tat org.testng.internal.invokers.TestInvoker.invokeMethod(TestInvoker.java:601)\n\tat org.testng.internal.invokers.TestInvoker.invokeTestMethod(TestInvoker.java:230)\n\tat org.testng.internal.invokers.MethodRunner.runInSequence(MethodRunner.java:63)\n\tat org.testng.internal.invokers.TestInvoker$MethodInvocationAgent.invoke(TestInvoker.java:995)\n\tat org.testng.internal.invokers.TestInvoker.invokeTestMethods(TestInvoker.java:203)\n\tat org.testng.internal.invokers.TestMethodWorker.invokeTestMethods(TestMethodWorker.java:154)\n\tat org.testng.internal.invokers.TestMethodWorker.run(TestMethodWorker.java:134)\n\tat java.base/java.util.concurrent.Executors$RunnableAdapter.call(Executors.java:572)\n\tat java.base/java.util.concurrent.FutureTask.run(FutureTask.java:317)\n\tat org.testng.internal.thread.graph.TestNGFutureTask.run(TestNGFutureTask.java:22)\n\tat java.base/java.util.concurrent.ThreadPoolExecutor.runWorker(ThreadPoolExecutor.java:1144)\n\tat java.base/java.util.concurrent.ThreadPoolExecutor$Worker.run(ThreadPoolExecutor.java:642)\n\tat java.base/java.lang.Thread.run(Thread.java:1583)\nCaused by: org.openqa.selenium.NoSuchElementException: no such element: Unable to locate element: {\"method\":\"css selector\",\"selector\":\"input[placeholder='Username']\"}\n  (Session info: chrome=143.0.7499.109)\nFor documentation on this error, please visit: https://www.selenium.dev/documentation/webdriver/troubleshooting/errors#nosuchelementexception\nBuild info: version: '4.37.0', revision: '3c1da1e342'\nSystem info: os.name: 'Linux', os.arch: 'amd64', os.version: '6.11.0-1018-azure', java.version: '21.0.9'\nDriver info: org.openqa.selenium.chrome.ChromeDriver\nCommand: [c8d6340fd2969ab72d440c5f643c9faa, findElement {using=css selector, value=input[placeholder='Username']}]\nCapabilities {acceptInsecureCerts: false, browserName: chrome, browserVersion: 143.0.7499.109, chrome: {chromedriverVersion: 143.0.7499.169 (164b20aab62..., userDataDir: /tmp/.org.chromium.Chromium...}, fedcm:accounts: true, goog:chromeOptions: {debuggerAddress: localhost:45495}, goog:processID: 10444, networkConnectionEnabled: false, pageLoadStrategy: normal, platformName: linux, proxy: Proxy(), se:cdp: ws://localhost:45495/devtoo..., se:cdpVersion: 143.0.7499.109, setWindowRect: true, strictFileInteractability: false, timeouts: {implicit: 0, pageLoad: 300000, script: 30000}, unhandledPromptBehavior: dismiss and notify, webauthn:extension:credBlob: true, webauthn:extension:largeBlob: true, webauthn:extension:minPinLength: true, webauthn:extension:prf: true, webauthn:virtualAuthenticators: true}\nSession ID: c8d6340fd2969ab72d440c5f643c9faa\n\tat java.base/jdk.internal.reflect.DirectConstructorHandleAccessor.newInstance(DirectConstructorHandleAccessor.java:62)\n\tat java.base/java.lang.reflect.Constructor.newInstanceWithCaller(Constructor.java:502)\n\tat java.base/java.lang.reflect.Constructor.newInstance(Constructor.java:486)\n\tat org.openqa.selenium.remote.ErrorCodec.decode(ErrorCodec.java:167)\n\tat org.openqa.selenium.remote.codec.w3c.W3CHttpResponseCodec.decode(W3CHttpResponseCodec.java:138)\n\tat org.openqa.selenium.remote.codec.w3c.W3CHttpResponseCodec.decode(W3CHttpResponseCodec.java:50)\n\tat org.openqa.selenium.remote.HttpCommandExecutor.execute(HttpCommandExecutor.java:215)\n\tat org.openqa.selenium.remote.service.DriverCommandExecutor.invokeExecute(DriverCommandExecutor.java:216)\n\tat org.openqa.selenium.remote.service.DriverCommandExecutor.execute(DriverCommandExecutor.java:174)\n\tat org.openqa.selenium.remote.RemoteWebDriver.execute(RemoteWebDriver.java:557)\n\tat org.openqa.selenium.remote.ElementLocation$ElementFinder$2.findElement(ElementLocation.java:165)\n\tat org.openqa.selenium.remote.ElementLocation.findElement(ElementLocation.java:59)\n\tat org.openqa.selenium.remote.RemoteWebDriver.findElement(RemoteWebDriver.java:380)\n\tat org.openqa.selenium.remote.RemoteWebDriver.findElement(RemoteWebDriver.java:374)\n\tat project_orangehrm.Base.BasePage.lambda$typeText$0(BasePage.java:83)\n\tat org.openqa.selenium.support.ui.FluentWait.until(FluentWait.java:203)\n\t... 23 more\n","flaky":false,"newFailed":false,"newBroken":false,"newPassed":false,"retriesCount":15,"retriesStatusChange":false,"beforeStages":[{"name":"setUp","time":{"start":1766763838333,"stop":1766763838333,"duration":0},"description":"","status":"broken","steps":[],"attachments":[],"parameters":[],"stepsCount":0,"shouldDisplayMessage":false,"attachmentsCount":0,"hasContent":false,"attachmentStep":false},{"name":"setup","time":{"start":1766763838333,"stop":1766763838333,"duration":0},"description":"","status":"broken","steps":[],"attachments":[],"parameters":[],"stepsCount":0,"shouldDisplayMessage":false,"attachmentsCount":0,"hasContent":false,"attachmentStep":false}],"afterStages":[{"name":"tearDown","time":{"start":1766763838334,"stop":1766763838334,"duration":0},"description":"","status":"broken","steps":[],"attachments":[],"parameters":[],"stepsCount":0,"shouldDisplayMessage":false,"attachmentsCount":0,"hasContent":false,"attachmentStep":false}],"labels":[{"name":"package","value":"project_orangehrm.Test.Claim_EmployeeClaims_Test"},{"name":"testClass","value":"project_orangehrm.Test.Claim_EmployeeClaims_Test"},{"name":"testMethod","value":"verifyMyClaims_FilterByEvent_Success"},{"name":"parentSuite","value":"OrangeHRM_Strategic_Suite"},{"name":"suite","value":"Step4_Ops_Claims"},{"name":"subSuite","value":"project_orangehrm.Test.Claim_EmployeeClaims_Test"},{"name":"host","value":"runnervmh13bl"},{"name":"thread","value":"2331@runnervmh13bl.TestNG-test-Step4_Ops_Claims-2(411)"},{"name":"framework","value":"testng"},{"name":"language","value":"java"},{"name":"resultFormat","value":"allure2"}],"parameters":[{"name":"browser","value":"edge"}],"links":[],"hidden":false,"retry":false,"extra":{"severity":"normal","retries":[{"uid":"a0416fb46b8f88b1","status":"skipped","statusDetails":"Expected condition failed: waiting for project_orangehrm.Base.BasePage$$Lambda/0x00007f8ca0346ae0@2f41071e (tried for 10 second(s) with 300 milliseconds interval)","time":{"start":1766763829824,"stop":1766763829824,"duration":0}},{"uid":"cf662eeedfec6de8","status":"skipped","statusDetails":"Expected condition failed: waiting for project_orangehrm.Base.BasePage$$Lambda/0x00007f05643468a8@38e41cdf (tried for 10 second(s) with 300 milliseconds interval)","time":{"start":1766763826590,"stop":1766763826590,"duration":0}},{"uid":"e1355ca3dbb1d874","status":"skipped","statusDetails":"Expected condition failed: waiting for project_orangehrm.Base.BasePage$$Lambda/0x00007f7b283468a8@759e08fc (tried for 10 second(s) with 300 milliseconds interval)","time":{"start":1766763825991,"stop":1766763825991,"duration":0}},{"uid":"481f0a4963e33128","status":"skipped","statusDetails":"Expected condition failed: waiting for project_orangehrm.Base.BasePage$$Lambda/0x00007f047c3491b0@6e032e21 (tried for 10 second(s) with 300 milliseconds interval)","time":{"start":1766763812044,"stop":1766763812044,"duration":0}},{"uid":"c674c968ceb55ce6","status":"skipped","statusDetails":"Expected condition failed: waiting for project_orangehrm.Base.BasePage$$Lambda/0x00007fc4a83491b0@3d696d4d (tried for 10 second(s) with 300 milliseconds interval)","time":{"start":1766763341656,"stop":1766763341656,"duration":0}},{"uid":"4979f0f917285caa","status":"skipped","statusDetails":"Expected condition failed: waiting for project_orangehrm.Base.BasePage$$Lambda/0x00007f57e03491b0@1aadb854 (tried for 10 second(s) with 300 milliseconds interval)","time":{"start":1766763331961,"stop":1766763331961,"duration":0}},{"uid":"bf2619fba6d91a89","status":"skipped","statusDetails":"Expected condition failed: waiting for project_orangehrm.Base.BasePage$$Lambda/0x00007ff86c3491b0@6095bb0f (tried for 10 second(s) with 300 milliseconds interval)","time":{"start":1766763326951,"stop":1766763326951,"duration":0}},{"uid":"f26553bd63df16ac","status":"skipped","statusDetails":"Expected condition failed: waiting for project_orangehrm.Base.BasePage$$Lambda/0x00007f4a303491b0@6d569167 (tried for 10 second(s) with 300 milliseconds interval)","time":{"start":1766763326183,"stop":1766763326183,"duration":0}},{"uid":"410d04f9f05ebdde","status":"skipped","statusDetails":"Expected condition failed: waiting for project_orangehrm.Base.BasePage$$Lambda/0x00007f4d003491b0@759e08fc (tried for 10 second(s) with 300 milliseconds interval)","time":{"start":1766763325235,"stop":1766763325235,"duration":0}},{"uid":"bf7995b78f94080b","status":"skipped","statusDetails":"Expected condition failed: waiting for project_orangehrm.Base.BasePage$$Lambda/0x00007f13b0346ae0@1aadb854 (tried for 10 second(s) with 300 milliseconds interval)","time":{"start":1766763315814,"stop":1766763315814,"duration":0}},{"uid":"9364e2bc31c284e2","status":"skipped","statusDetails":"Expected condition failed: waiting for project_orangehrm.Base.BasePage$$Lambda/0x00007fa3e8344bd0@3363c41c (tried for 10 second(s) with 300 milliseconds interval)","time":{"start":1766763312879,"stop":1766763312879,"duration":0}},{"uid":"d61ecc0c490b9fe8","status":"skipped","statusDetails":"Expected condition failed: waiting for project_orangehrm.Base.BasePage$$Lambda/0x00007fa75c346ae0@674849d1 (tried for 10 second(s) with 300 milliseconds interval)","time":{"start":1766763311345,"stop":1766763311345,"duration":0}},{"uid":"bc4cd9eac720f4ca","status":"skipped","statusDetails":"Expected condition failed: waiting for project_orangehrm.Base.BasePage$$Lambda/0x00007f9aec3491b0@38e41cdf (tried for 10 second(s) with 300 milliseconds interval)","time":{"start":1766763307821,"stop":1766763307821,"duration":0}},{"uid":"d2fde80e908480de","status":"skipped","statusDetails":"Expected condition failed: waiting for project_orangehrm.Base.BasePage$$Lambda/0x00007f2cd03468a8@1371cfa2 (tried for 10 second(s) with 300 milliseconds interval)","time":{"start":1766763306592,"stop":1766763306592,"duration":0}},{"uid":"8a0431c421d2eaa5","status":"skipped","statusDetails":"Expected condition failed: waiting for project_orangehrm.Base.BasePage$$Lambda/0x00007f69143491b0@35976d02 (tried for 10 second(s) with 300 milliseconds interval)","time":{"start":1766762846023,"stop":1766762846023,"duration":0}}],"categories":[],"history":{"statistic":{"failed":0,"broken":1,"skipped":1,"passed":5,"unknown":0,"total":7},"items":[{"uid":"80e309afe9aefdce","reportUrl":"https://m1mohammed1.github.io/orangeHRM/23/#testresult/80e309afe9aefdce","status":"passed","time":{"start":1766761482792,"stop":1766761484166,"duration":1374}},{"uid":"e0a00aee0143e65d","reportUrl":"https://m1mohammed1.github.io/orangeHRM/22/#testresult/e0a00aee0143e65d","status":"passed","time":{"start":1766706824337,"stop":1766706825263,"duration":926}},{"uid":"deb3535159b55378","reportUrl":"https://m1mohammed1.github.io/orangeHRM/17/#testresult/deb3535159b55378","status":"broken","statusDetails":"Expected condition failed: waiting for element to be clickable: By.xpath: //div[@role='listbox']//span[contains(normalize-space(), 'Global QA Summit 2025')] (tried for 10 second(s) with 300 milliseconds interval)\nBuild info: version: '4.37.0', revision: '3c1da1e342'\nSystem info: os.name: 'Linux', os.arch: 'amd64', os.version: '6.11.0-1018-azure', java.version: '21.0.9'\nDriver info: driver.version: unknown","time":{"start":1766696599650,"stop":1766696610541,"duration":10891}},{"uid":"62b4f71998f4094c","reportUrl":"https://m1mohammed1.github.io/orangeHRM/16/#testresult/62b4f71998f4094c","status":"passed","time":{"start":1766630713746,"stop":1766630714727,"duration":981}},{"uid":"d3e8e1e45f90c9ff","reportUrl":"https://m1mohammed1.github.io/orangeHRM/15/#testresult/d3e8e1e45f90c9ff","status":"passed","time":{"start":1766622963275,"stop":1766622964187,"duration":912}},{"uid":"a69956c105a1cffa","reportUrl":"https://m1mohammed1.github.io/orangeHRM/13/#testresult/a69956c105a1cffa","status":"passed","time":{"start":1766619290243,"stop":1766619291280,"duration":1037}}]},"tags":[]},"source":"720eba67e92ca98d.json","parameterValues":["edge"]}