{"uid":"7295da1e1ebccddc","name":"TC17 - Verify Work Shift Lifecycle: Create, Verify, and Delete","fullName":"project_orangehrm.Test.AdminJobTest.verifyWorkShift_Lifecycle_Success","historyId":"96fbdde748d25e6da12f2f192d21ea1c","time":{"start":1766781252269,"stop":1766781273967,"duration":21698},"status":"failed","statusMessage":"Record not found: Night Shift - B | Locator: By.xpath: //div[@role='row']//div[normalize-space()='Night Shift - B']","statusTrace":"java.lang.AssertionError: Record not found: Night Shift - B | Locator: By.xpath: //div[@role='row']//div[normalize-space()='Night Shift - B']\n\tat org.testng.Assert.fail(Assert.java:111)\n\tat project_orangehrm.Base.BasePage.assertVisible(BasePage.java:46)\n\tat project_orangehrm.Pages.CommonPage.verifyRecordVisible(CommonPage.java:311)\n\tat project_orangehrm.Pages.AdminPage.verifyRecordExists(AdminPage.java:132)\n\tat project_orangehrm.Test.AdminJobTest.verifyWorkShift_Lifecycle_Success(AdminJobTest.java:288)\n\tat java.base/jdk.internal.reflect.DirectMethodHandleAccessor.invoke(DirectMethodHandleAccessor.java:103)\n\tat java.base/java.lang.reflect.Method.invoke(Method.java:580)\n\tat org.testng.internal.invokers.MethodInvocationHelper.invokeMethod(MethodInvocationHelper.java:141)\n\tat org.testng.internal.invokers.TestInvoker.invokeMethod(TestInvoker.java:687)\n\tat org.testng.internal.invokers.TestInvoker.invokeTestMethod(TestInvoker.java:230)\n\tat org.testng.internal.invokers.MethodRunner.runInSequence(MethodRunner.java:63)\n\tat org.testng.internal.invokers.TestInvoker$MethodInvocationAgent.invoke(TestInvoker.java:995)\n\tat org.testng.internal.invokers.TestInvoker.invokeTestMethods(TestInvoker.java:203)\n\tat org.testng.internal.invokers.TestMethodWorker.invokeTestMethods(TestMethodWorker.java:154)\n\tat org.testng.internal.invokers.TestMethodWorker.run(TestMethodWorker.java:134)\n\tat java.base/java.util.ArrayList.forEach(ArrayList.java:1596)\n\tat org.testng.TestRunner.privateRun(TestRunner.java:741)\n\tat org.testng.TestRunner.run(TestRunner.java:616)\n\tat org.testng.SuiteRunner.runTest(SuiteRunner.java:421)\n\tat org.testng.SuiteRunner.runSequentially(SuiteRunner.java:413)\n\tat org.testng.SuiteRunner.privateRun(SuiteRunner.java:373)\n\tat org.testng.SuiteRunner.run(SuiteRunner.java:312)\n\tat org.testng.SuiteRunnerWorker.runSuite(SuiteRunnerWorker.java:52)\n\tat org.testng.SuiteRunnerWorker.run(SuiteRunnerWorker.java:95)\n\tat org.testng.TestNG.runSuitesSequentially(TestNG.java:1274)\n\tat org.testng.TestNG.runSuitesLocally(TestNG.java:1208)\n\tat org.testng.TestNG.runSuites(TestNG.java:1112)\n\tat org.testng.TestNG.run(TestNG.java:1079)\n\tat org.apache.maven.surefire.testng.TestNGExecutor.run(TestNGExecutor.java:308)\n\tat org.apache.maven.surefire.testng.TestNGXmlTestSuite.execute(TestNGXmlTestSuite.java:71)\n\tat org.apache.maven.surefire.testng.TestNGProvider.invoke(TestNGProvider.java:113)\n\tat org.apache.maven.surefire.booter.ForkedBooter.runSuitesInProcess(ForkedBooter.java:385)\n\tat org.apache.maven.surefire.booter.ForkedBooter.execute(ForkedBooter.java:162)\n\tat org.apache.maven.surefire.booter.ForkedBooter.run(ForkedBooter.java:507)\n\tat org.apache.maven.surefire.booter.ForkedBooter.main(ForkedBooter.java:495)\n","flaky":false,"newFailed":false,"newBroken":false,"newPassed":false,"retriesCount":0,"retriesStatusChange":false,"beforeStages":[{"name":"setUp","time":{"start":1766781249383,"stop":1766781250372,"duration":989},"description":"","status":"passed","steps":[],"attachments":[],"parameters":[],"stepsCount":0,"shouldDisplayMessage":false,"attachmentsCount":0,"hasContent":false,"attachmentStep":false},{"name":"setup","time":{"start":1766781250373,"stop":1766781252267,"duration":1894},"description":"","status":"passed","steps":[],"attachments":[],"parameters":[],"stepsCount":0,"shouldDisplayMessage":false,"attachmentsCount":0,"hasContent":false,"attachmentStep":false}],"testStage":{"status":"failed","statusMessage":"Record not found: Night Shift - B | Locator: By.xpath: //div[@role='row']//div[normalize-space()='Night Shift - B']","statusTrace":"java.lang.AssertionError: Record not found: Night Shift - B | Locator: By.xpath: //div[@role='row']//div[normalize-space()='Night Shift - B']\n\tat org.testng.Assert.fail(Assert.java:111)\n\tat project_orangehrm.Base.BasePage.assertVisible(BasePage.java:46)\n\tat project_orangehrm.Pages.CommonPage.verifyRecordVisible(CommonPage.java:311)\n\tat project_orangehrm.Pages.AdminPage.verifyRecordExists(AdminPage.java:132)\n\tat project_orangehrm.Test.AdminJobTest.verifyWorkShift_Lifecycle_Success(AdminJobTest.java:288)\n\tat java.base/jdk.internal.reflect.DirectMethodHandleAccessor.invoke(DirectMethodHandleAccessor.java:103)\n\tat java.base/java.lang.reflect.Method.invoke(Method.java:580)\n\tat org.testng.internal.invokers.MethodInvocationHelper.invokeMethod(MethodInvocationHelper.java:141)\n\tat org.testng.internal.invokers.TestInvoker.invokeMethod(TestInvoker.java:687)\n\tat org.testng.internal.invokers.TestInvoker.invokeTestMethod(TestInvoker.java:230)\n\tat org.testng.internal.invokers.MethodRunner.runInSequence(MethodRunner.java:63)\n\tat org.testng.internal.invokers.TestInvoker$MethodInvocationAgent.invoke(TestInvoker.java:995)\n\tat org.testng.internal.invokers.TestInvoker.invokeTestMethods(TestInvoker.java:203)\n\tat org.testng.internal.invokers.TestMethodWorker.invokeTestMethods(TestMethodWorker.java:154)\n\tat org.testng.internal.invokers.TestMethodWorker.run(TestMethodWorker.java:134)\n\tat java.base/java.util.ArrayList.forEach(ArrayList.java:1596)\n\tat org.testng.TestRunner.privateRun(TestRunner.java:741)\n\tat org.testng.TestRunner.run(TestRunner.java:616)\n\tat org.testng.SuiteRunner.runTest(SuiteRunner.java:421)\n\tat org.testng.SuiteRunner.runSequentially(SuiteRunner.java:413)\n\tat org.testng.SuiteRunner.privateRun(SuiteRunner.java:373)\n\tat org.testng.SuiteRunner.run(SuiteRunner.java:312)\n\tat org.testng.SuiteRunnerWorker.runSuite(SuiteRunnerWorker.java:52)\n\tat org.testng.SuiteRunnerWorker.run(SuiteRunnerWorker.java:95)\n\tat org.testng.TestNG.runSuitesSequentially(TestNG.java:1274)\n\tat org.testng.TestNG.runSuitesLocally(TestNG.java:1208)\n\tat org.testng.TestNG.runSuites(TestNG.java:1112)\n\tat org.testng.TestNG.run(TestNG.java:1079)\n\tat org.apache.maven.surefire.testng.TestNGExecutor.run(TestNGExecutor.java:308)\n\tat org.apache.maven.surefire.testng.TestNGXmlTestSuite.execute(TestNGXmlTestSuite.java:71)\n\tat org.apache.maven.surefire.testng.TestNGProvider.invoke(TestNGProvider.java:113)\n\tat org.apache.maven.surefire.booter.ForkedBooter.runSuitesInProcess(ForkedBooter.java:385)\n\tat org.apache.maven.surefire.booter.ForkedBooter.execute(ForkedBooter.java:162)\n\tat org.apache.maven.surefire.booter.ForkedBooter.run(ForkedBooter.java:507)\n\tat org.apache.maven.surefire.booter.ForkedBooter.main(ForkedBooter.java:495)\n","steps":[],"attachments":[{"uid":"bd3f8d4d3c1f0cab","name":"SoftAssert_Failed - 2025-12-26T20:34:23.849118058","source":"bd3f8d4d3c1f0cab.png","type":"image/png","size":108000},{"uid":"6c86fecf9122e118","name":"Page Source","source":"6c86fecf9122e118.html","type":"text/html","size":298065}],"parameters":[],"stepsCount":0,"shouldDisplayMessage":true,"attachmentsCount":2,"hasContent":true,"attachmentStep":false},"afterStages":[{"name":"tearDown","time":{"start":1766781273968,"stop":1766781274151,"duration":183},"description":"","status":"passed","steps":[],"attachments":[{"uid":"6d86cce2ce998af4","name":"Screenshot Failure - verifyWorkShift_Lifecycle_Success","source":"6d86cce2ce998af4.png","type":"image/png","size":108000},{"uid":"3cc7ab7dfd600b9a","name":"Page Source","source":"3cc7ab7dfd600b9a.html","type":"text/html","size":298065}],"parameters":[],"stepsCount":0,"shouldDisplayMessage":false,"attachmentsCount":2,"hasContent":true,"attachmentStep":false}],"labels":[{"name":"package","value":"project_orangehrm.Test.AdminJobTest"},{"name":"testClass","value":"project_orangehrm.Test.AdminJobTest"},{"name":"testMethod","value":"verifyWorkShift_Lifecycle_Success"},{"name":"parentSuite","value":"OrangeHRM_Strategic_Suite"},{"name":"suite","value":"Step1_Hyper_Admin_PIM_Foundation"},{"name":"subSuite","value":"project_orangehrm.Test.AdminJobTest"},{"name":"host","value":"runnervmh13bl"},{"name":"thread","value":"2634@runnervmh13bl.main(1)"},{"name":"framework","value":"testng"},{"name":"language","value":"java"},{"name":"resultFormat","value":"allure2"}],"parameters":[{"name":"browser","value":"edge"}],"links":[],"hidden":true,"retry":true,"extra":{"categories":[],"tags":[]},"source":"7295da1e1ebccddc.json","parameterValues":["edge"]}