{"uid":"72ea933c661412c5","name":"TC03 - Verify Custom Field Lifecycle: Create, Verify, Edit, Delete","fullName":"project_orangehrm.Test.PIM_Configuration_Test.verifyCustomField_Lifecycle_Edit","historyId":"b52714c768b2efe06e75db6d02525759","time":{"start":1766763664820,"stop":1766763664820,"duration":0},"status":"skipped","statusMessage":"Expected condition failed: waiting for project_orangehrm.Base.BasePage$$Lambda/0x00007fd2f83468a8@6c6928c (tried for 10 second(s) with 300 milliseconds interval)","statusTrace":"org.openqa.selenium.TimeoutException: Expected condition failed: waiting for project_orangehrm.Base.BasePage$$Lambda/0x00007fd2f83468a8@6c6928c (tried for 10 second(s) with 300 milliseconds interval)\n\tat org.openqa.selenium.support.ui.FluentWait.timeoutException(FluentWait.java:265)\n\tat org.openqa.selenium.support.ui.FluentWait.until(FluentWait.java:228)\n\tat project_orangehrm.Base.BasePage.typeText(BasePage.java:82)\n\tat project_orangehrm.Pages.LoginPage.enterUsername(LoginPage.java:22)\n\tat project_orangehrm.Test.PIM_Configuration_Test.setup(PIM_Configuration_Test.java:22)\n\tat java.base/jdk.internal.reflect.DirectMethodHandleAccessor.invoke(DirectMethodHandleAccessor.java:103)\n\tat java.base/java.lang.reflect.Method.invoke(Method.java:580)\n\tat org.testng.internal.invokers.MethodInvocationHelper.invokeMethod(MethodInvocationHelper.java:141)\n\tat org.testng.internal.invokers.MethodInvocationHelper.invokeMethodConsideringTimeout(MethodInvocationHelper.java:71)\n\tat org.testng.internal.invokers.ConfigInvoker.invokeConfigurationMethod(ConfigInvoker.java:400)\n\tat org.testng.internal.invokers.ConfigInvoker.invokeConfigurations(ConfigInvoker.java:333)\n\tat org.testng.internal.invokers.TestInvoker.runConfigMethods(TestInvoker.java:836)\n\tat org.testng.internal.invokers.TestInvoker.invokeMethod(TestInvoker.java:601)\n\tat org.testng.internal.invokers.TestInvoker.invokeTestMethod(TestInvoker.java:230)\n\tat org.testng.internal.invokers.MethodRunner.runInSequence(MethodRunner.java:63)\n\tat org.testng.internal.invokers.TestInvoker$MethodInvocationAgent.invoke(TestInvoker.java:995)\n\tat org.testng.internal.invokers.TestInvoker.invokeTestMethods(TestInvoker.java:203)\n\tat org.testng.internal.invokers.TestMethodWorker.invokeTestMethods(TestMethodWorker.java:154)\n\tat org.testng.internal.invokers.TestMethodWorker.run(TestMethodWorker.java:134)\n\tat java.base/java.util.ArrayList.forEach(ArrayList.java:1596)\n\tat org.testng.TestRunner.privateRun(TestRunner.java:741)\n\tat org.testng.TestRunner.run(TestRunner.java:616)\n\tat org.testng.SuiteRunner.runTest(SuiteRunner.java:421)\n\tat org.testng.SuiteRunner.runSequentially(SuiteRunner.java:413)\n\tat org.testng.SuiteRunner.privateRun(SuiteRunner.java:373)\n\tat org.testng.SuiteRunner.run(SuiteRunner.java:312)\n\tat org.testng.SuiteRunnerWorker.runSuite(SuiteRunnerWorker.java:52)\n\tat org.testng.SuiteRunnerWorker.run(SuiteRunnerWorker.java:95)\n\tat org.testng.TestNG.runSuitesSequentially(TestNG.java:1274)\n\tat org.testng.TestNG.runSuitesLocally(TestNG.java:1208)\n\tat org.testng.TestNG.runSuites(TestNG.java:1112)\n\tat org.testng.TestNG.run(TestNG.java:1079)\n\tat org.apache.maven.surefire.testng.TestNGExecutor.run(TestNGExecutor.java:308)\n\tat org.apache.maven.surefire.testng.TestNGXmlTestSuite.execute(TestNGXmlTestSuite.java:71)\n\tat org.apache.maven.surefire.testng.TestNGProvider.invoke(TestNGProvider.java:113)\n\tat org.apache.maven.surefire.booter.ForkedBooter.runSuitesInProcess(ForkedBooter.java:385)\n\tat org.apache.maven.surefire.booter.ForkedBooter.execute(ForkedBooter.java:162)\n\tat org.apache.maven.surefire.booter.ForkedBooter.run(ForkedBooter.java:507)\n\tat org.apache.maven.surefire.booter.ForkedBooter.main(ForkedBooter.java:495)\nCaused by: org.openqa.selenium.NoSuchElementException: no such element: Unable to locate element: {\"method\":\"css selector\",\"selector\":\"input[placeholder='Username']\"}\n  (Session info: chrome=143.0.7499.109)\nFor documentation on this error, please visit: https://www.selenium.dev/documentation/webdriver/troubleshooting/errors#nosuchelementexception\nBuild info: version: '4.37.0', revision: '3c1da1e342'\nSystem info: os.name: 'Linux', os.arch: 'amd64', os.version: '6.11.0-1018-azure', java.version: '21.0.9'\nDriver info: org.openqa.selenium.chrome.ChromeDriver\nCommand: [808c2e95abb388d215cf12d6cf284942, findElement {using=css selector, value=input[placeholder='Username']}]\nCapabilities {acceptInsecureCerts: false, browserName: chrome, browserVersion: 143.0.7499.109, chrome: {chromedriverVersion: 143.0.7499.169 (164b20aab62..., userDataDir: /tmp/.org.chromium.Chromium...}, fedcm:accounts: true, goog:chromeOptions: {debuggerAddress: localhost:38837}, goog:processID: 4374, networkConnectionEnabled: false, pageLoadStrategy: normal, platformName: linux, proxy: Proxy(), se:cdp: ws://localhost:38837/devtoo..., se:cdpVersion: 143.0.7499.109, setWindowRect: true, strictFileInteractability: false, timeouts: {implicit: 0, pageLoad: 300000, script: 30000}, unhandledPromptBehavior: dismiss and notify, webauthn:extension:credBlob: true, webauthn:extension:largeBlob: true, webauthn:extension:minPinLength: true, webauthn:extension:prf: true, webauthn:virtualAuthenticators: true}\nSession ID: 808c2e95abb388d215cf12d6cf284942\n\tat java.base/jdk.internal.reflect.DirectConstructorHandleAccessor.newInstance(DirectConstructorHandleAccessor.java:62)\n\tat java.base/java.lang.reflect.Constructor.newInstanceWithCaller(Constructor.java:502)\n\tat java.base/java.lang.reflect.Constructor.newInstance(Constructor.java:486)\n\tat org.openqa.selenium.remote.ErrorCodec.decode(ErrorCodec.java:167)\n\tat org.openqa.selenium.remote.codec.w3c.W3CHttpResponseCodec.decode(W3CHttpResponseCodec.java:138)\n\tat org.openqa.selenium.remote.codec.w3c.W3CHttpResponseCodec.decode(W3CHttpResponseCodec.java:50)\n\tat org.openqa.selenium.remote.HttpCommandExecutor.execute(HttpCommandExecutor.java:215)\n\tat org.openqa.selenium.remote.service.DriverCommandExecutor.invokeExecute(DriverCommandExecutor.java:216)\n\tat org.openqa.selenium.remote.service.DriverCommandExecutor.execute(DriverCommandExecutor.java:174)\n\tat org.openqa.selenium.remote.RemoteWebDriver.execute(RemoteWebDriver.java:557)\n\tat org.openqa.selenium.remote.ElementLocation$ElementFinder$2.findElement(ElementLocation.java:165)\n\tat org.openqa.selenium.remote.ElementLocation.findElement(ElementLocation.java:59)\n\tat org.openqa.selenium.remote.RemoteWebDriver.findElement(RemoteWebDriver.java:380)\n\tat org.openqa.selenium.remote.RemoteWebDriver.findElement(RemoteWebDriver.java:374)\n\tat project_orangehrm.Base.BasePage.lambda$typeText$0(BasePage.java:83)\n\tat org.openqa.selenium.support.ui.FluentWait.until(FluentWait.java:203)\n\t... 37 more\n","flaky":false,"newFailed":false,"newBroken":false,"newPassed":false,"retriesCount":15,"retriesStatusChange":false,"beforeStages":[{"name":"setUp","time":{"start":1766763664818,"stop":1766763664819,"duration":1},"description":"","status":"broken","steps":[],"attachments":[],"parameters":[],"stepsCount":0,"shouldDisplayMessage":false,"attachmentsCount":0,"hasContent":false,"attachmentStep":false},{"name":"setup","time":{"start":1766763664819,"stop":1766763664819,"duration":0},"description":"","status":"broken","steps":[],"attachments":[],"parameters":[],"stepsCount":0,"shouldDisplayMessage":false,"attachmentsCount":0,"hasContent":false,"attachmentStep":false}],"afterStages":[{"name":"tearDown","time":{"start":1766763664820,"stop":1766763664820,"duration":0},"description":"","status":"broken","steps":[],"attachments":[],"parameters":[],"stepsCount":0,"shouldDisplayMessage":false,"attachmentsCount":0,"hasContent":false,"attachmentStep":false}],"labels":[{"name":"package","value":"project_orangehrm.Test.PIM_Configuration_Test"},{"name":"testClass","value":"project_orangehrm.Test.PIM_Configuration_Test"},{"name":"testMethod","value":"verifyCustomField_Lifecycle_Edit"},{"name":"parentSuite","value":"OrangeHRM_Strategic_Suite"},{"name":"suite","value":"Step2_PIM_User_Foundation"},{"name":"subSuite","value":"project_orangehrm.Test.PIM_Configuration_Test"},{"name":"host","value":"runnervmh13bl"},{"name":"thread","value":"2331@runnervmh13bl.main(1)"},{"name":"framework","value":"testng"},{"name":"language","value":"java"},{"name":"resultFormat","value":"allure2"}],"parameters":[{"name":"browser","value":"edge"}],"links":[],"hidden":false,"retry":false,"extra":{"severity":"normal","retries":[{"uid":"79a697ee6e94412d","status":"skipped","statusDetails":"Expected condition failed: waiting for project_orangehrm.Base.BasePage$$Lambda/0x00007f8ca0346ae0@7c2b6acb (tried for 10 second(s) with 300 milliseconds interval)","time":{"start":1766763657303,"stop":1766763657303,"duration":0}},{"uid":"96db481fb1452ac1","status":"skipped","statusDetails":"Expected condition failed: waiting for project_orangehrm.Base.BasePage$$Lambda/0x00007f05643468a8@3b96f8b0 (tried for 10 second(s) with 300 milliseconds interval)","time":{"start":1766763653855,"stop":1766763653856,"duration":1}},{"uid":"dfed74714e72b883","status":"skipped","statusDetails":"Expected condition failed: waiting for project_orangehrm.Base.BasePage$$Lambda/0x00007f7b283468a8@1b3a9ef4 (tried for 10 second(s) with 300 milliseconds interval)","time":{"start":1766763653253,"stop":1766763653253,"duration":0}},{"uid":"552ab11cbb079025","status":"skipped","statusDetails":"Expected condition failed: waiting for project_orangehrm.Base.BasePage$$Lambda/0x00007f047c3491b0@781c2497 (tried for 10 second(s) with 300 milliseconds interval)","time":{"start":1766763648932,"stop":1766763648932,"duration":0}},{"uid":"9d988637a134a1d5","status":"skipped","statusDetails":"Expected condition failed: waiting for project_orangehrm.Base.BasePage$$Lambda/0x00007fc4a83491b0@4416e18d (tried for 10 second(s) with 300 milliseconds interval)","time":{"start":1766763168927,"stop":1766763168927,"duration":0}},{"uid":"1cfec3578a1e5285","status":"skipped","statusDetails":"Expected condition failed: waiting for project_orangehrm.Base.BasePage$$Lambda/0x00007f4d003491b0@781c2497 (tried for 10 second(s) with 300 milliseconds interval)","time":{"start":1766763160560,"stop":1766763160560,"duration":0}},{"uid":"d49c332b4f934f56","status":"skipped","statusDetails":"Expected condition failed: waiting for project_orangehrm.Base.BasePage$$Lambda/0x00007f57e03491b0@796c68bf (tried for 10 second(s) with 300 milliseconds interval)","time":{"start":1766763159040,"stop":1766763159041,"duration":1}},{"uid":"d96f5a2c2f178801","status":"skipped","statusDetails":"Expected condition failed: waiting for project_orangehrm.Base.BasePage$$Lambda/0x00007f4a303491b0@5a3cf824 (tried for 10 second(s) with 300 milliseconds interval)","time":{"start":1766763154826,"stop":1766763154827,"duration":1}},{"uid":"4ac5436b9a80dcb5","status":"skipped","statusDetails":"Expected condition failed: waiting for project_orangehrm.Base.BasePage$$Lambda/0x00007ff86c3491b0@790ac3e0 (tried for 10 second(s) with 300 milliseconds interval)","time":{"start":1766763153960,"stop":1766763153960,"duration":0}},{"uid":"a991153511bbbe08","status":"skipped","statusDetails":"Expected condition failed: waiting for project_orangehrm.Base.BasePage$$Lambda/0x00007f13b0346ae0@1fc0d9b4 (tried for 10 second(s) with 300 milliseconds interval)","time":{"start":1766763152981,"stop":1766763152981,"duration":0}},{"uid":"c1f73082c803c6cf","status":"skipped","statusDetails":"Expected condition failed: waiting for project_orangehrm.Base.BasePage$$Lambda/0x00007fa75c346ae0@70c491b8 (tried for 10 second(s) with 300 milliseconds interval)","time":{"start":1766763146761,"stop":1766763146770,"duration":9}},{"uid":"3b4f51b7134178f3","status":"skipped","statusDetails":"Expected condition failed: waiting for project_orangehrm.Base.BasePage$$Lambda/0x00007f9aec3491b0@7a1371 (tried for 10 second(s) with 300 milliseconds interval)","time":{"start":1766763144810,"stop":1766763144810,"duration":0}},{"uid":"5950e5f2defdc69f","status":"skipped","statusDetails":"Expected condition failed: waiting for project_orangehrm.Base.BasePage$$Lambda/0x00007f2cd03468a8@1a7163e3 (tried for 10 second(s) with 300 milliseconds interval)","time":{"start":1766763143686,"stop":1766763143686,"duration":0}},{"uid":"f75d613fb52c6104","status":"skipped","statusDetails":"Expected condition failed: waiting for project_orangehrm.Base.BasePage$$Lambda/0x00007fa3e8344bd0@3d512652 (tried for 10 second(s) with 300 milliseconds interval)","time":{"start":1766763143497,"stop":1766763143497,"duration":0}},{"uid":"ec2bf948ee82b546","status":"skipped","statusDetails":"Expected condition failed: waiting for project_orangehrm.Base.BasePage$$Lambda/0x00007f69143491b0@7eefaca0 (tried for 10 second(s) with 300 milliseconds interval)","time":{"start":1766762682962,"stop":1766762682962,"duration":0}}],"categories":[],"history":{"statistic":{"failed":2,"broken":1,"skipped":1,"passed":7,"unknown":0,"total":11},"items":[{"uid":"2294a43a2c3cf63","reportUrl":"https://m1mohammed1.github.io/orangeHRM/23/#testresult/2294a43a2c3cf63","status":"passed","time":{"start":1766759948748,"stop":1766759970073,"duration":21325}},{"uid":"178502323c44ead3","reportUrl":"https://m1mohammed1.github.io/orangeHRM/22/#testresult/178502323c44ead3","status":"passed","time":{"start":1766705866863,"stop":1766705886490,"duration":19627}},{"uid":"da3527b8c9ad0a5b","reportUrl":"https://m1mohammed1.github.io/orangeHRM/17/#testresult/da3527b8c9ad0a5b","status":"passed","time":{"start":1766697910728,"stop":1766697930711,"duration":19983}},{"uid":"b312227cfb77d29a","reportUrl":"https://m1mohammed1.github.io/orangeHRM/16/#testresult/b312227cfb77d29a","status":"passed","time":{"start":1766632054751,"stop":1766632075417,"duration":20666}},{"uid":"d2b289b94c2902df","reportUrl":"https://m1mohammed1.github.io/orangeHRM/15/#testresult/d2b289b94c2902df","status":"passed","time":{"start":1766624321414,"stop":1766624344192,"duration":22778}},{"uid":"a8d35f859315660e","reportUrl":"https://m1mohammed1.github.io/orangeHRM/13/#testresult/a8d35f859315660e","status":"passed","time":{"start":1766618106232,"stop":1766618125812,"duration":19580}},{"uid":"25a7cb52ffb766dc","reportUrl":"https://m1mohammed1.github.io/orangeHRM/12/#testresult/25a7cb52ffb766dc","status":"passed","time":{"start":1766616698213,"stop":1766616717943,"duration":19730}},{"uid":"5a4bfddd65a1744f","reportUrl":"https://m1mohammed1.github.io/orangeHRM/11/#testresult/5a4bfddd65a1744f","status":"broken","statusDetails":"Expected condition failed: waiting for project_orangehrm.Base.BasePage$$Lambda/0x00007f5df0348268@2ccb0929 (tried for 5 second(s) with 300 milliseconds interval)","time":{"start":1766605915549,"stop":1766605931125,"duration":15576}},{"uid":"3c69d99c805fd804","reportUrl":"https://m1mohammed1.github.io/orangeHRM/10/#testresult/3c69d99c805fd804","status":"failed","statusDetails":"Success message not displayed | Locator: By.xpath: //div[contains(@class, 'oxd-toast--success')]","time":{"start":1766597766895,"stop":1766597778993,"duration":12098}},{"uid":"ba90c5a5b9e1af7d","reportUrl":"https://m1mohammed1.github.io/orangeHRM/9/#testresult/ba90c5a5b9e1af7d","status":"failed","statusDetails":"Success message not displayed | Locator: By.xpath: //div[contains(@class, 'oxd-toast--success')]","time":{"start":1766596056138,"stop":1766596078742,"duration":22604}}]},"tags":[]},"source":"72ea933c661412c5.json","parameterValues":["edge"]}