{"uid":"7b339148e34bf434","name":"TC01 - Verify My Timesheet: Add Row, Edit Hours, Save","fullName":"project_orangehrm.Test.Time_Timesheets_Test.verifyMyTimesheet_EditAndSave","historyId":"d2780afcd1beea5ec9a6ddfa1787f192","time":{"start":1766763768512,"stop":1766763768512,"duration":0},"status":"skipped","statusMessage":"Expected condition failed: waiting for project_orangehrm.Base.BasePage$$Lambda/0x00007fd2f83468a8@3a2c9b95 (tried for 10 second(s) with 300 milliseconds interval)","statusTrace":"org.openqa.selenium.TimeoutException: Expected condition failed: waiting for project_orangehrm.Base.BasePage$$Lambda/0x00007fd2f83468a8@3a2c9b95 (tried for 10 second(s) with 300 milliseconds interval)\n\tat org.openqa.selenium.support.ui.FluentWait.timeoutException(FluentWait.java:265)\n\tat org.openqa.selenium.support.ui.FluentWait.until(FluentWait.java:228)\n\tat project_orangehrm.Base.BasePage.typeText(BasePage.java:82)\n\tat project_orangehrm.Pages.LoginPage.enterUsername(LoginPage.java:22)\n\tat project_orangehrm.Test.Time_Timesheets_Test.setup(Time_Timesheets_Test.java:22)\n\tat java.base/jdk.internal.reflect.DirectMethodHandleAccessor.invoke(DirectMethodHandleAccessor.java:103)\n\tat java.base/java.lang.reflect.Method.invoke(Method.java:580)\n\tat org.testng.internal.invokers.MethodInvocationHelper.invokeMethod(MethodInvocationHelper.java:141)\n\tat org.testng.internal.invokers.MethodInvocationHelper.invokeMethodConsideringTimeout(MethodInvocationHelper.java:71)\n\tat org.testng.internal.invokers.ConfigInvoker.invokeConfigurationMethod(ConfigInvoker.java:400)\n\tat org.testng.internal.invokers.ConfigInvoker.invokeConfigurations(ConfigInvoker.java:333)\n\tat org.testng.internal.invokers.TestInvoker.runConfigMethods(TestInvoker.java:836)\n\tat org.testng.internal.invokers.TestInvoker.invokeMethod(TestInvoker.java:601)\n\tat org.testng.internal.invokers.TestInvoker.invokeTestMethod(TestInvoker.java:230)\n\tat org.testng.internal.invokers.MethodRunner.runInSequence(MethodRunner.java:63)\n\tat org.testng.internal.invokers.TestInvoker$MethodInvocationAgent.invoke(TestInvoker.java:995)\n\tat org.testng.internal.invokers.TestInvoker.invokeTestMethods(TestInvoker.java:203)\n\tat org.testng.internal.invokers.TestMethodWorker.invokeTestMethods(TestMethodWorker.java:154)\n\tat org.testng.internal.invokers.TestMethodWorker.run(TestMethodWorker.java:134)\n\tat java.base/java.util.concurrent.Executors$RunnableAdapter.call(Executors.java:572)\n\tat java.base/java.util.concurrent.FutureTask.run(FutureTask.java:317)\n\tat org.testng.internal.thread.graph.TestNGFutureTask.run(TestNGFutureTask.java:22)\n\tat java.base/java.util.concurrent.ThreadPoolExecutor.runWorker(ThreadPoolExecutor.java:1144)\n\tat java.base/java.util.concurrent.ThreadPoolExecutor$Worker.run(ThreadPoolExecutor.java:642)\n\tat java.base/java.lang.Thread.run(Thread.java:1583)\nCaused by: org.openqa.selenium.NoSuchElementException: no such element: Unable to locate element: {\"method\":\"css selector\",\"selector\":\"input[placeholder='Username']\"}\n  (Session info: chrome=143.0.7499.109)\nFor documentation on this error, please visit: https://www.selenium.dev/documentation/webdriver/troubleshooting/errors#nosuchelementexception\nBuild info: version: '4.37.0', revision: '3c1da1e342'\nSystem info: os.name: 'Linux', os.arch: 'amd64', os.version: '6.11.0-1018-azure', java.version: '21.0.9'\nDriver info: org.openqa.selenium.chrome.ChromeDriver\nCommand: [10f588153d8b5f3b7135fe14f23672c4, findElement {using=css selector, value=input[placeholder='Username']}]\nCapabilities {acceptInsecureCerts: false, browserName: chrome, browserVersion: 143.0.7499.109, chrome: {chromedriverVersion: 143.0.7499.169 (164b20aab62..., userDataDir: /tmp/.org.chromium.Chromium...}, fedcm:accounts: true, goog:chromeOptions: {debuggerAddress: localhost:35093}, goog:processID: 7607, networkConnectionEnabled: false, pageLoadStrategy: normal, platformName: linux, proxy: Proxy(), se:cdp: ws://localhost:35093/devtoo..., se:cdpVersion: 143.0.7499.109, setWindowRect: true, strictFileInteractability: false, timeouts: {implicit: 0, pageLoad: 300000, script: 30000}, unhandledPromptBehavior: dismiss and notify, webauthn:extension:credBlob: true, webauthn:extension:largeBlob: true, webauthn:extension:minPinLength: true, webauthn:extension:prf: true, webauthn:virtualAuthenticators: true}\nSession ID: 10f588153d8b5f3b7135fe14f23672c4\n\tat java.base/jdk.internal.reflect.DirectConstructorHandleAccessor.newInstance(DirectConstructorHandleAccessor.java:62)\n\tat java.base/java.lang.reflect.Constructor.newInstanceWithCaller(Constructor.java:502)\n\tat java.base/java.lang.reflect.Constructor.newInstance(Constructor.java:486)\n\tat org.openqa.selenium.remote.ErrorCodec.decode(ErrorCodec.java:167)\n\tat org.openqa.selenium.remote.codec.w3c.W3CHttpResponseCodec.decode(W3CHttpResponseCodec.java:138)\n\tat org.openqa.selenium.remote.codec.w3c.W3CHttpResponseCodec.decode(W3CHttpResponseCodec.java:50)\n\tat org.openqa.selenium.remote.HttpCommandExecutor.execute(HttpCommandExecutor.java:215)\n\tat org.openqa.selenium.remote.service.DriverCommandExecutor.invokeExecute(DriverCommandExecutor.java:216)\n\tat org.openqa.selenium.remote.service.DriverCommandExecutor.execute(DriverCommandExecutor.java:174)\n\tat org.openqa.selenium.remote.RemoteWebDriver.execute(RemoteWebDriver.java:557)\n\tat org.openqa.selenium.remote.ElementLocation$ElementFinder$2.findElement(ElementLocation.java:165)\n\tat org.openqa.selenium.remote.ElementLocation.findElement(ElementLocation.java:59)\n\tat org.openqa.selenium.remote.RemoteWebDriver.findElement(RemoteWebDriver.java:380)\n\tat org.openqa.selenium.remote.RemoteWebDriver.findElement(RemoteWebDriver.java:374)\n\tat project_orangehrm.Base.BasePage.lambda$typeText$0(BasePage.java:83)\n\tat org.openqa.selenium.support.ui.FluentWait.until(FluentWait.java:203)\n\t... 23 more\n","flaky":false,"newFailed":false,"newBroken":false,"newPassed":false,"retriesCount":15,"retriesStatusChange":false,"beforeStages":[{"name":"setUp","time":{"start":1766763757006,"stop":1766763758470,"duration":1464},"description":"","status":"passed","steps":[],"attachments":[],"parameters":[],"stepsCount":0,"shouldDisplayMessage":false,"attachmentsCount":0,"hasContent":false,"attachmentStep":false},{"name":"setup","time":{"start":1766763758471,"stop":1766763768510,"duration":10039},"description":"","status":"broken","statusMessage":"Expected condition failed: waiting for project_orangehrm.Base.BasePage$$Lambda/0x00007fd2f83468a8@3a2c9b95 (tried for 10 second(s) with 300 milliseconds interval)","statusTrace":"org.openqa.selenium.TimeoutException: Expected condition failed: waiting for project_orangehrm.Base.BasePage$$Lambda/0x00007fd2f83468a8@3a2c9b95 (tried for 10 second(s) with 300 milliseconds interval)\n\tat org.openqa.selenium.support.ui.FluentWait.timeoutException(FluentWait.java:265)\n\tat org.openqa.selenium.support.ui.FluentWait.until(FluentWait.java:228)\n\tat project_orangehrm.Base.BasePage.typeText(BasePage.java:82)\n\tat project_orangehrm.Pages.LoginPage.enterUsername(LoginPage.java:22)\n\tat project_orangehrm.Test.Time_Timesheets_Test.setup(Time_Timesheets_Test.java:22)\n\tat java.base/jdk.internal.reflect.DirectMethodHandleAccessor.invoke(DirectMethodHandleAccessor.java:103)\n\tat java.base/java.lang.reflect.Method.invoke(Method.java:580)\n\tat org.testng.internal.invokers.MethodInvocationHelper.invokeMethod(MethodInvocationHelper.java:141)\n\tat org.testng.internal.invokers.MethodInvocationHelper.invokeMethodConsideringTimeout(MethodInvocationHelper.java:71)\n\tat org.testng.internal.invokers.ConfigInvoker.invokeConfigurationMethod(ConfigInvoker.java:400)\n\tat org.testng.internal.invokers.ConfigInvoker.invokeConfigurations(ConfigInvoker.java:333)\n\tat org.testng.internal.invokers.TestInvoker.runConfigMethods(TestInvoker.java:836)\n\tat org.testng.internal.invokers.TestInvoker.invokeMethod(TestInvoker.java:601)\n\tat org.testng.internal.invokers.TestInvoker.invokeTestMethod(TestInvoker.java:230)\n\tat org.testng.internal.invokers.MethodRunner.runInSequence(MethodRunner.java:63)\n\tat org.testng.internal.invokers.TestInvoker$MethodInvocationAgent.invoke(TestInvoker.java:995)\n\tat org.testng.internal.invokers.TestInvoker.invokeTestMethods(TestInvoker.java:203)\n\tat org.testng.internal.invokers.TestMethodWorker.invokeTestMethods(TestMethodWorker.java:154)\n\tat org.testng.internal.invokers.TestMethodWorker.run(TestMethodWorker.java:134)\n\tat java.base/java.util.concurrent.Executors$RunnableAdapter.call(Executors.java:572)\n\tat java.base/java.util.concurrent.FutureTask.run(FutureTask.java:317)\n\tat org.testng.internal.thread.graph.TestNGFutureTask.run(TestNGFutureTask.java:22)\n\tat java.base/java.util.concurrent.ThreadPoolExecutor.runWorker(ThreadPoolExecutor.java:1144)\n\tat java.base/java.util.concurrent.ThreadPoolExecutor$Worker.run(ThreadPoolExecutor.java:642)\n\tat java.base/java.lang.Thread.run(Thread.java:1583)\nCaused by: org.openqa.selenium.NoSuchElementException: no such element: Unable to locate element: {\"method\":\"css selector\",\"selector\":\"input[placeholder='Username']\"}\n  (Session info: chrome=143.0.7499.109)\nFor documentation on this error, please visit: https://www.selenium.dev/documentation/webdriver/troubleshooting/errors#nosuchelementexception\nBuild info: version: '4.37.0', revision: '3c1da1e342'\nSystem info: os.name: 'Linux', os.arch: 'amd64', os.version: '6.11.0-1018-azure', java.version: '21.0.9'\nDriver info: org.openqa.selenium.chrome.ChromeDriver\nCommand: [10f588153d8b5f3b7135fe14f23672c4, findElement {using=css selector, value=input[placeholder='Username']}]\nCapabilities {acceptInsecureCerts: false, browserName: chrome, browserVersion: 143.0.7499.109, chrome: {chromedriverVersion: 143.0.7499.169 (164b20aab62..., userDataDir: /tmp/.org.chromium.Chromium...}, fedcm:accounts: true, goog:chromeOptions: {debuggerAddress: localhost:35093}, goog:processID: 7607, networkConnectionEnabled: false, pageLoadStrategy: normal, platformName: linux, proxy: Proxy(), se:cdp: ws://localhost:35093/devtoo..., se:cdpVersion: 143.0.7499.109, setWindowRect: true, strictFileInteractability: false, timeouts: {implicit: 0, pageLoad: 300000, script: 30000}, unhandledPromptBehavior: dismiss and notify, webauthn:extension:credBlob: true, webauthn:extension:largeBlob: true, webauthn:extension:minPinLength: true, webauthn:extension:prf: true, webauthn:virtualAuthenticators: true}\nSession ID: 10f588153d8b5f3b7135fe14f23672c4\n\tat java.base/jdk.internal.reflect.DirectConstructorHandleAccessor.newInstance(DirectConstructorHandleAccessor.java:62)\n\tat java.base/java.lang.reflect.Constructor.newInstanceWithCaller(Constructor.java:502)\n\tat java.base/java.lang.reflect.Constructor.newInstance(Constructor.java:486)\n\tat org.openqa.selenium.remote.ErrorCodec.decode(ErrorCodec.java:167)\n\tat org.openqa.selenium.remote.codec.w3c.W3CHttpResponseCodec.decode(W3CHttpResponseCodec.java:138)\n\tat org.openqa.selenium.remote.codec.w3c.W3CHttpResponseCodec.decode(W3CHttpResponseCodec.java:50)\n\tat org.openqa.selenium.remote.HttpCommandExecutor.execute(HttpCommandExecutor.java:215)\n\tat org.openqa.selenium.remote.service.DriverCommandExecutor.invokeExecute(DriverCommandExecutor.java:216)\n\tat org.openqa.selenium.remote.service.DriverCommandExecutor.execute(DriverCommandExecutor.java:174)\n\tat org.openqa.selenium.remote.RemoteWebDriver.execute(RemoteWebDriver.java:557)\n\tat org.openqa.selenium.remote.ElementLocation$ElementFinder$2.findElement(ElementLocation.java:165)\n\tat org.openqa.selenium.remote.ElementLocation.findElement(ElementLocation.java:59)\n\tat org.openqa.selenium.remote.RemoteWebDriver.findElement(RemoteWebDriver.java:380)\n\tat org.openqa.selenium.remote.RemoteWebDriver.findElement(RemoteWebDriver.java:374)\n\tat project_orangehrm.Base.BasePage.lambda$typeText$0(BasePage.java:83)\n\tat org.openqa.selenium.support.ui.FluentWait.until(FluentWait.java:203)\n\t... 23 more\n","steps":[],"attachments":[],"parameters":[],"stepsCount":0,"shouldDisplayMessage":true,"attachmentsCount":0,"hasContent":true,"attachmentStep":false}],"afterStages":[{"name":"tearDown","time":{"start":1766763768512,"stop":1766763768512,"duration":0},"description":"","status":"broken","steps":[],"attachments":[],"parameters":[],"stepsCount":0,"shouldDisplayMessage":false,"attachmentsCount":0,"hasContent":false,"attachmentStep":false}],"labels":[{"name":"package","value":"project_orangehrm.Test.Time_Timesheets_Test"},{"name":"testClass","value":"project_orangehrm.Test.Time_Timesheets_Test"},{"name":"testMethod","value":"verifyMyTimesheet_EditAndSave"},{"name":"parentSuite","value":"OrangeHRM_Strategic_Suite"},{"name":"suite","value":"Step4_Ops_Time_Core"},{"name":"subSuite","value":"project_orangehrm.Test.Time_Timesheets_Test"},{"name":"host","value":"runnervmh13bl"},{"name":"thread","value":"2331@runnervmh13bl.TestNG-test-Step4_Ops_Time_Core-1(268)"},{"name":"framework","value":"testng"},{"name":"language","value":"java"},{"name":"resultFormat","value":"allure2"}],"parameters":[{"name":"browser","value":"edge"}],"links":[],"hidden":false,"retry":false,"extra":{"severity":"normal","retries":[{"uid":"d8c682819b9b1ce0","status":"skipped","statusDetails":"Expected condition failed: waiting for project_orangehrm.Base.BasePage$$Lambda/0x00007f8ca0346ae0@6e3dcf34 (tried for 10 second(s) with 300 milliseconds interval)","time":{"start":1766763760442,"stop":1766763760443,"duration":1}},{"uid":"2d623d617010fae","status":"skipped","statusDetails":"Expected condition failed: waiting for project_orangehrm.Base.BasePage$$Lambda/0x00007f05643468a8@6861226a (tried for 10 second(s) with 300 milliseconds interval)","time":{"start":1766763756925,"stop":1766763756925,"duration":0}},{"uid":"ba133abfa0d1d456","status":"skipped","statusDetails":"Expected condition failed: waiting for project_orangehrm.Base.BasePage$$Lambda/0x00007f7b283468a8@29f8d4 (tried for 10 second(s) with 300 milliseconds interval)","time":{"start":1766763756438,"stop":1766763756438,"duration":0}},{"uid":"5a5b937e1ae13f0","status":"skipped","statusDetails":"Expected condition failed: waiting for project_orangehrm.Base.BasePage$$Lambda/0x00007f047c3491b0@4931487e (tried for 10 second(s) with 300 milliseconds interval)","time":{"start":1766763746215,"stop":1766763746215,"duration":0}},{"uid":"d4baf4c54782813","status":"skipped","statusDetails":"Expected condition failed: waiting for project_orangehrm.Base.BasePage$$Lambda/0x00007fc4a83491b0@65a92b63 (tried for 10 second(s) with 300 milliseconds interval)","time":{"start":1766763272077,"stop":1766763272077,"duration":0}},{"uid":"2ef40df1470c4946","status":"skipped","statusDetails":"Expected condition failed: waiting for project_orangehrm.Base.BasePage$$Lambda/0x00007f57e03491b0@6e3dcf34 (tried for 10 second(s) with 300 milliseconds interval)","time":{"start":1766763262246,"stop":1766763262246,"duration":0}},{"uid":"a3c5b1c3d9ac2b17","status":"skipped","statusDetails":"Expected condition failed: waiting for project_orangehrm.Base.BasePage$$Lambda/0x00007f4d003491b0@29f8d4 (tried for 10 second(s) with 300 milliseconds interval)","time":{"start":1766763258919,"stop":1766763258919,"duration":0}},{"uid":"e0673130a82bf195","status":"skipped","statusDetails":"Expected condition failed: waiting for project_orangehrm.Base.BasePage$$Lambda/0x00007f4a303491b0@4479c52e (tried for 10 second(s) with 300 milliseconds interval)","time":{"start":1766763257245,"stop":1766763257245,"duration":0}},{"uid":"9d91971115d3e0e0","status":"skipped","statusDetails":"Expected condition failed: waiting for project_orangehrm.Base.BasePage$$Lambda/0x00007ff86c3491b0@1e8d6be9 (tried for 10 second(s) with 300 milliseconds interval)","time":{"start":1766763257195,"stop":1766763257195,"duration":0}},{"uid":"f181d38590dcf55b","status":"skipped","statusDetails":"Expected condition failed: waiting for project_orangehrm.Base.BasePage$$Lambda/0x00007f13b0346ae0@77ffd66a (tried for 10 second(s) with 300 milliseconds interval)","time":{"start":1766763250163,"stop":1766763250163,"duration":0}},{"uid":"30a5759f19b40ee6","status":"skipped","statusDetails":"Expected condition failed: waiting for project_orangehrm.Base.BasePage$$Lambda/0x00007fa75c346ae0@42e96b0b (tried for 10 second(s) with 300 milliseconds interval)","time":{"start":1766763244953,"stop":1766763244953,"duration":0}},{"uid":"94adfb0c16ff61c3","status":"skipped","statusDetails":"Expected condition failed: waiting for project_orangehrm.Base.BasePage$$Lambda/0x00007fa3e8344bd0@40b262e8 (tried for 10 second(s) with 300 milliseconds interval)","time":{"start":1766763244509,"stop":1766763244509,"duration":0}},{"uid":"69e8a89c92551c99","status":"skipped","statusDetails":"Expected condition failed: waiting for project_orangehrm.Base.BasePage$$Lambda/0x00007f9aec3491b0@63c30960 (tried for 10 second(s) with 300 milliseconds interval)","time":{"start":1766763242132,"stop":1766763242132,"duration":0}},{"uid":"bdebbd5981138058","status":"skipped","statusDetails":"Expected condition failed: waiting for project_orangehrm.Base.BasePage$$Lambda/0x00007f2cd03468a8@e0fe4f5 (tried for 10 second(s) with 300 milliseconds interval)","time":{"start":1766763240845,"stop":1766763240845,"duration":0}},{"uid":"d13f8dffbaff0fc6","status":"skipped","statusDetails":"Expected condition failed: waiting for project_orangehrm.Base.BasePage$$Lambda/0x00007f69143491b0@271478b6 (tried for 10 second(s) with 300 milliseconds interval)","time":{"start":1766762780313,"stop":1766762780313,"duration":0}}],"categories":[],"history":{"statistic":{"failed":0,"broken":9,"skipped":1,"passed":0,"unknown":0,"total":10},"items":[{"uid":"140634ad2a5cab0","reportUrl":"https://m1mohammed1.github.io/orangeHRM/23/#testresult/140634ad2a5cab0","status":"broken","statusDetails":"Expected condition failed: waiting for element to be clickable: By.xpath: //div[contains(text(),'Edit')]/ancestor::div[@role='row']//button[i[contains(@class, 'bi-pencil')]] (tried for 10 second(s) with 300 milliseconds interval)\nBuild info: version: '4.37.0', revision: '3c1da1e342'\nSystem info: os.name: 'Linux', os.arch: 'amd64', os.version: '6.11.0-1018-azure', java.version: '21.0.9'\nDriver info: driver.version: unknown","time":{"start":1766760749722,"stop":1766760760583,"duration":10861}},{"uid":"7a084233099be275","reportUrl":"https://m1mohammed1.github.io/orangeHRM/22/#testresult/7a084233099be275","status":"broken","statusDetails":"Expected condition failed: waiting for element to be clickable: By.xpath: //div[contains(text(),'Edit')]/ancestor::div[@role='row']//button[i[contains(@class, 'bi-pencil')]] (tried for 10 second(s) with 300 milliseconds interval)\nBuild info: version: '4.37.0', revision: '3c1da1e342'\nSystem info: os.name: 'Linux', os.arch: 'amd64', os.version: '6.11.0-1018-azure', java.version: '21.0.9'\nDriver info: driver.version: unknown","time":{"start":1766706521504,"stop":1766706532710,"duration":11206}},{"uid":"229c9c32f163be73","reportUrl":"https://m1mohammed1.github.io/orangeHRM/17/#testresult/229c9c32f163be73","status":"broken","statusDetails":"Expected condition failed: waiting for element to be clickable: By.xpath: //div[contains(text(),'Edit')]/ancestor::div[@role='row']//button[i[contains(@class, 'bi-pencil')]] (tried for 10 second(s) with 300 milliseconds interval)\nBuild info: version: '4.37.0', revision: '3c1da1e342'\nSystem info: os.name: 'Linux', os.arch: 'amd64', os.version: '6.11.0-1018-azure', java.version: '21.0.9'\nDriver info: driver.version: unknown","time":{"start":1766698640764,"stop":1766698651758,"duration":10994}},{"uid":"68263c1f58118621","reportUrl":"https://m1mohammed1.github.io/orangeHRM/16/#testresult/68263c1f58118621","status":"broken","statusDetails":"Expected condition failed: waiting for element to be clickable: By.xpath: //div[contains(text(),'Edit')]/ancestor::div[@role='row']//button[i[contains(@class, 'bi-pencil')]] (tried for 10 second(s) with 300 milliseconds interval)\nBuild info: version: '4.37.0', revision: '3c1da1e342'\nSystem info: os.name: 'Linux', os.arch: 'amd64', os.version: '6.11.0-1018-azure', java.version: '21.0.9'\nDriver info: driver.version: unknown","time":{"start":1766630360820,"stop":1766630371679,"duration":10859}},{"uid":"15bad3f3cbe787a0","reportUrl":"https://m1mohammed1.github.io/orangeHRM/15/#testresult/15bad3f3cbe787a0","status":"broken","statusDetails":"Expected condition failed: waiting for element to be clickable: By.xpath: //div[contains(text(),'Edit')]/ancestor::div[@role='row']//button[i[contains(@class, 'bi-pencil')]] (tried for 10 second(s) with 300 milliseconds interval)\nBuild info: version: '4.37.0', revision: '3c1da1e342'\nSystem info: os.name: 'Linux', os.arch: 'amd64', os.version: '6.11.0-1018-azure', java.version: '21.0.9'\nDriver info: driver.version: unknown","time":{"start":1766624962996,"stop":1766624974047,"duration":11051}},{"uid":"90fd2981cc51296e","reportUrl":"https://m1mohammed1.github.io/orangeHRM/13/#testresult/90fd2981cc51296e","status":"broken","statusDetails":"Expected condition failed: waiting for element to be clickable: By.xpath: //div[contains(text(),'Edit')]/ancestor::div[@role='row']//button[i[contains(@class, 'bi-pencil')]] (tried for 10 second(s) with 300 milliseconds interval)\nBuild info: version: '4.37.0', revision: '3c1da1e342'\nSystem info: os.name: 'Linux', os.arch: 'amd64', os.version: '6.11.0-1018-azure', java.version: '21.0.9'\nDriver info: driver.version: unknown","time":{"start":1766618973282,"stop":1766618984343,"duration":11061}},{"uid":"632e676513145738","reportUrl":"https://m1mohammed1.github.io/orangeHRM/11/#testresult/632e676513145738","status":"broken","statusDetails":"Expected condition failed: waiting for project_orangehrm.Base.BasePage$$Lambda/0x00007f5df0348268@1cb78c04 (tried for 5 second(s) with 300 milliseconds interval)","time":{"start":1766606306982,"stop":1766606317724,"duration":10742}},{"uid":"4b089c94b6e3601d","reportUrl":"https://m1mohammed1.github.io/orangeHRM/10/#testresult/4b089c94b6e3601d","status":"broken","statusDetails":"Expected condition failed: waiting for project_orangehrm.Base.BasePage$$Lambda/0x00007f24a434a560@a2df395 (tried for 7 second(s) with 300 milliseconds interval)","time":{"start":1766598155648,"stop":1766598166467,"duration":10819}},{"uid":"c8310461ee61d495","reportUrl":"https://m1mohammed1.github.io/orangeHRM/9/#testresult/c8310461ee61d495","status":"broken","statusDetails":"Expected condition failed: waiting for project_orangehrm.Base.BasePage$$Lambda/0x00007f1508381f10@71f5298c (tried for 15 second(s) with 300 milliseconds interval)","time":{"start":1766596280803,"stop":1766596302113,"duration":21310}}]},"tags":[]},"source":"7b339148e34bf434.json","parameterValues":["edge"]}