{"uid":"7effe4ffc15bf760","name":"TC02 - Verify Empty Post Validation","fullName":"project_orangehrm.Test.Buzz_Features_Test.verifyEmptyPost_Error","historyId":"ff1495189702a8fb4f224332fa0c0eb8","time":{"start":1766763873574,"stop":1766763873574,"duration":0},"status":"skipped","statusMessage":"Expected condition failed: waiting for project_orangehrm.Base.BasePage$$Lambda/0x00007fd2f83468a8@249e9db9 (tried for 10 second(s) with 300 milliseconds interval)","statusTrace":"org.openqa.selenium.TimeoutException: Expected condition failed: waiting for project_orangehrm.Base.BasePage$$Lambda/0x00007fd2f83468a8@249e9db9 (tried for 10 second(s) with 300 milliseconds interval)\n\tat org.openqa.selenium.support.ui.FluentWait.timeoutException(FluentWait.java:265)\n\tat org.openqa.selenium.support.ui.FluentWait.until(FluentWait.java:228)\n\tat project_orangehrm.Base.BasePage.typeText(BasePage.java:82)\n\tat project_orangehrm.Pages.LoginPage.enterUsername(LoginPage.java:22)\n\tat project_orangehrm.Test.Buzz_Features_Test.setup(Buzz_Features_Test.java:23)\n\tat java.base/jdk.internal.reflect.DirectMethodHandleAccessor.invoke(DirectMethodHandleAccessor.java:103)\n\tat java.base/java.lang.reflect.Method.invoke(Method.java:580)\n\tat org.testng.internal.invokers.MethodInvocationHelper.invokeMethod(MethodInvocationHelper.java:141)\n\tat org.testng.internal.invokers.MethodInvocationHelper.invokeMethodConsideringTimeout(MethodInvocationHelper.java:71)\n\tat org.testng.internal.invokers.ConfigInvoker.invokeConfigurationMethod(ConfigInvoker.java:400)\n\tat org.testng.internal.invokers.ConfigInvoker.invokeConfigurations(ConfigInvoker.java:333)\n\tat org.testng.internal.invokers.TestInvoker.runConfigMethods(TestInvoker.java:836)\n\tat org.testng.internal.invokers.TestInvoker.invokeMethod(TestInvoker.java:601)\n\tat org.testng.internal.invokers.TestInvoker.invokeTestMethod(TestInvoker.java:230)\n\tat org.testng.internal.invokers.MethodRunner.runInSequence(MethodRunner.java:63)\n\tat org.testng.internal.invokers.TestInvoker$MethodInvocationAgent.invoke(TestInvoker.java:995)\n\tat org.testng.internal.invokers.TestInvoker.invokeTestMethods(TestInvoker.java:203)\n\tat org.testng.internal.invokers.TestMethodWorker.invokeTestMethods(TestMethodWorker.java:154)\n\tat org.testng.internal.invokers.TestMethodWorker.run(TestMethodWorker.java:134)\n\tat java.base/java.util.concurrent.Executors$RunnableAdapter.call(Executors.java:572)\n\tat java.base/java.util.concurrent.FutureTask.run(FutureTask.java:317)\n\tat org.testng.internal.thread.graph.TestNGFutureTask.run(TestNGFutureTask.java:22)\n\tat java.base/java.util.concurrent.ThreadPoolExecutor.runWorker(ThreadPoolExecutor.java:1144)\n\tat java.base/java.util.concurrent.ThreadPoolExecutor$Worker.run(ThreadPoolExecutor.java:642)\n\tat java.base/java.lang.Thread.run(Thread.java:1583)\nCaused by: org.openqa.selenium.NoSuchElementException: no such element: Unable to locate element: {\"method\":\"css selector\",\"selector\":\"input[placeholder='Username']\"}\n  (Session info: chrome=143.0.7499.109)\nFor documentation on this error, please visit: https://www.selenium.dev/documentation/webdriver/troubleshooting/errors#nosuchelementexception\nBuild info: version: '4.37.0', revision: '3c1da1e342'\nSystem info: os.name: 'Linux', os.arch: 'amd64', os.version: '6.11.0-1018-azure', java.version: '21.0.9'\nDriver info: org.openqa.selenium.chrome.ChromeDriver\nCommand: [3b0e7a5affd215d20ab72f308a6dbc5b, findElement {using=css selector, value=input[placeholder='Username']}]\nCapabilities {acceptInsecureCerts: false, browserName: chrome, browserVersion: 143.0.7499.109, chrome: {chromedriverVersion: 143.0.7499.169 (164b20aab62..., userDataDir: /tmp/.org.chromium.Chromium...}, fedcm:accounts: true, goog:chromeOptions: {debuggerAddress: localhost:33399}, goog:processID: 11590, networkConnectionEnabled: false, pageLoadStrategy: normal, platformName: linux, proxy: Proxy(), se:cdp: ws://localhost:33399/devtoo..., se:cdpVersion: 143.0.7499.109, setWindowRect: true, strictFileInteractability: false, timeouts: {implicit: 0, pageLoad: 300000, script: 30000}, unhandledPromptBehavior: dismiss and notify, webauthn:extension:credBlob: true, webauthn:extension:largeBlob: true, webauthn:extension:minPinLength: true, webauthn:extension:prf: true, webauthn:virtualAuthenticators: true}\nSession ID: 3b0e7a5affd215d20ab72f308a6dbc5b\n\tat java.base/jdk.internal.reflect.DirectConstructorHandleAccessor.newInstance(DirectConstructorHandleAccessor.java:62)\n\tat java.base/java.lang.reflect.Constructor.newInstanceWithCaller(Constructor.java:502)\n\tat java.base/java.lang.reflect.Constructor.newInstance(Constructor.java:486)\n\tat org.openqa.selenium.remote.ErrorCodec.decode(ErrorCodec.java:167)\n\tat org.openqa.selenium.remote.codec.w3c.W3CHttpResponseCodec.decode(W3CHttpResponseCodec.java:138)\n\tat org.openqa.selenium.remote.codec.w3c.W3CHttpResponseCodec.decode(W3CHttpResponseCodec.java:50)\n\tat org.openqa.selenium.remote.HttpCommandExecutor.execute(HttpCommandExecutor.java:215)\n\tat org.openqa.selenium.remote.service.DriverCommandExecutor.invokeExecute(DriverCommandExecutor.java:216)\n\tat org.openqa.selenium.remote.service.DriverCommandExecutor.execute(DriverCommandExecutor.java:174)\n\tat org.openqa.selenium.remote.RemoteWebDriver.execute(RemoteWebDriver.java:557)\n\tat org.openqa.selenium.remote.ElementLocation$ElementFinder$2.findElement(ElementLocation.java:165)\n\tat org.openqa.selenium.remote.ElementLocation.findElement(ElementLocation.java:59)\n\tat org.openqa.selenium.remote.RemoteWebDriver.findElement(RemoteWebDriver.java:380)\n\tat org.openqa.selenium.remote.RemoteWebDriver.findElement(RemoteWebDriver.java:374)\n\tat project_orangehrm.Base.BasePage.lambda$typeText$0(BasePage.java:83)\n\tat org.openqa.selenium.support.ui.FluentWait.until(FluentWait.java:203)\n\t... 23 more\n","flaky":false,"newFailed":false,"newBroken":false,"newPassed":false,"retriesCount":15,"retriesStatusChange":false,"beforeStages":[{"name":"setup","time":{"start":1766763873573,"stop":1766763873573,"duration":0},"description":"","status":"broken","steps":[],"attachments":[],"parameters":[],"stepsCount":0,"shouldDisplayMessage":false,"attachmentsCount":0,"hasContent":false,"attachmentStep":false},{"name":"setUp","time":{"start":1766763873573,"stop":1766763873573,"duration":0},"description":"","status":"broken","steps":[],"attachments":[],"parameters":[],"stepsCount":0,"shouldDisplayMessage":false,"attachmentsCount":0,"hasContent":false,"attachmentStep":false}],"afterStages":[{"name":"tearDown","time":{"start":1766763873574,"stop":1766763873574,"duration":0},"description":"","status":"broken","steps":[],"attachments":[],"parameters":[],"stepsCount":0,"shouldDisplayMessage":false,"attachmentsCount":0,"hasContent":false,"attachmentStep":false}],"labels":[{"name":"package","value":"project_orangehrm.Test.Buzz_Features_Test"},{"name":"testClass","value":"project_orangehrm.Test.Buzz_Features_Test"},{"name":"testMethod","value":"verifyEmptyPost_Error"},{"name":"parentSuite","value":"OrangeHRM_Strategic_Suite"},{"name":"suite","value":"Step5_Perf_Buzz_Dash"},{"name":"subSuite","value":"project_orangehrm.Test.Buzz_Features_Test"},{"name":"host","value":"runnervmh13bl"},{"name":"thread","value":"2331@runnervmh13bl.TestNG-test-Step5_Perf_Buzz_Dash-2(525)"},{"name":"framework","value":"testng"},{"name":"language","value":"java"},{"name":"resultFormat","value":"allure2"}],"parameters":[{"name":"browser","value":"edge"}],"links":[],"hidden":false,"retry":false,"extra":{"severity":"normal","retries":[{"uid":"ab6dabc695418c63","status":"skipped","statusDetails":"Expected condition failed: waiting for project_orangehrm.Base.BasePage$$Lambda/0x00007f8ca0346ae0@6fa0aaa8 (tried for 10 second(s) with 300 milliseconds interval)","time":{"start":1766763864709,"stop":1766763864710,"duration":1}},{"uid":"f58c554f4ff23842","status":"skipped","statusDetails":"Expected condition failed: waiting for project_orangehrm.Base.BasePage$$Lambda/0x00007f05643468a8@4f63f104 (tried for 10 second(s) with 300 milliseconds interval)","time":{"start":1766763861485,"stop":1766763861485,"duration":0}},{"uid":"1fd24e826cfb47c","status":"skipped","statusDetails":"Expected condition failed: waiting for project_orangehrm.Base.BasePage$$Lambda/0x00007f7b283468a8@7506e365 (tried for 10 second(s) with 300 milliseconds interval)","time":{"start":1766763860930,"stop":1766763860930,"duration":0}},{"uid":"2854017a2717c307","status":"skipped","statusDetails":"Expected condition failed: waiting for project_orangehrm.Base.BasePage$$Lambda/0x00007f047c3491b0@9f3b4e9 (tried for 10 second(s) with 300 milliseconds interval)","time":{"start":1766763845186,"stop":1766763845186,"duration":0}},{"uid":"ea05aa645411198e","status":"skipped","statusDetails":"Expected condition failed: waiting for project_orangehrm.Base.BasePage$$Lambda/0x00007fc4a83491b0@5d4d6319 (tried for 10 second(s) with 300 milliseconds interval)","time":{"start":1766763376619,"stop":1766763376619,"duration":0}},{"uid":"e699cc9f42df38ca","status":"skipped","statusDetails":"Expected condition failed: waiting for project_orangehrm.Base.BasePage$$Lambda/0x00007f57e03491b0@2ac9e5c6 (tried for 10 second(s) with 300 milliseconds interval)","time":{"start":1766763367072,"stop":1766763367072,"duration":0}},{"uid":"a4a4c568089beff","status":"skipped","statusDetails":"Expected condition failed: waiting for project_orangehrm.Base.BasePage$$Lambda/0x00007ff86c3491b0@249e9db9 (tried for 10 second(s) with 300 milliseconds interval)","time":{"start":1766763362006,"stop":1766763362006,"duration":0}},{"uid":"ecb6df5d24302965","status":"skipped","statusDetails":"Expected condition failed: waiting for project_orangehrm.Base.BasePage$$Lambda/0x00007f4a303491b0@12afc4d3 (tried for 10 second(s) with 300 milliseconds interval)","time":{"start":1766763360739,"stop":1766763360740,"duration":1}},{"uid":"ee7be1caed7571d8","status":"skipped","statusDetails":"Expected condition failed: waiting for project_orangehrm.Base.BasePage$$Lambda/0x00007f4d003491b0@79e1e902 (tried for 10 second(s) with 300 milliseconds interval)","time":{"start":1766763358694,"stop":1766763358694,"duration":0}},{"uid":"541f0407b55c27e2","status":"skipped","statusDetails":"Expected condition failed: waiting for project_orangehrm.Base.BasePage$$Lambda/0x00007f13b0346ae0@6ab635b4 (tried for 10 second(s) with 300 milliseconds interval)","time":{"start":1766763348893,"stop":1766763348894,"duration":1}},{"uid":"23f68a890c7ad206","status":"skipped","statusDetails":"Expected condition failed: waiting for project_orangehrm.Base.BasePage$$Lambda/0x00007fa3e8344bd0@5ceb443f (tried for 10 second(s) with 300 milliseconds interval)","time":{"start":1766763347233,"stop":1766763347234,"duration":1}},{"uid":"56a3f6d74ebf670","status":"skipped","statusDetails":"Expected condition failed: waiting for project_orangehrm.Base.BasePage$$Lambda/0x00007fa75c346ae0@7eaeb1fc (tried for 10 second(s) with 300 milliseconds interval)","time":{"start":1766763344734,"stop":1766763344734,"duration":0}},{"uid":"9bccd142612ad5bf","status":"skipped","statusDetails":"Expected condition failed: waiting for project_orangehrm.Base.BasePage$$Lambda/0x00007f9aec3491b0@1561a07c (tried for 10 second(s) with 300 milliseconds interval)","time":{"start":1766763340808,"stop":1766763340808,"duration":0}},{"uid":"42e01c4a21ed431d","status":"skipped","statusDetails":"Expected condition failed: waiting for project_orangehrm.Base.BasePage$$Lambda/0x00007f2cd03468a8@20923d3b (tried for 10 second(s) with 300 milliseconds interval)","time":{"start":1766763339597,"stop":1766763339598,"duration":1}},{"uid":"c9ffbd97614058c","status":"skipped","statusDetails":"Expected condition failed: waiting for project_orangehrm.Base.BasePage$$Lambda/0x00007f69143491b0@247dfb2e (tried for 10 second(s) with 300 milliseconds interval)","time":{"start":1766762878982,"stop":1766762878982,"duration":0}}],"categories":[],"history":{"statistic":{"failed":0,"broken":0,"skipped":1,"passed":9,"unknown":0,"total":10},"items":[{"uid":"1d21b09ac2aff87c","reportUrl":"https://m1mohammed1.github.io/orangeHRM/23/#testresult/1d21b09ac2aff87c","status":"passed","time":{"start":1766761850284,"stop":1766761850774,"duration":490}},{"uid":"b3c4dd91a095652","reportUrl":"https://m1mohammed1.github.io/orangeHRM/22/#testresult/b3c4dd91a095652","status":"passed","time":{"start":1766706888735,"stop":1766706889146,"duration":411}},{"uid":"23111fb80d23e0da","reportUrl":"https://m1mohammed1.github.io/orangeHRM/17/#testresult/23111fb80d23e0da","status":"passed","time":{"start":1766696683582,"stop":1766696684127,"duration":545}},{"uid":"5872bbb4750ed659","reportUrl":"https://m1mohammed1.github.io/orangeHRM/16/#testresult/5872bbb4750ed659","status":"passed","time":{"start":1766630781083,"stop":1766630781711,"duration":628}},{"uid":"323d61f9830eed65","reportUrl":"https://m1mohammed1.github.io/orangeHRM/15/#testresult/323d61f9830eed65","status":"passed","time":{"start":1766623033656,"stop":1766623034070,"duration":414}},{"uid":"35402d1b5bf0a60a","reportUrl":"https://m1mohammed1.github.io/orangeHRM/13/#testresult/35402d1b5bf0a60a","status":"passed","time":{"start":1766619357758,"stop":1766619358123,"duration":365}},{"uid":"f46a59f796bf302c","reportUrl":"https://m1mohammed1.github.io/orangeHRM/11/#testresult/f46a59f796bf302c","status":"passed","time":{"start":1766606458490,"stop":1766606459363,"duration":873}},{"uid":"29f129b689da973c","reportUrl":"https://m1mohammed1.github.io/orangeHRM/10/#testresult/29f129b689da973c","status":"passed","time":{"start":1766598365274,"stop":1766598367435,"duration":2161}},{"uid":"82ee972fa8edd391","reportUrl":"https://m1mohammed1.github.io/orangeHRM/9/#testresult/82ee972fa8edd391","status":"passed","time":{"start":1766596655858,"stop":1766596656550,"duration":692}}]},"tags":[]},"source":"7effe4ffc15bf760.json","parameterValues":["edge"]}