{"uid":"81c7d597afb70759","name":"TC08 - Verify Employee Claims Reject Action","fullName":"project_orangehrm.Test.Claim_EmployeeClaims_Test.verifyEmployeeClaims_Reject_Success","historyId":"ac90d2669bbf657d2d924c2178ffacb9","time":{"start":1766763838325,"stop":1766763838326,"duration":1},"status":"skipped","statusMessage":"Expected condition failed: waiting for project_orangehrm.Base.BasePage$$Lambda/0x00007fd2f83468a8@632ac7ed (tried for 10 second(s) with 300 milliseconds interval)","statusTrace":"org.openqa.selenium.TimeoutException: Expected condition failed: waiting for project_orangehrm.Base.BasePage$$Lambda/0x00007fd2f83468a8@632ac7ed (tried for 10 second(s) with 300 milliseconds interval)\n\tat org.openqa.selenium.support.ui.FluentWait.timeoutException(FluentWait.java:265)\n\tat org.openqa.selenium.support.ui.FluentWait.until(FluentWait.java:228)\n\tat project_orangehrm.Base.BasePage.typeText(BasePage.java:82)\n\tat project_orangehrm.Pages.LoginPage.enterUsername(LoginPage.java:22)\n\tat project_orangehrm.Test.Claim_EmployeeClaims_Test.setup(Claim_EmployeeClaims_Test.java:23)\n\tat java.base/jdk.internal.reflect.DirectMethodHandleAccessor.invoke(DirectMethodHandleAccessor.java:103)\n\tat java.base/java.lang.reflect.Method.invoke(Method.java:580)\n\tat org.testng.internal.invokers.MethodInvocationHelper.invokeMethod(MethodInvocationHelper.java:141)\n\tat org.testng.internal.invokers.MethodInvocationHelper.invokeMethodConsideringTimeout(MethodInvocationHelper.java:71)\n\tat org.testng.internal.invokers.ConfigInvoker.invokeConfigurationMethod(ConfigInvoker.java:400)\n\tat org.testng.internal.invokers.ConfigInvoker.invokeConfigurations(ConfigInvoker.java:333)\n\tat org.testng.internal.invokers.TestInvoker.runConfigMethods(TestInvoker.java:836)\n\tat org.testng.internal.invokers.TestInvoker.invokeMethod(TestInvoker.java:601)\n\tat org.testng.internal.invokers.TestInvoker.invokeTestMethod(TestInvoker.java:230)\n\tat org.testng.internal.invokers.MethodRunner.runInSequence(MethodRunner.java:63)\n\tat org.testng.internal.invokers.TestInvoker$MethodInvocationAgent.invoke(TestInvoker.java:995)\n\tat org.testng.internal.invokers.TestInvoker.invokeTestMethods(TestInvoker.java:203)\n\tat org.testng.internal.invokers.TestMethodWorker.invokeTestMethods(TestMethodWorker.java:154)\n\tat org.testng.internal.invokers.TestMethodWorker.run(TestMethodWorker.java:134)\n\tat java.base/java.util.concurrent.Executors$RunnableAdapter.call(Executors.java:572)\n\tat java.base/java.util.concurrent.FutureTask.run(FutureTask.java:317)\n\tat org.testng.internal.thread.graph.TestNGFutureTask.run(TestNGFutureTask.java:22)\n\tat java.base/java.util.concurrent.ThreadPoolExecutor.runWorker(ThreadPoolExecutor.java:1144)\n\tat java.base/java.util.concurrent.ThreadPoolExecutor$Worker.run(ThreadPoolExecutor.java:642)\n\tat java.base/java.lang.Thread.run(Thread.java:1583)\nCaused by: org.openqa.selenium.NoSuchElementException: no such element: Unable to locate element: {\"method\":\"css selector\",\"selector\":\"input[placeholder='Username']\"}\n  (Session info: chrome=143.0.7499.109)\nFor documentation on this error, please visit: https://www.selenium.dev/documentation/webdriver/troubleshooting/errors#nosuchelementexception\nBuild info: version: '4.37.0', revision: '3c1da1e342'\nSystem info: os.name: 'Linux', os.arch: 'amd64', os.version: '6.11.0-1018-azure', java.version: '21.0.9'\nDriver info: org.openqa.selenium.chrome.ChromeDriver\nCommand: [c8d6340fd2969ab72d440c5f643c9faa, findElement {using=css selector, value=input[placeholder='Username']}]\nCapabilities {acceptInsecureCerts: false, browserName: chrome, browserVersion: 143.0.7499.109, chrome: {chromedriverVersion: 143.0.7499.169 (164b20aab62..., userDataDir: /tmp/.org.chromium.Chromium...}, fedcm:accounts: true, goog:chromeOptions: {debuggerAddress: localhost:45495}, goog:processID: 10444, networkConnectionEnabled: false, pageLoadStrategy: normal, platformName: linux, proxy: Proxy(), se:cdp: ws://localhost:45495/devtoo..., se:cdpVersion: 143.0.7499.109, setWindowRect: true, strictFileInteractability: false, timeouts: {implicit: 0, pageLoad: 300000, script: 30000}, unhandledPromptBehavior: dismiss and notify, webauthn:extension:credBlob: true, webauthn:extension:largeBlob: true, webauthn:extension:minPinLength: true, webauthn:extension:prf: true, webauthn:virtualAuthenticators: true}\nSession ID: c8d6340fd2969ab72d440c5f643c9faa\n\tat java.base/jdk.internal.reflect.DirectConstructorHandleAccessor.newInstance(DirectConstructorHandleAccessor.java:62)\n\tat java.base/java.lang.reflect.Constructor.newInstanceWithCaller(Constructor.java:502)\n\tat java.base/java.lang.reflect.Constructor.newInstance(Constructor.java:486)\n\tat org.openqa.selenium.remote.ErrorCodec.decode(ErrorCodec.java:167)\n\tat org.openqa.selenium.remote.codec.w3c.W3CHttpResponseCodec.decode(W3CHttpResponseCodec.java:138)\n\tat org.openqa.selenium.remote.codec.w3c.W3CHttpResponseCodec.decode(W3CHttpResponseCodec.java:50)\n\tat org.openqa.selenium.remote.HttpCommandExecutor.execute(HttpCommandExecutor.java:215)\n\tat org.openqa.selenium.remote.service.DriverCommandExecutor.invokeExecute(DriverCommandExecutor.java:216)\n\tat org.openqa.selenium.remote.service.DriverCommandExecutor.execute(DriverCommandExecutor.java:174)\n\tat org.openqa.selenium.remote.RemoteWebDriver.execute(RemoteWebDriver.java:557)\n\tat org.openqa.selenium.remote.ElementLocation$ElementFinder$2.findElement(ElementLocation.java:165)\n\tat org.openqa.selenium.remote.ElementLocation.findElement(ElementLocation.java:59)\n\tat org.openqa.selenium.remote.RemoteWebDriver.findElement(RemoteWebDriver.java:380)\n\tat org.openqa.selenium.remote.RemoteWebDriver.findElement(RemoteWebDriver.java:374)\n\tat project_orangehrm.Base.BasePage.lambda$typeText$0(BasePage.java:83)\n\tat org.openqa.selenium.support.ui.FluentWait.until(FluentWait.java:203)\n\t... 23 more\n","flaky":false,"newFailed":false,"newBroken":false,"newPassed":false,"retriesCount":15,"retriesStatusChange":false,"beforeStages":[{"name":"setUp","time":{"start":1766763838325,"stop":1766763838325,"duration":0},"description":"","status":"broken","steps":[],"attachments":[],"parameters":[],"stepsCount":0,"shouldDisplayMessage":false,"attachmentsCount":0,"hasContent":false,"attachmentStep":false},{"name":"setup","time":{"start":1766763838325,"stop":1766763838325,"duration":0},"description":"","status":"broken","steps":[],"attachments":[],"parameters":[],"stepsCount":0,"shouldDisplayMessage":false,"attachmentsCount":0,"hasContent":false,"attachmentStep":false}],"afterStages":[{"name":"tearDown","time":{"start":1766763838326,"stop":1766763838326,"duration":0},"description":"","status":"broken","steps":[],"attachments":[],"parameters":[],"stepsCount":0,"shouldDisplayMessage":false,"attachmentsCount":0,"hasContent":false,"attachmentStep":false}],"labels":[{"name":"package","value":"project_orangehrm.Test.Claim_EmployeeClaims_Test"},{"name":"testClass","value":"project_orangehrm.Test.Claim_EmployeeClaims_Test"},{"name":"testMethod","value":"verifyEmployeeClaims_Reject_Success"},{"name":"parentSuite","value":"OrangeHRM_Strategic_Suite"},{"name":"suite","value":"Step4_Ops_Claims"},{"name":"subSuite","value":"project_orangehrm.Test.Claim_EmployeeClaims_Test"},{"name":"host","value":"runnervmh13bl"},{"name":"thread","value":"2331@runnervmh13bl.TestNG-test-Step4_Ops_Claims-2(411)"},{"name":"framework","value":"testng"},{"name":"language","value":"java"},{"name":"resultFormat","value":"allure2"}],"parameters":[{"name":"browser","value":"edge"}],"links":[],"hidden":false,"retry":false,"extra":{"severity":"normal","retries":[{"uid":"a26c5d3c07011a40","status":"skipped","statusDetails":"Expected condition failed: waiting for project_orangehrm.Base.BasePage$$Lambda/0x00007f8ca0346ae0@2f41071e (tried for 10 second(s) with 300 milliseconds interval)","time":{"start":1766763829816,"stop":1766763829816,"duration":0}},{"uid":"8e2823faecf8e20","status":"skipped","statusDetails":"Expected condition failed: waiting for project_orangehrm.Base.BasePage$$Lambda/0x00007f05643468a8@38e41cdf (tried for 10 second(s) with 300 milliseconds interval)","time":{"start":1766763826582,"stop":1766763826582,"duration":0}},{"uid":"4909a818e00a6559","status":"skipped","statusDetails":"Expected condition failed: waiting for project_orangehrm.Base.BasePage$$Lambda/0x00007f7b283468a8@759e08fc (tried for 10 second(s) with 300 milliseconds interval)","time":{"start":1766763825982,"stop":1766763825982,"duration":0}},{"uid":"491ea13c2521f195","status":"skipped","statusDetails":"Expected condition failed: waiting for project_orangehrm.Base.BasePage$$Lambda/0x00007f047c3491b0@6e032e21 (tried for 10 second(s) with 300 milliseconds interval)","time":{"start":1766763812035,"stop":1766763812035,"duration":0}},{"uid":"5d2a8b7e39484c03","status":"skipped","statusDetails":"Expected condition failed: waiting for project_orangehrm.Base.BasePage$$Lambda/0x00007fc4a83491b0@3d696d4d (tried for 10 second(s) with 300 milliseconds interval)","time":{"start":1766763341646,"stop":1766763341646,"duration":0}},{"uid":"64ac1ff65eec34d9","status":"skipped","statusDetails":"Expected condition failed: waiting for project_orangehrm.Base.BasePage$$Lambda/0x00007f57e03491b0@1aadb854 (tried for 10 second(s) with 300 milliseconds interval)","time":{"start":1766763331952,"stop":1766763331952,"duration":0}},{"uid":"d2fefdd3103c0547","status":"skipped","statusDetails":"Expected condition failed: waiting for project_orangehrm.Base.BasePage$$Lambda/0x00007ff86c3491b0@6095bb0f (tried for 10 second(s) with 300 milliseconds interval)","time":{"start":1766763326941,"stop":1766763326941,"duration":0}},{"uid":"e5ec5fd0bf164db4","status":"skipped","statusDetails":"Expected condition failed: waiting for project_orangehrm.Base.BasePage$$Lambda/0x00007f4a303491b0@6d569167 (tried for 10 second(s) with 300 milliseconds interval)","time":{"start":1766763326174,"stop":1766763326174,"duration":0}},{"uid":"e81ec7205bcdb86c","status":"skipped","statusDetails":"Expected condition failed: waiting for project_orangehrm.Base.BasePage$$Lambda/0x00007f4d003491b0@759e08fc (tried for 10 second(s) with 300 milliseconds interval)","time":{"start":1766763325226,"stop":1766763325226,"duration":0}},{"uid":"a16431632bbac8fa","status":"skipped","statusDetails":"Expected condition failed: waiting for project_orangehrm.Base.BasePage$$Lambda/0x00007f13b0346ae0@1aadb854 (tried for 10 second(s) with 300 milliseconds interval)","time":{"start":1766763315805,"stop":1766763315805,"duration":0}},{"uid":"e2ae5f1d2e7b5948","status":"skipped","statusDetails":"Expected condition failed: waiting for project_orangehrm.Base.BasePage$$Lambda/0x00007fa3e8344bd0@3363c41c (tried for 10 second(s) with 300 milliseconds interval)","time":{"start":1766763312870,"stop":1766763312870,"duration":0}},{"uid":"8f9777df6b5fc66","status":"skipped","statusDetails":"Expected condition failed: waiting for project_orangehrm.Base.BasePage$$Lambda/0x00007fa75c346ae0@674849d1 (tried for 10 second(s) with 300 milliseconds interval)","time":{"start":1766763311335,"stop":1766763311335,"duration":0}},{"uid":"e3f79e8722a306b8","status":"skipped","statusDetails":"Expected condition failed: waiting for project_orangehrm.Base.BasePage$$Lambda/0x00007f9aec3491b0@38e41cdf (tried for 10 second(s) with 300 milliseconds interval)","time":{"start":1766763307813,"stop":1766763307813,"duration":0}},{"uid":"776c26fecbf28c92","status":"skipped","statusDetails":"Expected condition failed: waiting for project_orangehrm.Base.BasePage$$Lambda/0x00007f2cd03468a8@1371cfa2 (tried for 10 second(s) with 300 milliseconds interval)","time":{"start":1766763306583,"stop":1766763306583,"duration":0}},{"uid":"202d1c5742a2a55f","status":"skipped","statusDetails":"Expected condition failed: waiting for project_orangehrm.Base.BasePage$$Lambda/0x00007f69143491b0@35976d02 (tried for 10 second(s) with 300 milliseconds interval)","time":{"start":1766762846014,"stop":1766762846014,"duration":0}}],"categories":[],"history":{"statistic":{"failed":0,"broken":6,"skipped":1,"passed":0,"unknown":0,"total":7},"items":[{"uid":"ee122b1124e01d17","reportUrl":"https://m1mohammed1.github.io/orangeHRM/23/#testresult/ee122b1124e01d17","status":"broken","statusDetails":"Expected condition failed: waiting for element to be clickable: By.xpath: //button[i[contains(@class, 'bi-eye')]] (tried for 10 second(s) with 300 milliseconds interval)\nBuild info: version: '4.37.0', revision: '3c1da1e342'\nSystem info: os.name: 'Linux', os.arch: 'amd64', os.version: '6.11.0-1018-azure', java.version: '21.0.9'\nDriver info: driver.version: unknown","time":{"start":1766761404374,"stop":1766761415372,"duration":10998}},{"uid":"efea5482d7dd32d2","reportUrl":"https://m1mohammed1.github.io/orangeHRM/22/#testresult/efea5482d7dd32d2","status":"broken","statusDetails":"Expected condition failed: waiting for element to be clickable: By.xpath: //button[i[contains(@class, 'bi-eye')]] (tried for 10 second(s) with 300 milliseconds interval)\nBuild info: version: '4.37.0', revision: '3c1da1e342'\nSystem info: os.name: 'Linux', os.arch: 'amd64', os.version: '6.11.0-1018-azure', java.version: '21.0.9'\nDriver info: driver.version: unknown","time":{"start":1766706752677,"stop":1766706763531,"duration":10854}},{"uid":"72968faf400c9a8e","reportUrl":"https://m1mohammed1.github.io/orangeHRM/17/#testresult/72968faf400c9a8e","status":"broken","statusDetails":"Expected condition failed: waiting for element to be clickable: By.xpath: //button[i[contains(@class, 'bi-eye')]] (tried for 10 second(s) with 300 milliseconds interval)\nBuild info: version: '4.37.0', revision: '3c1da1e342'\nSystem info: os.name: 'Linux', os.arch: 'amd64', os.version: '6.11.0-1018-azure', java.version: '21.0.9'\nDriver info: driver.version: unknown","time":{"start":1766698904442,"stop":1766698915358,"duration":10916}},{"uid":"31f29896b8bbab68","reportUrl":"https://m1mohammed1.github.io/orangeHRM/16/#testresult/31f29896b8bbab68","status":"broken","statusDetails":"Expected condition failed: waiting for element to be clickable: By.xpath: //button[i[contains(@class, 'bi-eye')]] (tried for 10 second(s) with 300 milliseconds interval)\nBuild info: version: '4.37.0', revision: '3c1da1e342'\nSystem info: os.name: 'Linux', os.arch: 'amd64', os.version: '6.11.0-1018-azure', java.version: '21.0.9'\nDriver info: driver.version: unknown","time":{"start":1766630641390,"stop":1766630652321,"duration":10931}},{"uid":"348e783ac5977d91","reportUrl":"https://m1mohammed1.github.io/orangeHRM/15/#testresult/348e783ac5977d91","status":"broken","statusDetails":"Expected condition failed: waiting for element to be clickable: By.xpath: //button[i[contains(@class, 'bi-eye')]] (tried for 10 second(s) with 300 milliseconds interval)\nBuild info: version: '4.37.0', revision: '3c1da1e342'\nSystem info: os.name: 'Linux', os.arch: 'amd64', os.version: '6.11.0-1018-azure', java.version: '21.0.9'\nDriver info: driver.version: unknown","time":{"start":1766622891460,"stop":1766622902342,"duration":10882}},{"uid":"6a6bb03959d028ae","reportUrl":"https://m1mohammed1.github.io/orangeHRM/13/#testresult/6a6bb03959d028ae","status":"broken","statusDetails":"Expected condition failed: waiting for element to be clickable: By.xpath: //button[i[contains(@class, 'bi-eye')]] (tried for 10 second(s) with 300 milliseconds interval)\nBuild info: version: '4.37.0', revision: '3c1da1e342'\nSystem info: os.name: 'Linux', os.arch: 'amd64', os.version: '6.11.0-1018-azure', java.version: '21.0.9'\nDriver info: driver.version: unknown","time":{"start":1766619218797,"stop":1766619229648,"duration":10851}}]},"tags":[]},"source":"81c7d597afb70759.json","parameterValues":["edge"]}