{"uid":"85ac2e4c2c25b2de","name":"TC02 - Verify Nationality Lifecycle: Create, Edit, Delete","fullName":"project_orangehrm.Test.Admin_Nationalities_Test.verifyNationality_Lifecycle_Edit","historyId":"724f5f50cd8266c3546c424c36e89371","time":{"start":1766780444208,"stop":1766780466039,"duration":21831},"status":"failed","statusMessage":"Record not found: 1-Test Nationality | Locator: By.xpath: //div[@role='row']//div[normalize-space()='1-Test Nationality']","statusTrace":"java.lang.AssertionError: Record not found: 1-Test Nationality | Locator: By.xpath: //div[@role='row']//div[normalize-space()='1-Test Nationality']\n\tat org.testng.Assert.fail(Assert.java:111)\n\tat project_orangehrm.Base.BasePage.assertVisible(BasePage.java:46)\n\tat project_orangehrm.Pages.CommonPage.verifyRecordVisible(CommonPage.java:311)\n\tat project_orangehrm.Pages.AdminPage.verifyRecordExists(AdminPage.java:132)\n\tat project_orangehrm.Test.Admin_Nationalities_Test.verifyNationality_Lifecycle_Edit(Admin_Nationalities_Test.java:54)\n\tat java.base/jdk.internal.reflect.DirectMethodHandleAccessor.invoke(DirectMethodHandleAccessor.java:103)\n\tat java.base/java.lang.reflect.Method.invoke(Method.java:580)\n\tat org.testng.internal.invokers.MethodInvocationHelper.invokeMethod(MethodInvocationHelper.java:141)\n\tat org.testng.internal.invokers.TestInvoker.invokeMethod(TestInvoker.java:687)\n\tat org.testng.internal.invokers.TestInvoker.invokeTestMethod(TestInvoker.java:230)\n\tat org.testng.internal.invokers.MethodRunner.runInSequence(MethodRunner.java:63)\n\tat org.testng.internal.invokers.TestInvoker$MethodInvocationAgent.invoke(TestInvoker.java:995)\n\tat org.testng.internal.invokers.TestInvoker.invokeTestMethods(TestInvoker.java:203)\n\tat org.testng.internal.invokers.TestMethodWorker.invokeTestMethods(TestMethodWorker.java:154)\n\tat org.testng.internal.invokers.TestMethodWorker.run(TestMethodWorker.java:134)\n\tat java.base/java.util.ArrayList.forEach(ArrayList.java:1596)\n\tat org.testng.TestRunner.privateRun(TestRunner.java:741)\n\tat org.testng.TestRunner.run(TestRunner.java:616)\n\tat org.testng.SuiteRunner.runTest(SuiteRunner.java:421)\n\tat org.testng.SuiteRunner.runSequentially(SuiteRunner.java:413)\n\tat org.testng.SuiteRunner.privateRun(SuiteRunner.java:373)\n\tat org.testng.SuiteRunner.run(SuiteRunner.java:312)\n\tat org.testng.SuiteRunnerWorker.runSuite(SuiteRunnerWorker.java:52)\n\tat org.testng.SuiteRunnerWorker.run(SuiteRunnerWorker.java:95)\n\tat org.testng.TestNG.runSuitesSequentially(TestNG.java:1274)\n\tat org.testng.TestNG.runSuitesLocally(TestNG.java:1208)\n\tat org.testng.TestNG.runSuites(TestNG.java:1112)\n\tat org.testng.TestNG.run(TestNG.java:1079)\n\tat org.apache.maven.surefire.testng.TestNGExecutor.run(TestNGExecutor.java:308)\n\tat org.apache.maven.surefire.testng.TestNGXmlTestSuite.execute(TestNGXmlTestSuite.java:71)\n\tat org.apache.maven.surefire.testng.TestNGProvider.invoke(TestNGProvider.java:113)\n\tat org.apache.maven.surefire.booter.ForkedBooter.runSuitesInProcess(ForkedBooter.java:385)\n\tat org.apache.maven.surefire.booter.ForkedBooter.execute(ForkedBooter.java:162)\n\tat org.apache.maven.surefire.booter.ForkedBooter.run(ForkedBooter.java:507)\n\tat org.apache.maven.surefire.booter.ForkedBooter.main(ForkedBooter.java:495)\n","flaky":false,"newFailed":false,"newBroken":false,"newPassed":false,"retriesCount":0,"retriesStatusChange":false,"beforeStages":[{"name":"setUp","time":{"start":1766780439528,"stop":1766780441059,"duration":1531},"description":"","status":"passed","steps":[],"attachments":[],"parameters":[],"stepsCount":0,"shouldDisplayMessage":false,"attachmentsCount":0,"hasContent":false,"attachmentStep":false},{"name":"setup","time":{"start":1766780441059,"stop":1766780444207,"duration":3148},"description":"","status":"passed","steps":[],"attachments":[],"parameters":[],"stepsCount":0,"shouldDisplayMessage":false,"attachmentsCount":0,"hasContent":false,"attachmentStep":false}],"testStage":{"status":"failed","statusMessage":"Record not found: 1-Test Nationality | Locator: By.xpath: //div[@role='row']//div[normalize-space()='1-Test Nationality']","statusTrace":"java.lang.AssertionError: Record not found: 1-Test Nationality | Locator: By.xpath: //div[@role='row']//div[normalize-space()='1-Test Nationality']\n\tat org.testng.Assert.fail(Assert.java:111)\n\tat project_orangehrm.Base.BasePage.assertVisible(BasePage.java:46)\n\tat project_orangehrm.Pages.CommonPage.verifyRecordVisible(CommonPage.java:311)\n\tat project_orangehrm.Pages.AdminPage.verifyRecordExists(AdminPage.java:132)\n\tat project_orangehrm.Test.Admin_Nationalities_Test.verifyNationality_Lifecycle_Edit(Admin_Nationalities_Test.java:54)\n\tat java.base/jdk.internal.reflect.DirectMethodHandleAccessor.invoke(DirectMethodHandleAccessor.java:103)\n\tat java.base/java.lang.reflect.Method.invoke(Method.java:580)\n\tat org.testng.internal.invokers.MethodInvocationHelper.invokeMethod(MethodInvocationHelper.java:141)\n\tat org.testng.internal.invokers.TestInvoker.invokeMethod(TestInvoker.java:687)\n\tat org.testng.internal.invokers.TestInvoker.invokeTestMethod(TestInvoker.java:230)\n\tat org.testng.internal.invokers.MethodRunner.runInSequence(MethodRunner.java:63)\n\tat org.testng.internal.invokers.TestInvoker$MethodInvocationAgent.invoke(TestInvoker.java:995)\n\tat org.testng.internal.invokers.TestInvoker.invokeTestMethods(TestInvoker.java:203)\n\tat org.testng.internal.invokers.TestMethodWorker.invokeTestMethods(TestMethodWorker.java:154)\n\tat org.testng.internal.invokers.TestMethodWorker.run(TestMethodWorker.java:134)\n\tat java.base/java.util.ArrayList.forEach(ArrayList.java:1596)\n\tat org.testng.TestRunner.privateRun(TestRunner.java:741)\n\tat org.testng.TestRunner.run(TestRunner.java:616)\n\tat org.testng.SuiteRunner.runTest(SuiteRunner.java:421)\n\tat org.testng.SuiteRunner.runSequentially(SuiteRunner.java:413)\n\tat org.testng.SuiteRunner.privateRun(SuiteRunner.java:373)\n\tat org.testng.SuiteRunner.run(SuiteRunner.java:312)\n\tat org.testng.SuiteRunnerWorker.runSuite(SuiteRunnerWorker.java:52)\n\tat org.testng.SuiteRunnerWorker.run(SuiteRunnerWorker.java:95)\n\tat org.testng.TestNG.runSuitesSequentially(TestNG.java:1274)\n\tat org.testng.TestNG.runSuitesLocally(TestNG.java:1208)\n\tat org.testng.TestNG.runSuites(TestNG.java:1112)\n\tat org.testng.TestNG.run(TestNG.java:1079)\n\tat org.apache.maven.surefire.testng.TestNGExecutor.run(TestNGExecutor.java:308)\n\tat org.apache.maven.surefire.testng.TestNGXmlTestSuite.execute(TestNGXmlTestSuite.java:71)\n\tat org.apache.maven.surefire.testng.TestNGProvider.invoke(TestNGProvider.java:113)\n\tat org.apache.maven.surefire.booter.ForkedBooter.runSuitesInProcess(ForkedBooter.java:385)\n\tat org.apache.maven.surefire.booter.ForkedBooter.execute(ForkedBooter.java:162)\n\tat org.apache.maven.surefire.booter.ForkedBooter.run(ForkedBooter.java:507)\n\tat org.apache.maven.surefire.booter.ForkedBooter.main(ForkedBooter.java:495)\n","steps":[],"attachments":[{"uid":"9ba35748bb4f0602","name":"SoftAssert_Failed - 2025-12-26T20:20:55.920021044","source":"9ba35748bb4f0602.png","type":"image/png","size":97155},{"uid":"1f046fd780f0c8db","name":"Page Source","source":"1f046fd780f0c8db.html","type":"text/html","size":294299}],"parameters":[],"stepsCount":0,"shouldDisplayMessage":true,"attachmentsCount":2,"hasContent":true,"attachmentStep":false},"afterStages":[{"name":"tearDown","time":{"start":1766780466040,"stop":1766780466226,"duration":186},"description":"","status":"passed","steps":[],"attachments":[{"uid":"909c1ee95cb90c2e","name":"Screenshot Failure - verifyNationality_Lifecycle_Edit","source":"909c1ee95cb90c2e.png","type":"image/png","size":97155},{"uid":"492cc60505003d2d","name":"Page Source","source":"492cc60505003d2d.html","type":"text/html","size":294299}],"parameters":[],"stepsCount":0,"shouldDisplayMessage":false,"attachmentsCount":2,"hasContent":true,"attachmentStep":false}],"labels":[{"name":"package","value":"project_orangehrm.Test.Admin_Nationalities_Test"},{"name":"testClass","value":"project_orangehrm.Test.Admin_Nationalities_Test"},{"name":"testMethod","value":"verifyNationality_Lifecycle_Edit"},{"name":"parentSuite","value":"OrangeHRM_Strategic_Suite"},{"name":"suite","value":"Step1_Hyper_Admin_PIM_Foundation"},{"name":"subSuite","value":"project_orangehrm.Test.Admin_Nationalities_Test"},{"name":"host","value":"runnervmh13bl"},{"name":"thread","value":"2665@runnervmh13bl.main(1)"},{"name":"framework","value":"testng"},{"name":"language","value":"java"},{"name":"resultFormat","value":"allure2"}],"parameters":[{"name":"browser","value":"edge"}],"links":[],"hidden":true,"retry":true,"extra":{"categories":[],"tags":[]},"source":"85ac2e4c2c25b2de.json","parameterValues":["edge"]}