{"uid":"8afd7de51e518503","name":"TC08 - Verify Search by User Role Filter","fullName":"project_orangehrm.Test.AdminUserManagementTest.verifyUserManagement_SearchByRole_Success","historyId":"df495a40941daace8eabc5db0a527e50","time":{"start":1766763687907,"stop":1766763687907,"duration":0},"status":"skipped","statusMessage":"Expected condition failed: waiting for project_orangehrm.Base.BasePage$$Lambda/0x00007fd2f83468a8@49631cfb (tried for 10 second(s) with 300 milliseconds interval)","statusTrace":"org.openqa.selenium.TimeoutException: Expected condition failed: waiting for project_orangehrm.Base.BasePage$$Lambda/0x00007fd2f83468a8@49631cfb (tried for 10 second(s) with 300 milliseconds interval)\n\tat org.openqa.selenium.support.ui.FluentWait.timeoutException(FluentWait.java:265)\n\tat org.openqa.selenium.support.ui.FluentWait.until(FluentWait.java:228)\n\tat project_orangehrm.Base.BasePage.typeText(BasePage.java:82)\n\tat project_orangehrm.Pages.LoginPage.enterUsername(LoginPage.java:22)\n\tat project_orangehrm.Test.AdminUserManagementTest.setup(AdminUserManagementTest.java:22)\n\tat java.base/jdk.internal.reflect.DirectMethodHandleAccessor.invoke(DirectMethodHandleAccessor.java:103)\n\tat java.base/java.lang.reflect.Method.invoke(Method.java:580)\n\tat org.testng.internal.invokers.MethodInvocationHelper.invokeMethod(MethodInvocationHelper.java:141)\n\tat org.testng.internal.invokers.MethodInvocationHelper.invokeMethodConsideringTimeout(MethodInvocationHelper.java:71)\n\tat org.testng.internal.invokers.ConfigInvoker.invokeConfigurationMethod(ConfigInvoker.java:400)\n\tat org.testng.internal.invokers.ConfigInvoker.invokeConfigurations(ConfigInvoker.java:333)\n\tat org.testng.internal.invokers.TestInvoker.runConfigMethods(TestInvoker.java:836)\n\tat org.testng.internal.invokers.TestInvoker.invokeMethod(TestInvoker.java:601)\n\tat org.testng.internal.invokers.TestInvoker.invokeTestMethod(TestInvoker.java:230)\n\tat org.testng.internal.invokers.MethodRunner.runInSequence(MethodRunner.java:63)\n\tat org.testng.internal.invokers.TestInvoker$MethodInvocationAgent.invoke(TestInvoker.java:995)\n\tat org.testng.internal.invokers.TestInvoker.invokeTestMethods(TestInvoker.java:203)\n\tat org.testng.internal.invokers.TestMethodWorker.invokeTestMethods(TestMethodWorker.java:154)\n\tat org.testng.internal.invokers.TestMethodWorker.run(TestMethodWorker.java:134)\n\tat java.base/java.util.ArrayList.forEach(ArrayList.java:1596)\n\tat org.testng.TestRunner.privateRun(TestRunner.java:741)\n\tat org.testng.TestRunner.run(TestRunner.java:616)\n\tat org.testng.SuiteRunner.runTest(SuiteRunner.java:421)\n\tat org.testng.SuiteRunner.runSequentially(SuiteRunner.java:413)\n\tat org.testng.SuiteRunner.privateRun(SuiteRunner.java:373)\n\tat org.testng.SuiteRunner.run(SuiteRunner.java:312)\n\tat org.testng.SuiteRunnerWorker.runSuite(SuiteRunnerWorker.java:52)\n\tat org.testng.SuiteRunnerWorker.run(SuiteRunnerWorker.java:95)\n\tat org.testng.TestNG.runSuitesSequentially(TestNG.java:1274)\n\tat org.testng.TestNG.runSuitesLocally(TestNG.java:1208)\n\tat org.testng.TestNG.runSuites(TestNG.java:1112)\n\tat org.testng.TestNG.run(TestNG.java:1079)\n\tat org.apache.maven.surefire.testng.TestNGExecutor.run(TestNGExecutor.java:308)\n\tat org.apache.maven.surefire.testng.TestNGXmlTestSuite.execute(TestNGXmlTestSuite.java:71)\n\tat org.apache.maven.surefire.testng.TestNGProvider.invoke(TestNGProvider.java:113)\n\tat org.apache.maven.surefire.booter.ForkedBooter.runSuitesInProcess(ForkedBooter.java:385)\n\tat org.apache.maven.surefire.booter.ForkedBooter.execute(ForkedBooter.java:162)\n\tat org.apache.maven.surefire.booter.ForkedBooter.run(ForkedBooter.java:507)\n\tat org.apache.maven.surefire.booter.ForkedBooter.main(ForkedBooter.java:495)\nCaused by: org.openqa.selenium.NoSuchElementException: no such element: Unable to locate element: {\"method\":\"css selector\",\"selector\":\"input[placeholder='Username']\"}\n  (Session info: chrome=143.0.7499.109)\nFor documentation on this error, please visit: https://www.selenium.dev/documentation/webdriver/troubleshooting/errors#nosuchelementexception\nBuild info: version: '4.37.0', revision: '3c1da1e342'\nSystem info: os.name: 'Linux', os.arch: 'amd64', os.version: '6.11.0-1018-azure', java.version: '21.0.9'\nDriver info: org.openqa.selenium.chrome.ChromeDriver\nCommand: [f510b8a41a8dca08fad982b1b3d335f1, findElement {using=css selector, value=input[placeholder='Username']}]\nCapabilities {acceptInsecureCerts: false, browserName: chrome, browserVersion: 143.0.7499.109, chrome: {chromedriverVersion: 143.0.7499.169 (164b20aab62..., userDataDir: /tmp/.org.chromium.Chromium...}, fedcm:accounts: true, goog:chromeOptions: {debuggerAddress: localhost:39163}, goog:processID: 5198, networkConnectionEnabled: false, pageLoadStrategy: normal, platformName: linux, proxy: Proxy(), se:cdp: ws://localhost:39163/devtoo..., se:cdpVersion: 143.0.7499.109, setWindowRect: true, strictFileInteractability: false, timeouts: {implicit: 0, pageLoad: 300000, script: 30000}, unhandledPromptBehavior: dismiss and notify, webauthn:extension:credBlob: true, webauthn:extension:largeBlob: true, webauthn:extension:minPinLength: true, webauthn:extension:prf: true, webauthn:virtualAuthenticators: true}\nSession ID: f510b8a41a8dca08fad982b1b3d335f1\n\tat java.base/jdk.internal.reflect.DirectConstructorHandleAccessor.newInstance(DirectConstructorHandleAccessor.java:62)\n\tat java.base/java.lang.reflect.Constructor.newInstanceWithCaller(Constructor.java:502)\n\tat java.base/java.lang.reflect.Constructor.newInstance(Constructor.java:486)\n\tat org.openqa.selenium.remote.ErrorCodec.decode(ErrorCodec.java:167)\n\tat org.openqa.selenium.remote.codec.w3c.W3CHttpResponseCodec.decode(W3CHttpResponseCodec.java:138)\n\tat org.openqa.selenium.remote.codec.w3c.W3CHttpResponseCodec.decode(W3CHttpResponseCodec.java:50)\n\tat org.openqa.selenium.remote.HttpCommandExecutor.execute(HttpCommandExecutor.java:215)\n\tat org.openqa.selenium.remote.service.DriverCommandExecutor.invokeExecute(DriverCommandExecutor.java:216)\n\tat org.openqa.selenium.remote.service.DriverCommandExecutor.execute(DriverCommandExecutor.java:174)\n\tat org.openqa.selenium.remote.RemoteWebDriver.execute(RemoteWebDriver.java:557)\n\tat org.openqa.selenium.remote.ElementLocation$ElementFinder$2.findElement(ElementLocation.java:165)\n\tat org.openqa.selenium.remote.ElementLocation.findElement(ElementLocation.java:59)\n\tat org.openqa.selenium.remote.RemoteWebDriver.findElement(RemoteWebDriver.java:380)\n\tat org.openqa.selenium.remote.RemoteWebDriver.findElement(RemoteWebDriver.java:374)\n\tat project_orangehrm.Base.BasePage.lambda$typeText$0(BasePage.java:83)\n\tat org.openqa.selenium.support.ui.FluentWait.until(FluentWait.java:203)\n\t... 37 more\n","flaky":false,"newFailed":false,"newBroken":false,"newPassed":false,"retriesCount":15,"retriesStatusChange":false,"beforeStages":[{"name":"setup","time":{"start":1766763687906,"stop":1766763687906,"duration":0},"description":"","status":"broken","steps":[],"attachments":[],"parameters":[],"stepsCount":0,"shouldDisplayMessage":false,"attachmentsCount":0,"hasContent":false,"attachmentStep":false},{"name":"setUp","time":{"start":1766763687906,"stop":1766763687906,"duration":0},"description":"","status":"broken","steps":[],"attachments":[],"parameters":[],"stepsCount":0,"shouldDisplayMessage":false,"attachmentsCount":0,"hasContent":false,"attachmentStep":false}],"afterStages":[{"name":"tearDown","time":{"start":1766763687908,"stop":1766763687908,"duration":0},"description":"","status":"broken","steps":[],"attachments":[],"parameters":[],"stepsCount":0,"shouldDisplayMessage":false,"attachmentsCount":0,"hasContent":false,"attachmentStep":false}],"labels":[{"name":"package","value":"project_orangehrm.Test.AdminUserManagementTest"},{"name":"testClass","value":"project_orangehrm.Test.AdminUserManagementTest"},{"name":"testMethod","value":"verifyUserManagement_SearchByRole_Success"},{"name":"parentSuite","value":"OrangeHRM_Strategic_Suite"},{"name":"suite","value":"Step2_PIM_User_Foundation"},{"name":"subSuite","value":"project_orangehrm.Test.AdminUserManagementTest"},{"name":"host","value":"runnervmh13bl"},{"name":"thread","value":"2331@runnervmh13bl.main(1)"},{"name":"framework","value":"testng"},{"name":"language","value":"java"},{"name":"resultFormat","value":"allure2"}],"parameters":[{"name":"browser","value":"edge"}],"links":[],"hidden":false,"retry":false,"extra":{"severity":"normal","retries":[{"uid":"38e5f59a7ca45e11","status":"skipped","statusDetails":"Expected condition failed: waiting for project_orangehrm.Base.BasePage$$Lambda/0x00007f8ca0346ae0@60fc7f43 (tried for 10 second(s) with 300 milliseconds interval)","time":{"start":1766763680275,"stop":1766763680275,"duration":0}},{"uid":"80394c979c25b1e5","status":"skipped","statusDetails":"Expected condition failed: waiting for project_orangehrm.Base.BasePage$$Lambda/0x00007f05643468a8@27dbaa33 (tried for 10 second(s) with 300 milliseconds interval)","time":{"start":1766763676784,"stop":1766763676784,"duration":0}},{"uid":"ddf417451a5f8cda","status":"skipped","statusDetails":"Expected condition failed: waiting for project_orangehrm.Base.BasePage$$Lambda/0x00007f7b283468a8@77c23d90 (tried for 10 second(s) with 300 milliseconds interval)","time":{"start":1766763676172,"stop":1766763676172,"duration":0}},{"uid":"135a1b6fadc679cf","status":"skipped","statusDetails":"Expected condition failed: waiting for project_orangehrm.Base.BasePage$$Lambda/0x00007f047c3491b0@67afe909 (tried for 10 second(s) with 300 milliseconds interval)","time":{"start":1766763670543,"stop":1766763670543,"duration":0}},{"uid":"6d97922b34553a3e","status":"skipped","statusDetails":"Expected condition failed: waiting for project_orangehrm.Base.BasePage$$Lambda/0x00007fc4a83491b0@793cef95 (tried for 10 second(s) with 300 milliseconds interval)","time":{"start":1766763191841,"stop":1766763191842,"duration":1}},{"uid":"bdb69279995b2004","status":"skipped","statusDetails":"Expected condition failed: waiting for project_orangehrm.Base.BasePage$$Lambda/0x00007f4d003491b0@67c21bf (tried for 10 second(s) with 300 milliseconds interval)","time":{"start":1766763182407,"stop":1766763182407,"duration":0}},{"uid":"9b4fc502ac4974df","status":"skipped","statusDetails":"Expected condition failed: waiting for project_orangehrm.Base.BasePage$$Lambda/0x00007f57e03491b0@fcf9525 (tried for 10 second(s) with 300 milliseconds interval)","time":{"start":1766763181984,"stop":1766763181984,"duration":0}},{"uid":"a1dd0070f0b41894","status":"skipped","statusDetails":"Expected condition failed: waiting for project_orangehrm.Base.BasePage$$Lambda/0x00007f4a303491b0@16ea0f22 (tried for 10 second(s) with 300 milliseconds interval)","time":{"start":1766763177584,"stop":1766763177584,"duration":0}},{"uid":"31df09e07172d9e0","status":"skipped","statusDetails":"Expected condition failed: waiting for project_orangehrm.Base.BasePage$$Lambda/0x00007ff86c3491b0@455f4483 (tried for 10 second(s) with 300 milliseconds interval)","time":{"start":1766763176849,"stop":1766763176849,"duration":0}},{"uid":"fe31432fc7b83c36","status":"skipped","statusDetails":"Expected condition failed: waiting for project_orangehrm.Base.BasePage$$Lambda/0x00007f13b0346ae0@3b021664 (tried for 10 second(s) with 300 milliseconds interval)","time":{"start":1766763174529,"stop":1766763174529,"duration":0}},{"uid":"d540c9fccf16a9c5","status":"skipped","statusDetails":"Expected condition failed: waiting for project_orangehrm.Base.BasePage$$Lambda/0x00007fa75c346ae0@79f1e22e (tried for 10 second(s) with 300 milliseconds interval)","time":{"start":1766763168619,"stop":1766763168619,"duration":0}},{"uid":"d7e3ce90d07a1c00","status":"skipped","statusDetails":"Expected condition failed: waiting for project_orangehrm.Base.BasePage$$Lambda/0x00007f9aec3491b0@6d17914a (tried for 10 second(s) with 300 milliseconds interval)","time":{"start":1766763166453,"stop":1766763166453,"duration":0}},{"uid":"38c0b9dedb76a61f","status":"skipped","statusDetails":"Expected condition failed: waiting for project_orangehrm.Base.BasePage$$Lambda/0x00007fa3e8344bd0@1377b1a0 (tried for 10 second(s) with 300 milliseconds interval)","time":{"start":1766763165916,"stop":1766763165916,"duration":0}},{"uid":"b837e642fab71327","status":"skipped","statusDetails":"Expected condition failed: waiting for project_orangehrm.Base.BasePage$$Lambda/0x00007f2cd03468a8@4243341e (tried for 10 second(s) with 300 milliseconds interval)","time":{"start":1766763165226,"stop":1766763165226,"duration":0}},{"uid":"4ae0f533767f8d41","status":"skipped","statusDetails":"Expected condition failed: waiting for project_orangehrm.Base.BasePage$$Lambda/0x00007f69143491b0@5c3007d (tried for 10 second(s) with 300 milliseconds interval)","time":{"start":1766762704593,"stop":1766762704593,"duration":0}}],"categories":[],"history":{"statistic":{"failed":0,"broken":0,"skipped":1,"passed":7,"unknown":0,"total":8},"items":[{"uid":"fdef1ab1028c58fb","reportUrl":"https://m1mohammed1.github.io/orangeHRM/23/#testresult/fdef1ab1028c58fb","status":"passed","time":{"start":1766760399791,"stop":1766760400433,"duration":642}},{"uid":"9705fa62838a1f2f","reportUrl":"https://m1mohammed1.github.io/orangeHRM/22/#testresult/9705fa62838a1f2f","status":"passed","time":{"start":1766706223614,"stop":1766706224160,"duration":546}},{"uid":"8a41e951c5130740","reportUrl":"https://m1mohammed1.github.io/orangeHRM/17/#testresult/8a41e951c5130740","status":"passed","time":{"start":1766698295798,"stop":1766698296417,"duration":619}},{"uid":"24a6088d6adc4655","reportUrl":"https://m1mohammed1.github.io/orangeHRM/16/#testresult/24a6088d6adc4655","status":"passed","time":{"start":1766630020800,"stop":1766630021501,"duration":701}},{"uid":"ee4e61c5133f660f","reportUrl":"https://m1mohammed1.github.io/orangeHRM/15/#testresult/ee4e61c5133f660f","status":"passed","time":{"start":1766624846024,"stop":1766624846645,"duration":621}},{"uid":"c2f996ec64ab7465","reportUrl":"https://m1mohammed1.github.io/orangeHRM/13/#testresult/c2f996ec64ab7465","status":"passed","time":{"start":1766618641691,"stop":1766618642242,"duration":551}},{"uid":"5a64f402e48f628a","reportUrl":"https://m1mohammed1.github.io/orangeHRM/12/#testresult/5a64f402e48f628a","status":"passed","time":{"start":1766617137645,"stop":1766617138286,"duration":641}}]},"tags":[]},"source":"8afd7de51e518503.json","parameterValues":["edge"]}