{"uid":"8b9f25f9c7833c2e","name":"TC01 - Verify 'Most Liked Posts' Widget","fullName":"project_orangehrm.Test.Buzz_Features_Test.verifyMostLiked_Widget","historyId":"d3a44c8d1e43c3299a4e03509a2c1e58","time":{"start":1766763873572,"stop":1766763873572,"duration":0},"status":"skipped","statusMessage":"Expected condition failed: waiting for project_orangehrm.Base.BasePage$$Lambda/0x00007fd2f83468a8@249e9db9 (tried for 10 second(s) with 300 milliseconds interval)","statusTrace":"org.openqa.selenium.TimeoutException: Expected condition failed: waiting for project_orangehrm.Base.BasePage$$Lambda/0x00007fd2f83468a8@249e9db9 (tried for 10 second(s) with 300 milliseconds interval)\n\tat org.openqa.selenium.support.ui.FluentWait.timeoutException(FluentWait.java:265)\n\tat org.openqa.selenium.support.ui.FluentWait.until(FluentWait.java:228)\n\tat project_orangehrm.Base.BasePage.typeText(BasePage.java:82)\n\tat project_orangehrm.Pages.LoginPage.enterUsername(LoginPage.java:22)\n\tat project_orangehrm.Test.Buzz_Features_Test.setup(Buzz_Features_Test.java:23)\n\tat java.base/jdk.internal.reflect.DirectMethodHandleAccessor.invoke(DirectMethodHandleAccessor.java:103)\n\tat java.base/java.lang.reflect.Method.invoke(Method.java:580)\n\tat org.testng.internal.invokers.MethodInvocationHelper.invokeMethod(MethodInvocationHelper.java:141)\n\tat org.testng.internal.invokers.MethodInvocationHelper.invokeMethodConsideringTimeout(MethodInvocationHelper.java:71)\n\tat org.testng.internal.invokers.ConfigInvoker.invokeConfigurationMethod(ConfigInvoker.java:400)\n\tat org.testng.internal.invokers.ConfigInvoker.invokeConfigurations(ConfigInvoker.java:333)\n\tat org.testng.internal.invokers.TestInvoker.runConfigMethods(TestInvoker.java:836)\n\tat org.testng.internal.invokers.TestInvoker.invokeMethod(TestInvoker.java:601)\n\tat org.testng.internal.invokers.TestInvoker.invokeTestMethod(TestInvoker.java:230)\n\tat org.testng.internal.invokers.MethodRunner.runInSequence(MethodRunner.java:63)\n\tat org.testng.internal.invokers.TestInvoker$MethodInvocationAgent.invoke(TestInvoker.java:995)\n\tat org.testng.internal.invokers.TestInvoker.invokeTestMethods(TestInvoker.java:203)\n\tat org.testng.internal.invokers.TestMethodWorker.invokeTestMethods(TestMethodWorker.java:154)\n\tat org.testng.internal.invokers.TestMethodWorker.run(TestMethodWorker.java:134)\n\tat java.base/java.util.concurrent.Executors$RunnableAdapter.call(Executors.java:572)\n\tat java.base/java.util.concurrent.FutureTask.run(FutureTask.java:317)\n\tat org.testng.internal.thread.graph.TestNGFutureTask.run(TestNGFutureTask.java:22)\n\tat java.base/java.util.concurrent.ThreadPoolExecutor.runWorker(ThreadPoolExecutor.java:1144)\n\tat java.base/java.util.concurrent.ThreadPoolExecutor$Worker.run(ThreadPoolExecutor.java:642)\n\tat java.base/java.lang.Thread.run(Thread.java:1583)\nCaused by: org.openqa.selenium.NoSuchElementException: no such element: Unable to locate element: {\"method\":\"css selector\",\"selector\":\"input[placeholder='Username']\"}\n  (Session info: chrome=143.0.7499.109)\nFor documentation on this error, please visit: https://www.selenium.dev/documentation/webdriver/troubleshooting/errors#nosuchelementexception\nBuild info: version: '4.37.0', revision: '3c1da1e342'\nSystem info: os.name: 'Linux', os.arch: 'amd64', os.version: '6.11.0-1018-azure', java.version: '21.0.9'\nDriver info: org.openqa.selenium.chrome.ChromeDriver\nCommand: [3b0e7a5affd215d20ab72f308a6dbc5b, findElement {using=css selector, value=input[placeholder='Username']}]\nCapabilities {acceptInsecureCerts: false, browserName: chrome, browserVersion: 143.0.7499.109, chrome: {chromedriverVersion: 143.0.7499.169 (164b20aab62..., userDataDir: /tmp/.org.chromium.Chromium...}, fedcm:accounts: true, goog:chromeOptions: {debuggerAddress: localhost:33399}, goog:processID: 11590, networkConnectionEnabled: false, pageLoadStrategy: normal, platformName: linux, proxy: Proxy(), se:cdp: ws://localhost:33399/devtoo..., se:cdpVersion: 143.0.7499.109, setWindowRect: true, strictFileInteractability: false, timeouts: {implicit: 0, pageLoad: 300000, script: 30000}, unhandledPromptBehavior: dismiss and notify, webauthn:extension:credBlob: true, webauthn:extension:largeBlob: true, webauthn:extension:minPinLength: true, webauthn:extension:prf: true, webauthn:virtualAuthenticators: true}\nSession ID: 3b0e7a5affd215d20ab72f308a6dbc5b\n\tat java.base/jdk.internal.reflect.DirectConstructorHandleAccessor.newInstance(DirectConstructorHandleAccessor.java:62)\n\tat java.base/java.lang.reflect.Constructor.newInstanceWithCaller(Constructor.java:502)\n\tat java.base/java.lang.reflect.Constructor.newInstance(Constructor.java:486)\n\tat org.openqa.selenium.remote.ErrorCodec.decode(ErrorCodec.java:167)\n\tat org.openqa.selenium.remote.codec.w3c.W3CHttpResponseCodec.decode(W3CHttpResponseCodec.java:138)\n\tat org.openqa.selenium.remote.codec.w3c.W3CHttpResponseCodec.decode(W3CHttpResponseCodec.java:50)\n\tat org.openqa.selenium.remote.HttpCommandExecutor.execute(HttpCommandExecutor.java:215)\n\tat org.openqa.selenium.remote.service.DriverCommandExecutor.invokeExecute(DriverCommandExecutor.java:216)\n\tat org.openqa.selenium.remote.service.DriverCommandExecutor.execute(DriverCommandExecutor.java:174)\n\tat org.openqa.selenium.remote.RemoteWebDriver.execute(RemoteWebDriver.java:557)\n\tat org.openqa.selenium.remote.ElementLocation$ElementFinder$2.findElement(ElementLocation.java:165)\n\tat org.openqa.selenium.remote.ElementLocation.findElement(ElementLocation.java:59)\n\tat org.openqa.selenium.remote.RemoteWebDriver.findElement(RemoteWebDriver.java:380)\n\tat org.openqa.selenium.remote.RemoteWebDriver.findElement(RemoteWebDriver.java:374)\n\tat project_orangehrm.Base.BasePage.lambda$typeText$0(BasePage.java:83)\n\tat org.openqa.selenium.support.ui.FluentWait.until(FluentWait.java:203)\n\t... 23 more\n","flaky":false,"newFailed":false,"newBroken":false,"newPassed":false,"retriesCount":15,"retriesStatusChange":false,"beforeStages":[{"name":"setUp","time":{"start":1766763861874,"stop":1766763863549,"duration":1675},"description":"","status":"passed","steps":[],"attachments":[],"parameters":[],"stepsCount":0,"shouldDisplayMessage":false,"attachmentsCount":0,"hasContent":false,"attachmentStep":false},{"name":"setup","time":{"start":1766763863550,"stop":1766763873570,"duration":10020},"description":"","status":"broken","statusMessage":"Expected condition failed: waiting for project_orangehrm.Base.BasePage$$Lambda/0x00007fd2f83468a8@249e9db9 (tried for 10 second(s) with 300 milliseconds interval)","statusTrace":"org.openqa.selenium.TimeoutException: Expected condition failed: waiting for project_orangehrm.Base.BasePage$$Lambda/0x00007fd2f83468a8@249e9db9 (tried for 10 second(s) with 300 milliseconds interval)\n\tat org.openqa.selenium.support.ui.FluentWait.timeoutException(FluentWait.java:265)\n\tat org.openqa.selenium.support.ui.FluentWait.until(FluentWait.java:228)\n\tat project_orangehrm.Base.BasePage.typeText(BasePage.java:82)\n\tat project_orangehrm.Pages.LoginPage.enterUsername(LoginPage.java:22)\n\tat project_orangehrm.Test.Buzz_Features_Test.setup(Buzz_Features_Test.java:23)\n\tat java.base/jdk.internal.reflect.DirectMethodHandleAccessor.invoke(DirectMethodHandleAccessor.java:103)\n\tat java.base/java.lang.reflect.Method.invoke(Method.java:580)\n\tat org.testng.internal.invokers.MethodInvocationHelper.invokeMethod(MethodInvocationHelper.java:141)\n\tat org.testng.internal.invokers.MethodInvocationHelper.invokeMethodConsideringTimeout(MethodInvocationHelper.java:71)\n\tat org.testng.internal.invokers.ConfigInvoker.invokeConfigurationMethod(ConfigInvoker.java:400)\n\tat org.testng.internal.invokers.ConfigInvoker.invokeConfigurations(ConfigInvoker.java:333)\n\tat org.testng.internal.invokers.TestInvoker.runConfigMethods(TestInvoker.java:836)\n\tat org.testng.internal.invokers.TestInvoker.invokeMethod(TestInvoker.java:601)\n\tat org.testng.internal.invokers.TestInvoker.invokeTestMethod(TestInvoker.java:230)\n\tat org.testng.internal.invokers.MethodRunner.runInSequence(MethodRunner.java:63)\n\tat org.testng.internal.invokers.TestInvoker$MethodInvocationAgent.invoke(TestInvoker.java:995)\n\tat org.testng.internal.invokers.TestInvoker.invokeTestMethods(TestInvoker.java:203)\n\tat org.testng.internal.invokers.TestMethodWorker.invokeTestMethods(TestMethodWorker.java:154)\n\tat org.testng.internal.invokers.TestMethodWorker.run(TestMethodWorker.java:134)\n\tat java.base/java.util.concurrent.Executors$RunnableAdapter.call(Executors.java:572)\n\tat java.base/java.util.concurrent.FutureTask.run(FutureTask.java:317)\n\tat org.testng.internal.thread.graph.TestNGFutureTask.run(TestNGFutureTask.java:22)\n\tat java.base/java.util.concurrent.ThreadPoolExecutor.runWorker(ThreadPoolExecutor.java:1144)\n\tat java.base/java.util.concurrent.ThreadPoolExecutor$Worker.run(ThreadPoolExecutor.java:642)\n\tat java.base/java.lang.Thread.run(Thread.java:1583)\nCaused by: org.openqa.selenium.NoSuchElementException: no such element: Unable to locate element: {\"method\":\"css selector\",\"selector\":\"input[placeholder='Username']\"}\n  (Session info: chrome=143.0.7499.109)\nFor documentation on this error, please visit: https://www.selenium.dev/documentation/webdriver/troubleshooting/errors#nosuchelementexception\nBuild info: version: '4.37.0', revision: '3c1da1e342'\nSystem info: os.name: 'Linux', os.arch: 'amd64', os.version: '6.11.0-1018-azure', java.version: '21.0.9'\nDriver info: org.openqa.selenium.chrome.ChromeDriver\nCommand: [3b0e7a5affd215d20ab72f308a6dbc5b, findElement {using=css selector, value=input[placeholder='Username']}]\nCapabilities {acceptInsecureCerts: false, browserName: chrome, browserVersion: 143.0.7499.109, chrome: {chromedriverVersion: 143.0.7499.169 (164b20aab62..., userDataDir: /tmp/.org.chromium.Chromium...}, fedcm:accounts: true, goog:chromeOptions: {debuggerAddress: localhost:33399}, goog:processID: 11590, networkConnectionEnabled: false, pageLoadStrategy: normal, platformName: linux, proxy: Proxy(), se:cdp: ws://localhost:33399/devtoo..., se:cdpVersion: 143.0.7499.109, setWindowRect: true, strictFileInteractability: false, timeouts: {implicit: 0, pageLoad: 300000, script: 30000}, unhandledPromptBehavior: dismiss and notify, webauthn:extension:credBlob: true, webauthn:extension:largeBlob: true, webauthn:extension:minPinLength: true, webauthn:extension:prf: true, webauthn:virtualAuthenticators: true}\nSession ID: 3b0e7a5affd215d20ab72f308a6dbc5b\n\tat java.base/jdk.internal.reflect.DirectConstructorHandleAccessor.newInstance(DirectConstructorHandleAccessor.java:62)\n\tat java.base/java.lang.reflect.Constructor.newInstanceWithCaller(Constructor.java:502)\n\tat java.base/java.lang.reflect.Constructor.newInstance(Constructor.java:486)\n\tat org.openqa.selenium.remote.ErrorCodec.decode(ErrorCodec.java:167)\n\tat org.openqa.selenium.remote.codec.w3c.W3CHttpResponseCodec.decode(W3CHttpResponseCodec.java:138)\n\tat org.openqa.selenium.remote.codec.w3c.W3CHttpResponseCodec.decode(W3CHttpResponseCodec.java:50)\n\tat org.openqa.selenium.remote.HttpCommandExecutor.execute(HttpCommandExecutor.java:215)\n\tat org.openqa.selenium.remote.service.DriverCommandExecutor.invokeExecute(DriverCommandExecutor.java:216)\n\tat org.openqa.selenium.remote.service.DriverCommandExecutor.execute(DriverCommandExecutor.java:174)\n\tat org.openqa.selenium.remote.RemoteWebDriver.execute(RemoteWebDriver.java:557)\n\tat org.openqa.selenium.remote.ElementLocation$ElementFinder$2.findElement(ElementLocation.java:165)\n\tat org.openqa.selenium.remote.ElementLocation.findElement(ElementLocation.java:59)\n\tat org.openqa.selenium.remote.RemoteWebDriver.findElement(RemoteWebDriver.java:380)\n\tat org.openqa.selenium.remote.RemoteWebDriver.findElement(RemoteWebDriver.java:374)\n\tat project_orangehrm.Base.BasePage.lambda$typeText$0(BasePage.java:83)\n\tat org.openqa.selenium.support.ui.FluentWait.until(FluentWait.java:203)\n\t... 23 more\n","steps":[],"attachments":[],"parameters":[],"stepsCount":0,"shouldDisplayMessage":true,"attachmentsCount":0,"hasContent":true,"attachmentStep":false}],"afterStages":[{"name":"tearDown","time":{"start":1766763873572,"stop":1766763873572,"duration":0},"description":"","status":"broken","steps":[],"attachments":[],"parameters":[],"stepsCount":0,"shouldDisplayMessage":false,"attachmentsCount":0,"hasContent":false,"attachmentStep":false}],"labels":[{"name":"package","value":"project_orangehrm.Test.Buzz_Features_Test"},{"name":"testClass","value":"project_orangehrm.Test.Buzz_Features_Test"},{"name":"testMethod","value":"verifyMostLiked_Widget"},{"name":"parentSuite","value":"OrangeHRM_Strategic_Suite"},{"name":"suite","value":"Step5_Perf_Buzz_Dash"},{"name":"subSuite","value":"project_orangehrm.Test.Buzz_Features_Test"},{"name":"host","value":"runnervmh13bl"},{"name":"thread","value":"2331@runnervmh13bl.TestNG-test-Step5_Perf_Buzz_Dash-2(525)"},{"name":"framework","value":"testng"},{"name":"language","value":"java"},{"name":"resultFormat","value":"allure2"}],"parameters":[{"name":"browser","value":"edge"}],"links":[],"hidden":false,"retry":false,"extra":{"severity":"normal","retries":[{"uid":"dfe8df00d5ed7080","status":"skipped","statusDetails":"Expected condition failed: waiting for project_orangehrm.Base.BasePage$$Lambda/0x00007f8ca0346ae0@6fa0aaa8 (tried for 10 second(s) with 300 milliseconds interval)","time":{"start":1766763864708,"stop":1766763864708,"duration":0}},{"uid":"98e8d24e5d0e57dc","status":"skipped","statusDetails":"Expected condition failed: waiting for project_orangehrm.Base.BasePage$$Lambda/0x00007f05643468a8@4f63f104 (tried for 10 second(s) with 300 milliseconds interval)","time":{"start":1766763861483,"stop":1766763861484,"duration":1}},{"uid":"803035bf00d5a07f","status":"skipped","statusDetails":"Expected condition failed: waiting for project_orangehrm.Base.BasePage$$Lambda/0x00007f7b283468a8@7506e365 (tried for 10 second(s) with 300 milliseconds interval)","time":{"start":1766763860928,"stop":1766763860928,"duration":0}},{"uid":"14ef9e457fa60111","status":"skipped","statusDetails":"Expected condition failed: waiting for project_orangehrm.Base.BasePage$$Lambda/0x00007f047c3491b0@9f3b4e9 (tried for 10 second(s) with 300 milliseconds interval)","time":{"start":1766763845184,"stop":1766763845184,"duration":0}},{"uid":"2f98dd9742086347","status":"skipped","statusDetails":"Expected condition failed: waiting for project_orangehrm.Base.BasePage$$Lambda/0x00007fc4a83491b0@5d4d6319 (tried for 10 second(s) with 300 milliseconds interval)","time":{"start":1766763376617,"stop":1766763376617,"duration":0}},{"uid":"b70a18221cb6bb0a","status":"skipped","statusDetails":"Expected condition failed: waiting for project_orangehrm.Base.BasePage$$Lambda/0x00007f57e03491b0@2ac9e5c6 (tried for 10 second(s) with 300 milliseconds interval)","time":{"start":1766763367071,"stop":1766763367071,"duration":0}},{"uid":"1446d258e1cf2710","status":"skipped","statusDetails":"Expected condition failed: waiting for project_orangehrm.Base.BasePage$$Lambda/0x00007ff86c3491b0@249e9db9 (tried for 10 second(s) with 300 milliseconds interval)","time":{"start":1766763362004,"stop":1766763362004,"duration":0}},{"uid":"60f3441ecdda0e6c","status":"skipped","statusDetails":"Expected condition failed: waiting for project_orangehrm.Base.BasePage$$Lambda/0x00007f4a303491b0@12afc4d3 (tried for 10 second(s) with 300 milliseconds interval)","time":{"start":1766763360737,"stop":1766763360737,"duration":0}},{"uid":"544bb91ef97eeb83","status":"skipped","statusDetails":"Expected condition failed: waiting for project_orangehrm.Base.BasePage$$Lambda/0x00007f4d003491b0@79e1e902 (tried for 10 second(s) with 300 milliseconds interval)","time":{"start":1766763358692,"stop":1766763358692,"duration":0}},{"uid":"7f88a186372a557d","status":"skipped","statusDetails":"Expected condition failed: waiting for project_orangehrm.Base.BasePage$$Lambda/0x00007f13b0346ae0@6ab635b4 (tried for 10 second(s) with 300 milliseconds interval)","time":{"start":1766763348892,"stop":1766763348892,"duration":0}},{"uid":"f7915662292d37b9","status":"skipped","statusDetails":"Expected condition failed: waiting for project_orangehrm.Base.BasePage$$Lambda/0x00007fa3e8344bd0@5ceb443f (tried for 10 second(s) with 300 milliseconds interval)","time":{"start":1766763347232,"stop":1766763347232,"duration":0}},{"uid":"43decf26cdb00d5f","status":"skipped","statusDetails":"Expected condition failed: waiting for project_orangehrm.Base.BasePage$$Lambda/0x00007fa75c346ae0@7eaeb1fc (tried for 10 second(s) with 300 milliseconds interval)","time":{"start":1766763344733,"stop":1766763344733,"duration":0}},{"uid":"bd62d95c005de7f6","status":"skipped","statusDetails":"Expected condition failed: waiting for project_orangehrm.Base.BasePage$$Lambda/0x00007f9aec3491b0@1561a07c (tried for 10 second(s) with 300 milliseconds interval)","time":{"start":1766763340806,"stop":1766763340806,"duration":0}},{"uid":"3006f8a6ea2841b8","status":"skipped","statusDetails":"Expected condition failed: waiting for project_orangehrm.Base.BasePage$$Lambda/0x00007f2cd03468a8@20923d3b (tried for 10 second(s) with 300 milliseconds interval)","time":{"start":1766763339596,"stop":1766763339596,"duration":0}},{"uid":"fd36b32cde83c8cb","status":"skipped","statusDetails":"Expected condition failed: waiting for project_orangehrm.Base.BasePage$$Lambda/0x00007f69143491b0@247dfb2e (tried for 10 second(s) with 300 milliseconds interval)","time":{"start":1766762878981,"stop":1766762878981,"duration":0}}],"categories":[],"history":{"statistic":{"failed":9,"broken":0,"skipped":1,"passed":0,"unknown":0,"total":10},"items":[{"uid":"edb2bc3cfe8d0f66","reportUrl":"https://m1mohammed1.github.io/orangeHRM/23/#testresult/edb2bc3cfe8d0f66","status":"failed","statusDetails":"Element not visible: Most Liked Posts | Locator: By.xpath: //p[normalize-space()='Most Liked Posts']","time":{"start":1766761836650,"stop":1766761846660,"duration":10010}},{"uid":"3285230a3f56c88c","reportUrl":"https://m1mohammed1.github.io/orangeHRM/22/#testresult/3285230a3f56c88c","status":"failed","statusDetails":"Element not visible: Most Liked Posts | Locator: By.xpath: //p[normalize-space()='Most Liked Posts']","time":{"start":1766706874953,"stop":1766706884970,"duration":10017}},{"uid":"380b1e2fc39292ef","reportUrl":"https://m1mohammed1.github.io/orangeHRM/17/#testresult/380b1e2fc39292ef","status":"failed","statusDetails":"Element not visible: Most Liked Posts | Locator: By.xpath: //p[normalize-space()='Most Liked Posts']","time":{"start":1766696668389,"stop":1766696678412,"duration":10023}},{"uid":"76ddce94c3492dd6","reportUrl":"https://m1mohammed1.github.io/orangeHRM/16/#testresult/76ddce94c3492dd6","status":"failed","statusDetails":"Element not visible: Most Liked Posts | Locator: By.xpath: //p[normalize-space()='Most Liked Posts']","time":{"start":1766630766811,"stop":1766630776818,"duration":10007}},{"uid":"aa0f85a84ed7e51f","reportUrl":"https://m1mohammed1.github.io/orangeHRM/15/#testresult/aa0f85a84ed7e51f","status":"failed","statusDetails":"Element not visible: Most Liked Posts | Locator: By.xpath: //p[normalize-space()='Most Liked Posts']","time":{"start":1766623019926,"stop":1766623029978,"duration":10052}},{"uid":"aa68403abf94dea3","reportUrl":"https://m1mohammed1.github.io/orangeHRM/13/#testresult/aa68403abf94dea3","status":"failed","statusDetails":"Element not visible: Most Liked Posts | Locator: By.xpath: //p[normalize-space()='Most Liked Posts']","time":{"start":1766619343700,"stop":1766619353756,"duration":10056}},{"uid":"1e8242d0417e5c71","reportUrl":"https://m1mohammed1.github.io/orangeHRM/11/#testresult/1e8242d0417e5c71","status":"failed","statusDetails":"Element not visible: Most Liked Posts | Locator: By.xpath: //p[normalize-space()='Most Liked Posts']","time":{"start":1766606444490,"stop":1766606454498,"duration":10008}},{"uid":"1d36b060faa09fd2","reportUrl":"https://m1mohammed1.github.io/orangeHRM/10/#testresult/1d36b060faa09fd2","status":"failed","statusDetails":"Element not visible: Most Liked Posts | Locator: By.xpath: //p[normalize-space()='Most Liked Posts']","time":{"start":1766598345022,"stop":1766598355108,"duration":10086}},{"uid":"b0ae92675c963d1c","reportUrl":"https://m1mohammed1.github.io/orangeHRM/9/#testresult/b0ae92675c963d1c","status":"failed","statusDetails":"Element not visible: Most Liked Posts | Locator: By.xpath: //p[normalize-space()='Most Liked Posts']","time":{"start":1766596629599,"stop":1766596649939,"duration":20340}}]},"tags":[]},"source":"8b9f25f9c7833c2e.json","parameterValues":["edge"]}