{"uid":"8dbfdd530e3236ba","name":"TC17 - Verify Membership Lifecycle: Create","fullName":"project_orangehrm.Test.Admin_Qualifications_Test.verifyMemberships_Lifecycle_Success","historyId":"2a0472c5d6ec4dbae2562acf6c65c063","time":{"start":1766620318508,"stop":1766620340182,"duration":21674},"status":"failed","statusMessage":"Record not found: IEEE Member | Locator: By.xpath: //div[@role='row']//div[normalize-space()='IEEE Member']","statusTrace":"java.lang.AssertionError: Record not found: IEEE Member | Locator: By.xpath: //div[@role='row']//div[normalize-space()='IEEE Member']\n\tat org.testng.Assert.fail(Assert.java:111)\n\tat project_orangehrm.Base.BasePage.assertVisible(BasePage.java:38)\n\tat project_orangehrm.Pages.CommonPage.verifyRecordVisible(CommonPage.java:299)\n\tat project_orangehrm.Pages.AdminPage.verifyRecordExists(AdminPage.java:127)\n\tat project_orangehrm.Test.Admin_Qualifications_Test.verifyMemberships_Lifecycle_Success(Admin_Qualifications_Test.java:311)\n\tat java.base/jdk.internal.reflect.DirectMethodHandleAccessor.invoke(DirectMethodHandleAccessor.java:103)\n\tat java.base/java.lang.reflect.Method.invoke(Method.java:580)\n\tat org.testng.internal.invokers.MethodInvocationHelper.invokeMethod(MethodInvocationHelper.java:141)\n\tat org.testng.internal.invokers.TestInvoker.invokeMethod(TestInvoker.java:687)\n\tat org.testng.internal.invokers.TestInvoker.invokeTestMethod(TestInvoker.java:230)\n\tat org.testng.internal.invokers.MethodRunner.runInSequence(MethodRunner.java:63)\n\tat org.testng.internal.invokers.TestInvoker$MethodInvocationAgent.invoke(TestInvoker.java:995)\n\tat org.testng.internal.invokers.TestInvoker.invokeTestMethods(TestInvoker.java:203)\n\tat org.testng.internal.invokers.TestMethodWorker.invokeTestMethods(TestMethodWorker.java:154)\n\tat org.testng.internal.invokers.TestMethodWorker.run(TestMethodWorker.java:134)\n\tat java.base/java.util.ArrayList.forEach(ArrayList.java:1596)\n\tat org.testng.TestRunner.privateRun(TestRunner.java:741)\n\tat org.testng.TestRunner.run(TestRunner.java:616)\n\tat org.testng.SuiteRunner.runTest(SuiteRunner.java:421)\n\tat org.testng.SuiteRunner.runSequentially(SuiteRunner.java:413)\n\tat org.testng.SuiteRunner.privateRun(SuiteRunner.java:373)\n\tat org.testng.SuiteRunner.run(SuiteRunner.java:312)\n\tat org.testng.SuiteRunnerWorker.runSuite(SuiteRunnerWorker.java:52)\n\tat org.testng.SuiteRunnerWorker.run(SuiteRunnerWorker.java:95)\n\tat org.testng.TestNG.runSuitesSequentially(TestNG.java:1274)\n\tat org.testng.TestNG.runSuitesLocally(TestNG.java:1208)\n\tat org.testng.TestNG.runSuites(TestNG.java:1112)\n\tat org.testng.TestNG.run(TestNG.java:1079)\n\tat org.apache.maven.surefire.testng.TestNGExecutor.run(TestNGExecutor.java:308)\n\tat org.apache.maven.surefire.testng.TestNGXmlTestSuite.execute(TestNGXmlTestSuite.java:71)\n\tat org.apache.maven.surefire.testng.TestNGProvider.invoke(TestNGProvider.java:113)\n\tat org.apache.maven.surefire.booter.ForkedBooter.runSuitesInProcess(ForkedBooter.java:385)\n\tat org.apache.maven.surefire.booter.ForkedBooter.execute(ForkedBooter.java:162)\n\tat org.apache.maven.surefire.booter.ForkedBooter.run(ForkedBooter.java:507)\n\tat org.apache.maven.surefire.booter.ForkedBooter.main(ForkedBooter.java:495)\n","flaky":true,"newFailed":true,"newBroken":false,"newPassed":false,"retriesCount":2,"retriesStatusChange":true,"beforeStages":[{"name":"setUp","time":{"start":1766620315923,"stop":1766620316691,"duration":768},"description":"","status":"passed","steps":[],"attachments":[],"parameters":[],"stepsCount":0,"shouldDisplayMessage":false,"attachmentsCount":0,"hasContent":false,"attachmentStep":false},{"name":"setup","time":{"start":1766620316691,"stop":1766620318506,"duration":1815},"description":"","status":"passed","steps":[],"attachments":[],"parameters":[],"stepsCount":0,"shouldDisplayMessage":false,"attachmentsCount":0,"hasContent":false,"attachmentStep":false}],"testStage":{"status":"failed","statusMessage":"Record not found: IEEE Member | Locator: By.xpath: //div[@role='row']//div[normalize-space()='IEEE Member']","statusTrace":"java.lang.AssertionError: Record not found: IEEE Member | Locator: By.xpath: //div[@role='row']//div[normalize-space()='IEEE Member']\n\tat org.testng.Assert.fail(Assert.java:111)\n\tat project_orangehrm.Base.BasePage.assertVisible(BasePage.java:38)\n\tat project_orangehrm.Pages.CommonPage.verifyRecordVisible(CommonPage.java:299)\n\tat project_orangehrm.Pages.AdminPage.verifyRecordExists(AdminPage.java:127)\n\tat project_orangehrm.Test.Admin_Qualifications_Test.verifyMemberships_Lifecycle_Success(Admin_Qualifications_Test.java:311)\n\tat java.base/jdk.internal.reflect.DirectMethodHandleAccessor.invoke(DirectMethodHandleAccessor.java:103)\n\tat java.base/java.lang.reflect.Method.invoke(Method.java:580)\n\tat org.testng.internal.invokers.MethodInvocationHelper.invokeMethod(MethodInvocationHelper.java:141)\n\tat org.testng.internal.invokers.TestInvoker.invokeMethod(TestInvoker.java:687)\n\tat org.testng.internal.invokers.TestInvoker.invokeTestMethod(TestInvoker.java:230)\n\tat org.testng.internal.invokers.MethodRunner.runInSequence(MethodRunner.java:63)\n\tat org.testng.internal.invokers.TestInvoker$MethodInvocationAgent.invoke(TestInvoker.java:995)\n\tat org.testng.internal.invokers.TestInvoker.invokeTestMethods(TestInvoker.java:203)\n\tat org.testng.internal.invokers.TestMethodWorker.invokeTestMethods(TestMethodWorker.java:154)\n\tat org.testng.internal.invokers.TestMethodWorker.run(TestMethodWorker.java:134)\n\tat java.base/java.util.ArrayList.forEach(ArrayList.java:1596)\n\tat org.testng.TestRunner.privateRun(TestRunner.java:741)\n\tat org.testng.TestRunner.run(TestRunner.java:616)\n\tat org.testng.SuiteRunner.runTest(SuiteRunner.java:421)\n\tat org.testng.SuiteRunner.runSequentially(SuiteRunner.java:413)\n\tat org.testng.SuiteRunner.privateRun(SuiteRunner.java:373)\n\tat org.testng.SuiteRunner.run(SuiteRunner.java:312)\n\tat org.testng.SuiteRunnerWorker.runSuite(SuiteRunnerWorker.java:52)\n\tat org.testng.SuiteRunnerWorker.run(SuiteRunnerWorker.java:95)\n\tat org.testng.TestNG.runSuitesSequentially(TestNG.java:1274)\n\tat org.testng.TestNG.runSuitesLocally(TestNG.java:1208)\n\tat org.testng.TestNG.runSuites(TestNG.java:1112)\n\tat org.testng.TestNG.run(TestNG.java:1079)\n\tat org.apache.maven.surefire.testng.TestNGExecutor.run(TestNGExecutor.java:308)\n\tat org.apache.maven.surefire.testng.TestNGXmlTestSuite.execute(TestNGXmlTestSuite.java:71)\n\tat org.apache.maven.surefire.testng.TestNGProvider.invoke(TestNGProvider.java:113)\n\tat org.apache.maven.surefire.booter.ForkedBooter.runSuitesInProcess(ForkedBooter.java:385)\n\tat org.apache.maven.surefire.booter.ForkedBooter.execute(ForkedBooter.java:162)\n\tat org.apache.maven.surefire.booter.ForkedBooter.run(ForkedBooter.java:507)\n\tat org.apache.maven.surefire.booter.ForkedBooter.main(ForkedBooter.java:495)\n","steps":[],"attachments":[{"uid":"dbd80c43a23c0b5c","name":"SoftAssert_Failed - 2025-12-24T23:52:10.026066006","source":"dbd80c43a23c0b5c.png","type":"image/png","size":115469},{"uid":"387126bcfa859bb2","name":"Page Source","source":"387126bcfa859bb2.html","type":"text/html","size":294302}],"parameters":[],"stepsCount":0,"shouldDisplayMessage":true,"attachmentsCount":2,"hasContent":true,"attachmentStep":false},"afterStages":[{"name":"tearDown","time":{"start":1766620340183,"stop":1766620340375,"duration":192},"description":"","status":"passed","steps":[],"attachments":[{"uid":"199dd250ee644e91","name":"Screenshot Failure - verifyMemberships_Lifecycle_Success","source":"199dd250ee644e91.png","type":"image/png","size":115469},{"uid":"2e28e5cbec3e943","name":"Page Source","source":"2e28e5cbec3e943.html","type":"text/html","size":294302}],"parameters":[],"stepsCount":0,"shouldDisplayMessage":false,"attachmentsCount":2,"hasContent":true,"attachmentStep":false}],"labels":[{"name":"package","value":"project_orangehrm.Test.Admin_Qualifications_Test"},{"name":"testClass","value":"project_orangehrm.Test.Admin_Qualifications_Test"},{"name":"testMethod","value":"verifyMemberships_Lifecycle_Success"},{"name":"parentSuite","value":"OrangeHRM_E2E_Suite"},{"name":"suite","value":"Step1_Admin_Foundation"},{"name":"subSuite","value":"project_orangehrm.Test.Admin_Qualifications_Test"},{"name":"host","value":"runnervmh13bl"},{"name":"thread","value":"2279@runnervmh13bl.main(1)"},{"name":"framework","value":"testng"},{"name":"language","value":"java"},{"name":"resultFormat","value":"allure2"}],"parameters":[{"name":"browser","value":"edge"}],"links":[],"hidden":false,"retry":false,"extra":{"severity":"normal","retries":[{"uid":"b5873d056bde9c8a","status":"passed","time":{"start":1766620188252,"stop":1766620193445,"duration":5193}},{"uid":"7d7d1bb61f5eefb6","status":"failed","statusDetails":"Record not found: IEEE Member | Locator: By.xpath: //div[@role='row']//div[normalize-space()='IEEE Member']","time":{"start":1766617875437,"stop":1766617897017,"duration":21580}}],"categories":[{"name":"Product defects","matchedStatuses":[],"flaky":false}],"history":{"statistic":{"failed":3,"broken":0,"skipped":0,"passed":2,"unknown":0,"total":5},"items":[{"uid":"9520e662fefa278","reportUrl":"https://m1mohammed1.github.io/orangeHRM/12/#testresult/9520e662fefa278","status":"passed","time":{"start":1766616508764,"stop":1766616513981,"duration":5217}},{"uid":"fcf67ece011c20f4","reportUrl":"https://m1mohammed1.github.io/orangeHRM/11/#testresult/fcf67ece011c20f4","status":"passed","time":{"start":1766605771576,"stop":1766605776422,"duration":4846}},{"uid":"309e750895c3ea11","reportUrl":"https://m1mohammed1.github.io/orangeHRM/10/#testresult/309e750895c3ea11","status":"failed","statusDetails":"Success message not displayed | Locator: By.xpath: //div[contains(@class, 'oxd-toast--success')]","time":{"start":1766597542193,"stop":1766597553772,"duration":11579}},{"uid":"d7c08e47b77670c4","reportUrl":"https://m1mohammed1.github.io/orangeHRM/9/#testresult/d7c08e47b77670c4","status":"failed","statusDetails":"Success message not displayed | Locator: By.xpath: //div[contains(@class, 'oxd-toast--success')]","time":{"start":1766595979354,"stop":1766596001165,"duration":21811}}]},"tags":[]},"source":"8dbfdd530e3236ba.json","parameterValues":["edge"]}