{"uid":"92fb74bd5e0492c5","name":"TC02 - Verify updating an existing Location","fullName":"project_orangehrm.Test.AdminOrganizationTest.verifyLocation_Update_Success","historyId":"c4fd9caab2c4021fbc66e4a8dd2ea279","time":{"start":1766781357371,"stop":1766781379321,"duration":21950},"status":"broken","statusMessage":"Expected condition failed: waiting for element to be clickable: By.xpath: //div[contains(text(),'Giza Branch')]/ancestor::div[@role='row']//button[i[contains(@class, 'bi-pencil')]] (tried for 10 second(s) with 300 milliseconds interval)\nBuild info: version: '4.37.0', revision: '3c1da1e342'\nSystem info: os.name: 'Linux', os.arch: 'amd64', os.version: '6.11.0-1018-azure', java.version: '21.0.9'\nDriver info: driver.version: unknown","statusTrace":"org.openqa.selenium.TimeoutException: Expected condition failed: waiting for element to be clickable: By.xpath: //div[contains(text(),'Giza Branch')]/ancestor::div[@role='row']//button[i[contains(@class, 'bi-pencil')]] (tried for 10 second(s) with 300 milliseconds interval)\nBuild info: version: '4.37.0', revision: '3c1da1e342'\nSystem info: os.name: 'Linux', os.arch: 'amd64', os.version: '6.11.0-1018-azure', java.version: '21.0.9'\nDriver info: driver.version: unknown\n\tat org.openqa.selenium.support.ui.FluentWait.timeoutException(FluentWait.java:265)\n\tat org.openqa.selenium.support.ui.FluentWait.until(FluentWait.java:228)\n\tat project_orangehrm.Base.BasePage.clickWhenReady(BasePage.java:95)\n\tat project_orangehrm.Pages.CommonPage.edit(CommonPage.java:216)\n\tat project_orangehrm.Pages.AdminPage.clickToEdit(AdminPage.java:112)\n\tat project_orangehrm.Test.AdminOrganizationTest.verifyLocation_Update_Success(AdminOrganizationTest.java:70)\n\tat java.base/jdk.internal.reflect.DirectMethodHandleAccessor.invoke(DirectMethodHandleAccessor.java:103)\n\tat java.base/java.lang.reflect.Method.invoke(Method.java:580)\n\tat org.testng.internal.invokers.MethodInvocationHelper.invokeMethod(MethodInvocationHelper.java:141)\n\tat org.testng.internal.invokers.TestInvoker.invokeMethod(TestInvoker.java:687)\n\tat org.testng.internal.invokers.TestInvoker.invokeTestMethod(TestInvoker.java:230)\n\tat org.testng.internal.invokers.MethodRunner.runInSequence(MethodRunner.java:63)\n\tat org.testng.internal.invokers.TestInvoker$MethodInvocationAgent.invoke(TestInvoker.java:995)\n\tat org.testng.internal.invokers.TestInvoker.invokeTestMethods(TestInvoker.java:203)\n\tat org.testng.internal.invokers.TestMethodWorker.invokeTestMethods(TestMethodWorker.java:154)\n\tat org.testng.internal.invokers.TestMethodWorker.run(TestMethodWorker.java:134)\n\tat java.base/java.util.ArrayList.forEach(ArrayList.java:1596)\n\tat org.testng.TestRunner.privateRun(TestRunner.java:741)\n\tat org.testng.TestRunner.run(TestRunner.java:616)\n\tat org.testng.SuiteRunner.runTest(SuiteRunner.java:421)\n\tat org.testng.SuiteRunner.runSequentially(SuiteRunner.java:413)\n\tat org.testng.SuiteRunner.privateRun(SuiteRunner.java:373)\n\tat org.testng.SuiteRunner.run(SuiteRunner.java:312)\n\tat org.testng.SuiteRunnerWorker.runSuite(SuiteRunnerWorker.java:52)\n\tat org.testng.SuiteRunnerWorker.run(SuiteRunnerWorker.java:95)\n\tat org.testng.TestNG.runSuitesSequentially(TestNG.java:1274)\n\tat org.testng.TestNG.runSuitesLocally(TestNG.java:1208)\n\tat org.testng.TestNG.runSuites(TestNG.java:1112)\n\tat org.testng.TestNG.run(TestNG.java:1079)\n\tat org.apache.maven.surefire.testng.TestNGExecutor.run(TestNGExecutor.java:308)\n\tat org.apache.maven.surefire.testng.TestNGXmlTestSuite.execute(TestNGXmlTestSuite.java:71)\n\tat org.apache.maven.surefire.testng.TestNGProvider.invoke(TestNGProvider.java:113)\n\tat org.apache.maven.surefire.booter.ForkedBooter.runSuitesInProcess(ForkedBooter.java:385)\n\tat org.apache.maven.surefire.booter.ForkedBooter.execute(ForkedBooter.java:162)\n\tat org.apache.maven.surefire.booter.ForkedBooter.run(ForkedBooter.java:507)\n\tat org.apache.maven.surefire.booter.ForkedBooter.main(ForkedBooter.java:495)\n","flaky":false,"newFailed":false,"newBroken":true,"newPassed":false,"retriesCount":15,"retriesStatusChange":true,"beforeStages":[{"name":"setUp","time":{"start":1766781354812,"stop":1766781355590,"duration":778},"description":"","status":"passed","steps":[],"attachments":[],"parameters":[],"stepsCount":0,"shouldDisplayMessage":false,"attachmentsCount":0,"hasContent":false,"attachmentStep":false},{"name":"setup","time":{"start":1766781355591,"stop":1766781357370,"duration":1779},"description":"","status":"passed","steps":[],"attachments":[],"parameters":[],"stepsCount":0,"shouldDisplayMessage":false,"attachmentsCount":0,"hasContent":false,"attachmentStep":false}],"testStage":{"status":"broken","statusMessage":"Expected condition failed: waiting for element to be clickable: By.xpath: //div[contains(text(),'Giza Branch')]/ancestor::div[@role='row']//button[i[contains(@class, 'bi-pencil')]] (tried for 10 second(s) with 300 milliseconds interval)\nBuild info: version: '4.37.0', revision: '3c1da1e342'\nSystem info: os.name: 'Linux', os.arch: 'amd64', os.version: '6.11.0-1018-azure', java.version: '21.0.9'\nDriver info: driver.version: unknown","statusTrace":"org.openqa.selenium.TimeoutException: Expected condition failed: waiting for element to be clickable: By.xpath: //div[contains(text(),'Giza Branch')]/ancestor::div[@role='row']//button[i[contains(@class, 'bi-pencil')]] (tried for 10 second(s) with 300 milliseconds interval)\nBuild info: version: '4.37.0', revision: '3c1da1e342'\nSystem info: os.name: 'Linux', os.arch: 'amd64', os.version: '6.11.0-1018-azure', java.version: '21.0.9'\nDriver info: driver.version: unknown\n\tat org.openqa.selenium.support.ui.FluentWait.timeoutException(FluentWait.java:265)\n\tat org.openqa.selenium.support.ui.FluentWait.until(FluentWait.java:228)\n\tat project_orangehrm.Base.BasePage.clickWhenReady(BasePage.java:95)\n\tat project_orangehrm.Pages.CommonPage.edit(CommonPage.java:216)\n\tat project_orangehrm.Pages.AdminPage.clickToEdit(AdminPage.java:112)\n\tat project_orangehrm.Test.AdminOrganizationTest.verifyLocation_Update_Success(AdminOrganizationTest.java:70)\n\tat java.base/jdk.internal.reflect.DirectMethodHandleAccessor.invoke(DirectMethodHandleAccessor.java:103)\n\tat java.base/java.lang.reflect.Method.invoke(Method.java:580)\n\tat org.testng.internal.invokers.MethodInvocationHelper.invokeMethod(MethodInvocationHelper.java:141)\n\tat org.testng.internal.invokers.TestInvoker.invokeMethod(TestInvoker.java:687)\n\tat org.testng.internal.invokers.TestInvoker.invokeTestMethod(TestInvoker.java:230)\n\tat org.testng.internal.invokers.MethodRunner.runInSequence(MethodRunner.java:63)\n\tat org.testng.internal.invokers.TestInvoker$MethodInvocationAgent.invoke(TestInvoker.java:995)\n\tat org.testng.internal.invokers.TestInvoker.invokeTestMethods(TestInvoker.java:203)\n\tat org.testng.internal.invokers.TestMethodWorker.invokeTestMethods(TestMethodWorker.java:154)\n\tat org.testng.internal.invokers.TestMethodWorker.run(TestMethodWorker.java:134)\n\tat java.base/java.util.ArrayList.forEach(ArrayList.java:1596)\n\tat org.testng.TestRunner.privateRun(TestRunner.java:741)\n\tat org.testng.TestRunner.run(TestRunner.java:616)\n\tat org.testng.SuiteRunner.runTest(SuiteRunner.java:421)\n\tat org.testng.SuiteRunner.runSequentially(SuiteRunner.java:413)\n\tat org.testng.SuiteRunner.privateRun(SuiteRunner.java:373)\n\tat org.testng.SuiteRunner.run(SuiteRunner.java:312)\n\tat org.testng.SuiteRunnerWorker.runSuite(SuiteRunnerWorker.java:52)\n\tat org.testng.SuiteRunnerWorker.run(SuiteRunnerWorker.java:95)\n\tat org.testng.TestNG.runSuitesSequentially(TestNG.java:1274)\n\tat org.testng.TestNG.runSuitesLocally(TestNG.java:1208)\n\tat org.testng.TestNG.runSuites(TestNG.java:1112)\n\tat org.testng.TestNG.run(TestNG.java:1079)\n\tat org.apache.maven.surefire.testng.TestNGExecutor.run(TestNGExecutor.java:308)\n\tat org.apache.maven.surefire.testng.TestNGXmlTestSuite.execute(TestNGXmlTestSuite.java:71)\n\tat org.apache.maven.surefire.testng.TestNGProvider.invoke(TestNGProvider.java:113)\n\tat org.apache.maven.surefire.booter.ForkedBooter.runSuitesInProcess(ForkedBooter.java:385)\n\tat org.apache.maven.surefire.booter.ForkedBooter.execute(ForkedBooter.java:162)\n\tat org.apache.maven.surefire.booter.ForkedBooter.run(ForkedBooter.java:507)\n\tat org.apache.maven.surefire.booter.ForkedBooter.main(ForkedBooter.java:495)\n","steps":[],"attachments":[{"uid":"d5174e67e59bcaa5","name":"SoftAssert_Failed - 2025-12-26T20:36:08.993365024","source":"d5174e67e59bcaa5.png","type":"image/png","size":110858},{"uid":"595afd270838bfa2","name":"Page Source","source":"595afd270838bfa2.html","type":"text/html","size":298584}],"parameters":[],"stepsCount":0,"shouldDisplayMessage":true,"attachmentsCount":2,"hasContent":true,"attachmentStep":false},"afterStages":[{"name":"tearDown","time":{"start":1766781379322,"stop":1766781379486,"duration":164},"description":"","status":"passed","steps":[],"attachments":[{"uid":"d9f8973b47c66588","name":"Screenshot Failure - verifyLocation_Update_Success","source":"d9f8973b47c66588.png","type":"image/png","size":110858},{"uid":"532c9aaefe1d6de1","name":"Page Source","source":"532c9aaefe1d6de1.html","type":"text/html","size":298584}],"parameters":[],"stepsCount":0,"shouldDisplayMessage":false,"attachmentsCount":2,"hasContent":true,"attachmentStep":false}],"labels":[{"name":"package","value":"project_orangehrm.Test.AdminOrganizationTest"},{"name":"testClass","value":"project_orangehrm.Test.AdminOrganizationTest"},{"name":"testMethod","value":"verifyLocation_Update_Success"},{"name":"parentSuite","value":"OrangeHRM_Strategic_Suite"},{"name":"suite","value":"Step1_Hyper_Admin_PIM_Foundation"},{"name":"subSuite","value":"project_orangehrm.Test.AdminOrganizationTest"},{"name":"host","value":"runnervmh13bl"},{"name":"thread","value":"2617@runnervmh13bl.main(1)"},{"name":"framework","value":"testng"},{"name":"language","value":"java"},{"name":"resultFormat","value":"allure2"}],"parameters":[{"name":"browser","value":"edge"}],"links":[],"hidden":false,"retry":false,"extra":{"severity":"normal","retries":[{"uid":"6d4157d933105e73","status":"broken","statusDetails":"Expected condition failed: waiting for element to be clickable: By.xpath: //div[contains(text(),'Giza Branch')]/ancestor::div[@role='row']//button[i[contains(@class, 'bi-pencil')]] (tried for 10 second(s) with 300 milliseconds interval)\nBuild info: version: '4.37.0', revision: '3c1da1e342'\nSystem info: os.name: 'Linux', os.arch: 'amd64', os.version: '6.11.0-1018-azure', java.version: '21.0.9'\nDriver info: driver.version: unknown","time":{"start":1766781341339,"stop":1766781363412,"duration":22073}},{"uid":"484e7c229a7809ba","status":"broken","statusDetails":"Expected condition failed: waiting for element to be clickable: By.xpath: //div[contains(text(),'Giza Branch')]/ancestor::div[@role='row']//button[i[contains(@class, 'bi-pencil')]] (tried for 10 second(s) with 300 milliseconds interval)\nBuild info: version: '4.37.0', revision: '3c1da1e342'\nSystem info: os.name: 'Linux', os.arch: 'amd64', os.version: '6.11.0-1018-azure', java.version: '21.0.9'\nDriver info: driver.version: unknown","time":{"start":1766781323390,"stop":1766781345378,"duration":21988}},{"uid":"19e84c85a2dacbfc","status":"broken","statusDetails":"Expected condition failed: waiting for element to be clickable: By.xpath: //div[contains(text(),'Giza Branch')]/ancestor::div[@role='row']//button[i[contains(@class, 'bi-pencil')]] (tried for 10 second(s) with 300 milliseconds interval)\nBuild info: version: '4.37.0', revision: '3c1da1e342'\nSystem info: os.name: 'Linux', os.arch: 'amd64', os.version: '6.11.0-1018-azure', java.version: '21.0.9'\nDriver info: driver.version: unknown","time":{"start":1766781298540,"stop":1766781320494,"duration":21954}},{"uid":"df96cd96d2326413","status":"failed","statusDetails":"Record not found: Cairo Main Office | Locator: By.xpath: //div[@role='row']//div[normalize-space()='Cairo Main Office']","time":{"start":1766781282687,"stop":1766781310047,"duration":27360}},{"uid":"94426947a4d229b6","status":"broken","statusDetails":"stale element reference: stale element not found in the current frame\n  (Session info: chrome=143.0.7499.109)\nFor documentation on this error, please visit: https://www.selenium.dev/documentation/webdriver/troubleshooting/errors#staleelementreferenceexception\nBuild info: version: '4.37.0', revision: '3c1da1e342'\nSystem info: os.name: 'Linux', os.arch: 'amd64', os.version: '6.11.0-1018-azure', java.version: '21.0.9'\nDriver info: org.openqa.selenium.chrome.ChromeDriver\nCommand: [fe4b62d52e95083acd75f6ad059f2d1a, clickElement {id=f.6596B72E4CF172AE44788AC5DC08D491.d.C76D7F141220A6893C48F6199763FC6C.e.170}]\nCapabilities {acceptInsecureCerts: false, browserName: chrome, browserVersion: 143.0.7499.109, chrome: {chromedriverVersion: 143.0.7499.42 (24bdc8c48a0c..., userDataDir: /tmp/.org.chromium.Chromium...}, fedcm:accounts: true, goog:chromeOptions: {debuggerAddress: localhost:37367}, goog:processID: 8205, networkConnectionEnabled: false, pageLoadStrategy: normal, platformName: linux, proxy: Proxy(), se:cdp: ws://localhost:37367/devtoo..., se:cdpVersion: 143.0.7499.109, setWindowRect: true, strictFileInteractability: false, timeouts: {implicit: 0, pageLoad: 300000, script: 30000}, unhandledPromptBehavior: dismiss and notify, webauthn:extension:credBlob: true, webauthn:extension:largeBlob: true, webauthn:extension:minPinLength: true, webauthn:extension:prf: true, webauthn:virtualAuthenticators: true}\nElement: [[ChromeDriver: chrome on linux (fe4b62d52e95083acd75f6ad059f2d1a)] -> xpath: //div[contains(text(),'Cairo Main Office')]/ancestor::div[@role='row']//button[i[contains(@class, 'bi-trash')]]]\nSession ID: fe4b62d52e95083acd75f6ad059f2d1a","time":{"start":1766779845918,"stop":1766779857995,"duration":12077}},{"uid":"2c7e16ca200fe7f4","status":"passed","time":{"start":1766779837372,"stop":1766779849736,"duration":12364}},{"uid":"13e03e42b3bf89ab","status":"passed","time":{"start":1766779826816,"stop":1766779839295,"duration":12479}},{"uid":"ca525c39485d71a0","status":"passed","time":{"start":1766779820474,"stop":1766779832252,"duration":11778}},{"uid":"11a39c4ac97d8115","status":"passed","time":{"start":1766779808305,"stop":1766779820276,"duration":11971}},{"uid":"5b281f8b26313d56","status":"passed","time":{"start":1766779789024,"stop":1766779800907,"duration":11883}},{"uid":"b6d1a76a2d470265","status":"passed","time":{"start":1766779777119,"stop":1766779788460,"duration":11341}},{"uid":"65a3a5dcd0382656","status":"passed","time":{"start":1766779770075,"stop":1766779781654,"duration":11579}},{"uid":"8ad63aa751897d92","status":"passed","time":{"start":1766779721970,"stop":1766779735864,"duration":13894}},{"uid":"ec5649051988cff8","status":"passed","time":{"start":1766779658096,"stop":1766779670256,"duration":12160}},{"uid":"eb2273c195476270","status":"passed","time":{"start":1766777250181,"stop":1766777261251,"duration":11070}}],"categories":[{"name":"Test defects","matchedStatuses":[],"flaky":false}],"history":{"statistic":{"failed":1,"broken":2,"skipped":1,"passed":10,"unknown":0,"total":14},"items":[{"uid":"32773fc354904e2b","reportUrl":"https://m1mohammed1.github.io/orangeHRM/25/#testresult/32773fc354904e2b","status":"passed","time":{"start":1766769513783,"stop":1766769525288,"duration":11505}},{"uid":"2a62a818f69d033b","reportUrl":"https://m1mohammed1.github.io/orangeHRM/24/#testresult/2a62a818f69d033b","status":"skipped","statusDetails":"Expected condition failed: waiting for project_orangehrm.Base.BasePage$$Lambda/0x00007fd2f83468a8@2aea717c (tried for 10 second(s) with 300 milliseconds interval)","time":{"start":1766763618668,"stop":1766763618668,"duration":0}},{"uid":"981c8d374d0facf4","reportUrl":"https://m1mohammed1.github.io/orangeHRM/23/#testresult/981c8d374d0facf4","status":"broken","statusDetails":"stale element reference: stale element not found in the current frame\n  (Session info: chrome=143.0.7499.109)\nFor documentation on this error, please visit: https://www.selenium.dev/documentation/webdriver/troubleshooting/errors#staleelementreferenceexception\nBuild info: version: '4.37.0', revision: '3c1da1e342'\nSystem info: os.name: 'Linux', os.arch: 'amd64', os.version: '6.11.0-1018-azure', java.version: '21.0.9'\nDriver info: org.openqa.selenium.chrome.ChromeDriver\nCommand: [3cf38945ca4b6cc74c2e92031671b120, clickElement {id=f.CC1F57ED7A4F01716ACDD5F3FA238844.d.23235DB11BEF43797ED3EA7AB1B680D4.e.109}]\nCapabilities {acceptInsecureCerts: false, browserName: chrome, browserVersion: 143.0.7499.109, chrome: {chromedriverVersion: 143.0.7499.169 (164b20aab62..., userDataDir: /tmp/.org.chromium.Chromium...}, fedcm:accounts: true, goog:chromeOptions: {debuggerAddress: localhost:44723}, goog:processID: 7500, networkConnectionEnabled: false, pageLoadStrategy: normal, platformName: linux, proxy: Proxy(), se:cdp: ws://localhost:44723/devtoo..., se:cdpVersion: 143.0.7499.109, setWindowRect: true, strictFileInteractability: false, timeouts: {implicit: 0, pageLoad: 300000, script: 30000}, unhandledPromptBehavior: dismiss and notify, webauthn:extension:credBlob: true, webauthn:extension:largeBlob: true, webauthn:extension:minPinLength: true, webauthn:extension:prf: true, webauthn:virtualAuthenticators: true}\nElement: [[ChromeDriver: chrome on linux (3cf38945ca4b6cc74c2e92031671b120)] -> xpath: //div[contains(text(),'Giza Branch')]/ancestor::div[@role='row']//button[i[contains(@class, 'bi-pencil')]]]\nSession ID: 3cf38945ca4b6cc74c2e92031671b120","time":{"start":1766759321667,"stop":1766759328624,"duration":6957}},{"uid":"3fa46be599ceaf99","reportUrl":"https://m1mohammed1.github.io/orangeHRM/22/#testresult/3fa46be599ceaf99","status":"passed","time":{"start":1766705428773,"stop":1766705439648,"duration":10875}},{"uid":"ccb8fe291cfe48f9","reportUrl":"https://m1mohammed1.github.io/orangeHRM/17/#testresult/ccb8fe291cfe48f9","status":"passed","time":{"start":1766697457302,"stop":1766697468602,"duration":11300}},{"uid":"8a798e7d123e5474","reportUrl":"https://m1mohammed1.github.io/orangeHRM/16/#testresult/8a798e7d123e5474","status":"passed","time":{"start":1766631540882,"stop":1766631552624,"duration":11742}},{"uid":"e27a12ba93defa57","reportUrl":"https://m1mohammed1.github.io/orangeHRM/15/#testresult/e27a12ba93defa57","status":"passed","time":{"start":1766623733511,"stop":1766623748217,"duration":14706}},{"uid":"d3d54da3bcc69383","reportUrl":"https://m1mohammed1.github.io/orangeHRM/14/#testresult/d3d54da3bcc69383","status":"passed","time":{"start":1766620787262,"stop":1766620799096,"duration":11834}},{"uid":"e1665d6e8994f9de","reportUrl":"https://m1mohammed1.github.io/orangeHRM/13/#testresult/e1665d6e8994f9de","status":"passed","time":{"start":1766620003012,"stop":1766620013812,"duration":10800}},{"uid":"3fde5984b95e2780","reportUrl":"https://m1mohammed1.github.io/orangeHRM/12/#testresult/3fde5984b95e2780","status":"passed","time":{"start":1766616256597,"stop":1766616267614,"duration":11017}},{"uid":"53be68997a54dd57","reportUrl":"https://m1mohammed1.github.io/orangeHRM/11/#testresult/53be68997a54dd57","status":"passed","time":{"start":1766605538694,"stop":1766605549058,"duration":10364}},{"uid":"ed3375104e790315","reportUrl":"https://m1mohammed1.github.io/orangeHRM/10/#testresult/ed3375104e790315","status":"passed","time":{"start":1766597257625,"stop":1766597268943,"duration":11318}},{"uid":"1522f5c7ba0c9caa","reportUrl":"https://m1mohammed1.github.io/orangeHRM/9/#testresult/1522f5c7ba0c9caa","status":"failed","statusDetails":"Success message not displayed | Locator: By.xpath: //div[contains(@class, 'oxd-toast--success')]","time":{"start":1766595686685,"stop":1766595709702,"duration":23017}}]},"tags":[]},"source":"92fb74bd5e0492c5.json","parameterValues":["edge"]}