{"uid":"95ac50e76df6f21c","name":"TC03 - Verify error when creating a duplicate Job Title","fullName":"project_orangehrm.Test.AdminJobTest.verifyJobTitle_DuplicateEntry_ShowError","historyId":"d1213d7c70594536ed66903d34ca6158","time":{"start":1766763607013,"stop":1766763607013,"duration":0},"status":"skipped","statusMessage":"Expected condition failed: waiting for project_orangehrm.Base.BasePage$$Lambda/0x00007fd2f83468a8@508ad266 (tried for 10 second(s) with 300 milliseconds interval)","statusTrace":"org.openqa.selenium.TimeoutException: Expected condition failed: waiting for project_orangehrm.Base.BasePage$$Lambda/0x00007fd2f83468a8@508ad266 (tried for 10 second(s) with 300 milliseconds interval)\n\tat org.openqa.selenium.support.ui.FluentWait.timeoutException(FluentWait.java:265)\n\tat org.openqa.selenium.support.ui.FluentWait.until(FluentWait.java:228)\n\tat project_orangehrm.Base.BasePage.typeText(BasePage.java:82)\n\tat project_orangehrm.Pages.LoginPage.enterUsername(LoginPage.java:22)\n\tat project_orangehrm.Test.AdminJobTest.setup(AdminJobTest.java:23)\n\tat java.base/jdk.internal.reflect.DirectMethodHandleAccessor.invoke(DirectMethodHandleAccessor.java:103)\n\tat java.base/java.lang.reflect.Method.invoke(Method.java:580)\n\tat org.testng.internal.invokers.MethodInvocationHelper.invokeMethod(MethodInvocationHelper.java:141)\n\tat org.testng.internal.invokers.MethodInvocationHelper.invokeMethodConsideringTimeout(MethodInvocationHelper.java:71)\n\tat org.testng.internal.invokers.ConfigInvoker.invokeConfigurationMethod(ConfigInvoker.java:400)\n\tat org.testng.internal.invokers.ConfigInvoker.invokeConfigurations(ConfigInvoker.java:333)\n\tat org.testng.internal.invokers.TestInvoker.runConfigMethods(TestInvoker.java:836)\n\tat org.testng.internal.invokers.TestInvoker.invokeMethod(TestInvoker.java:601)\n\tat org.testng.internal.invokers.TestInvoker.invokeTestMethod(TestInvoker.java:230)\n\tat org.testng.internal.invokers.MethodRunner.runInSequence(MethodRunner.java:63)\n\tat org.testng.internal.invokers.TestInvoker$MethodInvocationAgent.invoke(TestInvoker.java:995)\n\tat org.testng.internal.invokers.TestInvoker.invokeTestMethods(TestInvoker.java:203)\n\tat org.testng.internal.invokers.TestMethodWorker.invokeTestMethods(TestMethodWorker.java:154)\n\tat org.testng.internal.invokers.TestMethodWorker.run(TestMethodWorker.java:134)\n\tat java.base/java.util.ArrayList.forEach(ArrayList.java:1596)\n\tat org.testng.TestRunner.privateRun(TestRunner.java:741)\n\tat org.testng.TestRunner.run(TestRunner.java:616)\n\tat org.testng.SuiteRunner.runTest(SuiteRunner.java:421)\n\tat org.testng.SuiteRunner.runSequentially(SuiteRunner.java:413)\n\tat org.testng.SuiteRunner.privateRun(SuiteRunner.java:373)\n\tat org.testng.SuiteRunner.run(SuiteRunner.java:312)\n\tat org.testng.SuiteRunnerWorker.runSuite(SuiteRunnerWorker.java:52)\n\tat org.testng.SuiteRunnerWorker.run(SuiteRunnerWorker.java:95)\n\tat org.testng.TestNG.runSuitesSequentially(TestNG.java:1274)\n\tat org.testng.TestNG.runSuitesLocally(TestNG.java:1208)\n\tat org.testng.TestNG.runSuites(TestNG.java:1112)\n\tat org.testng.TestNG.run(TestNG.java:1079)\n\tat org.apache.maven.surefire.testng.TestNGExecutor.run(TestNGExecutor.java:308)\n\tat org.apache.maven.surefire.testng.TestNGXmlTestSuite.execute(TestNGXmlTestSuite.java:71)\n\tat org.apache.maven.surefire.testng.TestNGProvider.invoke(TestNGProvider.java:113)\n\tat org.apache.maven.surefire.booter.ForkedBooter.runSuitesInProcess(ForkedBooter.java:385)\n\tat org.apache.maven.surefire.booter.ForkedBooter.execute(ForkedBooter.java:162)\n\tat org.apache.maven.surefire.booter.ForkedBooter.run(ForkedBooter.java:507)\n\tat org.apache.maven.surefire.booter.ForkedBooter.main(ForkedBooter.java:495)\nCaused by: org.openqa.selenium.NoSuchElementException: no such element: Unable to locate element: {\"method\":\"css selector\",\"selector\":\"input[placeholder='Username']\"}\n  (Session info: chrome=143.0.7499.109)\nFor documentation on this error, please visit: https://www.selenium.dev/documentation/webdriver/troubleshooting/errors#nosuchelementexception\nBuild info: version: '4.37.0', revision: '3c1da1e342'\nSystem info: os.name: 'Linux', os.arch: 'amd64', os.version: '6.11.0-1018-azure', java.version: '21.0.9'\nDriver info: org.openqa.selenium.chrome.ChromeDriver\nCommand: [09cc9a956c5db29b3ac03eaa8e8921db, findElement {using=css selector, value=input[placeholder='Username']}]\nCapabilities {acceptInsecureCerts: false, browserName: chrome, browserVersion: 143.0.7499.109, chrome: {chromedriverVersion: 143.0.7499.169 (164b20aab62..., userDataDir: /tmp/.org.chromium.Chromium...}, fedcm:accounts: true, goog:chromeOptions: {debuggerAddress: localhost:43437}, goog:processID: 3129, networkConnectionEnabled: false, pageLoadStrategy: normal, platformName: linux, proxy: Proxy(), se:cdp: ws://localhost:43437/devtoo..., se:cdpVersion: 143.0.7499.109, setWindowRect: true, strictFileInteractability: false, timeouts: {implicit: 0, pageLoad: 300000, script: 30000}, unhandledPromptBehavior: dismiss and notify, webauthn:extension:credBlob: true, webauthn:extension:largeBlob: true, webauthn:extension:minPinLength: true, webauthn:extension:prf: true, webauthn:virtualAuthenticators: true}\nSession ID: 09cc9a956c5db29b3ac03eaa8e8921db\n\tat java.base/jdk.internal.reflect.DirectConstructorHandleAccessor.newInstance(DirectConstructorHandleAccessor.java:62)\n\tat java.base/java.lang.reflect.Constructor.newInstanceWithCaller(Constructor.java:502)\n\tat java.base/java.lang.reflect.Constructor.newInstance(Constructor.java:486)\n\tat org.openqa.selenium.remote.ErrorCodec.decode(ErrorCodec.java:167)\n\tat org.openqa.selenium.remote.codec.w3c.W3CHttpResponseCodec.decode(W3CHttpResponseCodec.java:138)\n\tat org.openqa.selenium.remote.codec.w3c.W3CHttpResponseCodec.decode(W3CHttpResponseCodec.java:50)\n\tat org.openqa.selenium.remote.HttpCommandExecutor.execute(HttpCommandExecutor.java:215)\n\tat org.openqa.selenium.remote.service.DriverCommandExecutor.invokeExecute(DriverCommandExecutor.java:216)\n\tat org.openqa.selenium.remote.service.DriverCommandExecutor.execute(DriverCommandExecutor.java:174)\n\tat org.openqa.selenium.remote.RemoteWebDriver.execute(RemoteWebDriver.java:557)\n\tat org.openqa.selenium.remote.ElementLocation$ElementFinder$2.findElement(ElementLocation.java:165)\n\tat org.openqa.selenium.remote.ElementLocation.findElement(ElementLocation.java:59)\n\tat org.openqa.selenium.remote.RemoteWebDriver.findElement(RemoteWebDriver.java:380)\n\tat org.openqa.selenium.remote.RemoteWebDriver.findElement(RemoteWebDriver.java:374)\n\tat project_orangehrm.Base.BasePage.lambda$typeText$0(BasePage.java:83)\n\tat org.openqa.selenium.support.ui.FluentWait.until(FluentWait.java:203)\n\t... 37 more\n","flaky":false,"newFailed":false,"newBroken":false,"newPassed":false,"retriesCount":15,"retriesStatusChange":false,"beforeStages":[{"name":"setUp","time":{"start":1766763607011,"stop":1766763607011,"duration":0},"description":"","status":"broken","steps":[],"attachments":[],"parameters":[],"stepsCount":0,"shouldDisplayMessage":false,"attachmentsCount":0,"hasContent":false,"attachmentStep":false},{"name":"setup","time":{"start":1766763607012,"stop":1766763607012,"duration":0},"description":"","status":"broken","steps":[],"attachments":[],"parameters":[],"stepsCount":0,"shouldDisplayMessage":false,"attachmentsCount":0,"hasContent":false,"attachmentStep":false}],"afterStages":[{"name":"tearDown","time":{"start":1766763607015,"stop":1766763607015,"duration":0},"description":"","status":"broken","steps":[],"attachments":[],"parameters":[],"stepsCount":0,"shouldDisplayMessage":false,"attachmentsCount":0,"hasContent":false,"attachmentStep":false}],"labels":[{"name":"package","value":"project_orangehrm.Test.AdminJobTest"},{"name":"testClass","value":"project_orangehrm.Test.AdminJobTest"},{"name":"testMethod","value":"verifyJobTitle_DuplicateEntry_ShowError"},{"name":"parentSuite","value":"OrangeHRM_Strategic_Suite"},{"name":"suite","value":"Step1_Hyper_Admin_PIM_Foundation"},{"name":"subSuite","value":"project_orangehrm.Test.AdminJobTest"},{"name":"host","value":"runnervmh13bl"},{"name":"thread","value":"2331@runnervmh13bl.main(1)"},{"name":"framework","value":"testng"},{"name":"language","value":"java"},{"name":"resultFormat","value":"allure2"}],"parameters":[{"name":"browser","value":"edge"}],"links":[],"hidden":false,"retry":false,"extra":{"severity":"normal","retries":[{"uid":"653fc15d72bbc02d","status":"skipped","statusDetails":"Expected condition failed: waiting for project_orangehrm.Base.BasePage$$Lambda/0x00007f8ca0346ae0@2f2e4bde (tried for 10 second(s) with 300 milliseconds interval)","time":{"start":1766763599837,"stop":1766763599837,"duration":0}},{"uid":"5b617791ffc6f0fc","status":"skipped","statusDetails":"Expected condition failed: waiting for project_orangehrm.Base.BasePage$$Lambda/0x00007f05643468a8@6c0b51da (tried for 10 second(s) with 300 milliseconds interval)","time":{"start":1766763596344,"stop":1766763596345,"duration":1}},{"uid":"f3fd82ffd24fed05","status":"skipped","statusDetails":"Expected condition failed: waiting for project_orangehrm.Base.BasePage$$Lambda/0x00007f7b283468a8@d2708a7 (tried for 10 second(s) with 300 milliseconds interval)","time":{"start":1766763595653,"stop":1766763595654,"duration":1}},{"uid":"ee1158a51f53c4ef","status":"skipped","statusDetails":"Expected condition failed: waiting for project_orangehrm.Base.BasePage$$Lambda/0x00007f047c3491b0@6de43bc1 (tried for 10 second(s) with 300 milliseconds interval)","time":{"start":1766763594600,"stop":1766763594600,"duration":0}},{"uid":"70a7ac458e7ba41","status":"skipped","statusDetails":"Expected condition failed: waiting for project_orangehrm.Base.BasePage$$Lambda/0x00007fc4a83491b0@3dfd6220 (tried for 10 second(s) with 300 milliseconds interval)","time":{"start":1766763111360,"stop":1766763111360,"duration":0}},{"uid":"e98b89a5fc99100f","status":"skipped","statusDetails":"Expected condition failed: waiting for project_orangehrm.Base.BasePage$$Lambda/0x00007f4d003491b0@6de43bc1 (tried for 10 second(s) with 300 milliseconds interval)","time":{"start":1766763105716,"stop":1766763105716,"duration":0}},{"uid":"6dfc95529fe049fc","status":"skipped","statusDetails":"Expected condition failed: waiting for project_orangehrm.Base.BasePage$$Lambda/0x00007f57e03491b0@34c7232c (tried for 10 second(s) with 300 milliseconds interval)","time":{"start":1766763101409,"stop":1766763101409,"duration":0}},{"uid":"58174efadafdc963","status":"skipped","statusDetails":"Expected condition failed: waiting for project_orangehrm.Base.BasePage$$Lambda/0x00007f13b0346ae0@5657967b (tried for 10 second(s) with 300 milliseconds interval)","time":{"start":1766763098800,"stop":1766763098800,"duration":0}},{"uid":"ed84ad30d348734f","status":"skipped","statusDetails":"Expected condition failed: waiting for project_orangehrm.Base.BasePage$$Lambda/0x00007f4a303491b0@2dc39b53 (tried for 10 second(s) with 300 milliseconds interval)","time":{"start":1766763097660,"stop":1766763097660,"duration":0}},{"uid":"67252ff9df9fa897","status":"skipped","statusDetails":"Expected condition failed: waiting for project_orangehrm.Base.BasePage$$Lambda/0x00007ff86c3491b0@350da119 (tried for 10 second(s) with 300 milliseconds interval)","time":{"start":1766763096332,"stop":1766763096333,"duration":1}},{"uid":"99aa1881238953a","status":"skipped","statusDetails":"Expected condition failed: waiting for project_orangehrm.Base.BasePage$$Lambda/0x00007fa75c346ae0@61359e87 (tried for 10 second(s) with 300 milliseconds interval)","time":{"start":1766763091892,"stop":1766763091892,"duration":0}},{"uid":"2558d5774665cc17","status":"skipped","statusDetails":"Expected condition failed: waiting for project_orangehrm.Base.BasePage$$Lambda/0x00007f9aec3491b0@2313db84 (tried for 10 second(s) with 300 milliseconds interval)","time":{"start":1766763090506,"stop":1766763090507,"duration":1}},{"uid":"2311e8878feddd59","status":"skipped","statusDetails":"Expected condition failed: waiting for project_orangehrm.Base.BasePage$$Lambda/0x00007f2cd03468a8@8b13d91 (tried for 10 second(s) with 300 milliseconds interval)","time":{"start":1766763089416,"stop":1766763089416,"duration":0}},{"uid":"4759c77c71422c70","status":"skipped","statusDetails":"Expected condition failed: waiting for project_orangehrm.Base.BasePage$$Lambda/0x00007fa3e8344bd0@1788cb61 (tried for 10 second(s) with 300 milliseconds interval)","time":{"start":1766763087086,"stop":1766763087087,"duration":1}},{"uid":"94f38da5eb1887bf","status":"skipped","statusDetails":"Expected condition failed: waiting for project_orangehrm.Base.BasePage$$Lambda/0x00007f69143491b0@20a47036 (tried for 10 second(s) with 300 milliseconds interval)","time":{"start":1766762628612,"stop":1766762628612,"duration":0}}],"categories":[],"history":{"statistic":{"failed":0,"broken":1,"skipped":1,"passed":11,"unknown":0,"total":13},"items":[{"uid":"5e87658d2841656c","reportUrl":"https://m1mohammed1.github.io/orangeHRM/23/#testresult/5e87658d2841656c","status":"broken","statusDetails":"Expected condition failed: waiting for element to be clickable: By.xpath: //button[normalize-space()='Add'] (tried for 10 second(s) with 300 milliseconds interval)\nBuild info: version: '4.37.0', revision: '3c1da1e342'\nSystem info: os.name: 'Linux', os.arch: 'amd64', os.version: '6.11.0-1018-azure', java.version: '21.0.9'\nDriver info: driver.version: unknown","time":{"start":1766759021975,"stop":1766759043876,"duration":21901}},{"uid":"2a6e447c11bb8e96","reportUrl":"https://m1mohammed1.github.io/orangeHRM/22/#testresult/2a6e447c11bb8e96","status":"passed","time":{"start":1766705240171,"stop":1766705247694,"duration":7523}},{"uid":"8a395c62b938a82","reportUrl":"https://m1mohammed1.github.io/orangeHRM/20/#testresult/8a395c62b938a82","status":"passed","time":{"start":1766704716543,"stop":1766704724693,"duration":8150}},{"uid":"bf6312ee6e2e60d6","reportUrl":"https://m1mohammed1.github.io/orangeHRM/17/#testresult/bf6312ee6e2e60d6","status":"passed","time":{"start":1766697259269,"stop":1766697267072,"duration":7803}},{"uid":"a26cdc39ace28f04","reportUrl":"https://m1mohammed1.github.io/orangeHRM/16/#testresult/a26cdc39ace28f04","status":"passed","time":{"start":1766631319211,"stop":1766631327510,"duration":8299}},{"uid":"46882810fd78775a","reportUrl":"https://m1mohammed1.github.io/orangeHRM/15/#testresult/46882810fd78775a","status":"passed","time":{"start":1766623463068,"stop":1766623470928,"duration":7860}},{"uid":"6e1e814dcddeddec","reportUrl":"https://m1mohammed1.github.io/orangeHRM/14/#testresult/6e1e814dcddeddec","status":"passed","time":{"start":1766620501708,"stop":1766620509957,"duration":8249}},{"uid":"1f10283c0f2ee4d4","reportUrl":"https://m1mohammed1.github.io/orangeHRM/13/#testresult/1f10283c0f2ee4d4","status":"passed","time":{"start":1766619750713,"stop":1766619758147,"duration":7434}},{"uid":"bd6eaadaed42fbd4","reportUrl":"https://m1mohammed1.github.io/orangeHRM/12/#testresult/bd6eaadaed42fbd4","status":"passed","time":{"start":1766616065069,"stop":1766616072653,"duration":7584}},{"uid":"3197b4169f4cd4ee","reportUrl":"https://m1mohammed1.github.io/orangeHRM/11/#testresult/3197b4169f4cd4ee","status":"passed","time":{"start":1766605354036,"stop":1766605360600,"duration":6564}},{"uid":"d3f81650c87dd9f7","reportUrl":"https://m1mohammed1.github.io/orangeHRM/10/#testresult/d3f81650c87dd9f7","status":"passed","time":{"start":1766597014034,"stop":1766597021548,"duration":7514}},{"uid":"a122ce2cb67a0871","reportUrl":"https://m1mohammed1.github.io/orangeHRM/9/#testresult/a122ce2cb67a0871","status":"passed","time":{"start":1766595687864,"stop":1766595696528,"duration":8664}}]},"tags":[]},"source":"95ac50e76df6f21c.json","parameterValues":["edge"]}