{"uid":"95b2769151b6d87b","name":"TC05 - Verify Education Level Lifecycle: Create","fullName":"project_orangehrm.Test.Admin_Qualifications_Test.verifyEducation_Lifecycle_Success","historyId":"50bf884a2c4b3a675b0daca912bff12f","time":{"start":1766620144166,"stop":1766620165670,"duration":21504},"status":"failed","statusMessage":"Record not found: Master of Science | Locator: By.xpath: //div[@role='row']//div[normalize-space()='Master of Science']","statusTrace":"java.lang.AssertionError: Record not found: Master of Science | Locator: By.xpath: //div[@role='row']//div[normalize-space()='Master of Science']\n\tat org.testng.Assert.fail(Assert.java:111)\n\tat project_orangehrm.Base.BasePage.assertVisible(BasePage.java:38)\n\tat project_orangehrm.Pages.CommonPage.verifyRecordVisible(CommonPage.java:299)\n\tat project_orangehrm.Pages.AdminPage.verifyRecordExists(AdminPage.java:127)\n\tat project_orangehrm.Test.Admin_Qualifications_Test.verifyEducation_Lifecycle_Success(Admin_Qualifications_Test.java:106)\n\tat java.base/jdk.internal.reflect.DirectMethodHandleAccessor.invoke(DirectMethodHandleAccessor.java:103)\n\tat java.base/java.lang.reflect.Method.invoke(Method.java:580)\n\tat org.testng.internal.invokers.MethodInvocationHelper.invokeMethod(MethodInvocationHelper.java:141)\n\tat org.testng.internal.invokers.TestInvoker.invokeMethod(TestInvoker.java:687)\n\tat org.testng.internal.invokers.TestInvoker.invokeTestMethod(TestInvoker.java:230)\n\tat org.testng.internal.invokers.MethodRunner.runInSequence(MethodRunner.java:63)\n\tat org.testng.internal.invokers.TestInvoker$MethodInvocationAgent.invoke(TestInvoker.java:995)\n\tat org.testng.internal.invokers.TestInvoker.invokeTestMethods(TestInvoker.java:203)\n\tat org.testng.internal.invokers.TestMethodWorker.invokeTestMethods(TestMethodWorker.java:154)\n\tat org.testng.internal.invokers.TestMethodWorker.run(TestMethodWorker.java:134)\n\tat java.base/java.util.ArrayList.forEach(ArrayList.java:1596)\n\tat org.testng.TestRunner.privateRun(TestRunner.java:741)\n\tat org.testng.TestRunner.run(TestRunner.java:616)\n\tat org.testng.SuiteRunner.runTest(SuiteRunner.java:421)\n\tat org.testng.SuiteRunner.runSequentially(SuiteRunner.java:413)\n\tat org.testng.SuiteRunner.privateRun(SuiteRunner.java:373)\n\tat org.testng.SuiteRunner.run(SuiteRunner.java:312)\n\tat org.testng.SuiteRunnerWorker.runSuite(SuiteRunnerWorker.java:52)\n\tat org.testng.SuiteRunnerWorker.run(SuiteRunnerWorker.java:95)\n\tat org.testng.TestNG.runSuitesSequentially(TestNG.java:1274)\n\tat org.testng.TestNG.runSuitesLocally(TestNG.java:1208)\n\tat org.testng.TestNG.runSuites(TestNG.java:1112)\n\tat org.testng.TestNG.run(TestNG.java:1079)\n\tat org.apache.maven.surefire.testng.TestNGExecutor.run(TestNGExecutor.java:308)\n\tat org.apache.maven.surefire.testng.TestNGXmlTestSuite.execute(TestNGXmlTestSuite.java:71)\n\tat org.apache.maven.surefire.testng.TestNGProvider.invoke(TestNGProvider.java:113)\n\tat org.apache.maven.surefire.booter.ForkedBooter.runSuitesInProcess(ForkedBooter.java:385)\n\tat org.apache.maven.surefire.booter.ForkedBooter.execute(ForkedBooter.java:162)\n\tat org.apache.maven.surefire.booter.ForkedBooter.run(ForkedBooter.java:507)\n\tat org.apache.maven.surefire.booter.ForkedBooter.main(ForkedBooter.java:495)\n","flaky":true,"newFailed":true,"newBroken":false,"newPassed":false,"retriesCount":2,"retriesStatusChange":true,"beforeStages":[{"name":"setUp","time":{"start":1766620141632,"stop":1766620142386,"duration":754},"description":"","status":"passed","steps":[],"attachments":[],"parameters":[],"stepsCount":0,"shouldDisplayMessage":false,"attachmentsCount":0,"hasContent":false,"attachmentStep":false},{"name":"setup","time":{"start":1766620142387,"stop":1766620144165,"duration":1778},"description":"","status":"passed","steps":[],"attachments":[],"parameters":[],"stepsCount":0,"shouldDisplayMessage":false,"attachmentsCount":0,"hasContent":false,"attachmentStep":false}],"testStage":{"status":"failed","statusMessage":"Record not found: Master of Science | Locator: By.xpath: //div[@role='row']//div[normalize-space()='Master of Science']","statusTrace":"java.lang.AssertionError: Record not found: Master of Science | Locator: By.xpath: //div[@role='row']//div[normalize-space()='Master of Science']\n\tat org.testng.Assert.fail(Assert.java:111)\n\tat project_orangehrm.Base.BasePage.assertVisible(BasePage.java:38)\n\tat project_orangehrm.Pages.CommonPage.verifyRecordVisible(CommonPage.java:299)\n\tat project_orangehrm.Pages.AdminPage.verifyRecordExists(AdminPage.java:127)\n\tat project_orangehrm.Test.Admin_Qualifications_Test.verifyEducation_Lifecycle_Success(Admin_Qualifications_Test.java:106)\n\tat java.base/jdk.internal.reflect.DirectMethodHandleAccessor.invoke(DirectMethodHandleAccessor.java:103)\n\tat java.base/java.lang.reflect.Method.invoke(Method.java:580)\n\tat org.testng.internal.invokers.MethodInvocationHelper.invokeMethod(MethodInvocationHelper.java:141)\n\tat org.testng.internal.invokers.TestInvoker.invokeMethod(TestInvoker.java:687)\n\tat org.testng.internal.invokers.TestInvoker.invokeTestMethod(TestInvoker.java:230)\n\tat org.testng.internal.invokers.MethodRunner.runInSequence(MethodRunner.java:63)\n\tat org.testng.internal.invokers.TestInvoker$MethodInvocationAgent.invoke(TestInvoker.java:995)\n\tat org.testng.internal.invokers.TestInvoker.invokeTestMethods(TestInvoker.java:203)\n\tat org.testng.internal.invokers.TestMethodWorker.invokeTestMethods(TestMethodWorker.java:154)\n\tat org.testng.internal.invokers.TestMethodWorker.run(TestMethodWorker.java:134)\n\tat java.base/java.util.ArrayList.forEach(ArrayList.java:1596)\n\tat org.testng.TestRunner.privateRun(TestRunner.java:741)\n\tat org.testng.TestRunner.run(TestRunner.java:616)\n\tat org.testng.SuiteRunner.runTest(SuiteRunner.java:421)\n\tat org.testng.SuiteRunner.runSequentially(SuiteRunner.java:413)\n\tat org.testng.SuiteRunner.privateRun(SuiteRunner.java:373)\n\tat org.testng.SuiteRunner.run(SuiteRunner.java:312)\n\tat org.testng.SuiteRunnerWorker.runSuite(SuiteRunnerWorker.java:52)\n\tat org.testng.SuiteRunnerWorker.run(SuiteRunnerWorker.java:95)\n\tat org.testng.TestNG.runSuitesSequentially(TestNG.java:1274)\n\tat org.testng.TestNG.runSuitesLocally(TestNG.java:1208)\n\tat org.testng.TestNG.runSuites(TestNG.java:1112)\n\tat org.testng.TestNG.run(TestNG.java:1079)\n\tat org.apache.maven.surefire.testng.TestNGExecutor.run(TestNGExecutor.java:308)\n\tat org.apache.maven.surefire.testng.TestNGXmlTestSuite.execute(TestNGXmlTestSuite.java:71)\n\tat org.apache.maven.surefire.testng.TestNGProvider.invoke(TestNGProvider.java:113)\n\tat org.apache.maven.surefire.booter.ForkedBooter.runSuitesInProcess(ForkedBooter.java:385)\n\tat org.apache.maven.surefire.booter.ForkedBooter.execute(ForkedBooter.java:162)\n\tat org.apache.maven.surefire.booter.ForkedBooter.run(ForkedBooter.java:507)\n\tat org.apache.maven.surefire.booter.ForkedBooter.main(ForkedBooter.java:495)\n","steps":[],"attachments":[{"uid":"1a162db2a7ca8237","name":"SoftAssert_Failed - 2025-12-24T23:49:15.543485115","source":"1a162db2a7ca8237.png","type":"image/png","size":115546},{"uid":"c7ce00335368302a","name":"Page Source","source":"c7ce00335368302a.html","type":"text/html","size":294302}],"parameters":[],"stepsCount":0,"shouldDisplayMessage":true,"attachmentsCount":2,"hasContent":true,"attachmentStep":false},"afterStages":[{"name":"tearDown","time":{"start":1766620165671,"stop":1766620165865,"duration":194},"description":"","status":"passed","steps":[],"attachments":[{"uid":"2c980d221f017a6f","name":"Screenshot Failure - verifyEducation_Lifecycle_Success","source":"2c980d221f017a6f.png","type":"image/png","size":115546},{"uid":"34e943f1a7f891aa","name":"Page Source","source":"34e943f1a7f891aa.html","type":"text/html","size":294302}],"parameters":[],"stepsCount":0,"shouldDisplayMessage":false,"attachmentsCount":2,"hasContent":true,"attachmentStep":false}],"labels":[{"name":"package","value":"project_orangehrm.Test.Admin_Qualifications_Test"},{"name":"testClass","value":"project_orangehrm.Test.Admin_Qualifications_Test"},{"name":"testMethod","value":"verifyEducation_Lifecycle_Success"},{"name":"parentSuite","value":"OrangeHRM_E2E_Suite"},{"name":"suite","value":"Step1_Admin_Foundation"},{"name":"subSuite","value":"project_orangehrm.Test.Admin_Qualifications_Test"},{"name":"host","value":"runnervmh13bl"},{"name":"thread","value":"2279@runnervmh13bl.main(1)"},{"name":"framework","value":"testng"},{"name":"language","value":"java"},{"name":"resultFormat","value":"allure2"}],"parameters":[{"name":"browser","value":"edge"}],"links":[],"hidden":false,"retry":false,"extra":{"severity":"normal","retries":[{"uid":"bf11f1d24c26a74c","status":"passed","time":{"start":1766620057517,"stop":1766620062694,"duration":5177}},{"uid":"eec0d681cedad1e1","status":"failed","statusDetails":"Record not found: Master of Science | Locator: By.xpath: //div[@role='row']//div[normalize-space()='Master of Science']","time":{"start":1766617698034,"stop":1766617719642,"duration":21608}}],"categories":[{"name":"Product defects","matchedStatuses":[],"flaky":false}],"history":{"statistic":{"failed":3,"broken":0,"skipped":0,"passed":2,"unknown":0,"total":5},"items":[{"uid":"92ecbb69d80c5f99","reportUrl":"https://m1mohammed1.github.io/orangeHRM/12/#testresult/92ecbb69d80c5f99","status":"passed","time":{"start":1766616381717,"stop":1766616386910,"duration":5193}},{"uid":"4d9f97bf34cfaa90","reportUrl":"https://m1mohammed1.github.io/orangeHRM/11/#testresult/4d9f97bf34cfaa90","status":"passed","time":{"start":1766605647850,"stop":1766605652675,"duration":4825}},{"uid":"f070b920c160dea1","reportUrl":"https://m1mohammed1.github.io/orangeHRM/10/#testresult/f070b920c160dea1","status":"failed","statusDetails":"Success message not displayed | Locator: By.xpath: //div[contains(@class, 'oxd-toast--success')]","time":{"start":1766597381567,"stop":1766597393017,"duration":11450}},{"uid":"d9b6f131a3363532","reportUrl":"https://m1mohammed1.github.io/orangeHRM/9/#testresult/d9b6f131a3363532","status":"failed","statusDetails":"Success message not displayed | Locator: By.xpath: //div[contains(@class, 'oxd-toast--success')]","time":{"start":1766595739566,"stop":1766595761741,"duration":22175}}]},"tags":[]},"source":"95b2769151b6d87b.json","parameterValues":["edge"]}