{"uid":"97b11d211e075ed","name":"TC02 - Generate Employee Report","fullName":"project_orangehrm.Test.PIM_Reports_Test.verifyReport_Generate_Success","historyId":"aaeb6ae34d18a3b0d97b7a663ce93e64","time":{"start":1766763920156,"stop":1766763920156,"duration":0},"status":"skipped","statusMessage":"Expected condition failed: waiting for project_orangehrm.Base.BasePage$$Lambda/0x00007fd2f83468a8@7ddee5a5 (tried for 10 second(s) with 300 milliseconds interval)","statusTrace":"org.openqa.selenium.TimeoutException: Expected condition failed: waiting for project_orangehrm.Base.BasePage$$Lambda/0x00007fd2f83468a8@7ddee5a5 (tried for 10 second(s) with 300 milliseconds interval)\n\tat org.openqa.selenium.support.ui.FluentWait.timeoutException(FluentWait.java:265)\n\tat org.openqa.selenium.support.ui.FluentWait.until(FluentWait.java:228)\n\tat project_orangehrm.Base.BasePage.typeText(BasePage.java:82)\n\tat project_orangehrm.Pages.LoginPage.enterUsername(LoginPage.java:22)\n\tat project_orangehrm.Test.PIM_Reports_Test.setup(PIM_Reports_Test.java:23)\n\tat java.base/jdk.internal.reflect.DirectMethodHandleAccessor.invoke(DirectMethodHandleAccessor.java:103)\n\tat java.base/java.lang.reflect.Method.invoke(Method.java:580)\n\tat org.testng.internal.invokers.MethodInvocationHelper.invokeMethod(MethodInvocationHelper.java:141)\n\tat org.testng.internal.invokers.MethodInvocationHelper.invokeMethodConsideringTimeout(MethodInvocationHelper.java:71)\n\tat org.testng.internal.invokers.ConfigInvoker.invokeConfigurationMethod(ConfigInvoker.java:400)\n\tat org.testng.internal.invokers.ConfigInvoker.invokeConfigurations(ConfigInvoker.java:333)\n\tat org.testng.internal.invokers.TestInvoker.runConfigMethods(TestInvoker.java:836)\n\tat org.testng.internal.invokers.TestInvoker.invokeMethod(TestInvoker.java:601)\n\tat org.testng.internal.invokers.TestInvoker.invokeTestMethod(TestInvoker.java:230)\n\tat org.testng.internal.invokers.MethodRunner.runInSequence(MethodRunner.java:63)\n\tat org.testng.internal.invokers.TestInvoker$MethodInvocationAgent.invoke(TestInvoker.java:995)\n\tat org.testng.internal.invokers.TestInvoker.invokeTestMethods(TestInvoker.java:203)\n\tat org.testng.internal.invokers.TestMethodWorker.invokeTestMethods(TestMethodWorker.java:154)\n\tat org.testng.internal.invokers.TestMethodWorker.run(TestMethodWorker.java:134)\n\tat java.base/java.util.concurrent.Executors$RunnableAdapter.call(Executors.java:572)\n\tat java.base/java.util.concurrent.FutureTask.run(FutureTask.java:317)\n\tat org.testng.internal.thread.graph.TestNGFutureTask.run(TestNGFutureTask.java:22)\n\tat java.base/java.util.concurrent.ThreadPoolExecutor.runWorker(ThreadPoolExecutor.java:1144)\n\tat java.base/java.util.concurrent.ThreadPoolExecutor$Worker.run(ThreadPoolExecutor.java:642)\n\tat java.base/java.lang.Thread.run(Thread.java:1583)\nCaused by: org.openqa.selenium.NoSuchElementException: no such element: Unable to locate element: {\"method\":\"css selector\",\"selector\":\"input[placeholder='Username']\"}\n  (Session info: chrome=143.0.7499.109)\nFor documentation on this error, please visit: https://www.selenium.dev/documentation/webdriver/troubleshooting/errors#nosuchelementexception\nBuild info: version: '4.37.0', revision: '3c1da1e342'\nSystem info: os.name: 'Linux', os.arch: 'amd64', os.version: '6.11.0-1018-azure', java.version: '21.0.9'\nDriver info: org.openqa.selenium.chrome.ChromeDriver\nCommand: [7bff1e8fefdcae746bfa4bd2aae0e944, findElement {using=css selector, value=input[placeholder='Username']}]\nCapabilities {acceptInsecureCerts: false, browserName: chrome, browserVersion: 143.0.7499.109, chrome: {chromedriverVersion: 143.0.7499.169 (164b20aab62..., userDataDir: /tmp/.org.chromium.Chromium...}, fedcm:accounts: true, goog:chromeOptions: {debuggerAddress: localhost:43139}, goog:processID: 14111, networkConnectionEnabled: false, pageLoadStrategy: normal, platformName: linux, proxy: Proxy(), se:cdp: ws://localhost:43139/devtoo..., se:cdpVersion: 143.0.7499.109, setWindowRect: true, strictFileInteractability: false, timeouts: {implicit: 0, pageLoad: 300000, script: 30000}, unhandledPromptBehavior: dismiss and notify, webauthn:extension:credBlob: true, webauthn:extension:largeBlob: true, webauthn:extension:minPinLength: true, webauthn:extension:prf: true, webauthn:virtualAuthenticators: true}\nSession ID: 7bff1e8fefdcae746bfa4bd2aae0e944\n\tat java.base/jdk.internal.reflect.DirectConstructorHandleAccessor.newInstance(DirectConstructorHandleAccessor.java:62)\n\tat java.base/java.lang.reflect.Constructor.newInstanceWithCaller(Constructor.java:502)\n\tat java.base/java.lang.reflect.Constructor.newInstance(Constructor.java:486)\n\tat org.openqa.selenium.remote.ErrorCodec.decode(ErrorCodec.java:167)\n\tat org.openqa.selenium.remote.codec.w3c.W3CHttpResponseCodec.decode(W3CHttpResponseCodec.java:138)\n\tat org.openqa.selenium.remote.codec.w3c.W3CHttpResponseCodec.decode(W3CHttpResponseCodec.java:50)\n\tat org.openqa.selenium.remote.HttpCommandExecutor.execute(HttpCommandExecutor.java:215)\n\tat org.openqa.selenium.remote.service.DriverCommandExecutor.invokeExecute(DriverCommandExecutor.java:216)\n\tat org.openqa.selenium.remote.service.DriverCommandExecutor.execute(DriverCommandExecutor.java:174)\n\tat org.openqa.selenium.remote.RemoteWebDriver.execute(RemoteWebDriver.java:557)\n\tat org.openqa.selenium.remote.ElementLocation$ElementFinder$2.findElement(ElementLocation.java:165)\n\tat org.openqa.selenium.remote.ElementLocation.findElement(ElementLocation.java:59)\n\tat org.openqa.selenium.remote.RemoteWebDriver.findElement(RemoteWebDriver.java:380)\n\tat org.openqa.selenium.remote.RemoteWebDriver.findElement(RemoteWebDriver.java:374)\n\tat project_orangehrm.Base.BasePage.lambda$typeText$0(BasePage.java:83)\n\tat org.openqa.selenium.support.ui.FluentWait.until(FluentWait.java:203)\n\t... 23 more\n","flaky":false,"newFailed":false,"newBroken":false,"newPassed":false,"retriesCount":15,"retriesStatusChange":false,"beforeStages":[{"name":"setUp","time":{"start":1766763920155,"stop":1766763920155,"duration":0},"description":"","status":"broken","steps":[],"attachments":[],"parameters":[],"stepsCount":0,"shouldDisplayMessage":false,"attachmentsCount":0,"hasContent":false,"attachmentStep":false},{"name":"setup","time":{"start":1766763920155,"stop":1766763920155,"duration":0},"description":"","status":"broken","steps":[],"attachments":[],"parameters":[],"stepsCount":0,"shouldDisplayMessage":false,"attachmentsCount":0,"hasContent":false,"attachmentStep":false}],"afterStages":[{"name":"tearDown","time":{"start":1766763920156,"stop":1766763920156,"duration":0},"description":"","status":"broken","steps":[],"attachments":[],"parameters":[],"stepsCount":0,"shouldDisplayMessage":false,"attachmentsCount":0,"hasContent":false,"attachmentStep":false}],"labels":[{"name":"package","value":"project_orangehrm.Test.PIM_Reports_Test"},{"name":"testClass","value":"project_orangehrm.Test.PIM_Reports_Test"},{"name":"testMethod","value":"verifyReport_Generate_Success"},{"name":"parentSuite","value":"OrangeHRM_Strategic_Suite"},{"name":"suite","value":"Step5_Perf_Reports"},{"name":"subSuite","value":"project_orangehrm.Test.PIM_Reports_Test"},{"name":"host","value":"runnervmh13bl"},{"name":"thread","value":"2331@runnervmh13bl.TestNG-test-Step5_Perf_Reports-1(610)"},{"name":"framework","value":"testng"},{"name":"language","value":"java"},{"name":"resultFormat","value":"allure2"}],"parameters":[{"name":"browser","value":"edge"}],"links":[],"hidden":false,"retry":false,"extra":{"severity":"normal","retries":[{"uid":"8d1da94ec85a045","status":"skipped","statusDetails":"Expected condition failed: waiting for project_orangehrm.Base.BasePage$$Lambda/0x00007f8ca0346ae0@7d281980 (tried for 10 second(s) with 300 milliseconds interval)","time":{"start":1766763910756,"stop":1766763910756,"duration":0}},{"uid":"b005692760d3981b","status":"skipped","statusDetails":"Expected condition failed: waiting for project_orangehrm.Base.BasePage$$Lambda/0x00007f05643468a8@5d383954 (tried for 10 second(s) with 300 milliseconds interval)","time":{"start":1766763908388,"stop":1766763908388,"duration":0}},{"uid":"a458da509d9235bf","status":"skipped","statusDetails":"Expected condition failed: waiting for project_orangehrm.Base.BasePage$$Lambda/0x00007f7b283468a8@3270b26a (tried for 10 second(s) with 300 milliseconds interval)","time":{"start":1766763907033,"stop":1766763907033,"duration":0}},{"uid":"ac7591efcda5c267","status":"skipped","statusDetails":"Expected condition failed: waiting for project_orangehrm.Base.BasePage$$Lambda/0x00007f047c3491b0@27b2e318 (tried for 10 second(s) with 300 milliseconds interval)","time":{"start":1766763888779,"stop":1766763888779,"duration":0}},{"uid":"d210734ce8770a0","status":"skipped","statusDetails":"Expected condition failed: waiting for project_orangehrm.Base.BasePage$$Lambda/0x00007fc4a83491b0@3914b9dc (tried for 10 second(s) with 300 milliseconds interval)","time":{"start":1766763422815,"stop":1766763422815,"duration":0}},{"uid":"1241e5b03e07564d","status":"skipped","statusDetails":"Expected condition failed: waiting for project_orangehrm.Base.BasePage$$Lambda/0x00007f57e03491b0@63b539e (tried for 10 second(s) with 300 milliseconds interval)","time":{"start":1766763413443,"stop":1766763413443,"duration":0}},{"uid":"af3d3bc9b22e35e1","status":"skipped","statusDetails":"Expected condition failed: waiting for project_orangehrm.Base.BasePage$$Lambda/0x00007ff86c3491b0@7d281980 (tried for 10 second(s) with 300 milliseconds interval)","time":{"start":1766763408214,"stop":1766763408214,"duration":0}},{"uid":"9a57f2a1a11ae1c8","status":"skipped","statusDetails":"Expected condition failed: waiting for project_orangehrm.Base.BasePage$$Lambda/0x00007f4a303491b0@3bcf431a (tried for 10 second(s) with 300 milliseconds interval)","time":{"start":1766763406610,"stop":1766763406610,"duration":0}},{"uid":"cb14c6bece66738e","status":"skipped","statusDetails":"Expected condition failed: waiting for project_orangehrm.Base.BasePage$$Lambda/0x00007f4d003491b0@25d26514 (tried for 10 second(s) with 300 milliseconds interval)","time":{"start":1766763402641,"stop":1766763402641,"duration":0}},{"uid":"4b7d97daad3130f8","status":"skipped","statusDetails":"Expected condition failed: waiting for project_orangehrm.Base.BasePage$$Lambda/0x00007f13b0346ae0@792f3fae (tried for 10 second(s) with 300 milliseconds interval)","time":{"start":1766763392469,"stop":1766763392469,"duration":0}},{"uid":"ba5f038b249e2f3d","status":"skipped","statusDetails":"Expected condition failed: waiting for project_orangehrm.Base.BasePage$$Lambda/0x00007fa3e8344bd0@50e04c2b (tried for 10 second(s) with 300 milliseconds interval)","time":{"start":1766763392246,"stop":1766763392246,"duration":0}},{"uid":"b01e00a42074ece4","status":"skipped","statusDetails":"Expected condition failed: waiting for project_orangehrm.Base.BasePage$$Lambda/0x00007fa75c346ae0@12c2146c (tried for 10 second(s) with 300 milliseconds interval)","time":{"start":1766763388688,"stop":1766763388689,"duration":1}},{"uid":"519e7ace09c2d963","status":"skipped","statusDetails":"Expected condition failed: waiting for project_orangehrm.Base.BasePage$$Lambda/0x00007f9aec3491b0@25d26514 (tried for 10 second(s) with 300 milliseconds interval)","time":{"start":1766763384386,"stop":1766763384386,"duration":0}},{"uid":"11a46cf542ea9106","status":"skipped","statusDetails":"Expected condition failed: waiting for project_orangehrm.Base.BasePage$$Lambda/0x00007f2cd03468a8@1c721e25 (tried for 10 second(s) with 300 milliseconds interval)","time":{"start":1766763383154,"stop":1766763383154,"duration":0}},{"uid":"ec6c798d273efce","status":"skipped","statusDetails":"Expected condition failed: waiting for project_orangehrm.Base.BasePage$$Lambda/0x00007f69143491b0@6a4b7c7a (tried for 10 second(s) with 300 milliseconds interval)","time":{"start":1766762922739,"stop":1766762922739,"duration":0}}],"categories":[],"history":{"statistic":{"failed":6,"broken":0,"skipped":1,"passed":0,"unknown":0,"total":7},"items":[{"uid":"86ac9a818df78df1","reportUrl":"https://m1mohammed1.github.io/orangeHRM/23/#testresult/86ac9a818df78df1","status":"failed","statusDetails":"Search filter not visible | Locator: By.cssSelector: .oxd-table-filter","time":{"start":1766762045350,"stop":1766762058010,"duration":12660}},{"uid":"200e0c153eba5e6c","reportUrl":"https://m1mohammed1.github.io/orangeHRM/22/#testresult/200e0c153eba5e6c","status":"failed","statusDetails":"Search filter not visible | Locator: By.cssSelector: .oxd-table-filter","time":{"start":1766706939686,"stop":1766706952109,"duration":12423}},{"uid":"b992e86586b12d61","reportUrl":"https://m1mohammed1.github.io/orangeHRM/17/#testresult/b992e86586b12d61","status":"failed","statusDetails":"Search filter not visible | Locator: By.cssSelector: .oxd-table-filter","time":{"start":1766696726266,"stop":1766696739069,"duration":12803}},{"uid":"39383fcb316aeca7","reportUrl":"https://m1mohammed1.github.io/orangeHRM/16/#testresult/39383fcb316aeca7","status":"failed","statusDetails":"Search filter not visible | Locator: By.cssSelector: .oxd-table-filter","time":{"start":1766630829559,"stop":1766630842291,"duration":12732}},{"uid":"f7af78ddc3f22874","reportUrl":"https://m1mohammed1.github.io/orangeHRM/15/#testresult/f7af78ddc3f22874","status":"failed","statusDetails":"Search filter not visible | Locator: By.cssSelector: .oxd-table-filter","time":{"start":1766623089700,"stop":1766623102407,"duration":12707}},{"uid":"d7258dd720852417","reportUrl":"https://m1mohammed1.github.io/orangeHRM/13/#testresult/d7258dd720852417","status":"failed","statusDetails":"Search filter not visible | Locator: By.cssSelector: .oxd-table-filter","time":{"start":1766619411939,"stop":1766619424321,"duration":12382}}]},"tags":[]},"source":"97b11d211e075ed.json","parameterValues":["edge"]}