{"uid":"97fae0c3515b82d5","name":"TC02 - Verify Add Candidate Validation","fullName":"project_orangehrm.Test.Recruitment_CandidateWorkflow_Test.verifyCandidate_Add_Validation","historyId":"a489faa7a3a01b39f3fa1284ed390bf2","time":{"start":1766763722367,"stop":1766763722367,"duration":0},"status":"skipped","statusMessage":"Expected condition failed: waiting for project_orangehrm.Base.BasePage$$Lambda/0x00007fd2f83468a8@3348c987 (tried for 10 second(s) with 300 milliseconds interval)","statusTrace":"org.openqa.selenium.TimeoutException: Expected condition failed: waiting for project_orangehrm.Base.BasePage$$Lambda/0x00007fd2f83468a8@3348c987 (tried for 10 second(s) with 300 milliseconds interval)\n\tat org.openqa.selenium.support.ui.FluentWait.timeoutException(FluentWait.java:265)\n\tat org.openqa.selenium.support.ui.FluentWait.until(FluentWait.java:228)\n\tat project_orangehrm.Base.BasePage.typeText(BasePage.java:82)\n\tat project_orangehrm.Pages.LoginPage.enterUsername(LoginPage.java:22)\n\tat project_orangehrm.Test.Recruitment_CandidateWorkflow_Test.setup(Recruitment_CandidateWorkflow_Test.java:23)\n\tat java.base/jdk.internal.reflect.DirectMethodHandleAccessor.invoke(DirectMethodHandleAccessor.java:103)\n\tat java.base/java.lang.reflect.Method.invoke(Method.java:580)\n\tat org.testng.internal.invokers.MethodInvocationHelper.invokeMethod(MethodInvocationHelper.java:141)\n\tat org.testng.internal.invokers.MethodInvocationHelper.invokeMethodConsideringTimeout(MethodInvocationHelper.java:71)\n\tat org.testng.internal.invokers.ConfigInvoker.invokeConfigurationMethod(ConfigInvoker.java:400)\n\tat org.testng.internal.invokers.ConfigInvoker.invokeConfigurations(ConfigInvoker.java:333)\n\tat org.testng.internal.invokers.TestInvoker.runConfigMethods(TestInvoker.java:836)\n\tat org.testng.internal.invokers.TestInvoker.invokeMethod(TestInvoker.java:601)\n\tat org.testng.internal.invokers.TestInvoker.invokeTestMethod(TestInvoker.java:230)\n\tat org.testng.internal.invokers.MethodRunner.runInSequence(MethodRunner.java:63)\n\tat org.testng.internal.invokers.TestInvoker$MethodInvocationAgent.invoke(TestInvoker.java:995)\n\tat org.testng.internal.invokers.TestInvoker.invokeTestMethods(TestInvoker.java:203)\n\tat org.testng.internal.invokers.TestMethodWorker.invokeTestMethods(TestMethodWorker.java:154)\n\tat org.testng.internal.invokers.TestMethodWorker.run(TestMethodWorker.java:134)\n\tat java.base/java.util.ArrayList.forEach(ArrayList.java:1596)\n\tat org.testng.TestRunner.privateRun(TestRunner.java:741)\n\tat org.testng.TestRunner.run(TestRunner.java:616)\n\tat org.testng.SuiteRunner.runTest(SuiteRunner.java:421)\n\tat org.testng.SuiteRunner.runSequentially(SuiteRunner.java:413)\n\tat org.testng.SuiteRunner.privateRun(SuiteRunner.java:373)\n\tat org.testng.SuiteRunner.run(SuiteRunner.java:312)\n\tat org.testng.SuiteRunnerWorker.runSuite(SuiteRunnerWorker.java:52)\n\tat org.testng.SuiteRunnerWorker.run(SuiteRunnerWorker.java:95)\n\tat org.testng.TestNG.runSuitesSequentially(TestNG.java:1274)\n\tat org.testng.TestNG.runSuitesLocally(TestNG.java:1208)\n\tat org.testng.TestNG.runSuites(TestNG.java:1112)\n\tat org.testng.TestNG.run(TestNG.java:1079)\n\tat org.apache.maven.surefire.testng.TestNGExecutor.run(TestNGExecutor.java:308)\n\tat org.apache.maven.surefire.testng.TestNGXmlTestSuite.execute(TestNGXmlTestSuite.java:71)\n\tat org.apache.maven.surefire.testng.TestNGProvider.invoke(TestNGProvider.java:113)\n\tat org.apache.maven.surefire.booter.ForkedBooter.runSuitesInProcess(ForkedBooter.java:385)\n\tat org.apache.maven.surefire.booter.ForkedBooter.execute(ForkedBooter.java:162)\n\tat org.apache.maven.surefire.booter.ForkedBooter.run(ForkedBooter.java:507)\n\tat org.apache.maven.surefire.booter.ForkedBooter.main(ForkedBooter.java:495)\nCaused by: org.openqa.selenium.NoSuchElementException: no such element: Unable to locate element: {\"method\":\"css selector\",\"selector\":\"input[placeholder='Username']\"}\n  (Session info: chrome=143.0.7499.109)\nFor documentation on this error, please visit: https://www.selenium.dev/documentation/webdriver/troubleshooting/errors#nosuchelementexception\nBuild info: version: '4.37.0', revision: '3c1da1e342'\nSystem info: os.name: 'Linux', os.arch: 'amd64', os.version: '6.11.0-1018-azure', java.version: '21.0.9'\nDriver info: org.openqa.selenium.chrome.ChromeDriver\nCommand: [b6361033c91ba1d305db744de24d9b30, findElement {using=css selector, value=input[placeholder='Username']}]\nCapabilities {acceptInsecureCerts: false, browserName: chrome, browserVersion: 143.0.7499.109, chrome: {chromedriverVersion: 143.0.7499.169 (164b20aab62..., userDataDir: /tmp/.org.chromium.Chromium...}, fedcm:accounts: true, goog:chromeOptions: {debuggerAddress: localhost:40577}, goog:processID: 6213, networkConnectionEnabled: false, pageLoadStrategy: normal, platformName: linux, proxy: Proxy(), se:cdp: ws://localhost:40577/devtoo..., se:cdpVersion: 143.0.7499.109, setWindowRect: true, strictFileInteractability: false, timeouts: {implicit: 0, pageLoad: 300000, script: 30000}, unhandledPromptBehavior: dismiss and notify, webauthn:extension:credBlob: true, webauthn:extension:largeBlob: true, webauthn:extension:minPinLength: true, webauthn:extension:prf: true, webauthn:virtualAuthenticators: true}\nSession ID: b6361033c91ba1d305db744de24d9b30\n\tat java.base/jdk.internal.reflect.DirectConstructorHandleAccessor.newInstance(DirectConstructorHandleAccessor.java:62)\n\tat java.base/java.lang.reflect.Constructor.newInstanceWithCaller(Constructor.java:502)\n\tat java.base/java.lang.reflect.Constructor.newInstance(Constructor.java:486)\n\tat org.openqa.selenium.remote.ErrorCodec.decode(ErrorCodec.java:167)\n\tat org.openqa.selenium.remote.codec.w3c.W3CHttpResponseCodec.decode(W3CHttpResponseCodec.java:138)\n\tat org.openqa.selenium.remote.codec.w3c.W3CHttpResponseCodec.decode(W3CHttpResponseCodec.java:50)\n\tat org.openqa.selenium.remote.HttpCommandExecutor.execute(HttpCommandExecutor.java:215)\n\tat org.openqa.selenium.remote.service.DriverCommandExecutor.invokeExecute(DriverCommandExecutor.java:216)\n\tat org.openqa.selenium.remote.service.DriverCommandExecutor.execute(DriverCommandExecutor.java:174)\n\tat org.openqa.selenium.remote.RemoteWebDriver.execute(RemoteWebDriver.java:557)\n\tat org.openqa.selenium.remote.ElementLocation$ElementFinder$2.findElement(ElementLocation.java:165)\n\tat org.openqa.selenium.remote.ElementLocation.findElement(ElementLocation.java:59)\n\tat org.openqa.selenium.remote.RemoteWebDriver.findElement(RemoteWebDriver.java:380)\n\tat org.openqa.selenium.remote.RemoteWebDriver.findElement(RemoteWebDriver.java:374)\n\tat project_orangehrm.Base.BasePage.lambda$typeText$0(BasePage.java:83)\n\tat org.openqa.selenium.support.ui.FluentWait.until(FluentWait.java:203)\n\t... 37 more\n","flaky":false,"newFailed":false,"newBroken":false,"newPassed":false,"retriesCount":15,"retriesStatusChange":false,"beforeStages":[{"name":"setup","time":{"start":1766763722366,"stop":1766763722366,"duration":0},"description":"","status":"broken","steps":[],"attachments":[],"parameters":[],"stepsCount":0,"shouldDisplayMessage":false,"attachmentsCount":0,"hasContent":false,"attachmentStep":false},{"name":"setUp","time":{"start":1766763722366,"stop":1766763722366,"duration":0},"description":"","status":"broken","steps":[],"attachments":[],"parameters":[],"stepsCount":0,"shouldDisplayMessage":false,"attachmentsCount":0,"hasContent":false,"attachmentStep":false}],"afterStages":[{"name":"tearDown","time":{"start":1766763722367,"stop":1766763722367,"duration":0},"description":"","status":"broken","steps":[],"attachments":[],"parameters":[],"stepsCount":0,"shouldDisplayMessage":false,"attachmentsCount":0,"hasContent":false,"attachmentStep":false}],"labels":[{"name":"package","value":"project_orangehrm.Test.Recruitment_CandidateWorkflow_Test"},{"name":"testClass","value":"project_orangehrm.Test.Recruitment_CandidateWorkflow_Test"},{"name":"testMethod","value":"verifyCandidate_Add_Validation"},{"name":"parentSuite","value":"OrangeHRM_Strategic_Suite"},{"name":"suite","value":"Step3_Recruitment"},{"name":"subSuite","value":"project_orangehrm.Test.Recruitment_CandidateWorkflow_Test"},{"name":"host","value":"runnervmh13bl"},{"name":"thread","value":"2331@runnervmh13bl.main(1)"},{"name":"framework","value":"testng"},{"name":"language","value":"java"},{"name":"resultFormat","value":"allure2"}],"parameters":[{"name":"browser","value":"edge"}],"links":[],"hidden":false,"retry":false,"extra":{"severity":"normal","retries":[{"uid":"97382a59741f24c2","status":"skipped","statusDetails":"Expected condition failed: waiting for project_orangehrm.Base.BasePage$$Lambda/0x00007f8ca0346ae0@75d97e18 (tried for 10 second(s) with 300 milliseconds interval)","time":{"start":1766763714611,"stop":1766763714611,"duration":0}},{"uid":"8b036c1db07cd862","status":"skipped","statusDetails":"Expected condition failed: waiting for project_orangehrm.Base.BasePage$$Lambda/0x00007f05643468a8@606b53a3 (tried for 10 second(s) with 300 milliseconds interval)","time":{"start":1766763710974,"stop":1766763710974,"duration":0}},{"uid":"6aadd70d2128200","status":"skipped","statusDetails":"Expected condition failed: waiting for project_orangehrm.Base.BasePage$$Lambda/0x00007f7b283468a8@7540160e (tried for 10 second(s) with 300 milliseconds interval)","time":{"start":1766763710476,"stop":1766763710476,"duration":0}},{"uid":"8acf47d9676ee75","status":"skipped","statusDetails":"Expected condition failed: waiting for project_orangehrm.Base.BasePage$$Lambda/0x00007f047c3491b0@31b741e2 (tried for 10 second(s) with 300 milliseconds interval)","time":{"start":1766763702879,"stop":1766763702879,"duration":0}},{"uid":"34d5bc3cb005bf3a","status":"skipped","statusDetails":"Expected condition failed: waiting for project_orangehrm.Base.BasePage$$Lambda/0x00007fc4a83491b0@5a8dcfbb (tried for 10 second(s) with 300 milliseconds interval)","time":{"start":1766763226154,"stop":1766763226154,"duration":0}},{"uid":"a5f3818ef874b2a9","status":"skipped","statusDetails":"Expected condition failed: waiting for project_orangehrm.Base.BasePage$$Lambda/0x00007f57e03491b0@674aa626 (tried for 10 second(s) with 300 milliseconds interval)","time":{"start":1766763216372,"stop":1766763216372,"duration":0}},{"uid":"685483b9404061ed","status":"skipped","statusDetails":"Expected condition failed: waiting for project_orangehrm.Base.BasePage$$Lambda/0x00007f4d003491b0@5597ca3 (tried for 10 second(s) with 300 milliseconds interval)","time":{"start":1766763215147,"stop":1766763215147,"duration":0}},{"uid":"37f8fd8b11916951","status":"skipped","statusDetails":"Expected condition failed: waiting for project_orangehrm.Base.BasePage$$Lambda/0x00007f4a303491b0@6d3163a6 (tried for 10 second(s) with 300 milliseconds interval)","time":{"start":1766763211670,"stop":1766763211670,"duration":0}},{"uid":"8f1caca412b471b3","status":"skipped","statusDetails":"Expected condition failed: waiting for project_orangehrm.Base.BasePage$$Lambda/0x00007ff86c3491b0@14e3d439 (tried for 10 second(s) with 300 milliseconds interval)","time":{"start":1766763211220,"stop":1766763211220,"duration":0}},{"uid":"2cf9aca4a458be8","status":"skipped","statusDetails":"Expected condition failed: waiting for project_orangehrm.Base.BasePage$$Lambda/0x00007f13b0346ae0@37bda983 (tried for 10 second(s) with 300 milliseconds interval)","time":{"start":1766763206874,"stop":1766763206874,"duration":0}},{"uid":"2a70350574648d80","status":"skipped","statusDetails":"Expected condition failed: waiting for project_orangehrm.Base.BasePage$$Lambda/0x00007fa75c346ae0@573a078 (tried for 10 second(s) with 300 milliseconds interval)","time":{"start":1766763201275,"stop":1766763201275,"duration":0}},{"uid":"d1222bae297d8342","status":"skipped","statusDetails":"Expected condition failed: waiting for project_orangehrm.Base.BasePage$$Lambda/0x00007fa3e8344bd0@1d55dd21 (tried for 10 second(s) with 300 milliseconds interval)","time":{"start":1766763199564,"stop":1766763199564,"duration":0}},{"uid":"32a77f5ef0b980e","status":"skipped","statusDetails":"Expected condition failed: waiting for project_orangehrm.Base.BasePage$$Lambda/0x00007f9aec3491b0@71039ce1 (tried for 10 second(s) with 300 milliseconds interval)","time":{"start":1766763198849,"stop":1766763198849,"duration":0}},{"uid":"402a726b5916e643","status":"skipped","statusDetails":"Expected condition failed: waiting for project_orangehrm.Base.BasePage$$Lambda/0x00007f2cd03468a8@67a0ff25 (tried for 10 second(s) with 300 milliseconds interval)","time":{"start":1766763197574,"stop":1766763197574,"duration":0}},{"uid":"505f13ab68705719","status":"skipped","statusDetails":"Expected condition failed: waiting for project_orangehrm.Base.BasePage$$Lambda/0x00007f69143491b0@a1b7549 (tried for 10 second(s) with 300 milliseconds interval)","time":{"start":1766762737027,"stop":1766762737027,"duration":0}}],"categories":[],"history":{"statistic":{"failed":4,"broken":0,"skipped":1,"passed":2,"unknown":0,"total":7},"items":[{"uid":"e69b9be7394cfb21","reportUrl":"https://m1mohammed1.github.io/orangeHRM/23/#testresult/e69b9be7394cfb21","status":"passed","time":{"start":1766760498606,"stop":1766760500290,"duration":1684}},{"uid":"990ada51a2936add","reportUrl":"https://m1mohammed1.github.io/orangeHRM/22/#testresult/990ada51a2936add","status":"passed","time":{"start":1766706310287,"stop":1766706311682,"duration":1395}},{"uid":"b7f24a490faaac4c","reportUrl":"https://m1mohammed1.github.io/orangeHRM/17/#testresult/b7f24a490faaac4c","status":"failed","statusDetails":"Field error not displayed for: First Name | Locator: By.xpath: //label[normalize-space()='First Name']/ancestor::div[contains(@class,'oxd-input-group')]//span","time":{"start":1766698394590,"stop":1766698406117,"duration":11527}},{"uid":"7c631c56b60fd9ed","reportUrl":"https://m1mohammed1.github.io/orangeHRM/16/#testresult/7c631c56b60fd9ed","status":"failed","statusDetails":"Field error not displayed for: First Name | Locator: By.xpath: //label[normalize-space()='First Name']/ancestor::div[contains(@class,'oxd-input-group')]//span","time":{"start":1766630117459,"stop":1766630128931,"duration":11472}},{"uid":"dd43a2a1bbd55235","reportUrl":"https://m1mohammed1.github.io/orangeHRM/15/#testresult/dd43a2a1bbd55235","status":"failed","statusDetails":"Field error not displayed for: First Name | Locator: By.xpath: //label[normalize-space()='First Name']/ancestor::div[contains(@class,'oxd-input-group')]//span","time":{"start":1766624953682,"stop":1766624965224,"duration":11542}},{"uid":"d348435cb6b28dcb","reportUrl":"https://m1mohammed1.github.io/orangeHRM/13/#testresult/d348435cb6b28dcb","status":"failed","statusDetails":"Field error not displayed for: First Name | Locator: By.xpath: //label[normalize-space()='First Name']/ancestor::div[contains(@class,'oxd-input-group')]//span","time":{"start":1766618735521,"stop":1766618747091,"duration":11570}}]},"tags":[]},"source":"97fae0c3515b82d5.json","parameterValues":["edge"]}