{"uid":"9bdebc170b5a53fd","name":"TC06 - Verify Language Packages Lifecycle: Add, Verify, Delete","fullName":"project_orangehrm.Test.Admin_Configuration_Test.verifyLanguagePackages_Lifecycle_Success","historyId":"9ef34c7b1e376f2f615d39177277f322","time":{"start":1766763641732,"stop":1766763641732,"duration":0},"status":"skipped","statusMessage":"Expected condition failed: waiting for project_orangehrm.Base.BasePage$$Lambda/0x00007fd2f83468a8@250967f1 (tried for 10 second(s) with 300 milliseconds interval)","statusTrace":"org.openqa.selenium.TimeoutException: Expected condition failed: waiting for project_orangehrm.Base.BasePage$$Lambda/0x00007fd2f83468a8@250967f1 (tried for 10 second(s) with 300 milliseconds interval)\n\tat org.openqa.selenium.support.ui.FluentWait.timeoutException(FluentWait.java:265)\n\tat org.openqa.selenium.support.ui.FluentWait.until(FluentWait.java:228)\n\tat project_orangehrm.Base.BasePage.typeText(BasePage.java:82)\n\tat project_orangehrm.Pages.LoginPage.enterUsername(LoginPage.java:22)\n\tat project_orangehrm.Test.Admin_Configuration_Test.setup(Admin_Configuration_Test.java:22)\n\tat java.base/jdk.internal.reflect.DirectMethodHandleAccessor.invoke(DirectMethodHandleAccessor.java:103)\n\tat java.base/java.lang.reflect.Method.invoke(Method.java:580)\n\tat org.testng.internal.invokers.MethodInvocationHelper.invokeMethod(MethodInvocationHelper.java:141)\n\tat org.testng.internal.invokers.MethodInvocationHelper.invokeMethodConsideringTimeout(MethodInvocationHelper.java:71)\n\tat org.testng.internal.invokers.ConfigInvoker.invokeConfigurationMethod(ConfigInvoker.java:400)\n\tat org.testng.internal.invokers.ConfigInvoker.invokeConfigurations(ConfigInvoker.java:333)\n\tat org.testng.internal.invokers.TestInvoker.runConfigMethods(TestInvoker.java:836)\n\tat org.testng.internal.invokers.TestInvoker.invokeMethod(TestInvoker.java:601)\n\tat org.testng.internal.invokers.TestInvoker.invokeTestMethod(TestInvoker.java:230)\n\tat org.testng.internal.invokers.MethodRunner.runInSequence(MethodRunner.java:63)\n\tat org.testng.internal.invokers.TestInvoker$MethodInvocationAgent.invoke(TestInvoker.java:995)\n\tat org.testng.internal.invokers.TestInvoker.invokeTestMethods(TestInvoker.java:203)\n\tat org.testng.internal.invokers.TestMethodWorker.invokeTestMethods(TestMethodWorker.java:154)\n\tat org.testng.internal.invokers.TestMethodWorker.run(TestMethodWorker.java:134)\n\tat java.base/java.util.ArrayList.forEach(ArrayList.java:1596)\n\tat org.testng.TestRunner.privateRun(TestRunner.java:741)\n\tat org.testng.TestRunner.run(TestRunner.java:616)\n\tat org.testng.SuiteRunner.runTest(SuiteRunner.java:421)\n\tat org.testng.SuiteRunner.runSequentially(SuiteRunner.java:413)\n\tat org.testng.SuiteRunner.privateRun(SuiteRunner.java:373)\n\tat org.testng.SuiteRunner.run(SuiteRunner.java:312)\n\tat org.testng.SuiteRunnerWorker.runSuite(SuiteRunnerWorker.java:52)\n\tat org.testng.SuiteRunnerWorker.run(SuiteRunnerWorker.java:95)\n\tat org.testng.TestNG.runSuitesSequentially(TestNG.java:1274)\n\tat org.testng.TestNG.runSuitesLocally(TestNG.java:1208)\n\tat org.testng.TestNG.runSuites(TestNG.java:1112)\n\tat org.testng.TestNG.run(TestNG.java:1079)\n\tat org.apache.maven.surefire.testng.TestNGExecutor.run(TestNGExecutor.java:308)\n\tat org.apache.maven.surefire.testng.TestNGXmlTestSuite.execute(TestNGXmlTestSuite.java:71)\n\tat org.apache.maven.surefire.testng.TestNGProvider.invoke(TestNGProvider.java:113)\n\tat org.apache.maven.surefire.booter.ForkedBooter.runSuitesInProcess(ForkedBooter.java:385)\n\tat org.apache.maven.surefire.booter.ForkedBooter.execute(ForkedBooter.java:162)\n\tat org.apache.maven.surefire.booter.ForkedBooter.run(ForkedBooter.java:507)\n\tat org.apache.maven.surefire.booter.ForkedBooter.main(ForkedBooter.java:495)\nCaused by: org.openqa.selenium.NoSuchElementException: no such element: Unable to locate element: {\"method\":\"css selector\",\"selector\":\"input[placeholder='Username']\"}\n  (Session info: chrome=143.0.7499.109)\nFor documentation on this error, please visit: https://www.selenium.dev/documentation/webdriver/troubleshooting/errors#nosuchelementexception\nBuild info: version: '4.37.0', revision: '3c1da1e342'\nSystem info: os.name: 'Linux', os.arch: 'amd64', os.version: '6.11.0-1018-azure', java.version: '21.0.9'\nDriver info: org.openqa.selenium.chrome.ChromeDriver\nCommand: [cf23540fe8f9e5e83c1e37205dbb8ef3, findElement {using=css selector, value=input[placeholder='Username']}]\nCapabilities {acceptInsecureCerts: false, browserName: chrome, browserVersion: 143.0.7499.109, chrome: {chromedriverVersion: 143.0.7499.169 (164b20aab62..., userDataDir: /tmp/.org.chromium.Chromium...}, fedcm:accounts: true, goog:chromeOptions: {debuggerAddress: localhost:36405}, goog:processID: 3759, networkConnectionEnabled: false, pageLoadStrategy: normal, platformName: linux, proxy: Proxy(), se:cdp: ws://localhost:36405/devtoo..., se:cdpVersion: 143.0.7499.109, setWindowRect: true, strictFileInteractability: false, timeouts: {implicit: 0, pageLoad: 300000, script: 30000}, unhandledPromptBehavior: dismiss and notify, webauthn:extension:credBlob: true, webauthn:extension:largeBlob: true, webauthn:extension:minPinLength: true, webauthn:extension:prf: true, webauthn:virtualAuthenticators: true}\nSession ID: cf23540fe8f9e5e83c1e37205dbb8ef3\n\tat java.base/jdk.internal.reflect.DirectConstructorHandleAccessor.newInstance(DirectConstructorHandleAccessor.java:62)\n\tat java.base/java.lang.reflect.Constructor.newInstanceWithCaller(Constructor.java:502)\n\tat java.base/java.lang.reflect.Constructor.newInstance(Constructor.java:486)\n\tat org.openqa.selenium.remote.ErrorCodec.decode(ErrorCodec.java:167)\n\tat org.openqa.selenium.remote.codec.w3c.W3CHttpResponseCodec.decode(W3CHttpResponseCodec.java:138)\n\tat org.openqa.selenium.remote.codec.w3c.W3CHttpResponseCodec.decode(W3CHttpResponseCodec.java:50)\n\tat org.openqa.selenium.remote.HttpCommandExecutor.execute(HttpCommandExecutor.java:215)\n\tat org.openqa.selenium.remote.service.DriverCommandExecutor.invokeExecute(DriverCommandExecutor.java:216)\n\tat org.openqa.selenium.remote.service.DriverCommandExecutor.execute(DriverCommandExecutor.java:174)\n\tat org.openqa.selenium.remote.RemoteWebDriver.execute(RemoteWebDriver.java:557)\n\tat org.openqa.selenium.remote.ElementLocation$ElementFinder$2.findElement(ElementLocation.java:165)\n\tat org.openqa.selenium.remote.ElementLocation.findElement(ElementLocation.java:59)\n\tat org.openqa.selenium.remote.RemoteWebDriver.findElement(RemoteWebDriver.java:380)\n\tat org.openqa.selenium.remote.RemoteWebDriver.findElement(RemoteWebDriver.java:374)\n\tat project_orangehrm.Base.BasePage.lambda$typeText$0(BasePage.java:83)\n\tat org.openqa.selenium.support.ui.FluentWait.until(FluentWait.java:203)\n\t... 37 more\n","flaky":false,"newFailed":false,"newBroken":false,"newPassed":false,"retriesCount":15,"retriesStatusChange":false,"beforeStages":[{"name":"setUp","time":{"start":1766763641731,"stop":1766763641731,"duration":0},"description":"","status":"broken","steps":[],"attachments":[],"parameters":[],"stepsCount":0,"shouldDisplayMessage":false,"attachmentsCount":0,"hasContent":false,"attachmentStep":false},{"name":"setup","time":{"start":1766763641731,"stop":1766763641731,"duration":0},"description":"","status":"broken","steps":[],"attachments":[],"parameters":[],"stepsCount":0,"shouldDisplayMessage":false,"attachmentsCount":0,"hasContent":false,"attachmentStep":false}],"afterStages":[{"name":"tearDown","time":{"start":1766763641733,"stop":1766763641733,"duration":0},"description":"","status":"broken","steps":[],"attachments":[],"parameters":[],"stepsCount":0,"shouldDisplayMessage":false,"attachmentsCount":0,"hasContent":false,"attachmentStep":false}],"labels":[{"name":"package","value":"project_orangehrm.Test.Admin_Configuration_Test"},{"name":"testClass","value":"project_orangehrm.Test.Admin_Configuration_Test"},{"name":"testMethod","value":"verifyLanguagePackages_Lifecycle_Success"},{"name":"parentSuite","value":"OrangeHRM_Strategic_Suite"},{"name":"suite","value":"Step1_Hyper_Admin_PIM_Foundation"},{"name":"subSuite","value":"project_orangehrm.Test.Admin_Configuration_Test"},{"name":"host","value":"runnervmh13bl"},{"name":"thread","value":"2331@runnervmh13bl.main(1)"},{"name":"framework","value":"testng"},{"name":"language","value":"java"},{"name":"resultFormat","value":"allure2"}],"parameters":[{"name":"browser","value":"edge"}],"links":[],"hidden":false,"retry":false,"extra":{"severity":"normal","retries":[{"uid":"29d1388bd5c05a68","status":"skipped","statusDetails":"Expected condition failed: waiting for project_orangehrm.Base.BasePage$$Lambda/0x00007f8ca0346ae0@2a04ab05 (tried for 10 second(s) with 300 milliseconds interval)","time":{"start":1766763634408,"stop":1766763634408,"duration":0}},{"uid":"c62f3391ee805f1d","status":"skipped","statusDetails":"Expected condition failed: waiting for project_orangehrm.Base.BasePage$$Lambda/0x00007f05643468a8@29bd85db (tried for 10 second(s) with 300 milliseconds interval)","time":{"start":1766763630743,"stop":1766763630743,"duration":0}},{"uid":"3feac53d933d7953","status":"skipped","statusDetails":"Expected condition failed: waiting for project_orangehrm.Base.BasePage$$Lambda/0x00007f7b283468a8@2a5abd3c (tried for 10 second(s) with 300 milliseconds interval)","time":{"start":1766763630164,"stop":1766763630164,"duration":0}},{"uid":"e81e4018af7763be","status":"skipped","statusDetails":"Expected condition failed: waiting for project_orangehrm.Base.BasePage$$Lambda/0x00007f047c3491b0@5a4464c5 (tried for 10 second(s) with 300 milliseconds interval)","time":{"start":1766763627176,"stop":1766763627176,"duration":0}},{"uid":"514891d988f7c7c8","status":"skipped","statusDetails":"Expected condition failed: waiting for project_orangehrm.Base.BasePage$$Lambda/0x00007fc4a83491b0@2674d4f6 (tried for 10 second(s) with 300 milliseconds interval)","time":{"start":1766763145763,"stop":1766763145763,"duration":0}},{"uid":"2e1f71f3c4a96253","status":"skipped","statusDetails":"Expected condition failed: waiting for project_orangehrm.Base.BasePage$$Lambda/0x00007f4d003491b0@5a4464c5 (tried for 10 second(s) with 300 milliseconds interval)","time":{"start":1766763138534,"stop":1766763138534,"duration":0}},{"uid":"5d2b32ae5b18595d","status":"skipped","statusDetails":"Expected condition failed: waiting for project_orangehrm.Base.BasePage$$Lambda/0x00007f57e03491b0@a316f6b (tried for 10 second(s) with 300 milliseconds interval)","time":{"start":1766763136020,"stop":1766763136020,"duration":0}},{"uid":"d9654f72d577ce33","status":"skipped","statusDetails":"Expected condition failed: waiting for project_orangehrm.Base.BasePage$$Lambda/0x00007f4a303491b0@370c7cc5 (tried for 10 second(s) with 300 milliseconds interval)","time":{"start":1766763131871,"stop":1766763131872,"duration":1}},{"uid":"67d9465399b9cb8d","status":"skipped","statusDetails":"Expected condition failed: waiting for project_orangehrm.Base.BasePage$$Lambda/0x00007f13b0346ae0@5c234920 (tried for 10 second(s) with 300 milliseconds interval)","time":{"start":1766763131287,"stop":1766763131287,"duration":0}},{"uid":"66f0c71827d0f40f","status":"skipped","statusDetails":"Expected condition failed: waiting for project_orangehrm.Base.BasePage$$Lambda/0x00007ff86c3491b0@70b33256 (tried for 10 second(s) with 300 milliseconds interval)","time":{"start":1766763130906,"stop":1766763130907,"duration":1}},{"uid":"90a8c6d6d7cb71e7","status":"skipped","statusDetails":"Expected condition failed: waiting for project_orangehrm.Base.BasePage$$Lambda/0x00007fa75c346ae0@4e974b9e (tried for 10 second(s) with 300 milliseconds interval)","time":{"start":1766763124839,"stop":1766763124839,"duration":0}},{"uid":"b73d45fc2ebb40ec","status":"skipped","statusDetails":"Expected condition failed: waiting for project_orangehrm.Base.BasePage$$Lambda/0x00007f9aec3491b0@250967f1 (tried for 10 second(s) with 300 milliseconds interval)","time":{"start":1766763123028,"stop":1766763123028,"duration":0}},{"uid":"82eb55b209fea022","status":"skipped","statusDetails":"Expected condition failed: waiting for project_orangehrm.Base.BasePage$$Lambda/0x00007f2cd03468a8@410fc508 (tried for 10 second(s) with 300 milliseconds interval)","time":{"start":1766763121978,"stop":1766763121978,"duration":0}},{"uid":"85050a9189c7ba0c","status":"skipped","statusDetails":"Expected condition failed: waiting for project_orangehrm.Base.BasePage$$Lambda/0x00007fa3e8344bd0@62e73ab6 (tried for 10 second(s) with 300 milliseconds interval)","time":{"start":1766763120914,"stop":1766763120914,"duration":0}},{"uid":"35ef322c785533f6","status":"skipped","statusDetails":"Expected condition failed: waiting for project_orangehrm.Base.BasePage$$Lambda/0x00007f69143491b0@20f63ddc (tried for 10 second(s) with 300 milliseconds interval)","time":{"start":1766762661247,"stop":1766762661247,"duration":0}}],"categories":[],"history":{"statistic":{"failed":0,"broken":0,"skipped":1,"passed":10,"unknown":0,"total":11},"items":[{"uid":"54a676d21a729bf4","reportUrl":"https://m1mohammed1.github.io/orangeHRM/23/#testresult/54a676d21a729bf4","status":"passed","time":{"start":1766759784227,"stop":1766759799470,"duration":15243}},{"uid":"a4f221e8a77fc6b1","reportUrl":"https://m1mohammed1.github.io/orangeHRM/22/#testresult/a4f221e8a77fc6b1","status":"passed","time":{"start":1766705757736,"stop":1766705772689,"duration":14953}},{"uid":"2db67841a1dbcb0f","reportUrl":"https://m1mohammed1.github.io/orangeHRM/17/#testresult/2db67841a1dbcb0f","status":"passed","time":{"start":1766697797984,"stop":1766697812972,"duration":14988}},{"uid":"e05a503d22aefe77","reportUrl":"https://m1mohammed1.github.io/orangeHRM/16/#testresult/e05a503d22aefe77","status":"passed","time":{"start":1766631925394,"stop":1766631940698,"duration":15304}},{"uid":"469a362e26e5c0a4","reportUrl":"https://m1mohammed1.github.io/orangeHRM/15/#testresult/469a362e26e5c0a4","status":"passed","time":{"start":1766624173007,"stop":1766624187992,"duration":14985}},{"uid":"146e9ed52b0a35a2","reportUrl":"https://m1mohammed1.github.io/orangeHRM/13/#testresult/146e9ed52b0a35a2","status":"passed","time":{"start":1766620276915,"stop":1766620291880,"duration":14965}},{"uid":"ec3c861514ca849a","reportUrl":"https://m1mohammed1.github.io/orangeHRM/12/#testresult/ec3c861514ca849a","status":"passed","time":{"start":1766616600216,"stop":1766616615544,"duration":15328}},{"uid":"a1681a910ba248c5","reportUrl":"https://m1mohammed1.github.io/orangeHRM/11/#testresult/a1681a910ba248c5","status":"passed","time":{"start":1766605858338,"stop":1766605872236,"duration":13898}},{"uid":"e5f56086e6a3fb3","reportUrl":"https://m1mohammed1.github.io/orangeHRM/10/#testresult/e5f56086e6a3fb3","status":"passed","time":{"start":1766597655450,"stop":1766597669779,"duration":14329}},{"uid":"580431fde937abff","reportUrl":"https://m1mohammed1.github.io/orangeHRM/9/#testresult/580431fde937abff","status":"passed","time":{"start":1766595741123,"stop":1766595755514,"duration":14391}}]},"tags":[]},"source":"9bdebc170b5a53fd.json","parameterValues":["edge"]}