{"uid":"a0c62893eddb7ba7","name":"TC03 - Verify error when creating a duplicate Job Title","fullName":"project_orangehrm.Test.AdminJobTest.verifyJobTitle_DuplicateEntry_ShowError","historyId":"d1213d7c70594536ed66903d34ca6158","time":{"start":1766781011783,"stop":1766781033422,"duration":21639},"status":"broken","statusMessage":"Expected condition failed: waiting for element to be clickable: By.xpath: //button[normalize-space()='Add'] (tried for 10 second(s) with 300 milliseconds interval)\nBuild info: version: '4.37.0', revision: '3c1da1e342'\nSystem info: os.name: 'Linux', os.arch: 'amd64', os.version: '6.11.0-1018-azure', java.version: '21.0.9'\nDriver info: driver.version: unknown","statusTrace":"org.openqa.selenium.TimeoutException: Expected condition failed: waiting for element to be clickable: By.xpath: //button[normalize-space()='Add'] (tried for 10 second(s) with 300 milliseconds interval)\nBuild info: version: '4.37.0', revision: '3c1da1e342'\nSystem info: os.name: 'Linux', os.arch: 'amd64', os.version: '6.11.0-1018-azure', java.version: '21.0.9'\nDriver info: driver.version: unknown\n\tat org.openqa.selenium.support.ui.FluentWait.timeoutException(FluentWait.java:265)\n\tat org.openqa.selenium.support.ui.FluentWait.until(FluentWait.java:228)\n\tat project_orangehrm.Base.BasePage.clickWhenReady(BasePage.java:95)\n\tat project_orangehrm.Pages.CommonPage.add(CommonPage.java:181)\n\tat project_orangehrm.Pages.AdminPage.clickToAdd(AdminPage.java:77)\n\tat project_orangehrm.Test.AdminJobTest.verifyJobTitle_DuplicateEntry_ShowError(AdminJobTest.java:64)\n\tat java.base/jdk.internal.reflect.DirectMethodHandleAccessor.invoke(DirectMethodHandleAccessor.java:103)\n\tat java.base/java.lang.reflect.Method.invoke(Method.java:580)\n\tat org.testng.internal.invokers.MethodInvocationHelper.invokeMethod(MethodInvocationHelper.java:141)\n\tat org.testng.internal.invokers.TestInvoker.invokeMethod(TestInvoker.java:687)\n\tat org.testng.internal.invokers.TestInvoker.invokeTestMethod(TestInvoker.java:230)\n\tat org.testng.internal.invokers.MethodRunner.runInSequence(MethodRunner.java:63)\n\tat org.testng.internal.invokers.TestInvoker$MethodInvocationAgent.invoke(TestInvoker.java:995)\n\tat org.testng.internal.invokers.TestInvoker.invokeTestMethods(TestInvoker.java:203)\n\tat org.testng.internal.invokers.TestMethodWorker.invokeTestMethods(TestMethodWorker.java:154)\n\tat org.testng.internal.invokers.TestMethodWorker.run(TestMethodWorker.java:134)\n\tat java.base/java.util.ArrayList.forEach(ArrayList.java:1596)\n\tat org.testng.TestRunner.privateRun(TestRunner.java:741)\n\tat org.testng.TestRunner.run(TestRunner.java:616)\n\tat org.testng.SuiteRunner.runTest(SuiteRunner.java:421)\n\tat org.testng.SuiteRunner.runSequentially(SuiteRunner.java:413)\n\tat org.testng.SuiteRunner.privateRun(SuiteRunner.java:373)\n\tat org.testng.SuiteRunner.run(SuiteRunner.java:312)\n\tat org.testng.SuiteRunnerWorker.runSuite(SuiteRunnerWorker.java:52)\n\tat org.testng.SuiteRunnerWorker.run(SuiteRunnerWorker.java:95)\n\tat org.testng.TestNG.runSuitesSequentially(TestNG.java:1274)\n\tat org.testng.TestNG.runSuitesLocally(TestNG.java:1208)\n\tat org.testng.TestNG.runSuites(TestNG.java:1112)\n\tat org.testng.TestNG.run(TestNG.java:1079)\n\tat org.apache.maven.surefire.testng.TestNGExecutor.run(TestNGExecutor.java:308)\n\tat org.apache.maven.surefire.testng.TestNGXmlTestSuite.execute(TestNGXmlTestSuite.java:71)\n\tat org.apache.maven.surefire.testng.TestNGProvider.invoke(TestNGProvider.java:113)\n\tat org.apache.maven.surefire.booter.ForkedBooter.runSuitesInProcess(ForkedBooter.java:385)\n\tat org.apache.maven.surefire.booter.ForkedBooter.execute(ForkedBooter.java:162)\n\tat org.apache.maven.surefire.booter.ForkedBooter.run(ForkedBooter.java:507)\n\tat org.apache.maven.surefire.booter.ForkedBooter.main(ForkedBooter.java:495)\n","flaky":false,"newFailed":false,"newBroken":true,"newPassed":false,"retriesCount":15,"retriesStatusChange":true,"beforeStages":[{"name":"setUp","time":{"start":1766781009033,"stop":1766781009877,"duration":844},"description":"","status":"passed","steps":[],"attachments":[],"parameters":[],"stepsCount":0,"shouldDisplayMessage":false,"attachmentsCount":0,"hasContent":false,"attachmentStep":false},{"name":"setup","time":{"start":1766781009878,"stop":1766781011781,"duration":1903},"description":"","status":"passed","steps":[],"attachments":[],"parameters":[],"stepsCount":0,"shouldDisplayMessage":false,"attachmentsCount":0,"hasContent":false,"attachmentStep":false}],"testStage":{"status":"broken","statusMessage":"Expected condition failed: waiting for element to be clickable: By.xpath: //button[normalize-space()='Add'] (tried for 10 second(s) with 300 milliseconds interval)\nBuild info: version: '4.37.0', revision: '3c1da1e342'\nSystem info: os.name: 'Linux', os.arch: 'amd64', os.version: '6.11.0-1018-azure', java.version: '21.0.9'\nDriver info: driver.version: unknown","statusTrace":"org.openqa.selenium.TimeoutException: Expected condition failed: waiting for element to be clickable: By.xpath: //button[normalize-space()='Add'] (tried for 10 second(s) with 300 milliseconds interval)\nBuild info: version: '4.37.0', revision: '3c1da1e342'\nSystem info: os.name: 'Linux', os.arch: 'amd64', os.version: '6.11.0-1018-azure', java.version: '21.0.9'\nDriver info: driver.version: unknown\n\tat org.openqa.selenium.support.ui.FluentWait.timeoutException(FluentWait.java:265)\n\tat org.openqa.selenium.support.ui.FluentWait.until(FluentWait.java:228)\n\tat project_orangehrm.Base.BasePage.clickWhenReady(BasePage.java:95)\n\tat project_orangehrm.Pages.CommonPage.add(CommonPage.java:181)\n\tat project_orangehrm.Pages.AdminPage.clickToAdd(AdminPage.java:77)\n\tat project_orangehrm.Test.AdminJobTest.verifyJobTitle_DuplicateEntry_ShowError(AdminJobTest.java:64)\n\tat java.base/jdk.internal.reflect.DirectMethodHandleAccessor.invoke(DirectMethodHandleAccessor.java:103)\n\tat java.base/java.lang.reflect.Method.invoke(Method.java:580)\n\tat org.testng.internal.invokers.MethodInvocationHelper.invokeMethod(MethodInvocationHelper.java:141)\n\tat org.testng.internal.invokers.TestInvoker.invokeMethod(TestInvoker.java:687)\n\tat org.testng.internal.invokers.TestInvoker.invokeTestMethod(TestInvoker.java:230)\n\tat org.testng.internal.invokers.MethodRunner.runInSequence(MethodRunner.java:63)\n\tat org.testng.internal.invokers.TestInvoker$MethodInvocationAgent.invoke(TestInvoker.java:995)\n\tat org.testng.internal.invokers.TestInvoker.invokeTestMethods(TestInvoker.java:203)\n\tat org.testng.internal.invokers.TestMethodWorker.invokeTestMethods(TestMethodWorker.java:154)\n\tat org.testng.internal.invokers.TestMethodWorker.run(TestMethodWorker.java:134)\n\tat java.base/java.util.ArrayList.forEach(ArrayList.java:1596)\n\tat org.testng.TestRunner.privateRun(TestRunner.java:741)\n\tat org.testng.TestRunner.run(TestRunner.java:616)\n\tat org.testng.SuiteRunner.runTest(SuiteRunner.java:421)\n\tat org.testng.SuiteRunner.runSequentially(SuiteRunner.java:413)\n\tat org.testng.SuiteRunner.privateRun(SuiteRunner.java:373)\n\tat org.testng.SuiteRunner.run(SuiteRunner.java:312)\n\tat org.testng.SuiteRunnerWorker.runSuite(SuiteRunnerWorker.java:52)\n\tat org.testng.SuiteRunnerWorker.run(SuiteRunnerWorker.java:95)\n\tat org.testng.TestNG.runSuitesSequentially(TestNG.java:1274)\n\tat org.testng.TestNG.runSuitesLocally(TestNG.java:1208)\n\tat org.testng.TestNG.runSuites(TestNG.java:1112)\n\tat org.testng.TestNG.run(TestNG.java:1079)\n\tat org.apache.maven.surefire.testng.TestNGExecutor.run(TestNGExecutor.java:308)\n\tat org.apache.maven.surefire.testng.TestNGXmlTestSuite.execute(TestNGXmlTestSuite.java:71)\n\tat org.apache.maven.surefire.testng.TestNGProvider.invoke(TestNGProvider.java:113)\n\tat org.apache.maven.surefire.booter.ForkedBooter.runSuitesInProcess(ForkedBooter.java:385)\n\tat org.apache.maven.surefire.booter.ForkedBooter.execute(ForkedBooter.java:162)\n\tat org.apache.maven.surefire.booter.ForkedBooter.run(ForkedBooter.java:507)\n\tat org.apache.maven.surefire.booter.ForkedBooter.main(ForkedBooter.java:495)\n","steps":[],"attachments":[{"uid":"e22491e10e8fdabd","name":"SoftAssert_Failed - 2025-12-26T20:30:23.270390676","source":"e22491e10e8fdabd.png","type":"image/png","size":108774},{"uid":"c003fd20c19684d5","name":"Page Source","source":"c003fd20c19684d5.html","type":"text/html","size":296151}],"parameters":[],"stepsCount":0,"shouldDisplayMessage":true,"attachmentsCount":2,"hasContent":true,"attachmentStep":false},"afterStages":[{"name":"tearDown","time":{"start":1766781033423,"stop":1766781033601,"duration":178},"description":"","status":"passed","steps":[],"attachments":[{"uid":"6c82f9a37c346f66","name":"Screenshot Failure - verifyJobTitle_DuplicateEntry_ShowError","source":"6c82f9a37c346f66.png","type":"image/png","size":108774},{"uid":"fdfaa869eeb9dca4","name":"Page Source","source":"fdfaa869eeb9dca4.html","type":"text/html","size":296151}],"parameters":[],"stepsCount":0,"shouldDisplayMessage":false,"attachmentsCount":2,"hasContent":true,"attachmentStep":false}],"labels":[{"name":"package","value":"project_orangehrm.Test.AdminJobTest"},{"name":"testClass","value":"project_orangehrm.Test.AdminJobTest"},{"name":"testMethod","value":"verifyJobTitle_DuplicateEntry_ShowError"},{"name":"parentSuite","value":"OrangeHRM_Strategic_Suite"},{"name":"suite","value":"Step1_Hyper_Admin_PIM_Foundation"},{"name":"subSuite","value":"project_orangehrm.Test.AdminJobTest"},{"name":"host","value":"runnervmh13bl"},{"name":"thread","value":"2617@runnervmh13bl.main(1)"},{"name":"framework","value":"testng"},{"name":"language","value":"java"},{"name":"resultFormat","value":"allure2"}],"parameters":[{"name":"browser","value":"edge"}],"links":[],"hidden":false,"retry":false,"extra":{"severity":"normal","retries":[{"uid":"43a7119b4c1d52c","status":"broken","statusDetails":"Expected condition failed: waiting for element to be clickable: By.xpath: //button[normalize-space()='Add'] (tried for 10 second(s) with 300 milliseconds interval)\nBuild info: version: '4.37.0', revision: '3c1da1e342'\nSystem info: os.name: 'Linux', os.arch: 'amd64', os.version: '6.11.0-1018-azure', java.version: '21.0.9'\nDriver info: driver.version: unknown","time":{"start":1766781011113,"stop":1766781032748,"duration":21635}},{"uid":"bd3ab60b4cbe7d86","status":"broken","statusDetails":"Expected condition failed: waiting for element to be clickable: By.xpath: //button[normalize-space()='Add'] (tried for 10 second(s) with 300 milliseconds interval)\nBuild info: version: '4.37.0', revision: '3c1da1e342'\nSystem info: os.name: 'Linux', os.arch: 'amd64', os.version: '6.11.0-1018-azure', java.version: '21.0.9'\nDriver info: driver.version: unknown","time":{"start":1766781010473,"stop":1766781032328,"duration":21855}},{"uid":"44b6968c3c482724","status":"passed","time":{"start":1766781009974,"stop":1766781017633,"duration":7659}},{"uid":"cd9575f12f25cc9f","status":"passed","time":{"start":1766780993588,"stop":1766781001166,"duration":7578}},{"uid":"76e91a917abe5c0a","status":"passed","time":{"start":1766779489666,"stop":1766779498385,"duration":8719}},{"uid":"8cd403ae87f30e09","status":"broken","statusDetails":"Expected condition failed: waiting for element to be clickable: By.xpath: //button[normalize-space()='Add'] (tried for 10 second(s) with 300 milliseconds interval)\nBuild info: version: '4.37.0', revision: '3c1da1e342'\nSystem info: os.name: 'Linux', os.arch: 'amd64', os.version: '6.11.0-1018-azure', java.version: '21.0.9'\nDriver info: driver.version: unknown","time":{"start":1766779478802,"stop":1766779500667,"duration":21865}},{"uid":"333235a5d3ceb7c2","status":"passed","time":{"start":1766779477081,"stop":1766779484851,"duration":7770}},{"uid":"af9cd01fd1d652b3","status":"broken","statusDetails":"Expected condition failed: waiting for element to be clickable: By.xpath: //button[normalize-space()='Add'] (tried for 10 second(s) with 300 milliseconds interval)\nBuild info: version: '4.37.0', revision: '3c1da1e342'\nSystem info: os.name: 'Linux', os.arch: 'amd64', os.version: '6.11.0-1018-azure', java.version: '21.0.9'\nDriver info: driver.version: unknown","time":{"start":1766779474389,"stop":1766779496082,"duration":21693}},{"uid":"1a72bba094c42469","status":"broken","statusDetails":"Expected condition failed: waiting for element to be clickable: By.xpath: //button[normalize-space()='Add'] (tried for 10 second(s) with 300 milliseconds interval)\nBuild info: version: '4.37.0', revision: '3c1da1e342'\nSystem info: os.name: 'Linux', os.arch: 'amd64', os.version: '6.11.0-1018-azure', java.version: '21.0.9'\nDriver info: driver.version: unknown","time":{"start":1766779473326,"stop":1766779495431,"duration":22105}},{"uid":"40306cf69af5fe8d","status":"passed","time":{"start":1766779469684,"stop":1766779477717,"duration":8033}},{"uid":"bf5485de95b46cda","status":"broken","statusDetails":"Expected condition failed: waiting for element to be clickable: By.xpath: //button[normalize-space()='Add'] (tried for 10 second(s) with 300 milliseconds interval)\nBuild info: version: '4.37.0', revision: '3c1da1e342'\nSystem info: os.name: 'Linux', os.arch: 'amd64', os.version: '6.11.0-1018-azure', java.version: '21.0.9'\nDriver info: driver.version: unknown","time":{"start":1766779465435,"stop":1766779487342,"duration":21907}},{"uid":"354e59c8cd0eca07","status":"passed","time":{"start":1766779459595,"stop":1766779467963,"duration":8368}},{"uid":"888d0265e8238a27","status":"passed","time":{"start":1766779453078,"stop":1766779460770,"duration":7692}},{"uid":"d543532639fa1200","status":"passed","time":{"start":1766779421504,"stop":1766779430079,"duration":8575}},{"uid":"78650effa05a2bfd","status":"passed","time":{"start":1766776992680,"stop":1766777000343,"duration":7663}}],"categories":[{"name":"Test defects","matchedStatuses":[],"flaky":false}],"history":{"statistic":{"failed":0,"broken":2,"skipped":1,"passed":12,"unknown":0,"total":15},"items":[{"uid":"faadfc7d129c2481","reportUrl":"https://m1mohammed1.github.io/orangeHRM/25/#testresult/faadfc7d129c2481","status":"passed","time":{"start":1766769233878,"stop":1766769241224,"duration":7346}},{"uid":"95ac50e76df6f21c","reportUrl":"https://m1mohammed1.github.io/orangeHRM/24/#testresult/95ac50e76df6f21c","status":"skipped","statusDetails":"Expected condition failed: waiting for project_orangehrm.Base.BasePage$$Lambda/0x00007fd2f83468a8@508ad266 (tried for 10 second(s) with 300 milliseconds interval)","time":{"start":1766763607013,"stop":1766763607013,"duration":0}},{"uid":"5e87658d2841656c","reportUrl":"https://m1mohammed1.github.io/orangeHRM/23/#testresult/5e87658d2841656c","status":"broken","statusDetails":"Expected condition failed: waiting for element to be clickable: By.xpath: //button[normalize-space()='Add'] (tried for 10 second(s) with 300 milliseconds interval)\nBuild info: version: '4.37.0', revision: '3c1da1e342'\nSystem info: os.name: 'Linux', os.arch: 'amd64', os.version: '6.11.0-1018-azure', java.version: '21.0.9'\nDriver info: driver.version: unknown","time":{"start":1766759021975,"stop":1766759043876,"duration":21901}},{"uid":"2a6e447c11bb8e96","reportUrl":"https://m1mohammed1.github.io/orangeHRM/22/#testresult/2a6e447c11bb8e96","status":"passed","time":{"start":1766705240171,"stop":1766705247694,"duration":7523}},{"uid":"8a395c62b938a82","reportUrl":"https://m1mohammed1.github.io/orangeHRM/20/#testresult/8a395c62b938a82","status":"passed","time":{"start":1766704716543,"stop":1766704724693,"duration":8150}},{"uid":"bf6312ee6e2e60d6","reportUrl":"https://m1mohammed1.github.io/orangeHRM/17/#testresult/bf6312ee6e2e60d6","status":"passed","time":{"start":1766697259269,"stop":1766697267072,"duration":7803}},{"uid":"a26cdc39ace28f04","reportUrl":"https://m1mohammed1.github.io/orangeHRM/16/#testresult/a26cdc39ace28f04","status":"passed","time":{"start":1766631319211,"stop":1766631327510,"duration":8299}},{"uid":"46882810fd78775a","reportUrl":"https://m1mohammed1.github.io/orangeHRM/15/#testresult/46882810fd78775a","status":"passed","time":{"start":1766623463068,"stop":1766623470928,"duration":7860}},{"uid":"6e1e814dcddeddec","reportUrl":"https://m1mohammed1.github.io/orangeHRM/14/#testresult/6e1e814dcddeddec","status":"passed","time":{"start":1766620501708,"stop":1766620509957,"duration":8249}},{"uid":"1f10283c0f2ee4d4","reportUrl":"https://m1mohammed1.github.io/orangeHRM/13/#testresult/1f10283c0f2ee4d4","status":"passed","time":{"start":1766619750713,"stop":1766619758147,"duration":7434}},{"uid":"bd6eaadaed42fbd4","reportUrl":"https://m1mohammed1.github.io/orangeHRM/12/#testresult/bd6eaadaed42fbd4","status":"passed","time":{"start":1766616065069,"stop":1766616072653,"duration":7584}},{"uid":"3197b4169f4cd4ee","reportUrl":"https://m1mohammed1.github.io/orangeHRM/11/#testresult/3197b4169f4cd4ee","status":"passed","time":{"start":1766605354036,"stop":1766605360600,"duration":6564}},{"uid":"d3f81650c87dd9f7","reportUrl":"https://m1mohammed1.github.io/orangeHRM/10/#testresult/d3f81650c87dd9f7","status":"passed","time":{"start":1766597014034,"stop":1766597021548,"duration":7514}},{"uid":"a122ce2cb67a0871","reportUrl":"https://m1mohammed1.github.io/orangeHRM/9/#testresult/a122ce2cb67a0871","status":"passed","time":{"start":1766595687864,"stop":1766595696528,"duration":8664}}]},"tags":[]},"source":"a0c62893eddb7ba7.json","parameterValues":["edge"]}