{"uid":"a1f68bf0fefd3084","name":"TC03 - Verify KPI Validation Errors","fullName":"project_orangehrm.Test.Performance_Configuration_Test.verifyKPI_EmptyFields_Error","historyId":"4a62836a59d82d3459b5236314238002","time":{"start":1767023635209,"stop":1767023635209,"duration":0},"status":"skipped","statusMessage":"Expected condition failed: waiting for project_orangehrm.Base.BasePage$$Lambda/0x00007f974836ccb0@3a4aadf8 (tried for 10 second(s) with 300 milliseconds interval)","statusTrace":"org.openqa.selenium.TimeoutException: Expected condition failed: waiting for project_orangehrm.Base.BasePage$$Lambda/0x00007f974836ccb0@3a4aadf8 (tried for 10 second(s) with 300 milliseconds interval)\n\tat org.openqa.selenium.support.ui.FluentWait.timeoutException(FluentWait.java:265)\n\tat org.openqa.selenium.support.ui.FluentWait.until(FluentWait.java:228)\n\tat project_orangehrm.Base.BasePage.typeText(BasePage.java:82)\n\tat project_orangehrm.Pages.LoginPage.enterUsername(LoginPage.java:22)\n\tat project_orangehrm.Test.Performance_Configuration_Test.setup(Performance_Configuration_Test.java:23)\n\tat java.base/jdk.internal.reflect.DirectMethodHandleAccessor.invoke(DirectMethodHandleAccessor.java:103)\n\tat java.base/java.lang.reflect.Method.invoke(Method.java:580)\n\tat org.testng.internal.invokers.MethodInvocationHelper.invokeMethod(MethodInvocationHelper.java:141)\n\tat org.testng.internal.invokers.MethodInvocationHelper.invokeMethodConsideringTimeout(MethodInvocationHelper.java:71)\n\tat org.testng.internal.invokers.ConfigInvoker.invokeConfigurationMethod(ConfigInvoker.java:400)\n\tat org.testng.internal.invokers.ConfigInvoker.invokeConfigurations(ConfigInvoker.java:333)\n\tat org.testng.internal.invokers.TestInvoker.runConfigMethods(TestInvoker.java:836)\n\tat org.testng.internal.invokers.TestInvoker.invokeMethod(TestInvoker.java:601)\n\tat org.testng.internal.invokers.TestInvoker.invokeTestMethod(TestInvoker.java:230)\n\tat org.testng.internal.invokers.MethodRunner.runInSequence(MethodRunner.java:63)\n\tat org.testng.internal.invokers.TestInvoker$MethodInvocationAgent.invoke(TestInvoker.java:995)\n\tat org.testng.internal.invokers.TestInvoker.invokeTestMethods(TestInvoker.java:203)\n\tat org.testng.internal.invokers.TestMethodWorker.invokeTestMethods(TestMethodWorker.java:154)\n\tat org.testng.internal.invokers.TestMethodWorker.run(TestMethodWorker.java:134)\n\tat java.base/java.util.ArrayList.forEach(ArrayList.java:1596)\n\tat org.testng.TestRunner.privateRun(TestRunner.java:741)\n\tat org.testng.TestRunner.run(TestRunner.java:616)\n\tat org.testng.SuiteRunner.runTest(SuiteRunner.java:421)\n\tat org.testng.SuiteRunner.runSequentially(SuiteRunner.java:413)\n\tat org.testng.SuiteRunner.privateRun(SuiteRunner.java:373)\n\tat org.testng.SuiteRunner.run(SuiteRunner.java:312)\n\tat org.testng.SuiteRunnerWorker.runSuite(SuiteRunnerWorker.java:52)\n\tat org.testng.SuiteRunnerWorker.run(SuiteRunnerWorker.java:95)\n\tat org.testng.TestNG.runSuitesSequentially(TestNG.java:1274)\n\tat org.testng.TestNG.runSuitesLocally(TestNG.java:1208)\n\tat org.testng.TestNG.runSuites(TestNG.java:1112)\n\tat org.testng.TestNG.run(TestNG.java:1079)\n\tat org.apache.maven.surefire.testng.TestNGExecutor.run(TestNGExecutor.java:155)\n\tat org.apache.maven.surefire.testng.TestNGDirectoryTestSuite.executeSingleClass(TestNGDirectoryTestSuite.java:102)\n\tat org.apache.maven.surefire.testng.TestNGDirectoryTestSuite.execute(TestNGDirectoryTestSuite.java:91)\n\tat org.apache.maven.surefire.testng.TestNGProvider.invoke(TestNGProvider.java:137)\n\tat org.apache.maven.surefire.booter.ForkedBooter.runSuitesInProcess(ForkedBooter.java:385)\n\tat org.apache.maven.surefire.booter.ForkedBooter.execute(ForkedBooter.java:162)\n\tat org.apache.maven.surefire.booter.ForkedBooter.run(ForkedBooter.java:507)\n\tat org.apache.maven.surefire.booter.ForkedBooter.main(ForkedBooter.java:495)\nCaused by: org.openqa.selenium.NoSuchElementException: no such element: Unable to locate element: {\"method\":\"css selector\",\"selector\":\"input[placeholder='Username']\"}\n  (Session info: MicrosoftEdge=143.0.3650.80)\nFor documentation on this error, please visit: https://www.selenium.dev/documentation/webdriver/troubleshooting/errors#nosuchelementexception\nBuild info: version: '4.39.0', revision: '126f156aee'\nSystem info: os.name: 'Linux', os.arch: 'amd64', os.version: '6.11.0-1018-azure', java.version: '21.0.9'\nDriver info: org.openqa.selenium.edge.EdgeDriver\nCommand: [db0a7096965c551146e92e61ba777f25, findElement {value=input[placeholder='Username'], using=css selector}]\nCapabilities {acceptInsecureCerts: false, browserName: MicrosoftEdge, browserVersion: 143.0.3650.80, fedcm:accounts: true, goog:processID: 2656, ms:edgeOptions: {debuggerAddress: localhost:35203}, msedge: {msedgedriverVersion: 143.0.3650.80 (788579717f68..., userDataDir: /tmp/.com.microsoft.Edge.sc...}, networkConnectionEnabled: false, pageLoadStrategy: normal, platformName: linux, proxy: Proxy(), se:cdp: ws://localhost:35203/devtoo..., se:cdpVersion: 143.0.3650.80, setWindowRect: true, strictFileInteractability: false, timeouts: {implicit: 0, pageLoad: 300000, script: 30000}, unhandledPromptBehavior: dismiss and notify, webauthn:extension:credBlob: true, webauthn:extension:largeBlob: true, webauthn:extension:minPinLength: true, webauthn:extension:prf: true, webauthn:virtualAuthenticators: true}\nSession ID: db0a7096965c551146e92e61ba777f25\n\tat java.base/jdk.internal.reflect.DirectConstructorHandleAccessor.newInstance(DirectConstructorHandleAccessor.java:62)\n\tat java.base/java.lang.reflect.Constructor.newInstanceWithCaller(Constructor.java:502)\n\tat java.base/java.lang.reflect.Constructor.newInstance(Constructor.java:486)\n\tat org.openqa.selenium.remote.ErrorCodec.decode(ErrorCodec.java:167)\n\tat org.openqa.selenium.remote.codec.w3c.W3CHttpResponseCodec.decode(W3CHttpResponseCodec.java:142)\n\tat org.openqa.selenium.remote.codec.w3c.W3CHttpResponseCodec.decode(W3CHttpResponseCodec.java:49)\n\tat org.openqa.selenium.remote.HttpCommandExecutor.execute(HttpCommandExecutor.java:215)\n\tat org.openqa.selenium.remote.service.DriverCommandExecutor.invokeExecute(DriverCommandExecutor.java:216)\n\tat org.openqa.selenium.remote.service.DriverCommandExecutor.execute(DriverCommandExecutor.java:174)\n\tat org.openqa.selenium.remote.RemoteWebDriver.execute(RemoteWebDriver.java:561)\n\tat org.openqa.selenium.remote.ElementLocation$ElementFinder$2.findElement(ElementLocation.java:166)\n\tat org.openqa.selenium.remote.ElementLocation.findElement(ElementLocation.java:60)\n\tat org.openqa.selenium.remote.RemoteWebDriver.findElement(RemoteWebDriver.java:384)\n\tat org.openqa.selenium.remote.RemoteWebDriver.findElement(RemoteWebDriver.java:378)\n\tat project_orangehrm.Base.BasePage.lambda$typeText$0(BasePage.java:83)\n\tat org.openqa.selenium.support.ui.FluentWait.until(FluentWait.java:203)\n\t... 38 more\n","flaky":false,"newFailed":false,"newBroken":false,"newPassed":false,"retriesCount":0,"retriesStatusChange":false,"beforeStages":[{"name":"setUp","time":{"start":1767023630875,"stop":1767023632503,"duration":1628},"description":"","status":"passed","steps":[],"attachments":[],"parameters":[],"stepsCount":0,"shouldDisplayMessage":false,"attachmentsCount":0,"hasContent":false,"attachmentStep":false},{"name":"setup","time":{"start":1767023632504,"stop":1767023635206,"duration":2702},"description":"","status":"passed","steps":[],"attachments":[],"parameters":[],"stepsCount":0,"shouldDisplayMessage":false,"attachmentsCount":0,"hasContent":false,"attachmentStep":false}],"afterStages":[{"name":"tearDown","time":{"start":1767023635211,"stop":1767023635285,"duration":74},"description":"","status":"passed","steps":[],"attachments":[],"parameters":[],"stepsCount":0,"shouldDisplayMessage":false,"attachmentsCount":0,"hasContent":false,"attachmentStep":false}],"labels":[{"name":"package","value":"project_orangehrm.Test.Performance_Configuration_Test"},{"name":"testClass","value":"project_orangehrm.Test.Performance_Configuration_Test"},{"name":"testMethod","value":"verifyKPI_EmptyFields_Error"},{"name":"parentSuite","value":"Surefire suite"},{"name":"suite","value":"Surefire test"},{"name":"subSuite","value":"project_orangehrm.Test.Performance_Configuration_Test"},{"name":"host","value":"runnervmh13bl"},{"name":"thread","value":"2572@runnervmh13bl.main(1)"},{"name":"framework","value":"testng"},{"name":"language","value":"java"},{"name":"resultFormat","value":"allure2"}],"parameters":[],"links":[],"hidden":false,"retry":false,"extra":{"severity":"normal","retries":[],"categories":[],"history":{"statistic":{"failed":0,"broken":0,"skipped":1,"passed":14,"unknown":0,"total":15},"items":[{"uid":"e9c1c53d24bb6ecb","reportUrl":"https://m1mohammed1.github.io/orangeHRM/62/#testresult/e9c1c53d24bb6ecb","status":"passed","time":{"start":1767020634698,"stop":1767020640116,"duration":5418}},{"uid":"d9be319a42ce16d","reportUrl":"https://m1mohammed1.github.io/orangeHRM/61/#testresult/d9be319a42ce16d","status":"passed","time":{"start":1767018438089,"stop":1767018445471,"duration":7382}},{"uid":"fe9de86faf4d95b6","reportUrl":"https://m1mohammed1.github.io/orangeHRM/60/#testresult/fe9de86faf4d95b6","status":"passed","time":{"start":1766961828553,"stop":1766961834387,"duration":5834}},{"uid":"471c729a11d71d86","reportUrl":"https://m1mohammed1.github.io/orangeHRM/59/#testresult/471c729a11d71d86","status":"passed","time":{"start":1766957944068,"stop":1766957950599,"duration":6531}},{"uid":"34667072a045b62a","reportUrl":"https://m1mohammed1.github.io/orangeHRM/58/#testresult/34667072a045b62a","status":"passed","time":{"start":1766955374733,"stop":1766955378783,"duration":4050}},{"uid":"ca5a2e81aa9802ff","reportUrl":"https://m1mohammed1.github.io/orangeHRM/57/#testresult/ca5a2e81aa9802ff","status":"passed","time":{"start":1766953300552,"stop":1766953305284,"duration":4732}},{"uid":"7b850c06d60fa103","reportUrl":"https://m1mohammed1.github.io/orangeHRM/55/#testresult/7b850c06d60fa103","status":"passed","time":{"start":1766948924527,"stop":1766948930041,"duration":5514}},{"uid":"9c5cfb5170c380dd","reportUrl":"https://m1mohammed1.github.io/orangeHRM/53/#testresult/9c5cfb5170c380dd","status":"passed","time":{"start":1766936240405,"stop":1766936245326,"duration":4921}},{"uid":"8a8ad5eac62374b2","reportUrl":"https://m1mohammed1.github.io/orangeHRM/52/#testresult/8a8ad5eac62374b2","status":"passed","time":{"start":1766883398162,"stop":1766883405591,"duration":7429}},{"uid":"b8ea4d23ff580111","reportUrl":"https://m1mohammed1.github.io/orangeHRM/51/#testresult/b8ea4d23ff580111","status":"passed","time":{"start":1766874035707,"stop":1766874042804,"duration":7097}},{"uid":"47636a323b78b423","reportUrl":"https://m1mohammed1.github.io/orangeHRM/50/#testresult/47636a323b78b423","status":"passed","time":{"start":1766871201945,"stop":1766871207858,"duration":5913}},{"uid":"2e1c79507e9d7d00","reportUrl":"https://m1mohammed1.github.io/orangeHRM/49/#testresult/2e1c79507e9d7d00","status":"passed","time":{"start":1766869067550,"stop":1766869070571,"duration":3021}},{"uid":"28663501fb1cb45a","reportUrl":"https://m1mohammed1.github.io/orangeHRM/32/#testresult/28663501fb1cb45a","status":"passed","time":{"start":1766788693922,"stop":1766788695515,"duration":1593}},{"uid":"bbefbe005f60b3ee","reportUrl":"https://m1mohammed1.github.io/orangeHRM/22/#testresult/bbefbe005f60b3ee","status":"passed","time":{"start":1766707342592,"stop":1766707344683,"duration":2091}}]},"tags":[]},"source":"a1f68bf0fefd3084.json","parameterValues":[]}