{"uid":"a5a1484a72bc68dc","name":"TC01 - Verify Leave Type Lifecycle: Create, Verify, Delete","fullName":"project_orangehrm.Test.Leave_Configuration_Test.verifyLeaveType_Lifecycle_Success","historyId":"8aa7d00c99e2ba8999e5e6302f09b2aa","time":{"start":1766955320737,"stop":1766955346959,"duration":26222},"status":"failed","statusMessage":"Record not found: Casual Leave - Test | Locator: By.xpath: //div[@role='row']//div[normalize-space()='Casual Leave - Test']","statusTrace":"java.lang.AssertionError: Record not found: Casual Leave - Test | Locator: By.xpath: //div[@role='row']//div[normalize-space()='Casual Leave - Test']\n\tat org.testng.Assert.fail(Assert.java:111)\n\tat project_orangehrm.Base.BasePage.assertVisible(BasePage.java:46)\n\tat project_orangehrm.Pages.CommonPage.verifyRecordVisible(CommonPage.java:316)\n\tat project_orangehrm.Pages.LeavePage.verifyRecordExists(LeavePage.java:119)\n\tat project_orangehrm.Test.Leave_Configuration_Test.verifyLeaveType_Lifecycle_Success(Leave_Configuration_Test.java:43)\n\tat java.base/jdk.internal.reflect.DirectMethodHandleAccessor.invoke(DirectMethodHandleAccessor.java:103)\n\tat java.base/java.lang.reflect.Method.invoke(Method.java:580)\n\tat org.testng.internal.invokers.MethodInvocationHelper.invokeMethod(MethodInvocationHelper.java:141)\n\tat org.testng.internal.invokers.TestInvoker.invokeMethod(TestInvoker.java:687)\n\tat org.testng.internal.invokers.TestInvoker.invokeTestMethod(TestInvoker.java:230)\n\tat org.testng.internal.invokers.MethodRunner.runInSequence(MethodRunner.java:63)\n\tat org.testng.internal.invokers.TestInvoker$MethodInvocationAgent.invoke(TestInvoker.java:995)\n\tat org.testng.internal.invokers.TestInvoker.invokeTestMethods(TestInvoker.java:203)\n\tat org.testng.internal.invokers.TestMethodWorker.invokeTestMethods(TestMethodWorker.java:154)\n\tat org.testng.internal.invokers.TestMethodWorker.run(TestMethodWorker.java:134)\n\tat java.base/java.util.ArrayList.forEach(ArrayList.java:1596)\n\tat org.testng.TestRunner.privateRun(TestRunner.java:741)\n\tat org.testng.TestRunner.run(TestRunner.java:616)\n\tat org.testng.SuiteRunner.runTest(SuiteRunner.java:421)\n\tat org.testng.SuiteRunner.runSequentially(SuiteRunner.java:413)\n\tat org.testng.SuiteRunner.privateRun(SuiteRunner.java:373)\n\tat org.testng.SuiteRunner.run(SuiteRunner.java:312)\n\tat org.testng.SuiteRunnerWorker.runSuite(SuiteRunnerWorker.java:52)\n\tat org.testng.SuiteRunnerWorker.run(SuiteRunnerWorker.java:95)\n\tat org.testng.TestNG.runSuitesSequentially(TestNG.java:1274)\n\tat org.testng.TestNG.runSuitesLocally(TestNG.java:1208)\n\tat org.testng.TestNG.runSuites(TestNG.java:1112)\n\tat org.testng.TestNG.run(TestNG.java:1079)\n\tat org.apache.maven.surefire.testng.TestNGExecutor.run(TestNGExecutor.java:155)\n\tat org.apache.maven.surefire.testng.TestNGDirectoryTestSuite.executeSingleClass(TestNGDirectoryTestSuite.java:102)\n\tat org.apache.maven.surefire.testng.TestNGDirectoryTestSuite.execute(TestNGDirectoryTestSuite.java:91)\n\tat org.apache.maven.surefire.testng.TestNGProvider.invoke(TestNGProvider.java:137)\n\tat org.apache.maven.surefire.booter.ForkedBooter.runSuitesInProcess(ForkedBooter.java:385)\n\tat org.apache.maven.surefire.booter.ForkedBooter.execute(ForkedBooter.java:162)\n\tat org.apache.maven.surefire.booter.ForkedBooter.run(ForkedBooter.java:507)\n\tat org.apache.maven.surefire.booter.ForkedBooter.main(ForkedBooter.java:495)\n","flaky":true,"newFailed":true,"newBroken":false,"newPassed":false,"retriesCount":0,"retriesStatusChange":false,"beforeStages":[{"name":"setUp","time":{"start":1766955295233,"stop":1766955314120,"duration":18887},"description":"","status":"passed","steps":[],"attachments":[],"parameters":[],"stepsCount":0,"shouldDisplayMessage":false,"attachmentsCount":0,"hasContent":false,"attachmentStep":false},{"name":"setup","time":{"start":1766955314186,"stop":1766955320700,"duration":6514},"description":"","status":"passed","steps":[],"attachments":[],"parameters":[],"stepsCount":0,"shouldDisplayMessage":false,"attachmentsCount":0,"hasContent":false,"attachmentStep":false}],"testStage":{"status":"failed","statusMessage":"Record not found: Casual Leave - Test | Locator: By.xpath: //div[@role='row']//div[normalize-space()='Casual Leave - Test']","statusTrace":"java.lang.AssertionError: Record not found: Casual Leave - Test | Locator: By.xpath: //div[@role='row']//div[normalize-space()='Casual Leave - Test']\n\tat org.testng.Assert.fail(Assert.java:111)\n\tat project_orangehrm.Base.BasePage.assertVisible(BasePage.java:46)\n\tat project_orangehrm.Pages.CommonPage.verifyRecordVisible(CommonPage.java:316)\n\tat project_orangehrm.Pages.LeavePage.verifyRecordExists(LeavePage.java:119)\n\tat project_orangehrm.Test.Leave_Configuration_Test.verifyLeaveType_Lifecycle_Success(Leave_Configuration_Test.java:43)\n\tat java.base/jdk.internal.reflect.DirectMethodHandleAccessor.invoke(DirectMethodHandleAccessor.java:103)\n\tat java.base/java.lang.reflect.Method.invoke(Method.java:580)\n\tat org.testng.internal.invokers.MethodInvocationHelper.invokeMethod(MethodInvocationHelper.java:141)\n\tat org.testng.internal.invokers.TestInvoker.invokeMethod(TestInvoker.java:687)\n\tat org.testng.internal.invokers.TestInvoker.invokeTestMethod(TestInvoker.java:230)\n\tat org.testng.internal.invokers.MethodRunner.runInSequence(MethodRunner.java:63)\n\tat org.testng.internal.invokers.TestInvoker$MethodInvocationAgent.invoke(TestInvoker.java:995)\n\tat org.testng.internal.invokers.TestInvoker.invokeTestMethods(TestInvoker.java:203)\n\tat org.testng.internal.invokers.TestMethodWorker.invokeTestMethods(TestMethodWorker.java:154)\n\tat org.testng.internal.invokers.TestMethodWorker.run(TestMethodWorker.java:134)\n\tat java.base/java.util.ArrayList.forEach(ArrayList.java:1596)\n\tat org.testng.TestRunner.privateRun(TestRunner.java:741)\n\tat org.testng.TestRunner.run(TestRunner.java:616)\n\tat org.testng.SuiteRunner.runTest(SuiteRunner.java:421)\n\tat org.testng.SuiteRunner.runSequentially(SuiteRunner.java:413)\n\tat org.testng.SuiteRunner.privateRun(SuiteRunner.java:373)\n\tat org.testng.SuiteRunner.run(SuiteRunner.java:312)\n\tat org.testng.SuiteRunnerWorker.runSuite(SuiteRunnerWorker.java:52)\n\tat org.testng.SuiteRunnerWorker.run(SuiteRunnerWorker.java:95)\n\tat org.testng.TestNG.runSuitesSequentially(TestNG.java:1274)\n\tat org.testng.TestNG.runSuitesLocally(TestNG.java:1208)\n\tat org.testng.TestNG.runSuites(TestNG.java:1112)\n\tat org.testng.TestNG.run(TestNG.java:1079)\n\tat org.apache.maven.surefire.testng.TestNGExecutor.run(TestNGExecutor.java:155)\n\tat org.apache.maven.surefire.testng.TestNGDirectoryTestSuite.executeSingleClass(TestNGDirectoryTestSuite.java:102)\n\tat org.apache.maven.surefire.testng.TestNGDirectoryTestSuite.execute(TestNGDirectoryTestSuite.java:91)\n\tat org.apache.maven.surefire.testng.TestNGProvider.invoke(TestNGProvider.java:137)\n\tat org.apache.maven.surefire.booter.ForkedBooter.runSuitesInProcess(ForkedBooter.java:385)\n\tat org.apache.maven.surefire.booter.ForkedBooter.execute(ForkedBooter.java:162)\n\tat org.apache.maven.surefire.booter.ForkedBooter.run(ForkedBooter.java:507)\n\tat org.apache.maven.surefire.booter.ForkedBooter.main(ForkedBooter.java:495)\n","steps":[],"attachments":[{"uid":"7173a93e6e50aa2d","name":"SoftAssert_Failed - 2025-12-28T20:55:36.803008798","source":"7173a93e6e50aa2d.png","type":"image/png","size":103787},{"uid":"5f0be50ce3959c50","name":"Page Source","source":"5f0be50ce3959c50.html","type":"text/html","size":295989}],"parameters":[],"stepsCount":0,"shouldDisplayMessage":true,"attachmentsCount":2,"hasContent":true,"attachmentStep":false},"afterStages":[{"name":"tearDown","time":{"start":1766955346969,"stop":1766955347163,"duration":194},"description":"","status":"passed","steps":[],"attachments":[{"uid":"964c96e449272ffd","name":"Screenshot Failure - verifyLeaveType_Lifecycle_Success","source":"964c96e449272ffd.png","type":"image/png","size":103787},{"uid":"94211491191f05a","name":"Page Source","source":"94211491191f05a.html","type":"text/html","size":295989}],"parameters":[],"stepsCount":0,"shouldDisplayMessage":false,"attachmentsCount":2,"hasContent":true,"attachmentStep":false}],"labels":[{"name":"package","value":"project_orangehrm.Test.Leave_Configuration_Test"},{"name":"testClass","value":"project_orangehrm.Test.Leave_Configuration_Test"},{"name":"testMethod","value":"verifyLeaveType_Lifecycle_Success"},{"name":"parentSuite","value":"Surefire suite"},{"name":"suite","value":"Surefire test"},{"name":"subSuite","value":"project_orangehrm.Test.Leave_Configuration_Test"},{"name":"host","value":"runnervmh13bl"},{"name":"thread","value":"2605@runnervmh13bl.main(1)"},{"name":"framework","value":"testng"},{"name":"language","value":"java"},{"name":"resultFormat","value":"allure2"}],"parameters":[],"links":[],"hidden":false,"retry":false,"extra":{"severity":"normal","retries":[],"categories":[{"name":"Product defects","matchedStatuses":[],"flaky":false}],"history":{"statistic":{"failed":3,"broken":0,"skipped":1,"passed":3,"unknown":0,"total":7},"items":[{"uid":"f4c90f3ade7f7da1","reportUrl":"https://m1mohammed1.github.io/orangeHRM/57/#testresult/f4c90f3ade7f7da1","status":"passed","time":{"start":1766953259207,"stop":1766953276614,"duration":17407}},{"uid":"8a7b70916e04bd3d","reportUrl":"https://m1mohammed1.github.io/orangeHRM/55/#testresult/8a7b70916e04bd3d","status":"skipped","statusDetails":"Expected condition failed: waiting for project_orangehrm.Base.BasePage$$Lambda/0x00007f35c036ccb0@602f8f94 (tried for 10 second(s) with 300 milliseconds interval)","time":{"start":1766949205420,"stop":1766949205421,"duration":1}},{"uid":"17acc843c10075dd","reportUrl":"https://m1mohammed1.github.io/orangeHRM/47/#testresult/17acc843c10075dd","status":"failed","statusDetails":"Success message not displayed | Locator: By.xpath: //div[contains(@class, 'oxd-toast--success')]","time":{"start":1766860198770,"stop":1766860210316,"duration":11546}},{"uid":"76a028b7fb14a6c8","reportUrl":"https://m1mohammed1.github.io/orangeHRM/44/#testresult/76a028b7fb14a6c8","status":"passed","time":{"start":1766858766924,"stop":1766858783245,"duration":16321}},{"uid":"c6a42d01fa51ab37","reportUrl":"https://m1mohammed1.github.io/orangeHRM/32/#testresult/c6a42d01fa51ab37","status":"failed","statusDetails":"Success message not displayed | Locator: By.xpath: //div[contains(@class, 'oxd-toast--success')]","time":{"start":1766788695822,"stop":1766788707618,"duration":11796}},{"uid":"93d704d488e10412","reportUrl":"https://m1mohammed1.github.io/orangeHRM/22/#testresult/93d704d488e10412","status":"passed","time":{"start":1766707382167,"stop":1766707398407,"duration":16240}}]},"tags":[]},"source":"a5a1484a72bc68dc.json","parameterValues":[]}