{"uid":"a76da707f3a45872","name":"TC08 - Verify Directory Empty Search Results","fullName":"project_orangehrm.Test.Directory_Test.verifyDirectory_EmptyResults_Success","historyId":"c73e100934458634cc56773c7cd92016","time":{"start":1766763908434,"stop":1766763908434,"duration":0},"status":"skipped","statusMessage":"Expected condition failed: waiting for project_orangehrm.Base.BasePage$$Lambda/0x00007fd2f83468a8@5440b6c5 (tried for 10 second(s) with 300 milliseconds interval)","statusTrace":"org.openqa.selenium.TimeoutException: Expected condition failed: waiting for project_orangehrm.Base.BasePage$$Lambda/0x00007fd2f83468a8@5440b6c5 (tried for 10 second(s) with 300 milliseconds interval)\n\tat org.openqa.selenium.support.ui.FluentWait.timeoutException(FluentWait.java:265)\n\tat org.openqa.selenium.support.ui.FluentWait.until(FluentWait.java:228)\n\tat project_orangehrm.Base.BasePage.typeText(BasePage.java:82)\n\tat project_orangehrm.Pages.LoginPage.enterUsername(LoginPage.java:22)\n\tat project_orangehrm.Test.Directory_Test.setup(Directory_Test.java:23)\n\tat java.base/jdk.internal.reflect.DirectMethodHandleAccessor.invoke(DirectMethodHandleAccessor.java:103)\n\tat java.base/java.lang.reflect.Method.invoke(Method.java:580)\n\tat org.testng.internal.invokers.MethodInvocationHelper.invokeMethod(MethodInvocationHelper.java:141)\n\tat org.testng.internal.invokers.MethodInvocationHelper.invokeMethodConsideringTimeout(MethodInvocationHelper.java:71)\n\tat org.testng.internal.invokers.ConfigInvoker.invokeConfigurationMethod(ConfigInvoker.java:400)\n\tat org.testng.internal.invokers.ConfigInvoker.invokeConfigurations(ConfigInvoker.java:333)\n\tat org.testng.internal.invokers.TestInvoker.runConfigMethods(TestInvoker.java:836)\n\tat org.testng.internal.invokers.TestInvoker.invokeMethod(TestInvoker.java:601)\n\tat org.testng.internal.invokers.TestInvoker.invokeTestMethod(TestInvoker.java:230)\n\tat org.testng.internal.invokers.MethodRunner.runInSequence(MethodRunner.java:63)\n\tat org.testng.internal.invokers.TestInvoker$MethodInvocationAgent.invoke(TestInvoker.java:995)\n\tat org.testng.internal.invokers.TestInvoker.invokeTestMethods(TestInvoker.java:203)\n\tat org.testng.internal.invokers.TestMethodWorker.invokeTestMethods(TestMethodWorker.java:154)\n\tat org.testng.internal.invokers.TestMethodWorker.run(TestMethodWorker.java:134)\n\tat java.base/java.util.concurrent.Executors$RunnableAdapter.call(Executors.java:572)\n\tat java.base/java.util.concurrent.FutureTask.run(FutureTask.java:317)\n\tat org.testng.internal.thread.graph.TestNGFutureTask.run(TestNGFutureTask.java:22)\n\tat java.base/java.util.concurrent.ThreadPoolExecutor.runWorker(ThreadPoolExecutor.java:1144)\n\tat java.base/java.util.concurrent.ThreadPoolExecutor$Worker.run(ThreadPoolExecutor.java:642)\n\tat java.base/java.lang.Thread.run(Thread.java:1583)\nCaused by: org.openqa.selenium.NoSuchElementException: no such element: Unable to locate element: {\"method\":\"css selector\",\"selector\":\"input[placeholder='Username']\"}\n  (Session info: chrome=143.0.7499.109)\nFor documentation on this error, please visit: https://www.selenium.dev/documentation/webdriver/troubleshooting/errors#nosuchelementexception\nBuild info: version: '4.37.0', revision: '3c1da1e342'\nSystem info: os.name: 'Linux', os.arch: 'amd64', os.version: '6.11.0-1018-azure', java.version: '21.0.9'\nDriver info: org.openqa.selenium.chrome.ChromeDriver\nCommand: [5619933b9598b641f181575f38fc43d8, findElement {using=css selector, value=input[placeholder='Username']}]\nCapabilities {acceptInsecureCerts: false, browserName: chrome, browserVersion: 143.0.7499.109, chrome: {chromedriverVersion: 143.0.7499.169 (164b20aab62..., userDataDir: /tmp/.org.chromium.Chromium...}, fedcm:accounts: true, goog:chromeOptions: {debuggerAddress: localhost:40151}, goog:processID: 13409, networkConnectionEnabled: false, pageLoadStrategy: normal, platformName: linux, proxy: Proxy(), se:cdp: ws://localhost:40151/devtoo..., se:cdpVersion: 143.0.7499.109, setWindowRect: true, strictFileInteractability: false, timeouts: {implicit: 0, pageLoad: 300000, script: 30000}, unhandledPromptBehavior: dismiss and notify, webauthn:extension:credBlob: true, webauthn:extension:largeBlob: true, webauthn:extension:minPinLength: true, webauthn:extension:prf: true, webauthn:virtualAuthenticators: true}\nSession ID: 5619933b9598b641f181575f38fc43d8\n\tat java.base/jdk.internal.reflect.DirectConstructorHandleAccessor.newInstance(DirectConstructorHandleAccessor.java:62)\n\tat java.base/java.lang.reflect.Constructor.newInstanceWithCaller(Constructor.java:502)\n\tat java.base/java.lang.reflect.Constructor.newInstance(Constructor.java:486)\n\tat org.openqa.selenium.remote.ErrorCodec.decode(ErrorCodec.java:167)\n\tat org.openqa.selenium.remote.codec.w3c.W3CHttpResponseCodec.decode(W3CHttpResponseCodec.java:138)\n\tat org.openqa.selenium.remote.codec.w3c.W3CHttpResponseCodec.decode(W3CHttpResponseCodec.java:50)\n\tat org.openqa.selenium.remote.HttpCommandExecutor.execute(HttpCommandExecutor.java:215)\n\tat org.openqa.selenium.remote.service.DriverCommandExecutor.invokeExecute(DriverCommandExecutor.java:216)\n\tat org.openqa.selenium.remote.service.DriverCommandExecutor.execute(DriverCommandExecutor.java:174)\n\tat org.openqa.selenium.remote.RemoteWebDriver.execute(RemoteWebDriver.java:557)\n\tat org.openqa.selenium.remote.ElementLocation$ElementFinder$2.findElement(ElementLocation.java:165)\n\tat org.openqa.selenium.remote.ElementLocation.findElement(ElementLocation.java:59)\n\tat org.openqa.selenium.remote.RemoteWebDriver.findElement(RemoteWebDriver.java:380)\n\tat org.openqa.selenium.remote.RemoteWebDriver.findElement(RemoteWebDriver.java:374)\n\tat project_orangehrm.Base.BasePage.lambda$typeText$0(BasePage.java:83)\n\tat org.openqa.selenium.support.ui.FluentWait.until(FluentWait.java:203)\n\t... 23 more\n","flaky":false,"newFailed":false,"newBroken":false,"newPassed":false,"retriesCount":15,"retriesStatusChange":false,"beforeStages":[{"name":"setup","time":{"start":1766763908433,"stop":1766763908433,"duration":0},"description":"","status":"broken","steps":[],"attachments":[],"parameters":[],"stepsCount":0,"shouldDisplayMessage":false,"attachmentsCount":0,"hasContent":false,"attachmentStep":false},{"name":"setUp","time":{"start":1766763908433,"stop":1766763908433,"duration":0},"description":"","status":"broken","steps":[],"attachments":[],"parameters":[],"stepsCount":0,"shouldDisplayMessage":false,"attachmentsCount":0,"hasContent":false,"attachmentStep":false}],"afterStages":[{"name":"tearDown","time":{"start":1766763908434,"stop":1766763908434,"duration":0},"description":"","status":"broken","steps":[],"attachments":[],"parameters":[],"stepsCount":0,"shouldDisplayMessage":false,"attachmentsCount":0,"hasContent":false,"attachmentStep":false}],"labels":[{"name":"package","value":"project_orangehrm.Test.Directory_Test"},{"name":"testClass","value":"project_orangehrm.Test.Directory_Test"},{"name":"testMethod","value":"verifyDirectory_EmptyResults_Success"},{"name":"parentSuite","value":"OrangeHRM_Strategic_Suite"},{"name":"suite","value":"Step5_Perf_Dash_Adv"},{"name":"subSuite","value":"project_orangehrm.Test.Directory_Test"},{"name":"host","value":"runnervmh13bl"},{"name":"thread","value":"2331@runnervmh13bl.TestNG-test-Step5_Perf_Dash_Adv-1(566)"},{"name":"framework","value":"testng"},{"name":"language","value":"java"},{"name":"resultFormat","value":"allure2"}],"parameters":[{"name":"browser","value":"edge"}],"links":[],"hidden":false,"retry":false,"extra":{"severity":"normal","retries":[{"uid":"4841171450cd98fa","status":"skipped","statusDetails":"Expected condition failed: waiting for project_orangehrm.Base.BasePage$$Lambda/0x00007f8ca0346ae0@72cd76f2 (tried for 10 second(s) with 300 milliseconds interval)","time":{"start":1766763899134,"stop":1766763899134,"duration":0}},{"uid":"19ded9164d27bc8c","status":"skipped","statusDetails":"Expected condition failed: waiting for project_orangehrm.Base.BasePage$$Lambda/0x00007f05643468a8@1f5585eb (tried for 10 second(s) with 300 milliseconds interval)","time":{"start":1766763896657,"stop":1766763896657,"duration":0}},{"uid":"10b4e67e1d5af38f","status":"skipped","statusDetails":"Expected condition failed: waiting for project_orangehrm.Base.BasePage$$Lambda/0x00007f7b283468a8@7fb3e91a (tried for 10 second(s) with 300 milliseconds interval)","time":{"start":1766763895430,"stop":1766763895430,"duration":0}},{"uid":"87a7eb498dc5ceb7","status":"skipped","statusDetails":"Expected condition failed: waiting for project_orangehrm.Base.BasePage$$Lambda/0x00007f047c3491b0@7637b523 (tried for 10 second(s) with 300 milliseconds interval)","time":{"start":1766763877842,"stop":1766763877842,"duration":0}},{"uid":"40b373521d1ce17f","status":"skipped","statusDetails":"Expected condition failed: waiting for project_orangehrm.Base.BasePage$$Lambda/0x00007fc4a83491b0@13eeb27e (tried for 10 second(s) with 300 milliseconds interval)","time":{"start":1766763411200,"stop":1766763411200,"duration":0}},{"uid":"3fea6477c35357bb","status":"skipped","statusDetails":"Expected condition failed: waiting for project_orangehrm.Base.BasePage$$Lambda/0x00007f57e03491b0@1f050f06 (tried for 10 second(s) with 300 milliseconds interval)","time":{"start":1766763401608,"stop":1766763401608,"duration":0}},{"uid":"a68c2a902a5f7496","status":"skipped","statusDetails":"Expected condition failed: waiting for project_orangehrm.Base.BasePage$$Lambda/0x00007ff86c3491b0@5440b6c5 (tried for 10 second(s) with 300 milliseconds interval)","time":{"start":1766763396566,"stop":1766763396566,"duration":0}},{"uid":"d8a8d58689c8e67d","status":"skipped","statusDetails":"Expected condition failed: waiting for project_orangehrm.Base.BasePage$$Lambda/0x00007f4a303491b0@2fb0d87e (tried for 10 second(s) with 300 milliseconds interval)","time":{"start":1766763395045,"stop":1766763395045,"duration":0}},{"uid":"25261f2103af9e79","status":"skipped","statusDetails":"Expected condition failed: waiting for project_orangehrm.Base.BasePage$$Lambda/0x00007f4d003491b0@5440b6c5 (tried for 10 second(s) with 300 milliseconds interval)","time":{"start":1766763391569,"stop":1766763391570,"duration":1}},{"uid":"ccf2b4e49f453796","status":"skipped","statusDetails":"Expected condition failed: waiting for project_orangehrm.Base.BasePage$$Lambda/0x00007f13b0346ae0@2607fdc0 (tried for 10 second(s) with 300 milliseconds interval)","time":{"start":1766763381460,"stop":1766763381460,"duration":0}},{"uid":"18ae2b4c11528015","status":"skipped","statusDetails":"Expected condition failed: waiting for project_orangehrm.Base.BasePage$$Lambda/0x00007fa3e8344bd0@3bdedb06 (tried for 10 second(s) with 300 milliseconds interval)","time":{"start":1766763381034,"stop":1766763381034,"duration":0}},{"uid":"f645bd248b5f8623","status":"skipped","statusDetails":"Expected condition failed: waiting for project_orangehrm.Base.BasePage$$Lambda/0x00007fa75c346ae0@94615bb (tried for 10 second(s) with 300 milliseconds interval)","time":{"start":1766763377585,"stop":1766763377585,"duration":0}},{"uid":"14146a21e9237546","status":"skipped","statusDetails":"Expected condition failed: waiting for project_orangehrm.Base.BasePage$$Lambda/0x00007f9aec3491b0@7c690600 (tried for 10 second(s) with 300 milliseconds interval)","time":{"start":1766763373379,"stop":1766763373379,"duration":0}},{"uid":"325916797bd80e68","status":"skipped","statusDetails":"Expected condition failed: waiting for project_orangehrm.Base.BasePage$$Lambda/0x00007f2cd03468a8@7831a249 (tried for 10 second(s) with 300 milliseconds interval)","time":{"start":1766763372209,"stop":1766763372209,"duration":0}},{"uid":"48712a565823260f","status":"skipped","statusDetails":"Expected condition failed: waiting for project_orangehrm.Base.BasePage$$Lambda/0x00007f69143491b0@66ad0a4 (tried for 10 second(s) with 300 milliseconds interval)","time":{"start":1766762911708,"stop":1766762911708,"duration":0}}],"categories":[],"history":{"statistic":{"failed":6,"broken":0,"skipped":1,"passed":0,"unknown":0,"total":7},"items":[{"uid":"c7f3b09b19575fc0","reportUrl":"https://m1mohammed1.github.io/orangeHRM/23/#testresult/c7f3b09b19575fc0","status":"failed","statusDetails":"No Records Found message not displayed | Locator: By.xpath: //span[contains(text(),'No Records Found')]","time":{"start":1766761996645,"stop":1766762007138,"duration":10493}},{"uid":"26bcfc802a2453a2","reportUrl":"https://m1mohammed1.github.io/orangeHRM/22/#testresult/26bcfc802a2453a2","status":"failed","statusDetails":"No Records Found message not displayed | Locator: By.xpath: //span[contains(text(),'No Records Found')]","time":{"start":1766706979896,"stop":1766706990341,"duration":10445}},{"uid":"89f602953c0fde27","reportUrl":"https://m1mohammed1.github.io/orangeHRM/17/#testresult/89f602953c0fde27","status":"failed","statusDetails":"No Records Found message not displayed | Locator: By.xpath: //span[contains(text(),'No Records Found')]","time":{"start":1766696770296,"stop":1766696780831,"duration":10535}},{"uid":"bf4df4dac7f6e2c5","reportUrl":"https://m1mohammed1.github.io/orangeHRM/16/#testresult/bf4df4dac7f6e2c5","status":"failed","statusDetails":"No Records Found message not displayed | Locator: By.xpath: //span[contains(text(),'No Records Found')]","time":{"start":1766630863646,"stop":1766630874069,"duration":10423}},{"uid":"260116981c917b86","reportUrl":"https://m1mohammed1.github.io/orangeHRM/15/#testresult/260116981c917b86","status":"failed","statusDetails":"No Records Found message not displayed | Locator: By.xpath: //span[contains(text(),'No Records Found')]","time":{"start":1766623113846,"stop":1766623124268,"duration":10422}},{"uid":"43553f8f220a64ca","reportUrl":"https://m1mohammed1.github.io/orangeHRM/13/#testresult/43553f8f220a64ca","status":"failed","statusDetails":"No Records Found message not displayed | Locator: By.xpath: //span[contains(text(),'No Records Found')]","time":{"start":1766619454269,"stop":1766619464879,"duration":10610}}]},"tags":[]},"source":"a76da707f3a45872.json","parameterValues":["edge"]}