{"uid":"b3c6bc35100605d5","name":"TC18 - Verify Manage Reviews Complete Review","fullName":"project_orangehrm.Test.Performance_MyReviews_Test.verifyManageReviews_Complete_Success","historyId":"aab3325adc8bb1fedbfd51a0aeb09f77","time":{"start":1766763861864,"stop":1766763861864,"duration":0},"status":"skipped","statusMessage":"Expected condition failed: waiting for project_orangehrm.Base.BasePage$$Lambda/0x00007fd2f83468a8@4030ff00 (tried for 10 second(s) with 300 milliseconds interval)","statusTrace":"org.openqa.selenium.TimeoutException: Expected condition failed: waiting for project_orangehrm.Base.BasePage$$Lambda/0x00007fd2f83468a8@4030ff00 (tried for 10 second(s) with 300 milliseconds interval)\n\tat org.openqa.selenium.support.ui.FluentWait.timeoutException(FluentWait.java:265)\n\tat org.openqa.selenium.support.ui.FluentWait.until(FluentWait.java:228)\n\tat project_orangehrm.Base.BasePage.typeText(BasePage.java:82)\n\tat project_orangehrm.Pages.LoginPage.enterUsername(LoginPage.java:22)\n\tat project_orangehrm.Test.Performance_MyReviews_Test.setup(Performance_MyReviews_Test.java:23)\n\tat java.base/jdk.internal.reflect.DirectMethodHandleAccessor.invoke(DirectMethodHandleAccessor.java:103)\n\tat java.base/java.lang.reflect.Method.invoke(Method.java:580)\n\tat org.testng.internal.invokers.MethodInvocationHelper.invokeMethod(MethodInvocationHelper.java:141)\n\tat org.testng.internal.invokers.MethodInvocationHelper.invokeMethodConsideringTimeout(MethodInvocationHelper.java:71)\n\tat org.testng.internal.invokers.ConfigInvoker.invokeConfigurationMethod(ConfigInvoker.java:400)\n\tat org.testng.internal.invokers.ConfigInvoker.invokeConfigurations(ConfigInvoker.java:333)\n\tat org.testng.internal.invokers.TestInvoker.runConfigMethods(TestInvoker.java:836)\n\tat org.testng.internal.invokers.TestInvoker.invokeMethod(TestInvoker.java:601)\n\tat org.testng.internal.invokers.TestInvoker.invokeTestMethod(TestInvoker.java:230)\n\tat org.testng.internal.invokers.MethodRunner.runInSequence(MethodRunner.java:63)\n\tat org.testng.internal.invokers.TestInvoker$MethodInvocationAgent.invoke(TestInvoker.java:995)\n\tat org.testng.internal.invokers.TestInvoker.invokeTestMethods(TestInvoker.java:203)\n\tat org.testng.internal.invokers.TestMethodWorker.invokeTestMethods(TestMethodWorker.java:154)\n\tat org.testng.internal.invokers.TestMethodWorker.run(TestMethodWorker.java:134)\n\tat java.base/java.util.concurrent.Executors$RunnableAdapter.call(Executors.java:572)\n\tat java.base/java.util.concurrent.FutureTask.run(FutureTask.java:317)\n\tat org.testng.internal.thread.graph.TestNGFutureTask.run(TestNGFutureTask.java:22)\n\tat java.base/java.util.concurrent.ThreadPoolExecutor.runWorker(ThreadPoolExecutor.java:1144)\n\tat java.base/java.util.concurrent.ThreadPoolExecutor$Worker.run(ThreadPoolExecutor.java:642)\n\tat java.base/java.lang.Thread.run(Thread.java:1583)\nCaused by: org.openqa.selenium.NoSuchElementException: no such element: Unable to locate element: {\"method\":\"css selector\",\"selector\":\"input[placeholder='Username']\"}\n  (Session info: chrome=143.0.7499.109)\nFor documentation on this error, please visit: https://www.selenium.dev/documentation/webdriver/troubleshooting/errors#nosuchelementexception\nBuild info: version: '4.37.0', revision: '3c1da1e342'\nSystem info: os.name: 'Linux', os.arch: 'amd64', os.version: '6.11.0-1018-azure', java.version: '21.0.9'\nDriver info: org.openqa.selenium.chrome.ChromeDriver\nCommand: [092d832d500b7a4b0f3003d1ffcb1872, findElement {using=css selector, value=input[placeholder='Username']}]\nCapabilities {acceptInsecureCerts: false, browserName: chrome, browserVersion: 143.0.7499.109, chrome: {chromedriverVersion: 143.0.7499.169 (164b20aab62..., userDataDir: /tmp/.org.chromium.Chromium...}, fedcm:accounts: true, goog:chromeOptions: {debuggerAddress: localhost:43197}, goog:processID: 11170, networkConnectionEnabled: false, pageLoadStrategy: normal, platformName: linux, proxy: Proxy(), se:cdp: ws://localhost:43197/devtoo..., se:cdpVersion: 143.0.7499.109, setWindowRect: true, strictFileInteractability: false, timeouts: {implicit: 0, pageLoad: 300000, script: 30000}, unhandledPromptBehavior: dismiss and notify, webauthn:extension:credBlob: true, webauthn:extension:largeBlob: true, webauthn:extension:minPinLength: true, webauthn:extension:prf: true, webauthn:virtualAuthenticators: true}\nSession ID: 092d832d500b7a4b0f3003d1ffcb1872\n\tat java.base/jdk.internal.reflect.DirectConstructorHandleAccessor.newInstance(DirectConstructorHandleAccessor.java:62)\n\tat java.base/java.lang.reflect.Constructor.newInstanceWithCaller(Constructor.java:502)\n\tat java.base/java.lang.reflect.Constructor.newInstance(Constructor.java:486)\n\tat org.openqa.selenium.remote.ErrorCodec.decode(ErrorCodec.java:167)\n\tat org.openqa.selenium.remote.codec.w3c.W3CHttpResponseCodec.decode(W3CHttpResponseCodec.java:138)\n\tat org.openqa.selenium.remote.codec.w3c.W3CHttpResponseCodec.decode(W3CHttpResponseCodec.java:50)\n\tat org.openqa.selenium.remote.HttpCommandExecutor.execute(HttpCommandExecutor.java:215)\n\tat org.openqa.selenium.remote.service.DriverCommandExecutor.invokeExecute(DriverCommandExecutor.java:216)\n\tat org.openqa.selenium.remote.service.DriverCommandExecutor.execute(DriverCommandExecutor.java:174)\n\tat org.openqa.selenium.remote.RemoteWebDriver.execute(RemoteWebDriver.java:557)\n\tat org.openqa.selenium.remote.ElementLocation$ElementFinder$2.findElement(ElementLocation.java:165)\n\tat org.openqa.selenium.remote.ElementLocation.findElement(ElementLocation.java:59)\n\tat org.openqa.selenium.remote.RemoteWebDriver.findElement(RemoteWebDriver.java:380)\n\tat org.openqa.selenium.remote.RemoteWebDriver.findElement(RemoteWebDriver.java:374)\n\tat project_orangehrm.Base.BasePage.lambda$typeText$0(BasePage.java:83)\n\tat org.openqa.selenium.support.ui.FluentWait.until(FluentWait.java:203)\n\t... 23 more\n","flaky":false,"newFailed":false,"newBroken":false,"newPassed":false,"retriesCount":15,"retriesStatusChange":false,"beforeStages":[{"name":"setUp","time":{"start":1766763861864,"stop":1766763861864,"duration":0},"description":"","status":"broken","steps":[],"attachments":[],"parameters":[],"stepsCount":0,"shouldDisplayMessage":false,"attachmentsCount":0,"hasContent":false,"attachmentStep":false},{"name":"setup","time":{"start":1766763861864,"stop":1766763861864,"duration":0},"description":"","status":"broken","steps":[],"attachments":[],"parameters":[],"stepsCount":0,"shouldDisplayMessage":false,"attachmentsCount":0,"hasContent":false,"attachmentStep":false}],"afterStages":[{"name":"tearDown","time":{"start":1766763861865,"stop":1766763861865,"duration":0},"description":"","status":"broken","steps":[],"attachments":[],"parameters":[],"stepsCount":0,"shouldDisplayMessage":false,"attachmentsCount":0,"hasContent":false,"attachmentStep":false}],"labels":[{"name":"package","value":"project_orangehrm.Test.Performance_MyReviews_Test"},{"name":"testClass","value":"project_orangehrm.Test.Performance_MyReviews_Test"},{"name":"testMethod","value":"verifyManageReviews_Complete_Success"},{"name":"parentSuite","value":"OrangeHRM_Strategic_Suite"},{"name":"suite","value":"Step5_Perf_Evaluation"},{"name":"subSuite","value":"project_orangehrm.Test.Performance_MyReviews_Test"},{"name":"host","value":"runnervmh13bl"},{"name":"thread","value":"2331@runnervmh13bl.TestNG-test-Step5_Perf_Evaluation-1(495)"},{"name":"framework","value":"testng"},{"name":"language","value":"java"},{"name":"resultFormat","value":"allure2"}],"parameters":[{"name":"browser","value":"edge"}],"links":[],"hidden":false,"retry":false,"extra":{"severity":"normal","retries":[{"uid":"e256960cfa4873b6","status":"skipped","statusDetails":"Expected condition failed: waiting for project_orangehrm.Base.BasePage$$Lambda/0x00007f8ca0346ae0@2e91b40f (tried for 10 second(s) with 300 milliseconds interval)","time":{"start":1766763853133,"stop":1766763853133,"duration":0}},{"uid":"4c9d904d7bc12ca5","status":"skipped","statusDetails":"Expected condition failed: waiting for project_orangehrm.Base.BasePage$$Lambda/0x00007f05643468a8@1fce14f6 (tried for 10 second(s) with 300 milliseconds interval)","time":{"start":1766763849836,"stop":1766763849836,"duration":0}},{"uid":"50d9f4bd7a3596d8","status":"skipped","statusDetails":"Expected condition failed: waiting for project_orangehrm.Base.BasePage$$Lambda/0x00007f7b283468a8@1fce14f6 (tried for 10 second(s) with 300 milliseconds interval)","time":{"start":1766763849283,"stop":1766763849283,"duration":0}},{"uid":"e511b8788a331ccd","status":"skipped","statusDetails":"Expected condition failed: waiting for project_orangehrm.Base.BasePage$$Lambda/0x00007f047c3491b0@71ee955f (tried for 10 second(s) with 300 milliseconds interval)","time":{"start":1766763834241,"stop":1766763834241,"duration":0}},{"uid":"1aeb5b7046f3216a","status":"skipped","statusDetails":"Expected condition failed: waiting for project_orangehrm.Base.BasePage$$Lambda/0x00007fc4a83491b0@2da7a547 (tried for 10 second(s) with 300 milliseconds interval)","time":{"start":1766763364993,"stop":1766763364993,"duration":0}},{"uid":"529bea7b619fb87a","status":"skipped","statusDetails":"Expected condition failed: waiting for project_orangehrm.Base.BasePage$$Lambda/0x00007f57e03491b0@6a9f42c8 (tried for 10 second(s) with 300 milliseconds interval)","time":{"start":1766763355438,"stop":1766763355438,"duration":0}},{"uid":"2c90c61df33ea0ee","status":"skipped","statusDetails":"Expected condition failed: waiting for project_orangehrm.Base.BasePage$$Lambda/0x00007ff86c3491b0@4030ff00 (tried for 10 second(s) with 300 milliseconds interval)","time":{"start":1766763350346,"stop":1766763350346,"duration":0}},{"uid":"513bb3114ad86300","status":"skipped","statusDetails":"Expected condition failed: waiting for project_orangehrm.Base.BasePage$$Lambda/0x00007f4a303491b0@77f2330a (tried for 10 second(s) with 300 milliseconds interval)","time":{"start":1766763349255,"stop":1766763349255,"duration":0}},{"uid":"dd237d01b9f81b80","status":"skipped","statusDetails":"Expected condition failed: waiting for project_orangehrm.Base.BasePage$$Lambda/0x00007f4d003491b0@1fce14f6 (tried for 10 second(s) with 300 milliseconds interval)","time":{"start":1766763347581,"stop":1766763347581,"duration":0}},{"uid":"54350c15805c2421","status":"skipped","statusDetails":"Expected condition failed: waiting for project_orangehrm.Base.BasePage$$Lambda/0x00007f13b0346ae0@2d49340 (tried for 10 second(s) with 300 milliseconds interval)","time":{"start":1766763337915,"stop":1766763337915,"duration":0}},{"uid":"64c57179b523de5f","status":"skipped","statusDetails":"Expected condition failed: waiting for project_orangehrm.Base.BasePage$$Lambda/0x00007fa3e8344bd0@79f41d31 (tried for 10 second(s) with 300 milliseconds interval)","time":{"start":1766763335806,"stop":1766763335806,"duration":0}},{"uid":"1259644a51c31b4","status":"skipped","statusDetails":"Expected condition failed: waiting for project_orangehrm.Base.BasePage$$Lambda/0x00007fa75c346ae0@79f41d31 (tried for 10 second(s) with 300 milliseconds interval)","time":{"start":1766763333661,"stop":1766763333661,"duration":0}},{"uid":"598c3faa171f6fa5","status":"skipped","statusDetails":"Expected condition failed: waiting for project_orangehrm.Base.BasePage$$Lambda/0x00007f9aec3491b0@6caec20b (tried for 10 second(s) with 300 milliseconds interval)","time":{"start":1766763329835,"stop":1766763329835,"duration":0}},{"uid":"ad297ff937257865","status":"skipped","statusDetails":"Expected condition failed: waiting for project_orangehrm.Base.BasePage$$Lambda/0x00007f2cd03468a8@32b27571 (tried for 10 second(s) with 300 milliseconds interval)","time":{"start":1766763328623,"stop":1766763328623,"duration":0}},{"uid":"1a2d20bfad39a09c","status":"skipped","statusDetails":"Expected condition failed: waiting for project_orangehrm.Base.BasePage$$Lambda/0x00007f69143491b0@2c416d76 (tried for 10 second(s) with 300 milliseconds interval)","time":{"start":1766762868060,"stop":1766762868060,"duration":0}}],"categories":[],"history":{"statistic":{"failed":0,"broken":6,"skipped":1,"passed":0,"unknown":0,"total":7},"items":[{"uid":"689a50acc81eed13","reportUrl":"https://m1mohammed1.github.io/orangeHRM/23/#testresult/689a50acc81eed13","status":"broken","statusDetails":"Expected condition failed: waiting for element to be clickable: By.xpath: //label[normalize-space()='Status']/../following-sibling::div//div[contains(@class,'oxd-select-text')] (tried for 10 second(s) with 300 milliseconds interval)\nBuild info: version: '4.37.0', revision: '3c1da1e342'\nSystem info: os.name: 'Linux', os.arch: 'amd64', os.version: '6.11.0-1018-azure', java.version: '21.0.9'\nDriver info: driver.version: unknown","time":{"start":1766761807533,"stop":1766761818453,"duration":10920}},{"uid":"90928b6b2d304c91","reportUrl":"https://m1mohammed1.github.io/orangeHRM/22/#testresult/90928b6b2d304c91","status":"broken","statusDetails":"Expected condition failed: waiting for element to be clickable: By.xpath: //label[normalize-space()='Status']/../following-sibling::div//div[contains(@class,'oxd-select-text')] (tried for 10 second(s) with 300 milliseconds interval)\nBuild info: version: '4.37.0', revision: '3c1da1e342'\nSystem info: os.name: 'Linux', os.arch: 'amd64', os.version: '6.11.0-1018-azure', java.version: '21.0.9'\nDriver info: driver.version: unknown","time":{"start":1766707085067,"stop":1766707095871,"duration":10804}},{"uid":"48959cc89121b17e","reportUrl":"https://m1mohammed1.github.io/orangeHRM/17/#testresult/48959cc89121b17e","status":"broken","statusDetails":"Expected condition failed: waiting for element to be clickable: By.xpath: //label[normalize-space()='Status']/../following-sibling::div//div[contains(@class,'oxd-select-text')] (tried for 10 second(s) with 300 milliseconds interval)\nBuild info: version: '4.37.0', revision: '3c1da1e342'\nSystem info: os.name: 'Linux', os.arch: 'amd64', os.version: '6.11.0-1018-azure', java.version: '21.0.9'\nDriver info: driver.version: unknown","time":{"start":1766696856351,"stop":1766696867250,"duration":10899}},{"uid":"7ce757eede23e7a8","reportUrl":"https://m1mohammed1.github.io/orangeHRM/16/#testresult/7ce757eede23e7a8","status":"broken","statusDetails":"Expected condition failed: waiting for element to be clickable: By.xpath: //label[normalize-space()='Status']/../following-sibling::div//div[contains(@class,'oxd-select-text')] (tried for 10 second(s) with 300 milliseconds interval)\nBuild info: version: '4.37.0', revision: '3c1da1e342'\nSystem info: os.name: 'Linux', os.arch: 'amd64', os.version: '6.11.0-1018-azure', java.version: '21.0.9'\nDriver info: driver.version: unknown","time":{"start":1766630964626,"stop":1766630975417,"duration":10791}},{"uid":"17f1438ba98e98bb","reportUrl":"https://m1mohammed1.github.io/orangeHRM/15/#testresult/17f1438ba98e98bb","status":"broken","statusDetails":"Expected condition failed: waiting for element to be clickable: By.xpath: //label[normalize-space()='Status']/../following-sibling::div//div[contains(@class,'oxd-select-text')] (tried for 10 second(s) with 300 milliseconds interval)\nBuild info: version: '4.37.0', revision: '3c1da1e342'\nSystem info: os.name: 'Linux', os.arch: 'amd64', os.version: '6.11.0-1018-azure', java.version: '21.0.9'\nDriver info: driver.version: unknown","time":{"start":1766623195553,"stop":1766623206322,"duration":10769}},{"uid":"4b6d0928fa0d0bb1","reportUrl":"https://m1mohammed1.github.io/orangeHRM/13/#testresult/4b6d0928fa0d0bb1","status":"broken","statusDetails":"Expected condition failed: waiting for element to be clickable: By.xpath: //label[normalize-space()='Status']/../following-sibling::div//div[contains(@class,'oxd-select-text')] (tried for 10 second(s) with 300 milliseconds interval)\nBuild info: version: '4.37.0', revision: '3c1da1e342'\nSystem info: os.name: 'Linux', os.arch: 'amd64', os.version: '6.11.0-1018-azure', java.version: '21.0.9'\nDriver info: driver.version: unknown","time":{"start":1766619516726,"stop":1766619527559,"duration":10833}}]},"tags":[]},"source":"b3c6bc35100605d5.json","parameterValues":["edge"]}