{"uid":"c11ea310ccdf912e","name":"TC02 - Verify Custom Field Lifecycle: Create, Verify","fullName":"project_orangehrm.Test.PIM_Configuration_Test.verifyCustomField_Lifecycle_Success","historyId":"92d7c090e4943d73c8dca7b1b93c6f70","time":{"start":1766763664817,"stop":1766763664817,"duration":0},"status":"skipped","statusMessage":"Expected condition failed: waiting for project_orangehrm.Base.BasePage$$Lambda/0x00007fd2f83468a8@6c6928c (tried for 10 second(s) with 300 milliseconds interval)","statusTrace":"org.openqa.selenium.TimeoutException: Expected condition failed: waiting for project_orangehrm.Base.BasePage$$Lambda/0x00007fd2f83468a8@6c6928c (tried for 10 second(s) with 300 milliseconds interval)\n\tat org.openqa.selenium.support.ui.FluentWait.timeoutException(FluentWait.java:265)\n\tat org.openqa.selenium.support.ui.FluentWait.until(FluentWait.java:228)\n\tat project_orangehrm.Base.BasePage.typeText(BasePage.java:82)\n\tat project_orangehrm.Pages.LoginPage.enterUsername(LoginPage.java:22)\n\tat project_orangehrm.Test.PIM_Configuration_Test.setup(PIM_Configuration_Test.java:22)\n\tat java.base/jdk.internal.reflect.DirectMethodHandleAccessor.invoke(DirectMethodHandleAccessor.java:103)\n\tat java.base/java.lang.reflect.Method.invoke(Method.java:580)\n\tat org.testng.internal.invokers.MethodInvocationHelper.invokeMethod(MethodInvocationHelper.java:141)\n\tat org.testng.internal.invokers.MethodInvocationHelper.invokeMethodConsideringTimeout(MethodInvocationHelper.java:71)\n\tat org.testng.internal.invokers.ConfigInvoker.invokeConfigurationMethod(ConfigInvoker.java:400)\n\tat org.testng.internal.invokers.ConfigInvoker.invokeConfigurations(ConfigInvoker.java:333)\n\tat org.testng.internal.invokers.TestInvoker.runConfigMethods(TestInvoker.java:836)\n\tat org.testng.internal.invokers.TestInvoker.invokeMethod(TestInvoker.java:601)\n\tat org.testng.internal.invokers.TestInvoker.invokeTestMethod(TestInvoker.java:230)\n\tat org.testng.internal.invokers.MethodRunner.runInSequence(MethodRunner.java:63)\n\tat org.testng.internal.invokers.TestInvoker$MethodInvocationAgent.invoke(TestInvoker.java:995)\n\tat org.testng.internal.invokers.TestInvoker.invokeTestMethods(TestInvoker.java:203)\n\tat org.testng.internal.invokers.TestMethodWorker.invokeTestMethods(TestMethodWorker.java:154)\n\tat org.testng.internal.invokers.TestMethodWorker.run(TestMethodWorker.java:134)\n\tat java.base/java.util.ArrayList.forEach(ArrayList.java:1596)\n\tat org.testng.TestRunner.privateRun(TestRunner.java:741)\n\tat org.testng.TestRunner.run(TestRunner.java:616)\n\tat org.testng.SuiteRunner.runTest(SuiteRunner.java:421)\n\tat org.testng.SuiteRunner.runSequentially(SuiteRunner.java:413)\n\tat org.testng.SuiteRunner.privateRun(SuiteRunner.java:373)\n\tat org.testng.SuiteRunner.run(SuiteRunner.java:312)\n\tat org.testng.SuiteRunnerWorker.runSuite(SuiteRunnerWorker.java:52)\n\tat org.testng.SuiteRunnerWorker.run(SuiteRunnerWorker.java:95)\n\tat org.testng.TestNG.runSuitesSequentially(TestNG.java:1274)\n\tat org.testng.TestNG.runSuitesLocally(TestNG.java:1208)\n\tat org.testng.TestNG.runSuites(TestNG.java:1112)\n\tat org.testng.TestNG.run(TestNG.java:1079)\n\tat org.apache.maven.surefire.testng.TestNGExecutor.run(TestNGExecutor.java:308)\n\tat org.apache.maven.surefire.testng.TestNGXmlTestSuite.execute(TestNGXmlTestSuite.java:71)\n\tat org.apache.maven.surefire.testng.TestNGProvider.invoke(TestNGProvider.java:113)\n\tat org.apache.maven.surefire.booter.ForkedBooter.runSuitesInProcess(ForkedBooter.java:385)\n\tat org.apache.maven.surefire.booter.ForkedBooter.execute(ForkedBooter.java:162)\n\tat org.apache.maven.surefire.booter.ForkedBooter.run(ForkedBooter.java:507)\n\tat org.apache.maven.surefire.booter.ForkedBooter.main(ForkedBooter.java:495)\nCaused by: org.openqa.selenium.NoSuchElementException: no such element: Unable to locate element: {\"method\":\"css selector\",\"selector\":\"input[placeholder='Username']\"}\n  (Session info: chrome=143.0.7499.109)\nFor documentation on this error, please visit: https://www.selenium.dev/documentation/webdriver/troubleshooting/errors#nosuchelementexception\nBuild info: version: '4.37.0', revision: '3c1da1e342'\nSystem info: os.name: 'Linux', os.arch: 'amd64', os.version: '6.11.0-1018-azure', java.version: '21.0.9'\nDriver info: org.openqa.selenium.chrome.ChromeDriver\nCommand: [808c2e95abb388d215cf12d6cf284942, findElement {using=css selector, value=input[placeholder='Username']}]\nCapabilities {acceptInsecureCerts: false, browserName: chrome, browserVersion: 143.0.7499.109, chrome: {chromedriverVersion: 143.0.7499.169 (164b20aab62..., userDataDir: /tmp/.org.chromium.Chromium...}, fedcm:accounts: true, goog:chromeOptions: {debuggerAddress: localhost:38837}, goog:processID: 4374, networkConnectionEnabled: false, pageLoadStrategy: normal, platformName: linux, proxy: Proxy(), se:cdp: ws://localhost:38837/devtoo..., se:cdpVersion: 143.0.7499.109, setWindowRect: true, strictFileInteractability: false, timeouts: {implicit: 0, pageLoad: 300000, script: 30000}, unhandledPromptBehavior: dismiss and notify, webauthn:extension:credBlob: true, webauthn:extension:largeBlob: true, webauthn:extension:minPinLength: true, webauthn:extension:prf: true, webauthn:virtualAuthenticators: true}\nSession ID: 808c2e95abb388d215cf12d6cf284942\n\tat java.base/jdk.internal.reflect.DirectConstructorHandleAccessor.newInstance(DirectConstructorHandleAccessor.java:62)\n\tat java.base/java.lang.reflect.Constructor.newInstanceWithCaller(Constructor.java:502)\n\tat java.base/java.lang.reflect.Constructor.newInstance(Constructor.java:486)\n\tat org.openqa.selenium.remote.ErrorCodec.decode(ErrorCodec.java:167)\n\tat org.openqa.selenium.remote.codec.w3c.W3CHttpResponseCodec.decode(W3CHttpResponseCodec.java:138)\n\tat org.openqa.selenium.remote.codec.w3c.W3CHttpResponseCodec.decode(W3CHttpResponseCodec.java:50)\n\tat org.openqa.selenium.remote.HttpCommandExecutor.execute(HttpCommandExecutor.java:215)\n\tat org.openqa.selenium.remote.service.DriverCommandExecutor.invokeExecute(DriverCommandExecutor.java:216)\n\tat org.openqa.selenium.remote.service.DriverCommandExecutor.execute(DriverCommandExecutor.java:174)\n\tat org.openqa.selenium.remote.RemoteWebDriver.execute(RemoteWebDriver.java:557)\n\tat org.openqa.selenium.remote.ElementLocation$ElementFinder$2.findElement(ElementLocation.java:165)\n\tat org.openqa.selenium.remote.ElementLocation.findElement(ElementLocation.java:59)\n\tat org.openqa.selenium.remote.RemoteWebDriver.findElement(RemoteWebDriver.java:380)\n\tat org.openqa.selenium.remote.RemoteWebDriver.findElement(RemoteWebDriver.java:374)\n\tat project_orangehrm.Base.BasePage.lambda$typeText$0(BasePage.java:83)\n\tat org.openqa.selenium.support.ui.FluentWait.until(FluentWait.java:203)\n\t... 37 more\n","flaky":false,"newFailed":false,"newBroken":false,"newPassed":false,"retriesCount":15,"retriesStatusChange":false,"beforeStages":[{"name":"setUp","time":{"start":1766763664816,"stop":1766763664816,"duration":0},"description":"","status":"broken","steps":[],"attachments":[],"parameters":[],"stepsCount":0,"shouldDisplayMessage":false,"attachmentsCount":0,"hasContent":false,"attachmentStep":false},{"name":"setup","time":{"start":1766763664817,"stop":1766763664817,"duration":0},"description":"","status":"broken","steps":[],"attachments":[],"parameters":[],"stepsCount":0,"shouldDisplayMessage":false,"attachmentsCount":0,"hasContent":false,"attachmentStep":false}],"afterStages":[{"name":"tearDown","time":{"start":1766763664818,"stop":1766763664818,"duration":0},"description":"","status":"broken","steps":[],"attachments":[],"parameters":[],"stepsCount":0,"shouldDisplayMessage":false,"attachmentsCount":0,"hasContent":false,"attachmentStep":false}],"labels":[{"name":"package","value":"project_orangehrm.Test.PIM_Configuration_Test"},{"name":"testClass","value":"project_orangehrm.Test.PIM_Configuration_Test"},{"name":"testMethod","value":"verifyCustomField_Lifecycle_Success"},{"name":"parentSuite","value":"OrangeHRM_Strategic_Suite"},{"name":"suite","value":"Step2_PIM_User_Foundation"},{"name":"subSuite","value":"project_orangehrm.Test.PIM_Configuration_Test"},{"name":"host","value":"runnervmh13bl"},{"name":"thread","value":"2331@runnervmh13bl.main(1)"},{"name":"framework","value":"testng"},{"name":"language","value":"java"},{"name":"resultFormat","value":"allure2"}],"parameters":[{"name":"browser","value":"edge"}],"links":[],"hidden":false,"retry":false,"extra":{"severity":"normal","retries":[{"uid":"ffde1edf90434e1a","status":"skipped","statusDetails":"Expected condition failed: waiting for project_orangehrm.Base.BasePage$$Lambda/0x00007f8ca0346ae0@7c2b6acb (tried for 10 second(s) with 300 milliseconds interval)","time":{"start":1766763657301,"stop":1766763657301,"duration":0}},{"uid":"ab315b46a078b09f","status":"skipped","statusDetails":"Expected condition failed: waiting for project_orangehrm.Base.BasePage$$Lambda/0x00007f05643468a8@3b96f8b0 (tried for 10 second(s) with 300 milliseconds interval)","time":{"start":1766763653853,"stop":1766763653853,"duration":0}},{"uid":"2ab4727f891df786","status":"skipped","statusDetails":"Expected condition failed: waiting for project_orangehrm.Base.BasePage$$Lambda/0x00007f7b283468a8@1b3a9ef4 (tried for 10 second(s) with 300 milliseconds interval)","time":{"start":1766763653251,"stop":1766763653251,"duration":0}},{"uid":"a6866cec7570acc","status":"skipped","statusDetails":"Expected condition failed: waiting for project_orangehrm.Base.BasePage$$Lambda/0x00007f047c3491b0@781c2497 (tried for 10 second(s) with 300 milliseconds interval)","time":{"start":1766763648922,"stop":1766763648929,"duration":7}},{"uid":"f7fa7ac14d002e84","status":"skipped","statusDetails":"Expected condition failed: waiting for project_orangehrm.Base.BasePage$$Lambda/0x00007fc4a83491b0@4416e18d (tried for 10 second(s) with 300 milliseconds interval)","time":{"start":1766763168925,"stop":1766763168925,"duration":0}},{"uid":"55bb3d54785bbb8d","status":"skipped","statusDetails":"Expected condition failed: waiting for project_orangehrm.Base.BasePage$$Lambda/0x00007f4d003491b0@781c2497 (tried for 10 second(s) with 300 milliseconds interval)","time":{"start":1766763160557,"stop":1766763160558,"duration":1}},{"uid":"d62e599fa3f16f7","status":"skipped","statusDetails":"Expected condition failed: waiting for project_orangehrm.Base.BasePage$$Lambda/0x00007f57e03491b0@796c68bf (tried for 10 second(s) with 300 milliseconds interval)","time":{"start":1766763159038,"stop":1766763159038,"duration":0}},{"uid":"6eac1d96f37260a2","status":"skipped","statusDetails":"Expected condition failed: waiting for project_orangehrm.Base.BasePage$$Lambda/0x00007f4a303491b0@5a3cf824 (tried for 10 second(s) with 300 milliseconds interval)","time":{"start":1766763154823,"stop":1766763154823,"duration":0}},{"uid":"aadb180d74781538","status":"skipped","statusDetails":"Expected condition failed: waiting for project_orangehrm.Base.BasePage$$Lambda/0x00007ff86c3491b0@790ac3e0 (tried for 10 second(s) with 300 milliseconds interval)","time":{"start":1766763153957,"stop":1766763153957,"duration":0}},{"uid":"d85969c331b4c95f","status":"skipped","statusDetails":"Expected condition failed: waiting for project_orangehrm.Base.BasePage$$Lambda/0x00007f13b0346ae0@1fc0d9b4 (tried for 10 second(s) with 300 milliseconds interval)","time":{"start":1766763152979,"stop":1766763152979,"duration":0}},{"uid":"d93fbf1f6bd5b6b8","status":"skipped","statusDetails":"Expected condition failed: waiting for project_orangehrm.Base.BasePage$$Lambda/0x00007fa75c346ae0@70c491b8 (tried for 10 second(s) with 300 milliseconds interval)","time":{"start":1766763146759,"stop":1766763146759,"duration":0}},{"uid":"bfea2141e91033ea","status":"skipped","statusDetails":"Expected condition failed: waiting for project_orangehrm.Base.BasePage$$Lambda/0x00007f9aec3491b0@7a1371 (tried for 10 second(s) with 300 milliseconds interval)","time":{"start":1766763144808,"stop":1766763144808,"duration":0}},{"uid":"a7c8def2be2aa6e9","status":"skipped","statusDetails":"Expected condition failed: waiting for project_orangehrm.Base.BasePage$$Lambda/0x00007f2cd03468a8@1a7163e3 (tried for 10 second(s) with 300 milliseconds interval)","time":{"start":1766763143683,"stop":1766763143683,"duration":0}},{"uid":"462c2cae6e55b468","status":"skipped","statusDetails":"Expected condition failed: waiting for project_orangehrm.Base.BasePage$$Lambda/0x00007fa3e8344bd0@3d512652 (tried for 10 second(s) with 300 milliseconds interval)","time":{"start":1766763143495,"stop":1766763143495,"duration":0}},{"uid":"4cd70aaaa17b7f14","status":"skipped","statusDetails":"Expected condition failed: waiting for project_orangehrm.Base.BasePage$$Lambda/0x00007f69143491b0@7eefaca0 (tried for 10 second(s) with 300 milliseconds interval)","time":{"start":1766762682959,"stop":1766762682960,"duration":1}}],"categories":[],"history":{"statistic":{"failed":6,"broken":0,"skipped":1,"passed":4,"unknown":0,"total":11},"items":[{"uid":"d5f6a096a1f7c530","reportUrl":"https://m1mohammed1.github.io/orangeHRM/23/#testresult/d5f6a096a1f7c530","status":"failed","statusDetails":"Record not found: Automation Badge ID | Locator: By.xpath: //div[@role='row']//div[normalize-space()='Automation Badge ID']","time":{"start":1766759921266,"stop":1766759944406,"duration":23140}},{"uid":"69e78540ebdb55a4","reportUrl":"https://m1mohammed1.github.io/orangeHRM/22/#testresult/69e78540ebdb55a4","status":"passed","time":{"start":1766705859129,"stop":1766705864174,"duration":5045}},{"uid":"5f641845f9914698","reportUrl":"https://m1mohammed1.github.io/orangeHRM/17/#testresult/5f641845f9914698","status":"passed","time":{"start":1766697902637,"stop":1766697907912,"duration":5275}},{"uid":"2562ab901ecf9dc1","reportUrl":"https://m1mohammed1.github.io/orangeHRM/16/#testresult/2562ab901ecf9dc1","status":"passed","time":{"start":1766632045280,"stop":1766632051059,"duration":5779}},{"uid":"5dd3f6b99aa42dd0","reportUrl":"https://m1mohammed1.github.io/orangeHRM/15/#testresult/5dd3f6b99aa42dd0","status":"failed","statusDetails":"Record not found: Automation Badge ID | Locator: By.xpath: //div[@role='row']//div[normalize-space()='Automation Badge ID']","time":{"start":1766624294703,"stop":1766624316987,"duration":22284}},{"uid":"ffa0e3e347185d00","reportUrl":"https://m1mohammed1.github.io/orangeHRM/13/#testresult/ffa0e3e347185d00","status":"failed","statusDetails":"Record not found: Automation Badge ID | Locator: By.xpath: //div[@role='row']//div[normalize-space()='Automation Badge ID']","time":{"start":1766618128498,"stop":1766618150635,"duration":22137}},{"uid":"64b5b71da66b523e","reportUrl":"https://m1mohammed1.github.io/orangeHRM/12/#testresult/64b5b71da66b523e","status":"passed","time":{"start":1766616720771,"stop":1766616725923,"duration":5152}},{"uid":"475da8298eb4f58","reportUrl":"https://m1mohammed1.github.io/orangeHRM/11/#testresult/475da8298eb4f58","status":"failed","statusDetails":"Success message not displayed | Locator: By.xpath: //div[contains(@class, 'oxd-toast--success')]","time":{"start":1766605934002,"stop":1766605945785,"duration":11783}},{"uid":"5513c3c89c25333c","reportUrl":"https://m1mohammed1.github.io/orangeHRM/10/#testresult/5513c3c89c25333c","status":"failed","statusDetails":"Success message not displayed | Locator: By.xpath: //div[contains(@class, 'oxd-toast--success')]","time":{"start":1766597782800,"stop":1766597794905,"duration":12105}},{"uid":"c6ba74275be88b0d","reportUrl":"https://m1mohammed1.github.io/orangeHRM/9/#testresult/c6ba74275be88b0d","status":"failed","statusDetails":"Success message not displayed | Locator: By.xpath: //div[contains(@class, 'oxd-toast--success')]","time":{"start":1766596082924,"stop":1766596105601,"duration":22677}}]},"tags":[]},"source":"c11ea310ccdf912e.json","parameterValues":["edge"]}