{"uid":"c7670e674f0eb606","name":"TC05 - Verify Schedule Interview Validation","fullName":"project_orangehrm.Test.Recruitment_CandidateWorkflow_Test.verifyCandidate_ScheduleInterview_Validation","historyId":"573300af92172e60a2bab0aed7cd0ef7","time":{"start":1766763722372,"stop":1766763722372,"duration":0},"status":"skipped","statusMessage":"Expected condition failed: waiting for project_orangehrm.Base.BasePage$$Lambda/0x00007fd2f83468a8@3348c987 (tried for 10 second(s) with 300 milliseconds interval)","statusTrace":"org.openqa.selenium.TimeoutException: Expected condition failed: waiting for project_orangehrm.Base.BasePage$$Lambda/0x00007fd2f83468a8@3348c987 (tried for 10 second(s) with 300 milliseconds interval)\n\tat org.openqa.selenium.support.ui.FluentWait.timeoutException(FluentWait.java:265)\n\tat org.openqa.selenium.support.ui.FluentWait.until(FluentWait.java:228)\n\tat project_orangehrm.Base.BasePage.typeText(BasePage.java:82)\n\tat project_orangehrm.Pages.LoginPage.enterUsername(LoginPage.java:22)\n\tat project_orangehrm.Test.Recruitment_CandidateWorkflow_Test.setup(Recruitment_CandidateWorkflow_Test.java:23)\n\tat java.base/jdk.internal.reflect.DirectMethodHandleAccessor.invoke(DirectMethodHandleAccessor.java:103)\n\tat java.base/java.lang.reflect.Method.invoke(Method.java:580)\n\tat org.testng.internal.invokers.MethodInvocationHelper.invokeMethod(MethodInvocationHelper.java:141)\n\tat org.testng.internal.invokers.MethodInvocationHelper.invokeMethodConsideringTimeout(MethodInvocationHelper.java:71)\n\tat org.testng.internal.invokers.ConfigInvoker.invokeConfigurationMethod(ConfigInvoker.java:400)\n\tat org.testng.internal.invokers.ConfigInvoker.invokeConfigurations(ConfigInvoker.java:333)\n\tat org.testng.internal.invokers.TestInvoker.runConfigMethods(TestInvoker.java:836)\n\tat org.testng.internal.invokers.TestInvoker.invokeMethod(TestInvoker.java:601)\n\tat org.testng.internal.invokers.TestInvoker.invokeTestMethod(TestInvoker.java:230)\n\tat org.testng.internal.invokers.MethodRunner.runInSequence(MethodRunner.java:63)\n\tat org.testng.internal.invokers.TestInvoker$MethodInvocationAgent.invoke(TestInvoker.java:995)\n\tat org.testng.internal.invokers.TestInvoker.invokeTestMethods(TestInvoker.java:203)\n\tat org.testng.internal.invokers.TestMethodWorker.invokeTestMethods(TestMethodWorker.java:154)\n\tat org.testng.internal.invokers.TestMethodWorker.run(TestMethodWorker.java:134)\n\tat java.base/java.util.ArrayList.forEach(ArrayList.java:1596)\n\tat org.testng.TestRunner.privateRun(TestRunner.java:741)\n\tat org.testng.TestRunner.run(TestRunner.java:616)\n\tat org.testng.SuiteRunner.runTest(SuiteRunner.java:421)\n\tat org.testng.SuiteRunner.runSequentially(SuiteRunner.java:413)\n\tat org.testng.SuiteRunner.privateRun(SuiteRunner.java:373)\n\tat org.testng.SuiteRunner.run(SuiteRunner.java:312)\n\tat org.testng.SuiteRunnerWorker.runSuite(SuiteRunnerWorker.java:52)\n\tat org.testng.SuiteRunnerWorker.run(SuiteRunnerWorker.java:95)\n\tat org.testng.TestNG.runSuitesSequentially(TestNG.java:1274)\n\tat org.testng.TestNG.runSuitesLocally(TestNG.java:1208)\n\tat org.testng.TestNG.runSuites(TestNG.java:1112)\n\tat org.testng.TestNG.run(TestNG.java:1079)\n\tat org.apache.maven.surefire.testng.TestNGExecutor.run(TestNGExecutor.java:308)\n\tat org.apache.maven.surefire.testng.TestNGXmlTestSuite.execute(TestNGXmlTestSuite.java:71)\n\tat org.apache.maven.surefire.testng.TestNGProvider.invoke(TestNGProvider.java:113)\n\tat org.apache.maven.surefire.booter.ForkedBooter.runSuitesInProcess(ForkedBooter.java:385)\n\tat org.apache.maven.surefire.booter.ForkedBooter.execute(ForkedBooter.java:162)\n\tat org.apache.maven.surefire.booter.ForkedBooter.run(ForkedBooter.java:507)\n\tat org.apache.maven.surefire.booter.ForkedBooter.main(ForkedBooter.java:495)\nCaused by: org.openqa.selenium.NoSuchElementException: no such element: Unable to locate element: {\"method\":\"css selector\",\"selector\":\"input[placeholder='Username']\"}\n  (Session info: chrome=143.0.7499.109)\nFor documentation on this error, please visit: https://www.selenium.dev/documentation/webdriver/troubleshooting/errors#nosuchelementexception\nBuild info: version: '4.37.0', revision: '3c1da1e342'\nSystem info: os.name: 'Linux', os.arch: 'amd64', os.version: '6.11.0-1018-azure', java.version: '21.0.9'\nDriver info: org.openqa.selenium.chrome.ChromeDriver\nCommand: [b6361033c91ba1d305db744de24d9b30, findElement {using=css selector, value=input[placeholder='Username']}]\nCapabilities {acceptInsecureCerts: false, browserName: chrome, browserVersion: 143.0.7499.109, chrome: {chromedriverVersion: 143.0.7499.169 (164b20aab62..., userDataDir: /tmp/.org.chromium.Chromium...}, fedcm:accounts: true, goog:chromeOptions: {debuggerAddress: localhost:40577}, goog:processID: 6213, networkConnectionEnabled: false, pageLoadStrategy: normal, platformName: linux, proxy: Proxy(), se:cdp: ws://localhost:40577/devtoo..., se:cdpVersion: 143.0.7499.109, setWindowRect: true, strictFileInteractability: false, timeouts: {implicit: 0, pageLoad: 300000, script: 30000}, unhandledPromptBehavior: dismiss and notify, webauthn:extension:credBlob: true, webauthn:extension:largeBlob: true, webauthn:extension:minPinLength: true, webauthn:extension:prf: true, webauthn:virtualAuthenticators: true}\nSession ID: b6361033c91ba1d305db744de24d9b30\n\tat java.base/jdk.internal.reflect.DirectConstructorHandleAccessor.newInstance(DirectConstructorHandleAccessor.java:62)\n\tat java.base/java.lang.reflect.Constructor.newInstanceWithCaller(Constructor.java:502)\n\tat java.base/java.lang.reflect.Constructor.newInstance(Constructor.java:486)\n\tat org.openqa.selenium.remote.ErrorCodec.decode(ErrorCodec.java:167)\n\tat org.openqa.selenium.remote.codec.w3c.W3CHttpResponseCodec.decode(W3CHttpResponseCodec.java:138)\n\tat org.openqa.selenium.remote.codec.w3c.W3CHttpResponseCodec.decode(W3CHttpResponseCodec.java:50)\n\tat org.openqa.selenium.remote.HttpCommandExecutor.execute(HttpCommandExecutor.java:215)\n\tat org.openqa.selenium.remote.service.DriverCommandExecutor.invokeExecute(DriverCommandExecutor.java:216)\n\tat org.openqa.selenium.remote.service.DriverCommandExecutor.execute(DriverCommandExecutor.java:174)\n\tat org.openqa.selenium.remote.RemoteWebDriver.execute(RemoteWebDriver.java:557)\n\tat org.openqa.selenium.remote.ElementLocation$ElementFinder$2.findElement(ElementLocation.java:165)\n\tat org.openqa.selenium.remote.ElementLocation.findElement(ElementLocation.java:59)\n\tat org.openqa.selenium.remote.RemoteWebDriver.findElement(RemoteWebDriver.java:380)\n\tat org.openqa.selenium.remote.RemoteWebDriver.findElement(RemoteWebDriver.java:374)\n\tat project_orangehrm.Base.BasePage.lambda$typeText$0(BasePage.java:83)\n\tat org.openqa.selenium.support.ui.FluentWait.until(FluentWait.java:203)\n\t... 37 more\n","flaky":false,"newFailed":false,"newBroken":false,"newPassed":false,"retriesCount":15,"retriesStatusChange":false,"beforeStages":[{"name":"setUp","time":{"start":1766763722371,"stop":1766763722371,"duration":0},"description":"","status":"broken","steps":[],"attachments":[],"parameters":[],"stepsCount":0,"shouldDisplayMessage":false,"attachmentsCount":0,"hasContent":false,"attachmentStep":false},{"name":"setup","time":{"start":1766763722371,"stop":1766763722371,"duration":0},"description":"","status":"broken","steps":[],"attachments":[],"parameters":[],"stepsCount":0,"shouldDisplayMessage":false,"attachmentsCount":0,"hasContent":false,"attachmentStep":false}],"afterStages":[{"name":"tearDown","time":{"start":1766763722372,"stop":1766763722372,"duration":0},"description":"","status":"broken","steps":[],"attachments":[],"parameters":[],"stepsCount":0,"shouldDisplayMessage":false,"attachmentsCount":0,"hasContent":false,"attachmentStep":false}],"labels":[{"name":"package","value":"project_orangehrm.Test.Recruitment_CandidateWorkflow_Test"},{"name":"testClass","value":"project_orangehrm.Test.Recruitment_CandidateWorkflow_Test"},{"name":"testMethod","value":"verifyCandidate_ScheduleInterview_Validation"},{"name":"parentSuite","value":"OrangeHRM_Strategic_Suite"},{"name":"suite","value":"Step3_Recruitment"},{"name":"subSuite","value":"project_orangehrm.Test.Recruitment_CandidateWorkflow_Test"},{"name":"host","value":"runnervmh13bl"},{"name":"thread","value":"2331@runnervmh13bl.main(1)"},{"name":"framework","value":"testng"},{"name":"language","value":"java"},{"name":"resultFormat","value":"allure2"}],"parameters":[{"name":"browser","value":"edge"}],"links":[],"hidden":false,"retry":false,"extra":{"severity":"normal","retries":[{"uid":"3fa3dbfb1f7621ca","status":"skipped","statusDetails":"Expected condition failed: waiting for project_orangehrm.Base.BasePage$$Lambda/0x00007f8ca0346ae0@75d97e18 (tried for 10 second(s) with 300 milliseconds interval)","time":{"start":1766763714617,"stop":1766763714618,"duration":1}},{"uid":"ae55acf85d5d41a7","status":"skipped","statusDetails":"Expected condition failed: waiting for project_orangehrm.Base.BasePage$$Lambda/0x00007f05643468a8@606b53a3 (tried for 10 second(s) with 300 milliseconds interval)","time":{"start":1766763710980,"stop":1766763710980,"duration":0}},{"uid":"8f3dc554329160bb","status":"skipped","statusDetails":"Expected condition failed: waiting for project_orangehrm.Base.BasePage$$Lambda/0x00007f7b283468a8@7540160e (tried for 10 second(s) with 300 milliseconds interval)","time":{"start":1766763710482,"stop":1766763710482,"duration":0}},{"uid":"7109fcb7f061a401","status":"skipped","statusDetails":"Expected condition failed: waiting for project_orangehrm.Base.BasePage$$Lambda/0x00007f047c3491b0@31b741e2 (tried for 10 second(s) with 300 milliseconds interval)","time":{"start":1766763702884,"stop":1766763702884,"duration":0}},{"uid":"c6644da394757b6a","status":"skipped","statusDetails":"Expected condition failed: waiting for project_orangehrm.Base.BasePage$$Lambda/0x00007fc4a83491b0@5a8dcfbb (tried for 10 second(s) with 300 milliseconds interval)","time":{"start":1766763226161,"stop":1766763226161,"duration":0}},{"uid":"a78d001cd7fe314","status":"skipped","statusDetails":"Expected condition failed: waiting for project_orangehrm.Base.BasePage$$Lambda/0x00007f57e03491b0@674aa626 (tried for 10 second(s) with 300 milliseconds interval)","time":{"start":1766763216377,"stop":1766763216377,"duration":0}},{"uid":"c6d91cb92599bfca","status":"skipped","statusDetails":"Expected condition failed: waiting for project_orangehrm.Base.BasePage$$Lambda/0x00007f4d003491b0@5597ca3 (tried for 10 second(s) with 300 milliseconds interval)","time":{"start":1766763215153,"stop":1766763215153,"duration":0}},{"uid":"b67b580e6c3cba58","status":"skipped","statusDetails":"Expected condition failed: waiting for project_orangehrm.Base.BasePage$$Lambda/0x00007f4a303491b0@6d3163a6 (tried for 10 second(s) with 300 milliseconds interval)","time":{"start":1766763211676,"stop":1766763211676,"duration":0}},{"uid":"1fda39b49ababa5e","status":"skipped","statusDetails":"Expected condition failed: waiting for project_orangehrm.Base.BasePage$$Lambda/0x00007ff86c3491b0@14e3d439 (tried for 10 second(s) with 300 milliseconds interval)","time":{"start":1766763211226,"stop":1766763211226,"duration":0}},{"uid":"d175f696f4f886f9","status":"skipped","statusDetails":"Expected condition failed: waiting for project_orangehrm.Base.BasePage$$Lambda/0x00007f13b0346ae0@37bda983 (tried for 10 second(s) with 300 milliseconds interval)","time":{"start":1766763206880,"stop":1766763206880,"duration":0}},{"uid":"6bfbeae69b4c9e2d","status":"skipped","statusDetails":"Expected condition failed: waiting for project_orangehrm.Base.BasePage$$Lambda/0x00007fa75c346ae0@573a078 (tried for 10 second(s) with 300 milliseconds interval)","time":{"start":1766763201280,"stop":1766763201281,"duration":1}},{"uid":"de1af14e84cc66c","status":"skipped","statusDetails":"Expected condition failed: waiting for project_orangehrm.Base.BasePage$$Lambda/0x00007fa3e8344bd0@1d55dd21 (tried for 10 second(s) with 300 milliseconds interval)","time":{"start":1766763199570,"stop":1766763199570,"duration":0}},{"uid":"285c7777e3454f78","status":"skipped","statusDetails":"Expected condition failed: waiting for project_orangehrm.Base.BasePage$$Lambda/0x00007f9aec3491b0@71039ce1 (tried for 10 second(s) with 300 milliseconds interval)","time":{"start":1766763198854,"stop":1766763198855,"duration":1}},{"uid":"f1daa5d9c5f9a3cb","status":"skipped","statusDetails":"Expected condition failed: waiting for project_orangehrm.Base.BasePage$$Lambda/0x00007f2cd03468a8@67a0ff25 (tried for 10 second(s) with 300 milliseconds interval)","time":{"start":1766763197579,"stop":1766763197579,"duration":0}},{"uid":"1de89bc2de567dca","status":"skipped","statusDetails":"Expected condition failed: waiting for project_orangehrm.Base.BasePage$$Lambda/0x00007f69143491b0@a1b7549 (tried for 10 second(s) with 300 milliseconds interval)","time":{"start":1766762737033,"stop":1766762737033,"duration":0}}],"categories":[],"history":{"statistic":{"failed":0,"broken":6,"skipped":1,"passed":0,"unknown":0,"total":7},"items":[{"uid":"698fff56b907382d","reportUrl":"https://m1mohammed1.github.io/orangeHRM/23/#testresult/698fff56b907382d","status":"broken","statusDetails":"Expected condition failed: waiting for element to be clickable: By.xpath: //div[normalize-space()='Workflow Candidate']/ancestor::div[@role='row']//button[i[contains(@class, 'bi-eye')]] (tried for 10 second(s) with 300 milliseconds interval)\nBuild info: version: '4.37.0', revision: '3c1da1e342'\nSystem info: os.name: 'Linux', os.arch: 'amd64', os.version: '6.11.0-1018-azure', java.version: '21.0.9'\nDriver info: driver.version: unknown","time":{"start":1766760528391,"stop":1766760542037,"duration":13646}},{"uid":"1937b7d030ec429f","reportUrl":"https://m1mohammed1.github.io/orangeHRM/22/#testresult/1937b7d030ec429f","status":"broken","statusDetails":"Expected condition failed: waiting for element to be clickable: By.xpath: //div[normalize-space()='Workflow Candidate']/ancestor::div[@role='row']//button[i[contains(@class, 'bi-eye')]] (tried for 10 second(s) with 300 milliseconds interval)\nBuild info: version: '4.37.0', revision: '3c1da1e342'\nSystem info: os.name: 'Linux', os.arch: 'amd64', os.version: '6.11.0-1018-azure', java.version: '21.0.9'\nDriver info: driver.version: unknown","time":{"start":1766706334781,"stop":1766706346113,"duration":11332}},{"uid":"38062d085b4f195d","reportUrl":"https://m1mohammed1.github.io/orangeHRM/17/#testresult/38062d085b4f195d","status":"broken","statusDetails":"Expected condition failed: waiting for element to be clickable: By.xpath: //div[normalize-space()='Workflow Candidate']/ancestor::div[@role='row']//button[i[contains(@class, 'bi-eye')]] (tried for 10 second(s) with 300 milliseconds interval)\nBuild info: version: '4.37.0', revision: '3c1da1e342'\nSystem info: os.name: 'Linux', os.arch: 'amd64', os.version: '6.11.0-1018-azure', java.version: '21.0.9'\nDriver info: driver.version: unknown","time":{"start":1766698440371,"stop":1766698451817,"duration":11446}},{"uid":"42d42f36dab38f7f","reportUrl":"https://m1mohammed1.github.io/orangeHRM/16/#testresult/42d42f36dab38f7f","status":"broken","statusDetails":"Expected condition failed: waiting for element to be clickable: By.xpath: //div[normalize-space()='Workflow Candidate']/ancestor::div[@role='row']//button[i[contains(@class, 'bi-eye')]] (tried for 10 second(s) with 300 milliseconds interval)\nBuild info: version: '4.37.0', revision: '3c1da1e342'\nSystem info: os.name: 'Linux', os.arch: 'amd64', os.version: '6.11.0-1018-azure', java.version: '21.0.9'\nDriver info: driver.version: unknown","time":{"start":1766630159601,"stop":1766630171081,"duration":11480}},{"uid":"1350f55ea0f45139","reportUrl":"https://m1mohammed1.github.io/orangeHRM/15/#testresult/1350f55ea0f45139","status":"broken","statusDetails":"Expected condition failed: waiting for element to be clickable: By.xpath: //div[normalize-space()='Workflow Candidate']/ancestor::div[@role='row']//button[i[contains(@class, 'bi-eye')]] (tried for 10 second(s) with 300 milliseconds interval)\nBuild info: version: '4.37.0', revision: '3c1da1e342'\nSystem info: os.name: 'Linux', os.arch: 'amd64', os.version: '6.11.0-1018-azure', java.version: '21.0.9'\nDriver info: driver.version: unknown","time":{"start":1766624997946,"stop":1766625009637,"duration":11691}},{"uid":"e4aa84fcab7e8190","reportUrl":"https://m1mohammed1.github.io/orangeHRM/13/#testresult/e4aa84fcab7e8190","status":"broken","statusDetails":"Expected condition failed: waiting for element to be clickable: By.xpath: //div[normalize-space()='Workflow Candidate']/ancestor::div[@role='row']//button[i[contains(@class, 'bi-eye')]] (tried for 10 second(s) with 300 milliseconds interval)\nBuild info: version: '4.37.0', revision: '3c1da1e342'\nSystem info: os.name: 'Linux', os.arch: 'amd64', os.version: '6.11.0-1018-azure', java.version: '21.0.9'\nDriver info: driver.version: unknown","time":{"start":1766618777652,"stop":1766618788911,"duration":11259}}]},"tags":[]},"source":"c7670e674f0eb606.json","parameterValues":["edge"]}