{"uid":"cd483b0bb1834529","name":"TC01 - Generate Leave Entitlements and Usage Report","fullName":"project_orangehrm.Test.Leave_Reports_Test.verifyLeaveUsageReport_Generate","historyId":"625f005e328b09846c0f6d512cd1d180","time":{"start":1766763920101,"stop":1766763920101,"duration":0},"status":"skipped","statusMessage":"Expected condition failed: waiting for project_orangehrm.Base.BasePage$$Lambda/0x00007fd2f83468a8@35544cb7 (tried for 10 second(s) with 300 milliseconds interval)","statusTrace":"org.openqa.selenium.TimeoutException: Expected condition failed: waiting for project_orangehrm.Base.BasePage$$Lambda/0x00007fd2f83468a8@35544cb7 (tried for 10 second(s) with 300 milliseconds interval)\n\tat org.openqa.selenium.support.ui.FluentWait.timeoutException(FluentWait.java:265)\n\tat org.openqa.selenium.support.ui.FluentWait.until(FluentWait.java:228)\n\tat project_orangehrm.Base.BasePage.typeText(BasePage.java:82)\n\tat project_orangehrm.Pages.LoginPage.enterUsername(LoginPage.java:22)\n\tat project_orangehrm.Test.Leave_Reports_Test.setup(Leave_Reports_Test.java:23)\n\tat java.base/jdk.internal.reflect.DirectMethodHandleAccessor.invoke(DirectMethodHandleAccessor.java:103)\n\tat java.base/java.lang.reflect.Method.invoke(Method.java:580)\n\tat org.testng.internal.invokers.MethodInvocationHelper.invokeMethod(MethodInvocationHelper.java:141)\n\tat org.testng.internal.invokers.MethodInvocationHelper.invokeMethodConsideringTimeout(MethodInvocationHelper.java:71)\n\tat org.testng.internal.invokers.ConfigInvoker.invokeConfigurationMethod(ConfigInvoker.java:400)\n\tat org.testng.internal.invokers.ConfigInvoker.invokeConfigurations(ConfigInvoker.java:333)\n\tat org.testng.internal.invokers.TestInvoker.runConfigMethods(TestInvoker.java:836)\n\tat org.testng.internal.invokers.TestInvoker.invokeMethod(TestInvoker.java:601)\n\tat org.testng.internal.invokers.TestInvoker.invokeTestMethod(TestInvoker.java:230)\n\tat org.testng.internal.invokers.MethodRunner.runInSequence(MethodRunner.java:63)\n\tat org.testng.internal.invokers.TestInvoker$MethodInvocationAgent.invoke(TestInvoker.java:995)\n\tat org.testng.internal.invokers.TestInvoker.invokeTestMethods(TestInvoker.java:203)\n\tat org.testng.internal.invokers.TestMethodWorker.invokeTestMethods(TestMethodWorker.java:154)\n\tat org.testng.internal.invokers.TestMethodWorker.run(TestMethodWorker.java:134)\n\tat java.base/java.util.concurrent.Executors$RunnableAdapter.call(Executors.java:572)\n\tat java.base/java.util.concurrent.FutureTask.run(FutureTask.java:317)\n\tat org.testng.internal.thread.graph.TestNGFutureTask.run(TestNGFutureTask.java:22)\n\tat java.base/java.util.concurrent.ThreadPoolExecutor.runWorker(ThreadPoolExecutor.java:1144)\n\tat java.base/java.util.concurrent.ThreadPoolExecutor$Worker.run(ThreadPoolExecutor.java:642)\n\tat java.base/java.lang.Thread.run(Thread.java:1583)\nCaused by: org.openqa.selenium.NoSuchElementException: no such element: Unable to locate element: {\"method\":\"css selector\",\"selector\":\"input[placeholder='Username']\"}\n  (Session info: chrome=143.0.7499.109)\nFor documentation on this error, please visit: https://www.selenium.dev/documentation/webdriver/troubleshooting/errors#nosuchelementexception\nBuild info: version: '4.37.0', revision: '3c1da1e342'\nSystem info: os.name: 'Linux', os.arch: 'amd64', os.version: '6.11.0-1018-azure', java.version: '21.0.9'\nDriver info: org.openqa.selenium.chrome.ChromeDriver\nCommand: [6bf8f48e9999accfbbf0ded0e656ccfc, findElement {using=css selector, value=input[placeholder='Username']}]\nCapabilities {acceptInsecureCerts: false, browserName: chrome, browserVersion: 143.0.7499.109, chrome: {chromedriverVersion: 143.0.7499.169 (164b20aab62..., userDataDir: /tmp/.org.chromium.Chromium...}, fedcm:accounts: true, goog:chromeOptions: {debuggerAddress: localhost:34679}, goog:processID: 14112, networkConnectionEnabled: false, pageLoadStrategy: normal, platformName: linux, proxy: Proxy(), se:cdp: ws://localhost:34679/devtoo..., se:cdpVersion: 143.0.7499.109, setWindowRect: true, strictFileInteractability: false, timeouts: {implicit: 0, pageLoad: 300000, script: 30000}, unhandledPromptBehavior: dismiss and notify, webauthn:extension:credBlob: true, webauthn:extension:largeBlob: true, webauthn:extension:minPinLength: true, webauthn:extension:prf: true, webauthn:virtualAuthenticators: true}\nSession ID: 6bf8f48e9999accfbbf0ded0e656ccfc\n\tat java.base/jdk.internal.reflect.DirectConstructorHandleAccessor.newInstance(DirectConstructorHandleAccessor.java:62)\n\tat java.base/java.lang.reflect.Constructor.newInstanceWithCaller(Constructor.java:502)\n\tat java.base/java.lang.reflect.Constructor.newInstance(Constructor.java:486)\n\tat org.openqa.selenium.remote.ErrorCodec.decode(ErrorCodec.java:167)\n\tat org.openqa.selenium.remote.codec.w3c.W3CHttpResponseCodec.decode(W3CHttpResponseCodec.java:138)\n\tat org.openqa.selenium.remote.codec.w3c.W3CHttpResponseCodec.decode(W3CHttpResponseCodec.java:50)\n\tat org.openqa.selenium.remote.HttpCommandExecutor.execute(HttpCommandExecutor.java:215)\n\tat org.openqa.selenium.remote.service.DriverCommandExecutor.invokeExecute(DriverCommandExecutor.java:216)\n\tat org.openqa.selenium.remote.service.DriverCommandExecutor.execute(DriverCommandExecutor.java:174)\n\tat org.openqa.selenium.remote.RemoteWebDriver.execute(RemoteWebDriver.java:557)\n\tat org.openqa.selenium.remote.ElementLocation$ElementFinder$2.findElement(ElementLocation.java:165)\n\tat org.openqa.selenium.remote.ElementLocation.findElement(ElementLocation.java:59)\n\tat org.openqa.selenium.remote.RemoteWebDriver.findElement(RemoteWebDriver.java:380)\n\tat org.openqa.selenium.remote.RemoteWebDriver.findElement(RemoteWebDriver.java:374)\n\tat project_orangehrm.Base.BasePage.lambda$typeText$0(BasePage.java:83)\n\tat org.openqa.selenium.support.ui.FluentWait.until(FluentWait.java:203)\n\t... 23 more\n","flaky":false,"newFailed":false,"newBroken":false,"newPassed":false,"retriesCount":15,"retriesStatusChange":false,"beforeStages":[{"name":"setUp","time":{"start":1766763908443,"stop":1766763910075,"duration":1632},"description":"","status":"passed","steps":[],"attachments":[],"parameters":[],"stepsCount":0,"shouldDisplayMessage":false,"attachmentsCount":0,"hasContent":false,"attachmentStep":false},{"name":"setup","time":{"start":1766763910075,"stop":1766763920100,"duration":10025},"description":"","status":"broken","statusMessage":"Expected condition failed: waiting for project_orangehrm.Base.BasePage$$Lambda/0x00007fd2f83468a8@35544cb7 (tried for 10 second(s) with 300 milliseconds interval)","statusTrace":"org.openqa.selenium.TimeoutException: Expected condition failed: waiting for project_orangehrm.Base.BasePage$$Lambda/0x00007fd2f83468a8@35544cb7 (tried for 10 second(s) with 300 milliseconds interval)\n\tat org.openqa.selenium.support.ui.FluentWait.timeoutException(FluentWait.java:265)\n\tat org.openqa.selenium.support.ui.FluentWait.until(FluentWait.java:228)\n\tat project_orangehrm.Base.BasePage.typeText(BasePage.java:82)\n\tat project_orangehrm.Pages.LoginPage.enterUsername(LoginPage.java:22)\n\tat project_orangehrm.Test.Leave_Reports_Test.setup(Leave_Reports_Test.java:23)\n\tat java.base/jdk.internal.reflect.DirectMethodHandleAccessor.invoke(DirectMethodHandleAccessor.java:103)\n\tat java.base/java.lang.reflect.Method.invoke(Method.java:580)\n\tat org.testng.internal.invokers.MethodInvocationHelper.invokeMethod(MethodInvocationHelper.java:141)\n\tat org.testng.internal.invokers.MethodInvocationHelper.invokeMethodConsideringTimeout(MethodInvocationHelper.java:71)\n\tat org.testng.internal.invokers.ConfigInvoker.invokeConfigurationMethod(ConfigInvoker.java:400)\n\tat org.testng.internal.invokers.ConfigInvoker.invokeConfigurations(ConfigInvoker.java:333)\n\tat org.testng.internal.invokers.TestInvoker.runConfigMethods(TestInvoker.java:836)\n\tat org.testng.internal.invokers.TestInvoker.invokeMethod(TestInvoker.java:601)\n\tat org.testng.internal.invokers.TestInvoker.invokeTestMethod(TestInvoker.java:230)\n\tat org.testng.internal.invokers.MethodRunner.runInSequence(MethodRunner.java:63)\n\tat org.testng.internal.invokers.TestInvoker$MethodInvocationAgent.invoke(TestInvoker.java:995)\n\tat org.testng.internal.invokers.TestInvoker.invokeTestMethods(TestInvoker.java:203)\n\tat org.testng.internal.invokers.TestMethodWorker.invokeTestMethods(TestMethodWorker.java:154)\n\tat org.testng.internal.invokers.TestMethodWorker.run(TestMethodWorker.java:134)\n\tat java.base/java.util.concurrent.Executors$RunnableAdapter.call(Executors.java:572)\n\tat java.base/java.util.concurrent.FutureTask.run(FutureTask.java:317)\n\tat org.testng.internal.thread.graph.TestNGFutureTask.run(TestNGFutureTask.java:22)\n\tat java.base/java.util.concurrent.ThreadPoolExecutor.runWorker(ThreadPoolExecutor.java:1144)\n\tat java.base/java.util.concurrent.ThreadPoolExecutor$Worker.run(ThreadPoolExecutor.java:642)\n\tat java.base/java.lang.Thread.run(Thread.java:1583)\nCaused by: org.openqa.selenium.NoSuchElementException: no such element: Unable to locate element: {\"method\":\"css selector\",\"selector\":\"input[placeholder='Username']\"}\n  (Session info: chrome=143.0.7499.109)\nFor documentation on this error, please visit: https://www.selenium.dev/documentation/webdriver/troubleshooting/errors#nosuchelementexception\nBuild info: version: '4.37.0', revision: '3c1da1e342'\nSystem info: os.name: 'Linux', os.arch: 'amd64', os.version: '6.11.0-1018-azure', java.version: '21.0.9'\nDriver info: org.openqa.selenium.chrome.ChromeDriver\nCommand: [6bf8f48e9999accfbbf0ded0e656ccfc, findElement {using=css selector, value=input[placeholder='Username']}]\nCapabilities {acceptInsecureCerts: false, browserName: chrome, browserVersion: 143.0.7499.109, chrome: {chromedriverVersion: 143.0.7499.169 (164b20aab62..., userDataDir: /tmp/.org.chromium.Chromium...}, fedcm:accounts: true, goog:chromeOptions: {debuggerAddress: localhost:34679}, goog:processID: 14112, networkConnectionEnabled: false, pageLoadStrategy: normal, platformName: linux, proxy: Proxy(), se:cdp: ws://localhost:34679/devtoo..., se:cdpVersion: 143.0.7499.109, setWindowRect: true, strictFileInteractability: false, timeouts: {implicit: 0, pageLoad: 300000, script: 30000}, unhandledPromptBehavior: dismiss and notify, webauthn:extension:credBlob: true, webauthn:extension:largeBlob: true, webauthn:extension:minPinLength: true, webauthn:extension:prf: true, webauthn:virtualAuthenticators: true}\nSession ID: 6bf8f48e9999accfbbf0ded0e656ccfc\n\tat java.base/jdk.internal.reflect.DirectConstructorHandleAccessor.newInstance(DirectConstructorHandleAccessor.java:62)\n\tat java.base/java.lang.reflect.Constructor.newInstanceWithCaller(Constructor.java:502)\n\tat java.base/java.lang.reflect.Constructor.newInstance(Constructor.java:486)\n\tat org.openqa.selenium.remote.ErrorCodec.decode(ErrorCodec.java:167)\n\tat org.openqa.selenium.remote.codec.w3c.W3CHttpResponseCodec.decode(W3CHttpResponseCodec.java:138)\n\tat org.openqa.selenium.remote.codec.w3c.W3CHttpResponseCodec.decode(W3CHttpResponseCodec.java:50)\n\tat org.openqa.selenium.remote.HttpCommandExecutor.execute(HttpCommandExecutor.java:215)\n\tat org.openqa.selenium.remote.service.DriverCommandExecutor.invokeExecute(DriverCommandExecutor.java:216)\n\tat org.openqa.selenium.remote.service.DriverCommandExecutor.execute(DriverCommandExecutor.java:174)\n\tat org.openqa.selenium.remote.RemoteWebDriver.execute(RemoteWebDriver.java:557)\n\tat org.openqa.selenium.remote.ElementLocation$ElementFinder$2.findElement(ElementLocation.java:165)\n\tat org.openqa.selenium.remote.ElementLocation.findElement(ElementLocation.java:59)\n\tat org.openqa.selenium.remote.RemoteWebDriver.findElement(RemoteWebDriver.java:380)\n\tat org.openqa.selenium.remote.RemoteWebDriver.findElement(RemoteWebDriver.java:374)\n\tat project_orangehrm.Base.BasePage.lambda$typeText$0(BasePage.java:83)\n\tat org.openqa.selenium.support.ui.FluentWait.until(FluentWait.java:203)\n\t... 23 more\n","steps":[],"attachments":[],"parameters":[],"stepsCount":0,"shouldDisplayMessage":true,"attachmentsCount":0,"hasContent":true,"attachmentStep":false}],"afterStages":[{"name":"tearDown","time":{"start":1766763920102,"stop":1766763920102,"duration":0},"description":"","status":"broken","steps":[],"attachments":[],"parameters":[],"stepsCount":0,"shouldDisplayMessage":false,"attachmentsCount":0,"hasContent":false,"attachmentStep":false}],"labels":[{"name":"package","value":"project_orangehrm.Test.Leave_Reports_Test"},{"name":"testClass","value":"project_orangehrm.Test.Leave_Reports_Test"},{"name":"testMethod","value":"verifyLeaveUsageReport_Generate"},{"name":"parentSuite","value":"OrangeHRM_Strategic_Suite"},{"name":"suite","value":"Step5_Perf_Reports"},{"name":"subSuite","value":"project_orangehrm.Test.Leave_Reports_Test"},{"name":"host","value":"runnervmh13bl"},{"name":"thread","value":"2331@runnervmh13bl.TestNG-test-Step5_Perf_Reports-2(611)"},{"name":"framework","value":"testng"},{"name":"language","value":"java"},{"name":"resultFormat","value":"allure2"}],"parameters":[{"name":"browser","value":"edge"}],"links":[],"hidden":false,"retry":false,"extra":{"severity":"normal","retries":[{"uid":"90e1c927d5212f94","status":"skipped","statusDetails":"Expected condition failed: waiting for project_orangehrm.Base.BasePage$$Lambda/0x00007f8ca0346ae0@64582925 (tried for 10 second(s) with 300 milliseconds interval)","time":{"start":1766763910808,"stop":1766763910809,"duration":1}},{"uid":"9e93571672bbd905","status":"skipped","statusDetails":"Expected condition failed: waiting for project_orangehrm.Base.BasePage$$Lambda/0x00007f05643468a8@72d0e8f2 (tried for 10 second(s) with 300 milliseconds interval)","time":{"start":1766763908304,"stop":1766763908304,"duration":0}},{"uid":"babd495c6a715d4","status":"skipped","statusDetails":"Expected condition failed: waiting for project_orangehrm.Base.BasePage$$Lambda/0x00007f7b283468a8@7ddee5a5 (tried for 10 second(s) with 300 milliseconds interval)","time":{"start":1766763907089,"stop":1766763907089,"duration":0}},{"uid":"2c22011fc58a2ef4","status":"skipped","statusDetails":"Expected condition failed: waiting for project_orangehrm.Base.BasePage$$Lambda/0x00007f047c3491b0@9bf3f46 (tried for 10 second(s) with 300 milliseconds interval)","time":{"start":1766763888796,"stop":1766763888797,"duration":1}},{"uid":"b25df8c5b163517c","status":"skipped","statusDetails":"Expected condition failed: waiting for project_orangehrm.Base.BasePage$$Lambda/0x00007fc4a83491b0@49f4c2a (tried for 10 second(s) with 300 milliseconds interval)","time":{"start":1766763422820,"stop":1766763422820,"duration":0}},{"uid":"d3a974b24e716b1e","status":"skipped","statusDetails":"Expected condition failed: waiting for project_orangehrm.Base.BasePage$$Lambda/0x00007f57e03491b0@21f8e496 (tried for 10 second(s) with 300 milliseconds interval)","time":{"start":1766763413239,"stop":1766763413239,"duration":0}},{"uid":"e2e2a2ba63c844f","status":"skipped","statusDetails":"Expected condition failed: waiting for project_orangehrm.Base.BasePage$$Lambda/0x00007ff86c3491b0@25d26514 (tried for 10 second(s) with 300 milliseconds interval)","time":{"start":1766763408177,"stop":1766763408177,"duration":0}},{"uid":"c75e215dccb11ef5","status":"skipped","statusDetails":"Expected condition failed: waiting for project_orangehrm.Base.BasePage$$Lambda/0x00007f4a303491b0@1c721e25 (tried for 10 second(s) with 300 milliseconds interval)","time":{"start":1766763406594,"stop":1766763406594,"duration":0}},{"uid":"e1dfe126c3f8e175","status":"skipped","statusDetails":"Expected condition failed: waiting for project_orangehrm.Base.BasePage$$Lambda/0x00007f4d003491b0@ed5fd6d (tried for 10 second(s) with 300 milliseconds interval)","time":{"start":1766763402665,"stop":1766763402665,"duration":0}},{"uid":"43dca61f1ee4756","status":"skipped","statusDetails":"Expected condition failed: waiting for project_orangehrm.Base.BasePage$$Lambda/0x00007f13b0346ae0@3d4a50a6 (tried for 10 second(s) with 300 milliseconds interval)","time":{"start":1766763392409,"stop":1766763392409,"duration":0}},{"uid":"b2aa95493fbf76b","status":"skipped","statusDetails":"Expected condition failed: waiting for project_orangehrm.Base.BasePage$$Lambda/0x00007fa3e8344bd0@69884f92 (tried for 10 second(s) with 300 milliseconds interval)","time":{"start":1766763392386,"stop":1766763392387,"duration":1}},{"uid":"57f3fa246530c18c","status":"skipped","statusDetails":"Expected condition failed: waiting for project_orangehrm.Base.BasePage$$Lambda/0x00007fa75c346ae0@2373d542 (tried for 10 second(s) with 300 milliseconds interval)","time":{"start":1766763388688,"stop":1766763388688,"duration":0}},{"uid":"6907be1e3d14862e","status":"skipped","statusDetails":"Expected condition failed: waiting for project_orangehrm.Base.BasePage$$Lambda/0x00007f9aec3491b0@3270b26a (tried for 10 second(s) with 300 milliseconds interval)","time":{"start":1766763384369,"stop":1766763384369,"duration":0}},{"uid":"af7158967ad93a1b","status":"skipped","statusDetails":"Expected condition failed: waiting for project_orangehrm.Base.BasePage$$Lambda/0x00007f2cd03468a8@a35f8e3 (tried for 10 second(s) with 300 milliseconds interval)","time":{"start":1766763383152,"stop":1766763383152,"duration":0}},{"uid":"bd19f01615f30a4c","status":"skipped","statusDetails":"Expected condition failed: waiting for project_orangehrm.Base.BasePage$$Lambda/0x00007f69143491b0@6f776857 (tried for 10 second(s) with 300 milliseconds interval)","time":{"start":1766762922723,"stop":1766762922723,"duration":0}}],"categories":[],"history":{"statistic":{"failed":0,"broken":0,"skipped":1,"passed":9,"unknown":0,"total":10},"items":[{"uid":"8eaf553c74a50db4","reportUrl":"https://m1mohammed1.github.io/orangeHRM/23/#testresult/8eaf553c74a50db4","status":"passed","time":{"start":1766762038595,"stop":1766762040454,"duration":1859}},{"uid":"dc4f0312cc56f0cf","reportUrl":"https://m1mohammed1.github.io/orangeHRM/22/#testresult/dc4f0312cc56f0cf","status":"passed","time":{"start":1766706942959,"stop":1766706944520,"duration":1561}},{"uid":"ba769e567c7292f1","reportUrl":"https://m1mohammed1.github.io/orangeHRM/17/#testresult/ba769e567c7292f1","status":"passed","time":{"start":1766696728213,"stop":1766696729963,"duration":1750}},{"uid":"730a03810849bb4a","reportUrl":"https://m1mohammed1.github.io/orangeHRM/16/#testresult/730a03810849bb4a","status":"passed","time":{"start":1766630829485,"stop":1766630831127,"duration":1642}},{"uid":"e74b87726339af45","reportUrl":"https://m1mohammed1.github.io/orangeHRM/15/#testresult/e74b87726339af45","status":"passed","time":{"start":1766623091145,"stop":1766623092866,"duration":1721}},{"uid":"aeecff0a614a62c6","reportUrl":"https://m1mohammed1.github.io/orangeHRM/13/#testresult/aeecff0a614a62c6","status":"passed","time":{"start":1766619415591,"stop":1766619417097,"duration":1506}},{"uid":"ca4e164b28e17b5c","reportUrl":"https://m1mohammed1.github.io/orangeHRM/11/#testresult/ca4e164b28e17b5c","status":"passed","time":{"start":1766606492258,"stop":1766606493582,"duration":1324}},{"uid":"b1bed80cb7ed0c90","reportUrl":"https://m1mohammed1.github.io/orangeHRM/10/#testresult/b1bed80cb7ed0c90","status":"passed","time":{"start":1766598422380,"stop":1766598424764,"duration":2384}},{"uid":"a9fe7e6369402e5a","reportUrl":"https://m1mohammed1.github.io/orangeHRM/9/#testresult/a9fe7e6369402e5a","status":"passed","time":{"start":1766596651607,"stop":1766596654080,"duration":2473}}]},"tags":[]},"source":"cd483b0bb1834529.json","parameterValues":["edge"]}