{"uid":"d5dadb32d5308f47","name":"TC13 - Cleanup Nationality - Automation Tester Nationality","fullName":"project_orangehrm.TestCleaning.AdminTestCleaning.cleanUpNationality","historyId":"3c21a5c555f4f6a0ee04a783f5f72ced","time":{"start":1766763966803,"stop":1766763966803,"duration":0},"status":"skipped","statusMessage":"Expected condition failed: waiting for project_orangehrm.Base.BasePage$$Lambda/0x00007fd2f83468a8@12f79282 (tried for 10 second(s) with 300 milliseconds interval)","statusTrace":"org.openqa.selenium.TimeoutException: Expected condition failed: waiting for project_orangehrm.Base.BasePage$$Lambda/0x00007fd2f83468a8@12f79282 (tried for 10 second(s) with 300 milliseconds interval)\n\tat org.openqa.selenium.support.ui.FluentWait.timeoutException(FluentWait.java:265)\n\tat org.openqa.selenium.support.ui.FluentWait.until(FluentWait.java:228)\n\tat project_orangehrm.Base.BasePage.typeText(BasePage.java:82)\n\tat project_orangehrm.Pages.LoginPage.enterUsername(LoginPage.java:22)\n\tat project_orangehrm.TestCleaning.AdminTestCleaning.setUP(AdminTestCleaning.java:23)\n\tat java.base/jdk.internal.reflect.DirectMethodHandleAccessor.invoke(DirectMethodHandleAccessor.java:103)\n\tat java.base/java.lang.reflect.Method.invoke(Method.java:580)\n\tat org.testng.internal.invokers.MethodInvocationHelper.invokeMethod(MethodInvocationHelper.java:141)\n\tat org.testng.internal.invokers.MethodInvocationHelper.invokeMethodConsideringTimeout(MethodInvocationHelper.java:71)\n\tat org.testng.internal.invokers.ConfigInvoker.invokeConfigurationMethod(ConfigInvoker.java:400)\n\tat org.testng.internal.invokers.ConfigInvoker.invokeConfigurations(ConfigInvoker.java:333)\n\tat org.testng.internal.invokers.TestInvoker.runConfigMethods(TestInvoker.java:836)\n\tat org.testng.internal.invokers.TestInvoker.invokeMethod(TestInvoker.java:601)\n\tat org.testng.internal.invokers.TestInvoker.invokeTestMethod(TestInvoker.java:230)\n\tat org.testng.internal.invokers.MethodRunner.runInSequence(MethodRunner.java:63)\n\tat org.testng.internal.invokers.TestInvoker$MethodInvocationAgent.invoke(TestInvoker.java:995)\n\tat org.testng.internal.invokers.TestInvoker.invokeTestMethods(TestInvoker.java:203)\n\tat org.testng.internal.invokers.TestMethodWorker.invokeTestMethods(TestMethodWorker.java:154)\n\tat org.testng.internal.invokers.TestMethodWorker.run(TestMethodWorker.java:134)\n\tat java.base/java.util.concurrent.Executors$RunnableAdapter.call(Executors.java:572)\n\tat java.base/java.util.concurrent.FutureTask.run(FutureTask.java:317)\n\tat org.testng.internal.thread.graph.TestNGFutureTask.run(TestNGFutureTask.java:22)\n\tat java.base/java.util.concurrent.ThreadPoolExecutor.runWorker(ThreadPoolExecutor.java:1144)\n\tat java.base/java.util.concurrent.ThreadPoolExecutor$Worker.run(ThreadPoolExecutor.java:642)\n\tat java.base/java.lang.Thread.run(Thread.java:1583)\nCaused by: org.openqa.selenium.NoSuchElementException: no such element: Unable to locate element: {\"method\":\"css selector\",\"selector\":\"input[placeholder='Username']\"}\n  (Session info: chrome=143.0.7499.109)\nFor documentation on this error, please visit: https://www.selenium.dev/documentation/webdriver/troubleshooting/errors#nosuchelementexception\nBuild info: version: '4.37.0', revision: '3c1da1e342'\nSystem info: os.name: 'Linux', os.arch: 'amd64', os.version: '6.11.0-1018-azure', java.version: '21.0.9'\nDriver info: org.openqa.selenium.chrome.ChromeDriver\nCommand: [446980902cd84e6e20ef6586f76c802a, findElement {using=css selector, value=input[placeholder='Username']}]\nCapabilities {acceptInsecureCerts: false, browserName: chrome, browserVersion: 143.0.7499.109, chrome: {chromedriverVersion: 143.0.7499.169 (164b20aab62..., userDataDir: /tmp/.org.chromium.Chromium...}, fedcm:accounts: true, goog:chromeOptions: {debuggerAddress: localhost:34545}, goog:processID: 15938, networkConnectionEnabled: false, pageLoadStrategy: normal, platformName: linux, proxy: Proxy(), se:cdp: ws://localhost:34545/devtoo..., se:cdpVersion: 143.0.7499.109, setWindowRect: true, strictFileInteractability: false, timeouts: {implicit: 0, pageLoad: 300000, script: 30000}, unhandledPromptBehavior: dismiss and notify, webauthn:extension:credBlob: true, webauthn:extension:largeBlob: true, webauthn:extension:minPinLength: true, webauthn:extension:prf: true, webauthn:virtualAuthenticators: true}\nSession ID: 446980902cd84e6e20ef6586f76c802a\n\tat java.base/jdk.internal.reflect.DirectConstructorHandleAccessor.newInstance(DirectConstructorHandleAccessor.java:62)\n\tat java.base/java.lang.reflect.Constructor.newInstanceWithCaller(Constructor.java:502)\n\tat java.base/java.lang.reflect.Constructor.newInstance(Constructor.java:486)\n\tat org.openqa.selenium.remote.ErrorCodec.decode(ErrorCodec.java:167)\n\tat org.openqa.selenium.remote.codec.w3c.W3CHttpResponseCodec.decode(W3CHttpResponseCodec.java:138)\n\tat org.openqa.selenium.remote.codec.w3c.W3CHttpResponseCodec.decode(W3CHttpResponseCodec.java:50)\n\tat org.openqa.selenium.remote.HttpCommandExecutor.execute(HttpCommandExecutor.java:215)\n\tat org.openqa.selenium.remote.service.DriverCommandExecutor.invokeExecute(DriverCommandExecutor.java:216)\n\tat org.openqa.selenium.remote.service.DriverCommandExecutor.execute(DriverCommandExecutor.java:174)\n\tat org.openqa.selenium.remote.RemoteWebDriver.execute(RemoteWebDriver.java:557)\n\tat org.openqa.selenium.remote.ElementLocation$ElementFinder$2.findElement(ElementLocation.java:165)\n\tat org.openqa.selenium.remote.ElementLocation.findElement(ElementLocation.java:59)\n\tat org.openqa.selenium.remote.RemoteWebDriver.findElement(RemoteWebDriver.java:380)\n\tat org.openqa.selenium.remote.RemoteWebDriver.findElement(RemoteWebDriver.java:374)\n\tat project_orangehrm.Base.BasePage.lambda$typeText$0(BasePage.java:83)\n\tat org.openqa.selenium.support.ui.FluentWait.until(FluentWait.java:203)\n\t... 23 more\n","flaky":false,"newFailed":false,"newBroken":false,"newPassed":false,"retriesCount":15,"retriesStatusChange":false,"beforeStages":[{"name":"setUp","time":{"start":1766763966802,"stop":1766763966802,"duration":0},"description":"","status":"broken","steps":[],"attachments":[],"parameters":[],"stepsCount":0,"shouldDisplayMessage":false,"attachmentsCount":0,"hasContent":false,"attachmentStep":false},{"name":"setUP","time":{"start":1766763966802,"stop":1766763966802,"duration":0},"description":"","status":"broken","steps":[],"attachments":[],"parameters":[],"stepsCount":0,"shouldDisplayMessage":false,"attachmentsCount":0,"hasContent":false,"attachmentStep":false}],"afterStages":[{"name":"tearDown","time":{"start":1766763966803,"stop":1766763966803,"duration":0},"description":"","status":"broken","steps":[],"attachments":[],"parameters":[],"stepsCount":0,"shouldDisplayMessage":false,"attachmentsCount":0,"hasContent":false,"attachmentStep":false}],"labels":[{"name":"package","value":"project_orangehrm.TestCleaning.AdminTestCleaning"},{"name":"testClass","value":"project_orangehrm.TestCleaning.AdminTestCleaning"},{"name":"testMethod","value":"cleanUpNationality"},{"name":"parentSuite","value":"OrangeHRM_Strategic_Suite"},{"name":"suite","value":"Step7_Clean_Admin_PIM"},{"name":"subSuite","value":"project_orangehrm.TestCleaning.AdminTestCleaning"},{"name":"host","value":"runnervmh13bl"},{"name":"thread","value":"2331@runnervmh13bl.TestNG-test-Step7_Clean_Admin_PIM-1(722)"},{"name":"framework","value":"testng"},{"name":"language","value":"java"},{"name":"resultFormat","value":"allure2"}],"parameters":[{"name":"browser","value":"edge"}],"links":[],"hidden":false,"retry":false,"extra":{"severity":"normal","retries":[{"uid":"478c1850f4f0bd0a","status":"skipped","statusDetails":"Expected condition failed: waiting for project_orangehrm.Base.BasePage$$Lambda/0x00007f8ca0346ae0@4561c95d (tried for 10 second(s) with 300 milliseconds interval)","time":{"start":1766763957362,"stop":1766763957362,"duration":0}},{"uid":"611d8d678ab0be21","status":"skipped","statusDetails":"Expected condition failed: waiting for project_orangehrm.Base.BasePage$$Lambda/0x00007f05643468a8@605eb0e9 (tried for 10 second(s) with 300 milliseconds interval)","time":{"start":1766763955053,"stop":1766763955053,"duration":0}},{"uid":"6e05bb5b7c059531","status":"skipped","statusDetails":"Expected condition failed: waiting for project_orangehrm.Base.BasePage$$Lambda/0x00007f7b283468a8@ca2669 (tried for 10 second(s) with 300 milliseconds interval)","time":{"start":1766763953769,"stop":1766763953769,"duration":0}},{"uid":"5e1bd560bb72f340","status":"skipped","statusDetails":"Expected condition failed: waiting for project_orangehrm.Base.BasePage$$Lambda/0x00007f047c3491b0@12a51ca1 (tried for 10 second(s) with 300 milliseconds interval)","time":{"start":1766763932927,"stop":1766763932927,"duration":0}},{"uid":"2491819500e1c8e5","status":"skipped","statusDetails":"Expected condition failed: waiting for project_orangehrm.Base.BasePage$$Lambda/0x00007fc4a83491b0@15ef985f (tried for 10 second(s) with 300 milliseconds interval)","time":{"start":1766763469456,"stop":1766763469456,"duration":0}},{"uid":"5862c368d659c57f","status":"skipped","statusDetails":"Expected condition failed: waiting for project_orangehrm.Base.BasePage$$Lambda/0x00007f57e03491b0@534b7ad9 (tried for 10 second(s) with 300 milliseconds interval)","time":{"start":1766763460116,"stop":1766763460116,"duration":0}},{"uid":"b9d3ecd3812e79d9","status":"skipped","statusDetails":"Expected condition failed: waiting for project_orangehrm.Base.BasePage$$Lambda/0x00007ff86c3491b0@4561c95d (tried for 10 second(s) with 300 milliseconds interval)","time":{"start":1766763455009,"stop":1766763455009,"duration":0}},{"uid":"c16e5c3693be8222","status":"skipped","statusDetails":"Expected condition failed: waiting for project_orangehrm.Base.BasePage$$Lambda/0x00007f4a303491b0@282c5944 (tried for 10 second(s) with 300 milliseconds interval)","time":{"start":1766763452734,"stop":1766763452734,"duration":0}},{"uid":"71a51fca043c5361","status":"skipped","statusDetails":"Expected condition failed: waiting for project_orangehrm.Base.BasePage$$Lambda/0x00007f4d003491b0@49a03f69 (tried for 10 second(s) with 300 milliseconds interval)","time":{"start":1766763447084,"stop":1766763447085,"duration":1}},{"uid":"4cc32f81ee950bee","status":"skipped","statusDetails":"Expected condition failed: waiting for project_orangehrm.Base.BasePage$$Lambda/0x00007fa3e8344bd0@2584ce0d (tried for 10 second(s) with 300 milliseconds interval)","time":{"start":1766763438016,"stop":1766763438016,"duration":0}},{"uid":"f84969f1d01d9bc","status":"skipped","statusDetails":"Expected condition failed: waiting for project_orangehrm.Base.BasePage$$Lambda/0x00007f13b0346ae0@10fb1650 (tried for 10 second(s) with 300 milliseconds interval)","time":{"start":1766763436336,"stop":1766763436336,"duration":0}},{"uid":"24f72729c09b3fb2","status":"skipped","statusDetails":"Expected condition failed: waiting for project_orangehrm.Base.BasePage$$Lambda/0x00007fa75c346ae0@2584ce0d (tried for 10 second(s) with 300 milliseconds interval)","time":{"start":1766763433223,"stop":1766763433223,"duration":0}},{"uid":"cfb0b42e48b83824","status":"skipped","statusDetails":"Expected condition failed: waiting for project_orangehrm.Base.BasePage$$Lambda/0x00007f9aec3491b0@71d6c138 (tried for 10 second(s) with 300 milliseconds interval)","time":{"start":1766763428424,"stop":1766763428424,"duration":0}},{"uid":"874389f46e9d7d0","status":"skipped","statusDetails":"Expected condition failed: waiting for project_orangehrm.Base.BasePage$$Lambda/0x00007f2cd03468a8@4561c95d (tried for 10 second(s) with 300 milliseconds interval)","time":{"start":1766763427102,"stop":1766763427102,"duration":0}},{"uid":"6841dc9ede8645e3","status":"skipped","statusDetails":"Expected condition failed: waiting for project_orangehrm.Base.BasePage$$Lambda/0x00007f69143491b0@34d8d3b6 (tried for 10 second(s) with 300 milliseconds interval)","time":{"start":1766762968149,"stop":1766762968149,"duration":0}}],"categories":[],"history":{"statistic":{"failed":0,"broken":0,"skipped":2,"passed":5,"unknown":0,"total":7},"items":[{"uid":"387f96d3e9c0566e","reportUrl":"https://m1mohammed1.github.io/orangeHRM/23/#testresult/387f96d3e9c0566e","status":"passed","time":{"start":1766762358764,"stop":1766762369303,"duration":10539}},{"uid":"a4de6f76ee12f16a","reportUrl":"https://m1mohammed1.github.io/orangeHRM/22/#testresult/a4de6f76ee12f16a","status":"skipped","statusDetails":"Expected condition failed: waiting for element to be clickable: By.xpath: //a[contains(@class,'oxd-main-menu-item')]/span[text()='Admin'] (tried for 10 second(s) with 300 milliseconds interval)\nBuild info: version: '4.37.0', revision: '3c1da1e342'\nSystem info: os.name: 'Linux', os.arch: 'amd64', os.version: '6.11.0-1018-azure', java.version: '21.0.9'\nDriver info: driver.version: unknown","time":{"start":1766707213378,"stop":1766707213378,"duration":0}},{"uid":"72b55cc0ffa17d21","reportUrl":"https://m1mohammed1.github.io/orangeHRM/17/#testresult/72b55cc0ffa17d21","status":"passed","time":{"start":1766697126897,"stop":1766697137438,"duration":10541}},{"uid":"ef9441fed7866bd6","reportUrl":"https://m1mohammed1.github.io/orangeHRM/16/#testresult/ef9441fed7866bd6","status":"passed","time":{"start":1766631227963,"stop":1766631238373,"duration":10410}},{"uid":"3ccc0ef04bb7e1a7","reportUrl":"https://m1mohammed1.github.io/orangeHRM/15/#testresult/3ccc0ef04bb7e1a7","status":"passed","time":{"start":1766623363415,"stop":1766623364595,"duration":1180}},{"uid":"61934813b88a0bb6","reportUrl":"https://m1mohammed1.github.io/orangeHRM/13/#testresult/61934813b88a0bb6","status":"passed","time":{"start":1766619683033,"stop":1766619684174,"duration":1141}}]},"tags":[]},"source":"d5dadb32d5308f47.json","parameterValues":["edge"]}