{"uid":"daa2bf619bf57109","name":"TC06 - Verify My Reviews Reset Filters","fullName":"project_orangehrm.Test.Performance_MyReviews_Test.verifyMyReviews_ResetFilters_Success","historyId":"7de3d9b71196b9cc3c7adddbcd481e7d","time":{"start":1766763861847,"stop":1766763861847,"duration":0},"status":"skipped","statusMessage":"Expected condition failed: waiting for project_orangehrm.Base.BasePage$$Lambda/0x00007fd2f83468a8@4030ff00 (tried for 10 second(s) with 300 milliseconds interval)","statusTrace":"org.openqa.selenium.TimeoutException: Expected condition failed: waiting for project_orangehrm.Base.BasePage$$Lambda/0x00007fd2f83468a8@4030ff00 (tried for 10 second(s) with 300 milliseconds interval)\n\tat org.openqa.selenium.support.ui.FluentWait.timeoutException(FluentWait.java:265)\n\tat org.openqa.selenium.support.ui.FluentWait.until(FluentWait.java:228)\n\tat project_orangehrm.Base.BasePage.typeText(BasePage.java:82)\n\tat project_orangehrm.Pages.LoginPage.enterUsername(LoginPage.java:22)\n\tat project_orangehrm.Test.Performance_MyReviews_Test.setup(Performance_MyReviews_Test.java:23)\n\tat java.base/jdk.internal.reflect.DirectMethodHandleAccessor.invoke(DirectMethodHandleAccessor.java:103)\n\tat java.base/java.lang.reflect.Method.invoke(Method.java:580)\n\tat org.testng.internal.invokers.MethodInvocationHelper.invokeMethod(MethodInvocationHelper.java:141)\n\tat org.testng.internal.invokers.MethodInvocationHelper.invokeMethodConsideringTimeout(MethodInvocationHelper.java:71)\n\tat org.testng.internal.invokers.ConfigInvoker.invokeConfigurationMethod(ConfigInvoker.java:400)\n\tat org.testng.internal.invokers.ConfigInvoker.invokeConfigurations(ConfigInvoker.java:333)\n\tat org.testng.internal.invokers.TestInvoker.runConfigMethods(TestInvoker.java:836)\n\tat org.testng.internal.invokers.TestInvoker.invokeMethod(TestInvoker.java:601)\n\tat org.testng.internal.invokers.TestInvoker.invokeTestMethod(TestInvoker.java:230)\n\tat org.testng.internal.invokers.MethodRunner.runInSequence(MethodRunner.java:63)\n\tat org.testng.internal.invokers.TestInvoker$MethodInvocationAgent.invoke(TestInvoker.java:995)\n\tat org.testng.internal.invokers.TestInvoker.invokeTestMethods(TestInvoker.java:203)\n\tat org.testng.internal.invokers.TestMethodWorker.invokeTestMethods(TestMethodWorker.java:154)\n\tat org.testng.internal.invokers.TestMethodWorker.run(TestMethodWorker.java:134)\n\tat java.base/java.util.concurrent.Executors$RunnableAdapter.call(Executors.java:572)\n\tat java.base/java.util.concurrent.FutureTask.run(FutureTask.java:317)\n\tat org.testng.internal.thread.graph.TestNGFutureTask.run(TestNGFutureTask.java:22)\n\tat java.base/java.util.concurrent.ThreadPoolExecutor.runWorker(ThreadPoolExecutor.java:1144)\n\tat java.base/java.util.concurrent.ThreadPoolExecutor$Worker.run(ThreadPoolExecutor.java:642)\n\tat java.base/java.lang.Thread.run(Thread.java:1583)\nCaused by: org.openqa.selenium.NoSuchElementException: no such element: Unable to locate element: {\"method\":\"css selector\",\"selector\":\"input[placeholder='Username']\"}\n  (Session info: chrome=143.0.7499.109)\nFor documentation on this error, please visit: https://www.selenium.dev/documentation/webdriver/troubleshooting/errors#nosuchelementexception\nBuild info: version: '4.37.0', revision: '3c1da1e342'\nSystem info: os.name: 'Linux', os.arch: 'amd64', os.version: '6.11.0-1018-azure', java.version: '21.0.9'\nDriver info: org.openqa.selenium.chrome.ChromeDriver\nCommand: [092d832d500b7a4b0f3003d1ffcb1872, findElement {using=css selector, value=input[placeholder='Username']}]\nCapabilities {acceptInsecureCerts: false, browserName: chrome, browserVersion: 143.0.7499.109, chrome: {chromedriverVersion: 143.0.7499.169 (164b20aab62..., userDataDir: /tmp/.org.chromium.Chromium...}, fedcm:accounts: true, goog:chromeOptions: {debuggerAddress: localhost:43197}, goog:processID: 11170, networkConnectionEnabled: false, pageLoadStrategy: normal, platformName: linux, proxy: Proxy(), se:cdp: ws://localhost:43197/devtoo..., se:cdpVersion: 143.0.7499.109, setWindowRect: true, strictFileInteractability: false, timeouts: {implicit: 0, pageLoad: 300000, script: 30000}, unhandledPromptBehavior: dismiss and notify, webauthn:extension:credBlob: true, webauthn:extension:largeBlob: true, webauthn:extension:minPinLength: true, webauthn:extension:prf: true, webauthn:virtualAuthenticators: true}\nSession ID: 092d832d500b7a4b0f3003d1ffcb1872\n\tat java.base/jdk.internal.reflect.DirectConstructorHandleAccessor.newInstance(DirectConstructorHandleAccessor.java:62)\n\tat java.base/java.lang.reflect.Constructor.newInstanceWithCaller(Constructor.java:502)\n\tat java.base/java.lang.reflect.Constructor.newInstance(Constructor.java:486)\n\tat org.openqa.selenium.remote.ErrorCodec.decode(ErrorCodec.java:167)\n\tat org.openqa.selenium.remote.codec.w3c.W3CHttpResponseCodec.decode(W3CHttpResponseCodec.java:138)\n\tat org.openqa.selenium.remote.codec.w3c.W3CHttpResponseCodec.decode(W3CHttpResponseCodec.java:50)\n\tat org.openqa.selenium.remote.HttpCommandExecutor.execute(HttpCommandExecutor.java:215)\n\tat org.openqa.selenium.remote.service.DriverCommandExecutor.invokeExecute(DriverCommandExecutor.java:216)\n\tat org.openqa.selenium.remote.service.DriverCommandExecutor.execute(DriverCommandExecutor.java:174)\n\tat org.openqa.selenium.remote.RemoteWebDriver.execute(RemoteWebDriver.java:557)\n\tat org.openqa.selenium.remote.ElementLocation$ElementFinder$2.findElement(ElementLocation.java:165)\n\tat org.openqa.selenium.remote.ElementLocation.findElement(ElementLocation.java:59)\n\tat org.openqa.selenium.remote.RemoteWebDriver.findElement(RemoteWebDriver.java:380)\n\tat org.openqa.selenium.remote.RemoteWebDriver.findElement(RemoteWebDriver.java:374)\n\tat project_orangehrm.Base.BasePage.lambda$typeText$0(BasePage.java:83)\n\tat org.openqa.selenium.support.ui.FluentWait.until(FluentWait.java:203)\n\t... 23 more\n","flaky":false,"newFailed":false,"newBroken":false,"newPassed":false,"retriesCount":15,"retriesStatusChange":false,"beforeStages":[{"name":"setUp","time":{"start":1766763861846,"stop":1766763861846,"duration":0},"description":"","status":"broken","steps":[],"attachments":[],"parameters":[],"stepsCount":0,"shouldDisplayMessage":false,"attachmentsCount":0,"hasContent":false,"attachmentStep":false},{"name":"setup","time":{"start":1766763861847,"stop":1766763861847,"duration":0},"description":"","status":"broken","steps":[],"attachments":[],"parameters":[],"stepsCount":0,"shouldDisplayMessage":false,"attachmentsCount":0,"hasContent":false,"attachmentStep":false}],"afterStages":[{"name":"tearDown","time":{"start":1766763861847,"stop":1766763861847,"duration":0},"description":"","status":"broken","steps":[],"attachments":[],"parameters":[],"stepsCount":0,"shouldDisplayMessage":false,"attachmentsCount":0,"hasContent":false,"attachmentStep":false}],"labels":[{"name":"package","value":"project_orangehrm.Test.Performance_MyReviews_Test"},{"name":"testClass","value":"project_orangehrm.Test.Performance_MyReviews_Test"},{"name":"testMethod","value":"verifyMyReviews_ResetFilters_Success"},{"name":"parentSuite","value":"OrangeHRM_Strategic_Suite"},{"name":"suite","value":"Step5_Perf_Evaluation"},{"name":"subSuite","value":"project_orangehrm.Test.Performance_MyReviews_Test"},{"name":"host","value":"runnervmh13bl"},{"name":"thread","value":"2331@runnervmh13bl.TestNG-test-Step5_Perf_Evaluation-1(495)"},{"name":"framework","value":"testng"},{"name":"language","value":"java"},{"name":"resultFormat","value":"allure2"}],"parameters":[{"name":"browser","value":"edge"}],"links":[],"hidden":false,"retry":false,"extra":{"severity":"normal","retries":[{"uid":"ad3fcb2b13ac14f9","status":"skipped","statusDetails":"Expected condition failed: waiting for project_orangehrm.Base.BasePage$$Lambda/0x00007f8ca0346ae0@2e91b40f (tried for 10 second(s) with 300 milliseconds interval)","time":{"start":1766763853113,"stop":1766763853113,"duration":0}},{"uid":"4554383cf184c901","status":"skipped","statusDetails":"Expected condition failed: waiting for project_orangehrm.Base.BasePage$$Lambda/0x00007f05643468a8@1fce14f6 (tried for 10 second(s) with 300 milliseconds interval)","time":{"start":1766763849819,"stop":1766763849819,"duration":0}},{"uid":"f57b454dc9b1203d","status":"skipped","statusDetails":"Expected condition failed: waiting for project_orangehrm.Base.BasePage$$Lambda/0x00007f7b283468a8@1fce14f6 (tried for 10 second(s) with 300 milliseconds interval)","time":{"start":1766763849266,"stop":1766763849266,"duration":0}},{"uid":"e3500c70fae4f5d2","status":"skipped","statusDetails":"Expected condition failed: waiting for project_orangehrm.Base.BasePage$$Lambda/0x00007f047c3491b0@71ee955f (tried for 10 second(s) with 300 milliseconds interval)","time":{"start":1766763834223,"stop":1766763834223,"duration":0}},{"uid":"e03e8858848d463e","status":"skipped","statusDetails":"Expected condition failed: waiting for project_orangehrm.Base.BasePage$$Lambda/0x00007fc4a83491b0@2da7a547 (tried for 10 second(s) with 300 milliseconds interval)","time":{"start":1766763364975,"stop":1766763364975,"duration":0}},{"uid":"b94fcb89c9716809","status":"skipped","statusDetails":"Expected condition failed: waiting for project_orangehrm.Base.BasePage$$Lambda/0x00007f57e03491b0@6a9f42c8 (tried for 10 second(s) with 300 milliseconds interval)","time":{"start":1766763355420,"stop":1766763355420,"duration":0}},{"uid":"d32904c8c0f06c6f","status":"skipped","statusDetails":"Expected condition failed: waiting for project_orangehrm.Base.BasePage$$Lambda/0x00007ff86c3491b0@4030ff00 (tried for 10 second(s) with 300 milliseconds interval)","time":{"start":1766763350329,"stop":1766763350329,"duration":0}},{"uid":"605c150208ee73a8","status":"skipped","statusDetails":"Expected condition failed: waiting for project_orangehrm.Base.BasePage$$Lambda/0x00007f4a303491b0@77f2330a (tried for 10 second(s) with 300 milliseconds interval)","time":{"start":1766763349237,"stop":1766763349237,"duration":0}},{"uid":"5ad8b4edf0b059a0","status":"skipped","statusDetails":"Expected condition failed: waiting for project_orangehrm.Base.BasePage$$Lambda/0x00007f4d003491b0@1fce14f6 (tried for 10 second(s) with 300 milliseconds interval)","time":{"start":1766763347562,"stop":1766763347562,"duration":0}},{"uid":"cd22e6050898c3d2","status":"skipped","statusDetails":"Expected condition failed: waiting for project_orangehrm.Base.BasePage$$Lambda/0x00007f13b0346ae0@2d49340 (tried for 10 second(s) with 300 milliseconds interval)","time":{"start":1766763337896,"stop":1766763337896,"duration":0}},{"uid":"e584558fc2a14b9c","status":"skipped","statusDetails":"Expected condition failed: waiting for project_orangehrm.Base.BasePage$$Lambda/0x00007fa3e8344bd0@79f41d31 (tried for 10 second(s) with 300 milliseconds interval)","time":{"start":1766763335782,"stop":1766763335782,"duration":0}},{"uid":"43ff8c418577b786","status":"skipped","statusDetails":"Expected condition failed: waiting for project_orangehrm.Base.BasePage$$Lambda/0x00007fa75c346ae0@79f41d31 (tried for 10 second(s) with 300 milliseconds interval)","time":{"start":1766763333643,"stop":1766763333643,"duration":0}},{"uid":"7e7952ff959db09e","status":"skipped","statusDetails":"Expected condition failed: waiting for project_orangehrm.Base.BasePage$$Lambda/0x00007f9aec3491b0@6caec20b (tried for 10 second(s) with 300 milliseconds interval)","time":{"start":1766763329818,"stop":1766763329818,"duration":0}},{"uid":"e70f4946988a247","status":"skipped","statusDetails":"Expected condition failed: waiting for project_orangehrm.Base.BasePage$$Lambda/0x00007f2cd03468a8@32b27571 (tried for 10 second(s) with 300 milliseconds interval)","time":{"start":1766763328606,"stop":1766763328606,"duration":0}},{"uid":"96b2a07c9e6d0acc","status":"skipped","statusDetails":"Expected condition failed: waiting for project_orangehrm.Base.BasePage$$Lambda/0x00007f69143491b0@2c416d76 (tried for 10 second(s) with 300 milliseconds interval)","time":{"start":1766762868042,"stop":1766762868042,"duration":0}}],"categories":[],"history":{"statistic":{"failed":0,"broken":6,"skipped":1,"passed":0,"unknown":0,"total":7},"items":[{"uid":"f5f3890e50d204f5","reportUrl":"https://m1mohammed1.github.io/orangeHRM/23/#testresult/f5f3890e50d204f5","status":"broken","statusDetails":"Expected condition failed: waiting for element to be clickable: By.xpath: //label[normalize-space()='Status']/../following-sibling::div//div[contains(@class,'oxd-select-text')] (tried for 10 second(s) with 300 milliseconds interval)\nBuild info: version: '4.37.0', revision: '3c1da1e342'\nSystem info: os.name: 'Linux', os.arch: 'amd64', os.version: '6.11.0-1018-azure', java.version: '21.0.9'\nDriver info: driver.version: unknown","time":{"start":1766761623623,"stop":1766761634570,"duration":10947}},{"uid":"e16c3f8fad182ad1","reportUrl":"https://m1mohammed1.github.io/orangeHRM/22/#testresult/e16c3f8fad182ad1","status":"broken","statusDetails":"Expected condition failed: waiting for element to be clickable: By.xpath: //label[normalize-space()='Status']/../following-sibling::div//div[contains(@class,'oxd-select-text')] (tried for 10 second(s) with 300 milliseconds interval)\nBuild info: version: '4.37.0', revision: '3c1da1e342'\nSystem info: os.name: 'Linux', os.arch: 'amd64', os.version: '6.11.0-1018-azure', java.version: '21.0.9'\nDriver info: driver.version: unknown","time":{"start":1766706930298,"stop":1766706940971,"duration":10673}},{"uid":"d6125af88b3fd078","reportUrl":"https://m1mohammed1.github.io/orangeHRM/17/#testresult/d6125af88b3fd078","status":"broken","statusDetails":"Expected condition failed: waiting for element to be clickable: By.xpath: //nav[@aria-label='Topbar Menu']//li[contains(normalize-space(), 'My Reviews')] (tried for 10 second(s) with 300 milliseconds interval)\nBuild info: version: '4.37.0', revision: '3c1da1e342'\nSystem info: os.name: 'Linux', os.arch: 'amd64', os.version: '6.11.0-1018-azure', java.version: '21.0.9'\nDriver info: driver.version: unknown","time":{"start":1766696698402,"stop":1766696708454,"duration":10052}},{"uid":"5b5231a24c9dabc5","reportUrl":"https://m1mohammed1.github.io/orangeHRM/16/#testresult/5b5231a24c9dabc5","status":"broken","statusDetails":"Expected condition failed: waiting for element to be clickable: By.xpath: //nav[@aria-label='Topbar Menu']//li[contains(normalize-space(), 'My Reviews')] (tried for 10 second(s) with 300 milliseconds interval)\nBuild info: version: '4.37.0', revision: '3c1da1e342'\nSystem info: os.name: 'Linux', os.arch: 'amd64', os.version: '6.11.0-1018-azure', java.version: '21.0.9'\nDriver info: driver.version: unknown","time":{"start":1766630794679,"stop":1766630804726,"duration":10047}},{"uid":"9fa08aeb60f374ac","reportUrl":"https://m1mohammed1.github.io/orangeHRM/15/#testresult/9fa08aeb60f374ac","status":"broken","statusDetails":"Expected condition failed: waiting for element to be clickable: By.xpath: //nav[@aria-label='Topbar Menu']//li[contains(normalize-space(), 'My Reviews')] (tried for 10 second(s) with 300 milliseconds interval)\nBuild info: version: '4.37.0', revision: '3c1da1e342'\nSystem info: os.name: 'Linux', os.arch: 'amd64', os.version: '6.11.0-1018-azure', java.version: '21.0.9'\nDriver info: driver.version: unknown","time":{"start":1766623048938,"stop":1766623058996,"duration":10058}},{"uid":"d14bb3b6cee08d82","reportUrl":"https://m1mohammed1.github.io/orangeHRM/13/#testresult/d14bb3b6cee08d82","status":"broken","statusDetails":"Expected condition failed: waiting for element to be clickable: By.xpath: //nav[@aria-label='Topbar Menu']//li[contains(normalize-space(), 'My Reviews')] (tried for 10 second(s) with 300 milliseconds interval)\nBuild info: version: '4.37.0', revision: '3c1da1e342'\nSystem info: os.name: 'Linux', os.arch: 'amd64', os.version: '6.11.0-1018-azure', java.version: '21.0.9'\nDriver info: driver.version: unknown","time":{"start":1766619372701,"stop":1766619382723,"duration":10022}}]},"tags":[]},"source":"daa2bf619bf57109.json","parameterValues":["edge"]}