{"uid":"e684f3b30d5f233d","name":"TC02 - Verify Nationality Lifecycle: Create, Edit, Delete","fullName":"project_orangehrm.Test.Admin_Nationalities_Test.verifyNationality_Lifecycle_Edit","historyId":"724f5f50cd8266c3546c424c36e89371","time":{"start":1766631999548,"stop":1766632021098,"duration":21550},"status":"failed","statusMessage":"Record not found: Test Nationality | Locator: By.xpath: //div[@role='row']//div[normalize-space()='Test Nationality']","statusTrace":"java.lang.AssertionError: Record not found: Test Nationality | Locator: By.xpath: //div[@role='row']//div[normalize-space()='Test Nationality']\n\tat org.testng.Assert.fail(Assert.java:111)\n\tat project_orangehrm.Base.BasePage.assertVisible(BasePage.java:38)\n\tat project_orangehrm.Pages.CommonPage.verifyRecordVisible(CommonPage.java:299)\n\tat project_orangehrm.Pages.AdminPage.verifyRecordExists(AdminPage.java:127)\n\tat project_orangehrm.Test.Admin_Nationalities_Test.verifyNationality_Lifecycle_Edit(Admin_Nationalities_Test.java:54)\n\tat java.base/jdk.internal.reflect.DirectMethodHandleAccessor.invoke(DirectMethodHandleAccessor.java:103)\n\tat java.base/java.lang.reflect.Method.invoke(Method.java:580)\n\tat org.testng.internal.invokers.MethodInvocationHelper.invokeMethod(MethodInvocationHelper.java:141)\n\tat org.testng.internal.invokers.TestInvoker.invokeMethod(TestInvoker.java:687)\n\tat org.testng.internal.invokers.TestInvoker.invokeTestMethod(TestInvoker.java:230)\n\tat org.testng.internal.invokers.MethodRunner.runInSequence(MethodRunner.java:63)\n\tat org.testng.internal.invokers.TestInvoker$MethodInvocationAgent.invoke(TestInvoker.java:995)\n\tat org.testng.internal.invokers.TestInvoker.invokeTestMethods(TestInvoker.java:203)\n\tat org.testng.internal.invokers.TestMethodWorker.invokeTestMethods(TestMethodWorker.java:154)\n\tat org.testng.internal.invokers.TestMethodWorker.run(TestMethodWorker.java:134)\n\tat java.base/java.util.ArrayList.forEach(ArrayList.java:1596)\n\tat org.testng.TestRunner.privateRun(TestRunner.java:741)\n\tat org.testng.TestRunner.run(TestRunner.java:616)\n\tat org.testng.SuiteRunner.runTest(SuiteRunner.java:421)\n\tat org.testng.SuiteRunner.runSequentially(SuiteRunner.java:413)\n\tat org.testng.SuiteRunner.privateRun(SuiteRunner.java:373)\n\tat org.testng.SuiteRunner.run(SuiteRunner.java:312)\n\tat org.testng.SuiteRunnerWorker.runSuite(SuiteRunnerWorker.java:52)\n\tat org.testng.SuiteRunnerWorker.run(SuiteRunnerWorker.java:95)\n\tat org.testng.TestNG.runSuitesSequentially(TestNG.java:1274)\n\tat org.testng.TestNG.runSuitesLocally(TestNG.java:1208)\n\tat org.testng.TestNG.runSuites(TestNG.java:1112)\n\tat org.testng.TestNG.run(TestNG.java:1079)\n\tat org.apache.maven.surefire.testng.TestNGExecutor.run(TestNGExecutor.java:308)\n\tat org.apache.maven.surefire.testng.TestNGXmlTestSuite.execute(TestNGXmlTestSuite.java:71)\n\tat org.apache.maven.surefire.testng.TestNGProvider.invoke(TestNGProvider.java:113)\n\tat org.apache.maven.surefire.booter.ForkedBooter.runSuitesInProcess(ForkedBooter.java:385)\n\tat org.apache.maven.surefire.booter.ForkedBooter.execute(ForkedBooter.java:162)\n\tat org.apache.maven.surefire.booter.ForkedBooter.run(ForkedBooter.java:507)\n\tat org.apache.maven.surefire.booter.ForkedBooter.main(ForkedBooter.java:495)\n","flaky":false,"newFailed":false,"newBroken":false,"newPassed":false,"retriesCount":3,"retriesStatusChange":false,"beforeStages":[{"name":"setUp","time":{"start":1766631996052,"stop":1766631997418,"duration":1366},"description":"","status":"passed","steps":[],"attachments":[],"parameters":[],"stepsCount":0,"shouldDisplayMessage":false,"attachmentsCount":0,"hasContent":false,"attachmentStep":false},{"name":"setup","time":{"start":1766631997419,"stop":1766631999547,"duration":2128},"description":"","status":"passed","steps":[],"attachments":[],"parameters":[],"stepsCount":0,"shouldDisplayMessage":false,"attachmentsCount":0,"hasContent":false,"attachmentStep":false}],"testStage":{"status":"failed","statusMessage":"Record not found: Test Nationality | Locator: By.xpath: //div[@role='row']//div[normalize-space()='Test Nationality']","statusTrace":"java.lang.AssertionError: Record not found: Test Nationality | Locator: By.xpath: //div[@role='row']//div[normalize-space()='Test Nationality']\n\tat org.testng.Assert.fail(Assert.java:111)\n\tat project_orangehrm.Base.BasePage.assertVisible(BasePage.java:38)\n\tat project_orangehrm.Pages.CommonPage.verifyRecordVisible(CommonPage.java:299)\n\tat project_orangehrm.Pages.AdminPage.verifyRecordExists(AdminPage.java:127)\n\tat project_orangehrm.Test.Admin_Nationalities_Test.verifyNationality_Lifecycle_Edit(Admin_Nationalities_Test.java:54)\n\tat java.base/jdk.internal.reflect.DirectMethodHandleAccessor.invoke(DirectMethodHandleAccessor.java:103)\n\tat java.base/java.lang.reflect.Method.invoke(Method.java:580)\n\tat org.testng.internal.invokers.MethodInvocationHelper.invokeMethod(MethodInvocationHelper.java:141)\n\tat org.testng.internal.invokers.TestInvoker.invokeMethod(TestInvoker.java:687)\n\tat org.testng.internal.invokers.TestInvoker.invokeTestMethod(TestInvoker.java:230)\n\tat org.testng.internal.invokers.MethodRunner.runInSequence(MethodRunner.java:63)\n\tat org.testng.internal.invokers.TestInvoker$MethodInvocationAgent.invoke(TestInvoker.java:995)\n\tat org.testng.internal.invokers.TestInvoker.invokeTestMethods(TestInvoker.java:203)\n\tat org.testng.internal.invokers.TestMethodWorker.invokeTestMethods(TestMethodWorker.java:154)\n\tat org.testng.internal.invokers.TestMethodWorker.run(TestMethodWorker.java:134)\n\tat java.base/java.util.ArrayList.forEach(ArrayList.java:1596)\n\tat org.testng.TestRunner.privateRun(TestRunner.java:741)\n\tat org.testng.TestRunner.run(TestRunner.java:616)\n\tat org.testng.SuiteRunner.runTest(SuiteRunner.java:421)\n\tat org.testng.SuiteRunner.runSequentially(SuiteRunner.java:413)\n\tat org.testng.SuiteRunner.privateRun(SuiteRunner.java:373)\n\tat org.testng.SuiteRunner.run(SuiteRunner.java:312)\n\tat org.testng.SuiteRunnerWorker.runSuite(SuiteRunnerWorker.java:52)\n\tat org.testng.SuiteRunnerWorker.run(SuiteRunnerWorker.java:95)\n\tat org.testng.TestNG.runSuitesSequentially(TestNG.java:1274)\n\tat org.testng.TestNG.runSuitesLocally(TestNG.java:1208)\n\tat org.testng.TestNG.runSuites(TestNG.java:1112)\n\tat org.testng.TestNG.run(TestNG.java:1079)\n\tat org.apache.maven.surefire.testng.TestNGExecutor.run(TestNGExecutor.java:308)\n\tat org.apache.maven.surefire.testng.TestNGXmlTestSuite.execute(TestNGXmlTestSuite.java:71)\n\tat org.apache.maven.surefire.testng.TestNGProvider.invoke(TestNGProvider.java:113)\n\tat org.apache.maven.surefire.booter.ForkedBooter.runSuitesInProcess(ForkedBooter.java:385)\n\tat org.apache.maven.surefire.booter.ForkedBooter.execute(ForkedBooter.java:162)\n\tat org.apache.maven.surefire.booter.ForkedBooter.run(ForkedBooter.java:507)\n\tat org.apache.maven.surefire.booter.ForkedBooter.main(ForkedBooter.java:495)\n","steps":[],"attachments":[{"uid":"53f3462a9265b18e","name":"SoftAssert_Failed - 2025-12-25T03:06:50.960512237","source":"53f3462a9265b18e.png","type":"image/png","size":97057},{"uid":"8f20788d93351854","name":"Page Source","source":"8f20788d93351854.html","type":"text/html","size":294299}],"parameters":[],"stepsCount":0,"shouldDisplayMessage":true,"attachmentsCount":2,"hasContent":true,"attachmentStep":false},"afterStages":[{"name":"tearDown","time":{"start":1766632021099,"stop":1766632021278,"duration":179},"description":"","status":"passed","steps":[],"attachments":[{"uid":"58d711f699b32ad6","name":"Screenshot Failure - verifyNationality_Lifecycle_Edit","source":"58d711f699b32ad6.png","type":"image/png","size":97057},{"uid":"1c870b43a0954f5e","name":"Page Source","source":"1c870b43a0954f5e.html","type":"text/html","size":294299}],"parameters":[],"stepsCount":0,"shouldDisplayMessage":false,"attachmentsCount":2,"hasContent":true,"attachmentStep":false}],"labels":[{"name":"package","value":"project_orangehrm.Test.Admin_Nationalities_Test"},{"name":"testClass","value":"project_orangehrm.Test.Admin_Nationalities_Test"},{"name":"testMethod","value":"verifyNationality_Lifecycle_Edit"},{"name":"parentSuite","value":"OrangeHRM_E2E_Suite"},{"name":"suite","value":"Step1_Admin_Foundation"},{"name":"subSuite","value":"project_orangehrm.Test.Admin_Nationalities_Test"},{"name":"host","value":"runnervmh13bl"},{"name":"thread","value":"2303@runnervmh13bl.main(1)"},{"name":"framework","value":"testng"},{"name":"language","value":"java"},{"name":"resultFormat","value":"allure2"}],"parameters":[{"name":"browser","value":"edge"}],"links":[],"hidden":false,"retry":false,"extra":{"severity":"normal","retries":[{"uid":"82ec159059a2838d","status":"failed","statusDetails":"Record not found: Test Nationality | Locator: By.xpath: //div[@role='row']//div[normalize-space()='Test Nationality']","time":{"start":1766629445361,"stop":1766629466729,"duration":21368}},{"uid":"23b20eb6f0cd7cb2","status":"failed","statusDetails":"Record not found: Test Nationality | Locator: By.xpath: //div[@role='row']//div[normalize-space()='Test Nationality']","time":{"start":1766629315154,"stop":1766629327409,"duration":12255}},{"uid":"7bda2011e7526db1","status":"failed","statusDetails":"Record not found: Test Nationality | Locator: By.xpath: //div[@role='row']//div[normalize-space()='Test Nationality']","time":{"start":1766626799136,"stop":1766626820550,"duration":21414}}],"categories":[{"name":"Product defects","matchedStatuses":[],"flaky":false}],"history":{"statistic":{"failed":4,"broken":0,"skipped":0,"passed":0,"unknown":0,"total":4},"items":[{"uid":"2a19462160697fdd","reportUrl":"https://m1mohammed1.github.io/orangeHRM/15/#testresult/2a19462160697fdd","status":"failed","statusDetails":"Record not found: Test Nationality | Locator: By.xpath: //div[@role='row']//div[normalize-space()='Test Nationality']","time":{"start":1766624254129,"stop":1766624275437,"duration":21308}},{"uid":"eb598a9b71796b67","reportUrl":"https://m1mohammed1.github.io/orangeHRM/13/#testresult/eb598a9b71796b67","status":"failed","statusDetails":"Record not found: Test Nationality | Locator: By.xpath: //div[@role='row']//div[normalize-space()='Test Nationality']","time":{"start":1766620340934,"stop":1766620362221,"duration":21287}},{"uid":"58a2236650a11afb","reportUrl":"https://m1mohammed1.github.io/orangeHRM/12/#testresult/58a2236650a11afb","status":"failed","statusDetails":"Record not found: Test Nationality | Locator: By.xpath: //div[@role='row']//div[normalize-space()='Test Nationality']","time":{"start":1766616666457,"stop":1766616678348,"duration":11891}}]},"tags":[]},"source":"e684f3b30d5f233d.json","parameterValues":["edge"]}