{"uid":"e91fced84726c4a9","name":"TC02 - Verify Event Lifecycle: Create, Verify","fullName":"project_orangehrm.Test.Claim_Configuration_Test.verifyEvent_Lifecycle_Success","historyId":"8166daac8c1672f046cb86c542c67616","time":{"start":1766761084020,"stop":1766761105983,"duration":21963},"status":"failed","statusMessage":"Record not found: Global QA Summit 2025 | Locator: By.xpath: //div[@role='row']//div[normalize-space()='Global QA Summit 2025']","statusTrace":"java.lang.AssertionError: Record not found: Global QA Summit 2025 | Locator: By.xpath: //div[@role='row']//div[normalize-space()='Global QA Summit 2025']\n\tat org.testng.Assert.fail(Assert.java:111)\n\tat project_orangehrm.Base.BasePage.assertVisible(BasePage.java:46)\n\tat project_orangehrm.Pages.CommonPage.verifyRecordVisible(CommonPage.java:311)\n\tat project_orangehrm.Pages.ClaimPage.verifyRecordExists(ClaimPage.java:192)\n\tat project_orangehrm.Test.Claim_Configuration_Test.verifyEvent_Lifecycle_Success(Claim_Configuration_Test.java:51)\n\tat java.base/jdk.internal.reflect.DirectMethodHandleAccessor.invoke(DirectMethodHandleAccessor.java:103)\n\tat java.base/java.lang.reflect.Method.invoke(Method.java:580)\n\tat org.testng.internal.invokers.MethodInvocationHelper.invokeMethod(MethodInvocationHelper.java:141)\n\tat org.testng.internal.invokers.TestInvoker.invokeMethod(TestInvoker.java:687)\n\tat org.testng.internal.invokers.TestInvoker.invokeTestMethod(TestInvoker.java:230)\n\tat org.testng.internal.invokers.MethodRunner.runInSequence(MethodRunner.java:63)\n\tat org.testng.internal.invokers.TestInvoker$MethodInvocationAgent.invoke(TestInvoker.java:995)\n\tat org.testng.internal.invokers.TestInvoker.invokeTestMethods(TestInvoker.java:203)\n\tat org.testng.internal.invokers.TestMethodWorker.invokeTestMethods(TestMethodWorker.java:154)\n\tat org.testng.internal.invokers.TestMethodWorker.run(TestMethodWorker.java:134)\n\tat java.base/java.util.concurrent.Executors$RunnableAdapter.call(Executors.java:572)\n\tat java.base/java.util.concurrent.FutureTask.run(FutureTask.java:317)\n\tat org.testng.internal.thread.graph.TestNGFutureTask.run(TestNGFutureTask.java:22)\n\tat java.base/java.util.concurrent.ThreadPoolExecutor.runWorker(ThreadPoolExecutor.java:1144)\n\tat java.base/java.util.concurrent.ThreadPoolExecutor$Worker.run(ThreadPoolExecutor.java:642)\n\tat java.base/java.lang.Thread.run(Thread.java:1583)\n","flaky":false,"newFailed":false,"newBroken":false,"newPassed":false,"retriesCount":0,"retriesStatusChange":false,"beforeStages":[{"name":"setUp","time":{"start":1766761081196,"stop":1766761082051,"duration":855},"description":"","status":"passed","steps":[],"attachments":[],"parameters":[],"stepsCount":0,"shouldDisplayMessage":false,"attachmentsCount":0,"hasContent":false,"attachmentStep":false},{"name":"setup","time":{"start":1766761082051,"stop":1766761084019,"duration":1968},"description":"","status":"passed","steps":[],"attachments":[],"parameters":[],"stepsCount":0,"shouldDisplayMessage":false,"attachmentsCount":0,"hasContent":false,"attachmentStep":false}],"testStage":{"status":"failed","statusMessage":"Record not found: Global QA Summit 2025 | Locator: By.xpath: //div[@role='row']//div[normalize-space()='Global QA Summit 2025']","statusTrace":"java.lang.AssertionError: Record not found: Global QA Summit 2025 | Locator: By.xpath: //div[@role='row']//div[normalize-space()='Global QA Summit 2025']\n\tat org.testng.Assert.fail(Assert.java:111)\n\tat project_orangehrm.Base.BasePage.assertVisible(BasePage.java:46)\n\tat project_orangehrm.Pages.CommonPage.verifyRecordVisible(CommonPage.java:311)\n\tat project_orangehrm.Pages.ClaimPage.verifyRecordExists(ClaimPage.java:192)\n\tat project_orangehrm.Test.Claim_Configuration_Test.verifyEvent_Lifecycle_Success(Claim_Configuration_Test.java:51)\n\tat java.base/jdk.internal.reflect.DirectMethodHandleAccessor.invoke(DirectMethodHandleAccessor.java:103)\n\tat java.base/java.lang.reflect.Method.invoke(Method.java:580)\n\tat org.testng.internal.invokers.MethodInvocationHelper.invokeMethod(MethodInvocationHelper.java:141)\n\tat org.testng.internal.invokers.TestInvoker.invokeMethod(TestInvoker.java:687)\n\tat org.testng.internal.invokers.TestInvoker.invokeTestMethod(TestInvoker.java:230)\n\tat org.testng.internal.invokers.MethodRunner.runInSequence(MethodRunner.java:63)\n\tat org.testng.internal.invokers.TestInvoker$MethodInvocationAgent.invoke(TestInvoker.java:995)\n\tat org.testng.internal.invokers.TestInvoker.invokeTestMethods(TestInvoker.java:203)\n\tat org.testng.internal.invokers.TestMethodWorker.invokeTestMethods(TestMethodWorker.java:154)\n\tat org.testng.internal.invokers.TestMethodWorker.run(TestMethodWorker.java:134)\n\tat java.base/java.util.concurrent.Executors$RunnableAdapter.call(Executors.java:572)\n\tat java.base/java.util.concurrent.FutureTask.run(FutureTask.java:317)\n\tat org.testng.internal.thread.graph.TestNGFutureTask.run(TestNGFutureTask.java:22)\n\tat java.base/java.util.concurrent.ThreadPoolExecutor.runWorker(ThreadPoolExecutor.java:1144)\n\tat java.base/java.util.concurrent.ThreadPoolExecutor$Worker.run(ThreadPoolExecutor.java:642)\n\tat java.base/java.lang.Thread.run(Thread.java:1583)\n","steps":[],"attachments":[{"uid":"71589df0d4b5f238","name":"SoftAssert_Failed - 2025-12-26T14:58:15.845926677","source":"71589df0d4b5f238.png","type":"image/png","size":100647},{"uid":"f03200d71ab3d646","name":"Page Source","source":"f03200d71ab3d646.html","type":"text/html","size":294989}],"parameters":[],"stepsCount":0,"shouldDisplayMessage":true,"attachmentsCount":2,"hasContent":true,"attachmentStep":false},"afterStages":[{"name":"tearDown","time":{"start":1766761105984,"stop":1766761106342,"duration":358},"description":"","status":"passed","steps":[],"attachments":[{"uid":"80b9cb2147e34128","name":"Screenshot Failure - verifyEvent_Lifecycle_Success","source":"80b9cb2147e34128.png","type":"image/png","size":100647},{"uid":"bd981949820f11b0","name":"Page Source","source":"bd981949820f11b0.html","type":"text/html","size":294989}],"parameters":[],"stepsCount":0,"shouldDisplayMessage":false,"attachmentsCount":2,"hasContent":true,"attachmentStep":false}],"labels":[{"name":"package","value":"project_orangehrm.Test.Claim_Configuration_Test"},{"name":"testClass","value":"project_orangehrm.Test.Claim_Configuration_Test"},{"name":"testMethod","value":"verifyEvent_Lifecycle_Success"},{"name":"parentSuite","value":"OrangeHRM_Strategic_Suite"},{"name":"suite","value":"Step4_Ops_Claims"},{"name":"subSuite","value":"project_orangehrm.Test.Claim_Configuration_Test"},{"name":"host","value":"runnervmh13bl"},{"name":"thread","value":"2296@runnervmh13bl.TestNG-test-Step4_Ops_Claims-1(2966)"},{"name":"framework","value":"testng"},{"name":"language","value":"java"},{"name":"resultFormat","value":"allure2"}],"parameters":[{"name":"browser","value":"edge"}],"links":[],"hidden":true,"retry":true,"extra":{"categories":[],"tags":[]},"source":"e91fced84726c4a9.json","parameterValues":["edge"]}