{"uid":"ef22c3e3ccf7debc","name":"TC03 - Verify Editing Candidate Details (Email/Phone)","fullName":"project_orangehrm.Test.Recruitment_Search_And_Data_Test.verifyCandidate_EditInfo_Success","historyId":"2603a405bcec72d516dde61b1819db5c","time":{"start":1766763733857,"stop":1766763733857,"duration":0},"status":"skipped","statusMessage":"Expected condition failed: waiting for project_orangehrm.Base.BasePage$$Lambda/0x00007fd2f83468a8@29f3185c (tried for 10 second(s) with 300 milliseconds interval)","statusTrace":"org.openqa.selenium.TimeoutException: Expected condition failed: waiting for project_orangehrm.Base.BasePage$$Lambda/0x00007fd2f83468a8@29f3185c (tried for 10 second(s) with 300 milliseconds interval)\n\tat org.openqa.selenium.support.ui.FluentWait.timeoutException(FluentWait.java:265)\n\tat org.openqa.selenium.support.ui.FluentWait.until(FluentWait.java:228)\n\tat project_orangehrm.Base.BasePage.typeText(BasePage.java:82)\n\tat project_orangehrm.Pages.LoginPage.enterUsername(LoginPage.java:22)\n\tat project_orangehrm.Test.Recruitment_Search_And_Data_Test.setup(Recruitment_Search_And_Data_Test.java:22)\n\tat java.base/jdk.internal.reflect.DirectMethodHandleAccessor.invoke(DirectMethodHandleAccessor.java:103)\n\tat java.base/java.lang.reflect.Method.invoke(Method.java:580)\n\tat org.testng.internal.invokers.MethodInvocationHelper.invokeMethod(MethodInvocationHelper.java:141)\n\tat org.testng.internal.invokers.MethodInvocationHelper.invokeMethodConsideringTimeout(MethodInvocationHelper.java:71)\n\tat org.testng.internal.invokers.ConfigInvoker.invokeConfigurationMethod(ConfigInvoker.java:400)\n\tat org.testng.internal.invokers.ConfigInvoker.invokeConfigurations(ConfigInvoker.java:333)\n\tat org.testng.internal.invokers.TestInvoker.runConfigMethods(TestInvoker.java:836)\n\tat org.testng.internal.invokers.TestInvoker.invokeMethod(TestInvoker.java:601)\n\tat org.testng.internal.invokers.TestInvoker.invokeTestMethod(TestInvoker.java:230)\n\tat org.testng.internal.invokers.MethodRunner.runInSequence(MethodRunner.java:63)\n\tat org.testng.internal.invokers.TestInvoker$MethodInvocationAgent.invoke(TestInvoker.java:995)\n\tat org.testng.internal.invokers.TestInvoker.invokeTestMethods(TestInvoker.java:203)\n\tat org.testng.internal.invokers.TestMethodWorker.invokeTestMethods(TestMethodWorker.java:154)\n\tat org.testng.internal.invokers.TestMethodWorker.run(TestMethodWorker.java:134)\n\tat java.base/java.util.ArrayList.forEach(ArrayList.java:1596)\n\tat org.testng.TestRunner.privateRun(TestRunner.java:741)\n\tat org.testng.TestRunner.run(TestRunner.java:616)\n\tat org.testng.SuiteRunner.runTest(SuiteRunner.java:421)\n\tat org.testng.SuiteRunner.runSequentially(SuiteRunner.java:413)\n\tat org.testng.SuiteRunner.privateRun(SuiteRunner.java:373)\n\tat org.testng.SuiteRunner.run(SuiteRunner.java:312)\n\tat org.testng.SuiteRunnerWorker.runSuite(SuiteRunnerWorker.java:52)\n\tat org.testng.SuiteRunnerWorker.run(SuiteRunnerWorker.java:95)\n\tat org.testng.TestNG.runSuitesSequentially(TestNG.java:1274)\n\tat org.testng.TestNG.runSuitesLocally(TestNG.java:1208)\n\tat org.testng.TestNG.runSuites(TestNG.java:1112)\n\tat org.testng.TestNG.run(TestNG.java:1079)\n\tat org.apache.maven.surefire.testng.TestNGExecutor.run(TestNGExecutor.java:308)\n\tat org.apache.maven.surefire.testng.TestNGXmlTestSuite.execute(TestNGXmlTestSuite.java:71)\n\tat org.apache.maven.surefire.testng.TestNGProvider.invoke(TestNGProvider.java:113)\n\tat org.apache.maven.surefire.booter.ForkedBooter.runSuitesInProcess(ForkedBooter.java:385)\n\tat org.apache.maven.surefire.booter.ForkedBooter.execute(ForkedBooter.java:162)\n\tat org.apache.maven.surefire.booter.ForkedBooter.run(ForkedBooter.java:507)\n\tat org.apache.maven.surefire.booter.ForkedBooter.main(ForkedBooter.java:495)\nCaused by: org.openqa.selenium.NoSuchElementException: no such element: Unable to locate element: {\"method\":\"css selector\",\"selector\":\"input[placeholder='Username']\"}\n  (Session info: chrome=143.0.7499.109)\nFor documentation on this error, please visit: https://www.selenium.dev/documentation/webdriver/troubleshooting/errors#nosuchelementexception\nBuild info: version: '4.37.0', revision: '3c1da1e342'\nSystem info: os.name: 'Linux', os.arch: 'amd64', os.version: '6.11.0-1018-azure', java.version: '21.0.9'\nDriver info: org.openqa.selenium.chrome.ChromeDriver\nCommand: [7b4decd2fd0ceb8108ff92f004621f13, findElement {using=css selector, value=input[placeholder='Username']}]\nCapabilities {acceptInsecureCerts: false, browserName: chrome, browserVersion: 143.0.7499.109, chrome: {chromedriverVersion: 143.0.7499.169 (164b20aab62..., userDataDir: /tmp/.org.chromium.Chromium...}, fedcm:accounts: true, goog:chromeOptions: {debuggerAddress: localhost:38793}, goog:processID: 6633, networkConnectionEnabled: false, pageLoadStrategy: normal, platformName: linux, proxy: Proxy(), se:cdp: ws://localhost:38793/devtoo..., se:cdpVersion: 143.0.7499.109, setWindowRect: true, strictFileInteractability: false, timeouts: {implicit: 0, pageLoad: 300000, script: 30000}, unhandledPromptBehavior: dismiss and notify, webauthn:extension:credBlob: true, webauthn:extension:largeBlob: true, webauthn:extension:minPinLength: true, webauthn:extension:prf: true, webauthn:virtualAuthenticators: true}\nSession ID: 7b4decd2fd0ceb8108ff92f004621f13\n\tat java.base/jdk.internal.reflect.DirectConstructorHandleAccessor.newInstance(DirectConstructorHandleAccessor.java:62)\n\tat java.base/java.lang.reflect.Constructor.newInstanceWithCaller(Constructor.java:502)\n\tat java.base/java.lang.reflect.Constructor.newInstance(Constructor.java:486)\n\tat org.openqa.selenium.remote.ErrorCodec.decode(ErrorCodec.java:167)\n\tat org.openqa.selenium.remote.codec.w3c.W3CHttpResponseCodec.decode(W3CHttpResponseCodec.java:138)\n\tat org.openqa.selenium.remote.codec.w3c.W3CHttpResponseCodec.decode(W3CHttpResponseCodec.java:50)\n\tat org.openqa.selenium.remote.HttpCommandExecutor.execute(HttpCommandExecutor.java:215)\n\tat org.openqa.selenium.remote.service.DriverCommandExecutor.invokeExecute(DriverCommandExecutor.java:216)\n\tat org.openqa.selenium.remote.service.DriverCommandExecutor.execute(DriverCommandExecutor.java:174)\n\tat org.openqa.selenium.remote.RemoteWebDriver.execute(RemoteWebDriver.java:557)\n\tat org.openqa.selenium.remote.ElementLocation$ElementFinder$2.findElement(ElementLocation.java:165)\n\tat org.openqa.selenium.remote.ElementLocation.findElement(ElementLocation.java:59)\n\tat org.openqa.selenium.remote.RemoteWebDriver.findElement(RemoteWebDriver.java:380)\n\tat org.openqa.selenium.remote.RemoteWebDriver.findElement(RemoteWebDriver.java:374)\n\tat project_orangehrm.Base.BasePage.lambda$typeText$0(BasePage.java:83)\n\tat org.openqa.selenium.support.ui.FluentWait.until(FluentWait.java:203)\n\t... 37 more\n","flaky":false,"newFailed":false,"newBroken":false,"newPassed":false,"retriesCount":15,"retriesStatusChange":false,"beforeStages":[{"name":"setUp","time":{"start":1766763733856,"stop":1766763733856,"duration":0},"description":"","status":"broken","steps":[],"attachments":[],"parameters":[],"stepsCount":0,"shouldDisplayMessage":false,"attachmentsCount":0,"hasContent":false,"attachmentStep":false},{"name":"setup","time":{"start":1766763733856,"stop":1766763733856,"duration":0},"description":"","status":"broken","steps":[],"attachments":[],"parameters":[],"stepsCount":0,"shouldDisplayMessage":false,"attachmentsCount":0,"hasContent":false,"attachmentStep":false}],"afterStages":[{"name":"tearDown","time":{"start":1766763733857,"stop":1766763733857,"duration":0},"description":"","status":"broken","steps":[],"attachments":[],"parameters":[],"stepsCount":0,"shouldDisplayMessage":false,"attachmentsCount":0,"hasContent":false,"attachmentStep":false}],"labels":[{"name":"package","value":"project_orangehrm.Test.Recruitment_Search_And_Data_Test"},{"name":"testClass","value":"project_orangehrm.Test.Recruitment_Search_And_Data_Test"},{"name":"testMethod","value":"verifyCandidate_EditInfo_Success"},{"name":"parentSuite","value":"OrangeHRM_Strategic_Suite"},{"name":"suite","value":"Step3_Recruitment"},{"name":"subSuite","value":"project_orangehrm.Test.Recruitment_Search_And_Data_Test"},{"name":"host","value":"runnervmh13bl"},{"name":"thread","value":"2331@runnervmh13bl.main(1)"},{"name":"framework","value":"testng"},{"name":"language","value":"java"},{"name":"resultFormat","value":"allure2"}],"parameters":[{"name":"browser","value":"edge"}],"links":[],"hidden":false,"retry":false,"extra":{"severity":"normal","retries":[{"uid":"d111f0497e20f800","status":"skipped","statusDetails":"Expected condition failed: waiting for project_orangehrm.Base.BasePage$$Lambda/0x00007f8ca0346ae0@4bf8b77 (tried for 10 second(s) with 300 milliseconds interval)","time":{"start":1766763726008,"stop":1766763726008,"duration":0}},{"uid":"11304f9ab86f3811","status":"skipped","statusDetails":"Expected condition failed: waiting for project_orangehrm.Base.BasePage$$Lambda/0x00007f05643468a8@52657d5f (tried for 10 second(s) with 300 milliseconds interval)","time":{"start":1766763722478,"stop":1766763722478,"duration":0}},{"uid":"7878acdb177fe2ef","status":"skipped","statusDetails":"Expected condition failed: waiting for project_orangehrm.Base.BasePage$$Lambda/0x00007f7b283468a8@399f5daf (tried for 10 second(s) with 300 milliseconds interval)","time":{"start":1766763721972,"stop":1766763721972,"duration":0}},{"uid":"ab1edefd46e8611","status":"skipped","statusDetails":"Expected condition failed: waiting for project_orangehrm.Base.BasePage$$Lambda/0x00007f047c3491b0@7d537616 (tried for 10 second(s) with 300 milliseconds interval)","time":{"start":1766763713719,"stop":1766763713719,"duration":0}},{"uid":"cb986e45c34f4d1b","status":"skipped","statusDetails":"Expected condition failed: waiting for project_orangehrm.Base.BasePage$$Lambda/0x00007fc4a83491b0@65af05b2 (tried for 10 second(s) with 300 milliseconds interval)","time":{"start":1766763237720,"stop":1766763237720,"duration":0}},{"uid":"7f86275461156e19","status":"skipped","statusDetails":"Expected condition failed: waiting for project_orangehrm.Base.BasePage$$Lambda/0x00007f57e03491b0@280ecc33 (tried for 10 second(s) with 300 milliseconds interval)","time":{"start":1766763227817,"stop":1766763227818,"duration":1}},{"uid":"c5f7488fbdb9374f","status":"skipped","statusDetails":"Expected condition failed: waiting for project_orangehrm.Base.BasePage$$Lambda/0x00007f4d003491b0@2c2a903f (tried for 10 second(s) with 300 milliseconds interval)","time":{"start":1766763226090,"stop":1766763226090,"duration":0}},{"uid":"9554b0ec54a6b5bf","status":"skipped","statusDetails":"Expected condition failed: waiting for project_orangehrm.Base.BasePage$$Lambda/0x00007f4a303491b0@70485aa (tried for 10 second(s) with 300 milliseconds interval)","time":{"start":1766763223053,"stop":1766763223053,"duration":0}},{"uid":"71c039f049bdf81f","status":"skipped","statusDetails":"Expected condition failed: waiting for project_orangehrm.Base.BasePage$$Lambda/0x00007ff86c3491b0@1de85972 (tried for 10 second(s) with 300 milliseconds interval)","time":{"start":1766763222676,"stop":1766763222676,"duration":0}},{"uid":"296d9a552fa3acf4","status":"skipped","statusDetails":"Expected condition failed: waiting for project_orangehrm.Base.BasePage$$Lambda/0x00007f13b0346ae0@2211b44f (tried for 10 second(s) with 300 milliseconds interval)","time":{"start":1766763217686,"stop":1766763217686,"duration":0}},{"uid":"885e50d59e3d7c72","status":"skipped","statusDetails":"Expected condition failed: waiting for project_orangehrm.Base.BasePage$$Lambda/0x00007fa75c346ae0@604c7e9b (tried for 10 second(s) with 300 milliseconds interval)","time":{"start":1766763212197,"stop":1766763212197,"duration":0}},{"uid":"20efd534d069e1f2","status":"skipped","statusDetails":"Expected condition failed: waiting for project_orangehrm.Base.BasePage$$Lambda/0x00007fa3e8344bd0@6210666c (tried for 10 second(s) with 300 milliseconds interval)","time":{"start":1766763210785,"stop":1766763210785,"duration":0}},{"uid":"1abfbef0fa11a3c","status":"skipped","statusDetails":"Expected condition failed: waiting for project_orangehrm.Base.BasePage$$Lambda/0x00007f9aec3491b0@c4cceb (tried for 10 second(s) with 300 milliseconds interval)","time":{"start":1766763209641,"stop":1766763209641,"duration":0}},{"uid":"9c6564f370d413ff","status":"skipped","statusDetails":"Expected condition failed: waiting for project_orangehrm.Base.BasePage$$Lambda/0x00007f2cd03468a8@28fa541 (tried for 10 second(s) with 300 milliseconds interval)","time":{"start":1766763208385,"stop":1766763208385,"duration":0}},{"uid":"f2356e063c85de22","status":"skipped","statusDetails":"Expected condition failed: waiting for project_orangehrm.Base.BasePage$$Lambda/0x00007f69143491b0@395197cb (tried for 10 second(s) with 300 milliseconds interval)","time":{"start":1766762747851,"stop":1766762747851,"duration":0}}],"categories":[],"history":{"statistic":{"failed":0,"broken":9,"skipped":1,"passed":0,"unknown":0,"total":10},"items":[{"uid":"e8b655d4adb18fa3","reportUrl":"https://m1mohammed1.github.io/orangeHRM/23/#testresult/e8b655d4adb18fa3","status":"broken","statusDetails":"Expected condition failed: waiting for project_orangehrm.Base.BasePage$$Lambda/0x00007f0d70348d50@6f584f53 (tried for 10 second(s) with 300 milliseconds interval)","time":{"start":1766760694796,"stop":1766760705547,"duration":10751}},{"uid":"d7ae505c474d34e1","reportUrl":"https://m1mohammed1.github.io/orangeHRM/22/#testresult/d7ae505c474d34e1","status":"broken","statusDetails":"Expected condition failed: waiting for project_orangehrm.Base.BasePage$$Lambda/0x00007ff0b0346ae0@22c81c48 (tried for 10 second(s) with 300 milliseconds interval)","time":{"start":1766706483116,"stop":1766706493717,"duration":10601}},{"uid":"3c59d1db068b9db2","reportUrl":"https://m1mohammed1.github.io/orangeHRM/17/#testresult/3c59d1db068b9db2","status":"broken","statusDetails":"Expected condition failed: waiting for project_orangehrm.Base.BasePage$$Lambda/0x00007fad88345248@217cddb1 (tried for 10 second(s) with 300 milliseconds interval)","time":{"start":1766698591931,"stop":1766698602624,"duration":10693}},{"uid":"e42598b9b117bcaf","reportUrl":"https://m1mohammed1.github.io/orangeHRM/16/#testresult/e42598b9b117bcaf","status":"broken","statusDetails":"Expected condition failed: waiting for project_orangehrm.Base.BasePage$$Lambda/0x00007fecbc344bd0@6a8042de (tried for 10 second(s) with 300 milliseconds interval)","time":{"start":1766630309566,"stop":1766630320230,"duration":10664}},{"uid":"3bd71bf2b78e0e0b","reportUrl":"https://m1mohammed1.github.io/orangeHRM/15/#testresult/3bd71bf2b78e0e0b","status":"broken","statusDetails":"Expected condition failed: waiting for project_orangehrm.Base.BasePage$$Lambda/0x00007fe4bc3491b0@f598955 (tried for 10 second(s) with 300 milliseconds interval)","time":{"start":1766625164121,"stop":1766625174813,"duration":10692}},{"uid":"4e673ff971968613","reportUrl":"https://m1mohammed1.github.io/orangeHRM/13/#testresult/4e673ff971968613","status":"broken","statusDetails":"Expected condition failed: waiting for project_orangehrm.Base.BasePage$$Lambda/0x00007f5fd43477d8@5faa1646 (tried for 10 second(s) with 300 milliseconds interval)","time":{"start":1766618924360,"stop":1766618935519,"duration":11159}},{"uid":"4ac118d6906a6e65","reportUrl":"https://m1mohammed1.github.io/orangeHRM/11/#testresult/4ac118d6906a6e65","status":"broken","statusDetails":"Expected condition failed: waiting for project_orangehrm.Base.BasePage$$Lambda/0x00007f5df0345d90@7a5e33d3 (tried for 5 second(s) with 300 milliseconds interval)","time":{"start":1766606263962,"stop":1766606274609,"duration":10647}},{"uid":"c632a07155ca46c3","reportUrl":"https://m1mohammed1.github.io/orangeHRM/10/#testresult/c632a07155ca46c3","status":"broken","statusDetails":"Expected condition failed: waiting for project_orangehrm.Base.BasePage$$Lambda/0x00007f24a4348230@38efe247 (tried for 7 second(s) with 300 milliseconds interval)","time":{"start":1766598109519,"stop":1766598120217,"duration":10698}},{"uid":"5517a729a8f57f48","reportUrl":"https://m1mohammed1.github.io/orangeHRM/9/#testresult/5517a729a8f57f48","status":"broken","statusDetails":"Expected condition failed: waiting for project_orangehrm.Base.BasePage$$Lambda/0x00007f150836efd8@61eb3610 (tried for 15 second(s) with 300 milliseconds interval)","time":{"start":1766596534541,"stop":1766596556202,"duration":21661}}]},"tags":[]},"source":"ef22c3e3ccf7debc.json","parameterValues":["edge"]}