{"uid":"ef8a5b9a53515854","name":"TC02 - Negative: Verify error message when logging in with invalid credentials","fullName":"project_orangehrm.Test.LoginTest.verifyLogin_InvalidCredentials_ShowError","historyId":"d0f090851ba7a3b17854fbc5e7f6bef4","time":{"start":1766763562120,"stop":1766763572159,"duration":10039},"status":"broken","statusMessage":"Expected condition failed: waiting for project_orangehrm.Base.BasePage$$Lambda/0x00007fd2f83468a8@7cff3f1d (tried for 10 second(s) with 300 milliseconds interval)","statusTrace":"org.openqa.selenium.TimeoutException: Expected condition failed: waiting for project_orangehrm.Base.BasePage$$Lambda/0x00007fd2f83468a8@7cff3f1d (tried for 10 second(s) with 300 milliseconds interval)\n\tat org.openqa.selenium.support.ui.FluentWait.timeoutException(FluentWait.java:265)\n\tat org.openqa.selenium.support.ui.FluentWait.until(FluentWait.java:228)\n\tat project_orangehrm.Base.BasePage.typeText(BasePage.java:82)\n\tat project_orangehrm.Pages.LoginPage.enterUsername(LoginPage.java:22)\n\tat project_orangehrm.Test.LoginTest.verifyLogin_InvalidCredentials_ShowError(LoginTest.java:33)\n\tat java.base/jdk.internal.reflect.DirectMethodHandleAccessor.invoke(DirectMethodHandleAccessor.java:103)\n\tat java.base/java.lang.reflect.Method.invoke(Method.java:580)\n\tat org.testng.internal.invokers.MethodInvocationHelper.invokeMethod(MethodInvocationHelper.java:141)\n\tat org.testng.internal.invokers.TestInvoker.invokeMethod(TestInvoker.java:687)\n\tat org.testng.internal.invokers.TestInvoker.invokeTestMethod(TestInvoker.java:230)\n\tat org.testng.internal.invokers.MethodRunner.runInSequence(MethodRunner.java:63)\n\tat org.testng.internal.invokers.TestInvoker$MethodInvocationAgent.invoke(TestInvoker.java:995)\n\tat org.testng.internal.invokers.TestInvoker.invokeTestMethods(TestInvoker.java:203)\n\tat org.testng.internal.invokers.TestMethodWorker.invokeTestMethods(TestMethodWorker.java:154)\n\tat org.testng.internal.invokers.TestMethodWorker.run(TestMethodWorker.java:134)\n\tat java.base/java.util.ArrayList.forEach(ArrayList.java:1596)\n\tat org.testng.TestRunner.privateRun(TestRunner.java:741)\n\tat org.testng.TestRunner.run(TestRunner.java:616)\n\tat org.testng.SuiteRunner.runTest(SuiteRunner.java:421)\n\tat org.testng.SuiteRunner.runSequentially(SuiteRunner.java:413)\n\tat org.testng.SuiteRunner.privateRun(SuiteRunner.java:373)\n\tat org.testng.SuiteRunner.run(SuiteRunner.java:312)\n\tat org.testng.SuiteRunnerWorker.runSuite(SuiteRunnerWorker.java:52)\n\tat org.testng.SuiteRunnerWorker.run(SuiteRunnerWorker.java:95)\n\tat org.testng.TestNG.runSuitesSequentially(TestNG.java:1274)\n\tat org.testng.TestNG.runSuitesLocally(TestNG.java:1208)\n\tat org.testng.TestNG.runSuites(TestNG.java:1112)\n\tat org.testng.TestNG.run(TestNG.java:1079)\n\tat org.apache.maven.surefire.testng.TestNGExecutor.run(TestNGExecutor.java:308)\n\tat org.apache.maven.surefire.testng.TestNGXmlTestSuite.execute(TestNGXmlTestSuite.java:71)\n\tat org.apache.maven.surefire.testng.TestNGProvider.invoke(TestNGProvider.java:113)\n\tat org.apache.maven.surefire.booter.ForkedBooter.runSuitesInProcess(ForkedBooter.java:385)\n\tat org.apache.maven.surefire.booter.ForkedBooter.execute(ForkedBooter.java:162)\n\tat org.apache.maven.surefire.booter.ForkedBooter.run(ForkedBooter.java:507)\n\tat org.apache.maven.surefire.booter.ForkedBooter.main(ForkedBooter.java:495)\nCaused by: org.openqa.selenium.NoSuchElementException: no such element: Unable to locate element: {\"method\":\"css selector\",\"selector\":\"input[placeholder='Username']\"}\n  (Session info: chrome=143.0.7499.109)\nFor documentation on this error, please visit: https://www.selenium.dev/documentation/webdriver/troubleshooting/errors#nosuchelementexception\nBuild info: version: '4.37.0', revision: '3c1da1e342'\nSystem info: os.name: 'Linux', os.arch: 'amd64', os.version: '6.11.0-1018-azure', java.version: '21.0.9'\nDriver info: org.openqa.selenium.chrome.ChromeDriver\nCommand: [e35444eae504e5b042359d60ff1cdb5c, findElement {using=css selector, value=input[placeholder='Username']}]\nCapabilities {acceptInsecureCerts: false, browserName: chrome, browserVersion: 143.0.7499.109, chrome: {chromedriverVersion: 143.0.7499.169 (164b20aab62..., userDataDir: /tmp/.org.chromium.Chromium...}, fedcm:accounts: true, goog:chromeOptions: {debuggerAddress: localhost:42707}, goog:processID: 2686, networkConnectionEnabled: false, pageLoadStrategy: normal, platformName: linux, proxy: Proxy(), se:cdp: ws://localhost:42707/devtoo..., se:cdpVersion: 143.0.7499.109, setWindowRect: true, strictFileInteractability: false, timeouts: {implicit: 0, pageLoad: 300000, script: 30000}, unhandledPromptBehavior: dismiss and notify, webauthn:extension:credBlob: true, webauthn:extension:largeBlob: true, webauthn:extension:minPinLength: true, webauthn:extension:prf: true, webauthn:virtualAuthenticators: true}\nSession ID: e35444eae504e5b042359d60ff1cdb5c\n\tat java.base/jdk.internal.reflect.DirectConstructorHandleAccessor.newInstance(DirectConstructorHandleAccessor.java:62)\n\tat java.base/java.lang.reflect.Constructor.newInstanceWithCaller(Constructor.java:502)\n\tat java.base/java.lang.reflect.Constructor.newInstance(Constructor.java:486)\n\tat org.openqa.selenium.remote.ErrorCodec.decode(ErrorCodec.java:167)\n\tat org.openqa.selenium.remote.codec.w3c.W3CHttpResponseCodec.decode(W3CHttpResponseCodec.java:138)\n\tat org.openqa.selenium.remote.codec.w3c.W3CHttpResponseCodec.decode(W3CHttpResponseCodec.java:50)\n\tat org.openqa.selenium.remote.HttpCommandExecutor.execute(HttpCommandExecutor.java:215)\n\tat org.openqa.selenium.remote.service.DriverCommandExecutor.invokeExecute(DriverCommandExecutor.java:216)\n\tat org.openqa.selenium.remote.service.DriverCommandExecutor.execute(DriverCommandExecutor.java:174)\n\tat org.openqa.selenium.remote.RemoteWebDriver.execute(RemoteWebDriver.java:557)\n\tat org.openqa.selenium.remote.ElementLocation$ElementFinder$2.findElement(ElementLocation.java:165)\n\tat org.openqa.selenium.remote.ElementLocation.findElement(ElementLocation.java:59)\n\tat org.openqa.selenium.remote.RemoteWebDriver.findElement(RemoteWebDriver.java:380)\n\tat org.openqa.selenium.remote.RemoteWebDriver.findElement(RemoteWebDriver.java:374)\n\tat project_orangehrm.Base.BasePage.lambda$typeText$0(BasePage.java:83)\n\tat org.openqa.selenium.support.ui.FluentWait.until(FluentWait.java:203)\n\t... 33 more\n","flaky":false,"newFailed":false,"newBroken":true,"newPassed":false,"retriesCount":15,"retriesStatusChange":true,"beforeStages":[{"name":"setUp","time":{"start":1766763560703,"stop":1766763562117,"duration":1414},"description":"","status":"passed","steps":[],"attachments":[],"parameters":[],"stepsCount":0,"shouldDisplayMessage":false,"attachmentsCount":0,"hasContent":false,"attachmentStep":false},{"name":"setup","time":{"start":1766763562118,"stop":1766763562118,"duration":0},"description":"","status":"passed","steps":[],"attachments":[],"parameters":[],"stepsCount":0,"shouldDisplayMessage":false,"attachmentsCount":0,"hasContent":false,"attachmentStep":false}],"afterStages":[{"name":"tearDown","time":{"start":1766763572162,"stop":1766763572318,"duration":156},"description":"","status":"passed","steps":[],"attachments":[{"uid":"fe88924b69584bea","name":"Screenshot Failure - verifyLogin_InvalidCredentials_ShowError","source":"fe88924b69584bea.png","type":"image/png","size":66520},{"uid":"afcd6005da5459e","name":"Page Source","source":"afcd6005da5459e.html","type":"text/html","size":15023}],"parameters":[],"stepsCount":0,"shouldDisplayMessage":false,"attachmentsCount":2,"hasContent":true,"attachmentStep":false}],"labels":[{"name":"package","value":"project_orangehrm.Test.LoginTest"},{"name":"testClass","value":"project_orangehrm.Test.LoginTest"},{"name":"testMethod","value":"verifyLogin_InvalidCredentials_ShowError"},{"name":"parentSuite","value":"OrangeHRM_Strategic_Suite"},{"name":"suite","value":"Step1_Hyper_Admin_PIM_Foundation"},{"name":"subSuite","value":"project_orangehrm.Test.LoginTest"},{"name":"host","value":"runnervmh13bl"},{"name":"thread","value":"2331@runnervmh13bl.main(1)"},{"name":"framework","value":"testng"},{"name":"language","value":"java"},{"name":"resultFormat","value":"allure2"}],"parameters":[{"name":"browser","value":"edge"}],"links":[],"hidden":false,"retry":false,"extra":{"severity":"normal","retries":[{"uid":"11bd1b19fcf7eff4","status":"broken","statusDetails":"Expected condition failed: waiting for project_orangehrm.Base.BasePage$$Lambda/0x00007f8ca0346ae0@7197b07f (tried for 10 second(s) with 300 milliseconds interval)","time":{"start":1766763555155,"stop":1766763565213,"duration":10058}},{"uid":"8463def246105090","status":"broken","statusDetails":"Expected condition failed: waiting for project_orangehrm.Base.BasePage$$Lambda/0x00007f047c3491b0@53eba4b8 (tried for 10 second(s) with 300 milliseconds interval)","time":{"start":1766763551883,"stop":1766763561902,"duration":10019}},{"uid":"21ab9b3164e19d5c","status":"broken","statusDetails":"Expected condition failed: waiting for project_orangehrm.Base.BasePage$$Lambda/0x00007f05643468a8@4f1fb828 (tried for 10 second(s) with 300 milliseconds interval)","time":{"start":1766763551597,"stop":1766763561647,"duration":10050}},{"uid":"643f8af6f1d48bf2","status":"broken","statusDetails":"Expected condition failed: waiting for project_orangehrm.Base.BasePage$$Lambda/0x00007f7b283468a8@30a7653e (tried for 10 second(s) with 300 milliseconds interval)","time":{"start":1766763550978,"stop":1766763560991,"duration":10013}},{"uid":"1c8f0ec523a5b6c4","status":"broken","statusDetails":"Expected condition failed: waiting for project_orangehrm.Base.BasePage$$Lambda/0x00007fc4a83491b0@16b3c905 (tried for 10 second(s) with 300 milliseconds interval)","time":{"start":1766763066759,"stop":1766763076789,"duration":10030}},{"uid":"f182b396a59b49ed","status":"broken","statusDetails":"Expected condition failed: waiting for project_orangehrm.Base.BasePage$$Lambda/0x00007f4d003491b0@53eba4b8 (tried for 10 second(s) with 300 milliseconds interval)","time":{"start":1766763062745,"stop":1766763072760,"duration":10015}},{"uid":"bfa2915ab94dbb62","status":"broken","statusDetails":"Expected condition failed: waiting for project_orangehrm.Base.BasePage$$Lambda/0x00007f57e03491b0@487cd177 (tried for 10 second(s) with 300 milliseconds interval)","time":{"start":1766763056856,"stop":1766763066873,"duration":10017}},{"uid":"b1e015535880a395","status":"broken","statusDetails":"Expected condition failed: waiting for project_orangehrm.Base.BasePage$$Lambda/0x00007f13b0346ae0@45592af7 (tried for 10 second(s) with 300 milliseconds interval)","time":{"start":1766763056086,"stop":1766763066120,"duration":10034}},{"uid":"e77f62d5f44c83c8","status":"broken","statusDetails":"Expected condition failed: waiting for project_orangehrm.Base.BasePage$$Lambda/0x00007f4a303491b0@61608e1a (tried for 10 second(s) with 300 milliseconds interval)","time":{"start":1766763053459,"stop":1766763063513,"duration":10054}},{"uid":"54bbfd38c6857af1","status":"broken","statusDetails":"Expected condition failed: waiting for project_orangehrm.Base.BasePage$$Lambda/0x00007ff86c3491b0@738a5848 (tried for 10 second(s) with 300 milliseconds interval)","time":{"start":1766763051817,"stop":1766763061856,"duration":10039}},{"uid":"bbafcf6f668a102b","status":"broken","statusDetails":"Expected condition failed: waiting for project_orangehrm.Base.BasePage$$Lambda/0x00007fa75c346ae0@7197b07f (tried for 10 second(s) with 300 milliseconds interval)","time":{"start":1766763048900,"stop":1766763058918,"duration":10018}},{"uid":"5b17f3429a9aa53","status":"broken","statusDetails":"Expected condition failed: waiting for project_orangehrm.Base.BasePage$$Lambda/0x00007f9aec3491b0@6401188a (tried for 10 second(s) with 300 milliseconds interval)","time":{"start":1766763047817,"stop":1766763057838,"duration":10021}},{"uid":"de2301a0c9d8284e","status":"broken","statusDetails":"Expected condition failed: waiting for project_orangehrm.Base.BasePage$$Lambda/0x00007f2cd03468a8@421d54b3 (tried for 10 second(s) with 300 milliseconds interval)","time":{"start":1766763046741,"stop":1766763056759,"duration":10018}},{"uid":"162bca3356f674ce","status":"broken","statusDetails":"Expected condition failed: waiting for project_orangehrm.Base.BasePage$$Lambda/0x00007fa3e8344bd0@ccd341d (tried for 10 second(s) with 300 milliseconds interval)","time":{"start":1766763043086,"stop":1766763053139,"duration":10053}},{"uid":"1dee8325cda2e9c0","status":"passed","time":{"start":1766762577825,"stop":1766762579042,"duration":1217}}],"categories":[{"name":"Test defects","matchedStatuses":[],"flaky":false}],"history":{"statistic":{"failed":0,"broken":2,"skipped":0,"passed":11,"unknown":0,"total":13},"items":[{"uid":"edaa4937a3544885","reportUrl":"https://m1mohammed1.github.io/orangeHRM/23/#testresult/edaa4937a3544885","status":"passed","time":{"start":1766758921501,"stop":1766758922933,"duration":1432}},{"uid":"7f19efe827c8985f","reportUrl":"https://m1mohammed1.github.io/orangeHRM/22/#testresult/7f19efe827c8985f","status":"passed","time":{"start":1766705159063,"stop":1766705160281,"duration":1218}},{"uid":"60dd93347d2a91ac","reportUrl":"https://m1mohammed1.github.io/orangeHRM/20/#testresult/60dd93347d2a91ac","status":"passed","time":{"start":1766704661304,"stop":1766704662529,"duration":1225}},{"uid":"1ddd0306901f108c","reportUrl":"https://m1mohammed1.github.io/orangeHRM/17/#testresult/1ddd0306901f108c","status":"passed","time":{"start":1766697188855,"stop":1766697190177,"duration":1322}},{"uid":"c204eec932261305","reportUrl":"https://m1mohammed1.github.io/orangeHRM/16/#testresult/c204eec932261305","status":"passed","time":{"start":1766631296212,"stop":1766631297695,"duration":1483}},{"uid":"f6f4fa89873ac1e","reportUrl":"https://m1mohammed1.github.io/orangeHRM/15/#testresult/f6f4fa89873ac1e","status":"broken","statusDetails":"Expected condition failed: waiting for project_orangehrm.Base.BasePage$$Lambda/0x00007fe4bc3491b0@67688110 (tried for 10 second(s) with 300 milliseconds interval)","time":{"start":1766623417134,"stop":1766623427164,"duration":10030}},{"uid":"e977542623025b2b","reportUrl":"https://m1mohammed1.github.io/orangeHRM/14/#testresult/e977542623025b2b","status":"passed","time":{"start":1766620479049,"stop":1766620480498,"duration":1449}},{"uid":"dc3f94f21465d3e2","reportUrl":"https://m1mohammed1.github.io/orangeHRM/13/#testresult/dc3f94f21465d3e2","status":"passed","time":{"start":1766619732967,"stop":1766619734193,"duration":1226}},{"uid":"b1e4ad63f52d3087","reportUrl":"https://m1mohammed1.github.io/orangeHRM/12/#testresult/b1e4ad63f52d3087","status":"passed","time":{"start":1766616046140,"stop":1766616047402,"duration":1262}},{"uid":"8400912b2a5f59cc","reportUrl":"https://m1mohammed1.github.io/orangeHRM/11/#testresult/8400912b2a5f59cc","status":"passed","time":{"start":1766605336349,"stop":1766605337590,"duration":1241}},{"uid":"81212549c281b6f2","reportUrl":"https://m1mohammed1.github.io/orangeHRM/10/#testresult/81212549c281b6f2","status":"passed","time":{"start":1766596991144,"stop":1766596992650,"duration":1506}},{"uid":"f01848306f8ccb5","reportUrl":"https://m1mohammed1.github.io/orangeHRM/9/#testresult/f01848306f8ccb5","status":"passed","time":{"start":1766595657909,"stop":1766595659929,"duration":2020}}]},"tags":[]},"source":"ef8a5b9a53515854.json","parameterValues":["edge"]}