{"uid":"f4e424c712abe36","name":"TC04 - Negative: Verify error message when Password and Confirm Password do not match","fullName":"project_orangehrm.Test.AdminUserManagementTest.verifyUserManagement_PasswordMismatch_ShowError","historyId":"6c1e40914d88613249bf3d7e27b37760","time":{"start":1766763687899,"stop":1766763687899,"duration":0},"status":"skipped","statusMessage":"Expected condition failed: waiting for project_orangehrm.Base.BasePage$$Lambda/0x00007fd2f83468a8@49631cfb (tried for 10 second(s) with 300 milliseconds interval)","statusTrace":"org.openqa.selenium.TimeoutException: Expected condition failed: waiting for project_orangehrm.Base.BasePage$$Lambda/0x00007fd2f83468a8@49631cfb (tried for 10 second(s) with 300 milliseconds interval)\n\tat org.openqa.selenium.support.ui.FluentWait.timeoutException(FluentWait.java:265)\n\tat org.openqa.selenium.support.ui.FluentWait.until(FluentWait.java:228)\n\tat project_orangehrm.Base.BasePage.typeText(BasePage.java:82)\n\tat project_orangehrm.Pages.LoginPage.enterUsername(LoginPage.java:22)\n\tat project_orangehrm.Test.AdminUserManagementTest.setup(AdminUserManagementTest.java:22)\n\tat java.base/jdk.internal.reflect.DirectMethodHandleAccessor.invoke(DirectMethodHandleAccessor.java:103)\n\tat java.base/java.lang.reflect.Method.invoke(Method.java:580)\n\tat org.testng.internal.invokers.MethodInvocationHelper.invokeMethod(MethodInvocationHelper.java:141)\n\tat org.testng.internal.invokers.MethodInvocationHelper.invokeMethodConsideringTimeout(MethodInvocationHelper.java:71)\n\tat org.testng.internal.invokers.ConfigInvoker.invokeConfigurationMethod(ConfigInvoker.java:400)\n\tat org.testng.internal.invokers.ConfigInvoker.invokeConfigurations(ConfigInvoker.java:333)\n\tat org.testng.internal.invokers.TestInvoker.runConfigMethods(TestInvoker.java:836)\n\tat org.testng.internal.invokers.TestInvoker.invokeMethod(TestInvoker.java:601)\n\tat org.testng.internal.invokers.TestInvoker.invokeTestMethod(TestInvoker.java:230)\n\tat org.testng.internal.invokers.MethodRunner.runInSequence(MethodRunner.java:63)\n\tat org.testng.internal.invokers.TestInvoker$MethodInvocationAgent.invoke(TestInvoker.java:995)\n\tat org.testng.internal.invokers.TestInvoker.invokeTestMethods(TestInvoker.java:203)\n\tat org.testng.internal.invokers.TestMethodWorker.invokeTestMethods(TestMethodWorker.java:154)\n\tat org.testng.internal.invokers.TestMethodWorker.run(TestMethodWorker.java:134)\n\tat java.base/java.util.ArrayList.forEach(ArrayList.java:1596)\n\tat org.testng.TestRunner.privateRun(TestRunner.java:741)\n\tat org.testng.TestRunner.run(TestRunner.java:616)\n\tat org.testng.SuiteRunner.runTest(SuiteRunner.java:421)\n\tat org.testng.SuiteRunner.runSequentially(SuiteRunner.java:413)\n\tat org.testng.SuiteRunner.privateRun(SuiteRunner.java:373)\n\tat org.testng.SuiteRunner.run(SuiteRunner.java:312)\n\tat org.testng.SuiteRunnerWorker.runSuite(SuiteRunnerWorker.java:52)\n\tat org.testng.SuiteRunnerWorker.run(SuiteRunnerWorker.java:95)\n\tat org.testng.TestNG.runSuitesSequentially(TestNG.java:1274)\n\tat org.testng.TestNG.runSuitesLocally(TestNG.java:1208)\n\tat org.testng.TestNG.runSuites(TestNG.java:1112)\n\tat org.testng.TestNG.run(TestNG.java:1079)\n\tat org.apache.maven.surefire.testng.TestNGExecutor.run(TestNGExecutor.java:308)\n\tat org.apache.maven.surefire.testng.TestNGXmlTestSuite.execute(TestNGXmlTestSuite.java:71)\n\tat org.apache.maven.surefire.testng.TestNGProvider.invoke(TestNGProvider.java:113)\n\tat org.apache.maven.surefire.booter.ForkedBooter.runSuitesInProcess(ForkedBooter.java:385)\n\tat org.apache.maven.surefire.booter.ForkedBooter.execute(ForkedBooter.java:162)\n\tat org.apache.maven.surefire.booter.ForkedBooter.run(ForkedBooter.java:507)\n\tat org.apache.maven.surefire.booter.ForkedBooter.main(ForkedBooter.java:495)\nCaused by: org.openqa.selenium.NoSuchElementException: no such element: Unable to locate element: {\"method\":\"css selector\",\"selector\":\"input[placeholder='Username']\"}\n  (Session info: chrome=143.0.7499.109)\nFor documentation on this error, please visit: https://www.selenium.dev/documentation/webdriver/troubleshooting/errors#nosuchelementexception\nBuild info: version: '4.37.0', revision: '3c1da1e342'\nSystem info: os.name: 'Linux', os.arch: 'amd64', os.version: '6.11.0-1018-azure', java.version: '21.0.9'\nDriver info: org.openqa.selenium.chrome.ChromeDriver\nCommand: [f510b8a41a8dca08fad982b1b3d335f1, findElement {using=css selector, value=input[placeholder='Username']}]\nCapabilities {acceptInsecureCerts: false, browserName: chrome, browserVersion: 143.0.7499.109, chrome: {chromedriverVersion: 143.0.7499.169 (164b20aab62..., userDataDir: /tmp/.org.chromium.Chromium...}, fedcm:accounts: true, goog:chromeOptions: {debuggerAddress: localhost:39163}, goog:processID: 5198, networkConnectionEnabled: false, pageLoadStrategy: normal, platformName: linux, proxy: Proxy(), se:cdp: ws://localhost:39163/devtoo..., se:cdpVersion: 143.0.7499.109, setWindowRect: true, strictFileInteractability: false, timeouts: {implicit: 0, pageLoad: 300000, script: 30000}, unhandledPromptBehavior: dismiss and notify, webauthn:extension:credBlob: true, webauthn:extension:largeBlob: true, webauthn:extension:minPinLength: true, webauthn:extension:prf: true, webauthn:virtualAuthenticators: true}\nSession ID: f510b8a41a8dca08fad982b1b3d335f1\n\tat java.base/jdk.internal.reflect.DirectConstructorHandleAccessor.newInstance(DirectConstructorHandleAccessor.java:62)\n\tat java.base/java.lang.reflect.Constructor.newInstanceWithCaller(Constructor.java:502)\n\tat java.base/java.lang.reflect.Constructor.newInstance(Constructor.java:486)\n\tat org.openqa.selenium.remote.ErrorCodec.decode(ErrorCodec.java:167)\n\tat org.openqa.selenium.remote.codec.w3c.W3CHttpResponseCodec.decode(W3CHttpResponseCodec.java:138)\n\tat org.openqa.selenium.remote.codec.w3c.W3CHttpResponseCodec.decode(W3CHttpResponseCodec.java:50)\n\tat org.openqa.selenium.remote.HttpCommandExecutor.execute(HttpCommandExecutor.java:215)\n\tat org.openqa.selenium.remote.service.DriverCommandExecutor.invokeExecute(DriverCommandExecutor.java:216)\n\tat org.openqa.selenium.remote.service.DriverCommandExecutor.execute(DriverCommandExecutor.java:174)\n\tat org.openqa.selenium.remote.RemoteWebDriver.execute(RemoteWebDriver.java:557)\n\tat org.openqa.selenium.remote.ElementLocation$ElementFinder$2.findElement(ElementLocation.java:165)\n\tat org.openqa.selenium.remote.ElementLocation.findElement(ElementLocation.java:59)\n\tat org.openqa.selenium.remote.RemoteWebDriver.findElement(RemoteWebDriver.java:380)\n\tat org.openqa.selenium.remote.RemoteWebDriver.findElement(RemoteWebDriver.java:374)\n\tat project_orangehrm.Base.BasePage.lambda$typeText$0(BasePage.java:83)\n\tat org.openqa.selenium.support.ui.FluentWait.until(FluentWait.java:203)\n\t... 37 more\n","flaky":false,"newFailed":false,"newBroken":false,"newPassed":false,"retriesCount":15,"retriesStatusChange":false,"beforeStages":[{"name":"setup","time":{"start":1766763687898,"stop":1766763687898,"duration":0},"description":"","status":"broken","steps":[],"attachments":[],"parameters":[],"stepsCount":0,"shouldDisplayMessage":false,"attachmentsCount":0,"hasContent":false,"attachmentStep":false},{"name":"setUp","time":{"start":1766763687898,"stop":1766763687898,"duration":0},"description":"","status":"broken","steps":[],"attachments":[],"parameters":[],"stepsCount":0,"shouldDisplayMessage":false,"attachmentsCount":0,"hasContent":false,"attachmentStep":false}],"afterStages":[{"name":"tearDown","time":{"start":1766763687899,"stop":1766763687899,"duration":0},"description":"","status":"broken","steps":[],"attachments":[],"parameters":[],"stepsCount":0,"shouldDisplayMessage":false,"attachmentsCount":0,"hasContent":false,"attachmentStep":false}],"labels":[{"name":"package","value":"project_orangehrm.Test.AdminUserManagementTest"},{"name":"testClass","value":"project_orangehrm.Test.AdminUserManagementTest"},{"name":"testMethod","value":"verifyUserManagement_PasswordMismatch_ShowError"},{"name":"parentSuite","value":"OrangeHRM_Strategic_Suite"},{"name":"suite","value":"Step2_PIM_User_Foundation"},{"name":"subSuite","value":"project_orangehrm.Test.AdminUserManagementTest"},{"name":"host","value":"runnervmh13bl"},{"name":"thread","value":"2331@runnervmh13bl.main(1)"},{"name":"framework","value":"testng"},{"name":"language","value":"java"},{"name":"resultFormat","value":"allure2"}],"parameters":[{"name":"browser","value":"edge"}],"links":[],"hidden":false,"retry":false,"extra":{"severity":"normal","retries":[{"uid":"fdad4741eb22fa71","status":"skipped","statusDetails":"Expected condition failed: waiting for project_orangehrm.Base.BasePage$$Lambda/0x00007f8ca0346ae0@60fc7f43 (tried for 10 second(s) with 300 milliseconds interval)","time":{"start":1766763680269,"stop":1766763680269,"duration":0}},{"uid":"44b998ceda7c791d","status":"skipped","statusDetails":"Expected condition failed: waiting for project_orangehrm.Base.BasePage$$Lambda/0x00007f05643468a8@27dbaa33 (tried for 10 second(s) with 300 milliseconds interval)","time":{"start":1766763676776,"stop":1766763676776,"duration":0}},{"uid":"199ff0a0c52ce77a","status":"skipped","statusDetails":"Expected condition failed: waiting for project_orangehrm.Base.BasePage$$Lambda/0x00007f7b283468a8@77c23d90 (tried for 10 second(s) with 300 milliseconds interval)","time":{"start":1766763676166,"stop":1766763676166,"duration":0}},{"uid":"e28cd18b82d58bd7","status":"skipped","statusDetails":"Expected condition failed: waiting for project_orangehrm.Base.BasePage$$Lambda/0x00007f047c3491b0@67afe909 (tried for 10 second(s) with 300 milliseconds interval)","time":{"start":1766763670537,"stop":1766763670537,"duration":0}},{"uid":"56bdd483eafeed17","status":"skipped","statusDetails":"Expected condition failed: waiting for project_orangehrm.Base.BasePage$$Lambda/0x00007fc4a83491b0@793cef95 (tried for 10 second(s) with 300 milliseconds interval)","time":{"start":1766763191833,"stop":1766763191834,"duration":1}},{"uid":"95791ce7b548f1d7","status":"skipped","statusDetails":"Expected condition failed: waiting for project_orangehrm.Base.BasePage$$Lambda/0x00007f4d003491b0@67c21bf (tried for 10 second(s) with 300 milliseconds interval)","time":{"start":1766763182400,"stop":1766763182400,"duration":0}},{"uid":"cdc52704571e332a","status":"skipped","statusDetails":"Expected condition failed: waiting for project_orangehrm.Base.BasePage$$Lambda/0x00007f57e03491b0@fcf9525 (tried for 10 second(s) with 300 milliseconds interval)","time":{"start":1766763181977,"stop":1766763181977,"duration":0}},{"uid":"74f700f4bbb3d101","status":"skipped","statusDetails":"Expected condition failed: waiting for project_orangehrm.Base.BasePage$$Lambda/0x00007f4a303491b0@16ea0f22 (tried for 10 second(s) with 300 milliseconds interval)","time":{"start":1766763177578,"stop":1766763177578,"duration":0}},{"uid":"9fdcb22c1a8a3c0e","status":"skipped","statusDetails":"Expected condition failed: waiting for project_orangehrm.Base.BasePage$$Lambda/0x00007ff86c3491b0@455f4483 (tried for 10 second(s) with 300 milliseconds interval)","time":{"start":1766763176842,"stop":1766763176842,"duration":0}},{"uid":"572a3f26596294d3","status":"skipped","statusDetails":"Expected condition failed: waiting for project_orangehrm.Base.BasePage$$Lambda/0x00007f13b0346ae0@3b021664 (tried for 10 second(s) with 300 milliseconds interval)","time":{"start":1766763174522,"stop":1766763174522,"duration":0}},{"uid":"9f779430904a52ab","status":"skipped","statusDetails":"Expected condition failed: waiting for project_orangehrm.Base.BasePage$$Lambda/0x00007fa75c346ae0@79f1e22e (tried for 10 second(s) with 300 milliseconds interval)","time":{"start":1766763168613,"stop":1766763168613,"duration":0}},{"uid":"e180a25d32453e49","status":"skipped","statusDetails":"Expected condition failed: waiting for project_orangehrm.Base.BasePage$$Lambda/0x00007f9aec3491b0@6d17914a (tried for 10 second(s) with 300 milliseconds interval)","time":{"start":1766763166447,"stop":1766763166447,"duration":0}},{"uid":"a7fec5f391f1f68b","status":"skipped","statusDetails":"Expected condition failed: waiting for project_orangehrm.Base.BasePage$$Lambda/0x00007fa3e8344bd0@1377b1a0 (tried for 10 second(s) with 300 milliseconds interval)","time":{"start":1766763165909,"stop":1766763165909,"duration":0}},{"uid":"5918012dd260cb3e","status":"skipped","statusDetails":"Expected condition failed: waiting for project_orangehrm.Base.BasePage$$Lambda/0x00007f2cd03468a8@4243341e (tried for 10 second(s) with 300 milliseconds interval)","time":{"start":1766763165219,"stop":1766763165219,"duration":0}},{"uid":"2f8feb49da1fecdb","status":"skipped","statusDetails":"Expected condition failed: waiting for project_orangehrm.Base.BasePage$$Lambda/0x00007f69143491b0@5c3007d (tried for 10 second(s) with 300 milliseconds interval)","time":{"start":1766762704586,"stop":1766762704586,"duration":0}}],"categories":[],"history":{"statistic":{"failed":0,"broken":1,"skipped":1,"passed":9,"unknown":0,"total":11},"items":[{"uid":"cd01221bbd18be8","reportUrl":"https://m1mohammed1.github.io/orangeHRM/23/#testresult/cd01221bbd18be8","status":"passed","time":{"start":1766760349026,"stop":1766760351525,"duration":2499}},{"uid":"4b54bd2e2e32614d","reportUrl":"https://m1mohammed1.github.io/orangeHRM/22/#testresult/4b54bd2e2e32614d","status":"passed","time":{"start":1766706177844,"stop":1766706180132,"duration":2288}},{"uid":"148650a52368d3d1","reportUrl":"https://m1mohammed1.github.io/orangeHRM/17/#testresult/148650a52368d3d1","status":"passed","time":{"start":1766698248535,"stop":1766698250936,"duration":2401}},{"uid":"e74286c35e984a38","reportUrl":"https://m1mohammed1.github.io/orangeHRM/16/#testresult/e74286c35e984a38","status":"passed","time":{"start":1766629974180,"stop":1766629976523,"duration":2343}},{"uid":"88336e8ee7a61f7f","reportUrl":"https://m1mohammed1.github.io/orangeHRM/15/#testresult/88336e8ee7a61f7f","status":"passed","time":{"start":1766624797458,"stop":1766624799852,"duration":2394}},{"uid":"286ee44215440a11","reportUrl":"https://m1mohammed1.github.io/orangeHRM/13/#testresult/286ee44215440a11","status":"passed","time":{"start":1766618596740,"stop":1766618598908,"duration":2168}},{"uid":"7ae630df8ae274af","reportUrl":"https://m1mohammed1.github.io/orangeHRM/12/#testresult/7ae630df8ae274af","status":"passed","time":{"start":1766617091674,"stop":1766617094010,"duration":2336}},{"uid":"9b7e03165743d93e","reportUrl":"https://m1mohammed1.github.io/orangeHRM/11/#testresult/9b7e03165743d93e","status":"passed","time":{"start":1766606172283,"stop":1766606174519,"duration":2236}},{"uid":"92b0f055cbdbca71","reportUrl":"https://m1mohammed1.github.io/orangeHRM/10/#testresult/92b0f055cbdbca71","status":"passed","time":{"start":1766597748556,"stop":1766597751066,"duration":2510}},{"uid":"4e9bf17fd33dd5f6","reportUrl":"https://m1mohammed1.github.io/orangeHRM/9/#testresult/4e9bf17fd33dd5f6","status":"broken","statusDetails":"Expected condition failed: waiting for project_orangehrm.Base.BasePage$$Lambda/0x00007f1508381f10@3e900e3 (tried for 15 second(s) with 300 milliseconds interval)","time":{"start":1766595869527,"stop":1766595890936,"duration":21409}}]},"tags":[]},"source":"f4e424c712abe36.json","parameterValues":["edge"]}