{"uid":"f534e94c37626ee7","name":"TC01 - Verify KPI Lifecycle: Create, Link to Job","fullName":"project_orangehrm.Test.Performance_Configuration_Test.verifyKPI_Lifecycle_Success","historyId":"e6285b9f33ff8e54cbdb7e6ee20b74dd","time":{"start":1766763849966,"stop":1766763849966,"duration":0},"status":"skipped","statusMessage":"Expected condition failed: waiting for project_orangehrm.Base.BasePage$$Lambda/0x00007fd2f83468a8@54d6ca2 (tried for 10 second(s) with 300 milliseconds interval)","statusTrace":"org.openqa.selenium.TimeoutException: Expected condition failed: waiting for project_orangehrm.Base.BasePage$$Lambda/0x00007fd2f83468a8@54d6ca2 (tried for 10 second(s) with 300 milliseconds interval)\n\tat org.openqa.selenium.support.ui.FluentWait.timeoutException(FluentWait.java:265)\n\tat org.openqa.selenium.support.ui.FluentWait.until(FluentWait.java:228)\n\tat project_orangehrm.Base.BasePage.typeText(BasePage.java:82)\n\tat project_orangehrm.Pages.LoginPage.enterUsername(LoginPage.java:22)\n\tat project_orangehrm.Test.Performance_Configuration_Test.setup(Performance_Configuration_Test.java:23)\n\tat java.base/jdk.internal.reflect.DirectMethodHandleAccessor.invoke(DirectMethodHandleAccessor.java:103)\n\tat java.base/java.lang.reflect.Method.invoke(Method.java:580)\n\tat org.testng.internal.invokers.MethodInvocationHelper.invokeMethod(MethodInvocationHelper.java:141)\n\tat org.testng.internal.invokers.MethodInvocationHelper.invokeMethodConsideringTimeout(MethodInvocationHelper.java:71)\n\tat org.testng.internal.invokers.ConfigInvoker.invokeConfigurationMethod(ConfigInvoker.java:400)\n\tat org.testng.internal.invokers.ConfigInvoker.invokeConfigurations(ConfigInvoker.java:333)\n\tat org.testng.internal.invokers.TestInvoker.runConfigMethods(TestInvoker.java:836)\n\tat org.testng.internal.invokers.TestInvoker.invokeMethod(TestInvoker.java:601)\n\tat org.testng.internal.invokers.TestInvoker.invokeTestMethod(TestInvoker.java:230)\n\tat org.testng.internal.invokers.MethodRunner.runInSequence(MethodRunner.java:63)\n\tat org.testng.internal.invokers.TestInvoker$MethodInvocationAgent.invoke(TestInvoker.java:995)\n\tat org.testng.internal.invokers.TestInvoker.invokeTestMethods(TestInvoker.java:203)\n\tat org.testng.internal.invokers.TestMethodWorker.invokeTestMethods(TestMethodWorker.java:154)\n\tat org.testng.internal.invokers.TestMethodWorker.run(TestMethodWorker.java:134)\n\tat java.base/java.util.concurrent.Executors$RunnableAdapter.call(Executors.java:572)\n\tat java.base/java.util.concurrent.FutureTask.run(FutureTask.java:317)\n\tat org.testng.internal.thread.graph.TestNGFutureTask.run(TestNGFutureTask.java:22)\n\tat java.base/java.util.concurrent.ThreadPoolExecutor.runWorker(ThreadPoolExecutor.java:1144)\n\tat java.base/java.util.concurrent.ThreadPoolExecutor$Worker.run(ThreadPoolExecutor.java:642)\n\tat java.base/java.lang.Thread.run(Thread.java:1583)\nCaused by: org.openqa.selenium.NoSuchElementException: no such element: Unable to locate element: {\"method\":\"css selector\",\"selector\":\"input[placeholder='Username']\"}\n  (Session info: chrome=143.0.7499.109)\nFor documentation on this error, please visit: https://www.selenium.dev/documentation/webdriver/troubleshooting/errors#nosuchelementexception\nBuild info: version: '4.37.0', revision: '3c1da1e342'\nSystem info: os.name: 'Linux', os.arch: 'amd64', os.version: '6.11.0-1018-azure', java.version: '21.0.9'\nDriver info: org.openqa.selenium.chrome.ChromeDriver\nCommand: [03ce21aa14aeeddaf76e4f754eed1a91, findElement {using=css selector, value=input[placeholder='Username']}]\nCapabilities {acceptInsecureCerts: false, browserName: chrome, browserVersion: 143.0.7499.109, chrome: {chromedriverVersion: 143.0.7499.169 (164b20aab62..., userDataDir: /tmp/.org.chromium.Chromium...}, fedcm:accounts: true, goog:chromeOptions: {debuggerAddress: localhost:37885}, goog:processID: 10816, networkConnectionEnabled: false, pageLoadStrategy: normal, platformName: linux, proxy: Proxy(), se:cdp: ws://localhost:37885/devtoo..., se:cdpVersion: 143.0.7499.109, setWindowRect: true, strictFileInteractability: false, timeouts: {implicit: 0, pageLoad: 300000, script: 30000}, unhandledPromptBehavior: dismiss and notify, webauthn:extension:credBlob: true, webauthn:extension:largeBlob: true, webauthn:extension:minPinLength: true, webauthn:extension:prf: true, webauthn:virtualAuthenticators: true}\nSession ID: 03ce21aa14aeeddaf76e4f754eed1a91\n\tat java.base/jdk.internal.reflect.DirectConstructorHandleAccessor.newInstance(DirectConstructorHandleAccessor.java:62)\n\tat java.base/java.lang.reflect.Constructor.newInstanceWithCaller(Constructor.java:502)\n\tat java.base/java.lang.reflect.Constructor.newInstance(Constructor.java:486)\n\tat org.openqa.selenium.remote.ErrorCodec.decode(ErrorCodec.java:167)\n\tat org.openqa.selenium.remote.codec.w3c.W3CHttpResponseCodec.decode(W3CHttpResponseCodec.java:138)\n\tat org.openqa.selenium.remote.codec.w3c.W3CHttpResponseCodec.decode(W3CHttpResponseCodec.java:50)\n\tat org.openqa.selenium.remote.HttpCommandExecutor.execute(HttpCommandExecutor.java:215)\n\tat org.openqa.selenium.remote.service.DriverCommandExecutor.invokeExecute(DriverCommandExecutor.java:216)\n\tat org.openqa.selenium.remote.service.DriverCommandExecutor.execute(DriverCommandExecutor.java:174)\n\tat org.openqa.selenium.remote.RemoteWebDriver.execute(RemoteWebDriver.java:557)\n\tat org.openqa.selenium.remote.ElementLocation$ElementFinder$2.findElement(ElementLocation.java:165)\n\tat org.openqa.selenium.remote.ElementLocation.findElement(ElementLocation.java:59)\n\tat org.openqa.selenium.remote.RemoteWebDriver.findElement(RemoteWebDriver.java:380)\n\tat org.openqa.selenium.remote.RemoteWebDriver.findElement(RemoteWebDriver.java:374)\n\tat project_orangehrm.Base.BasePage.lambda$typeText$0(BasePage.java:83)\n\tat org.openqa.selenium.support.ui.FluentWait.until(FluentWait.java:203)\n\t... 23 more\n","flaky":false,"newFailed":false,"newBroken":false,"newPassed":false,"retriesCount":15,"retriesStatusChange":false,"beforeStages":[{"name":"setUp","time":{"start":1766763838348,"stop":1766763839951,"duration":1603},"description":"","status":"passed","steps":[],"attachments":[],"parameters":[],"stepsCount":0,"shouldDisplayMessage":false,"attachmentsCount":0,"hasContent":false,"attachmentStep":false},{"name":"setup","time":{"start":1766763839952,"stop":1766763849964,"duration":10012},"description":"","status":"broken","statusMessage":"Expected condition failed: waiting for project_orangehrm.Base.BasePage$$Lambda/0x00007fd2f83468a8@54d6ca2 (tried for 10 second(s) with 300 milliseconds interval)","statusTrace":"org.openqa.selenium.TimeoutException: Expected condition failed: waiting for project_orangehrm.Base.BasePage$$Lambda/0x00007fd2f83468a8@54d6ca2 (tried for 10 second(s) with 300 milliseconds interval)\n\tat org.openqa.selenium.support.ui.FluentWait.timeoutException(FluentWait.java:265)\n\tat org.openqa.selenium.support.ui.FluentWait.until(FluentWait.java:228)\n\tat project_orangehrm.Base.BasePage.typeText(BasePage.java:82)\n\tat project_orangehrm.Pages.LoginPage.enterUsername(LoginPage.java:22)\n\tat project_orangehrm.Test.Performance_Configuration_Test.setup(Performance_Configuration_Test.java:23)\n\tat java.base/jdk.internal.reflect.DirectMethodHandleAccessor.invoke(DirectMethodHandleAccessor.java:103)\n\tat java.base/java.lang.reflect.Method.invoke(Method.java:580)\n\tat org.testng.internal.invokers.MethodInvocationHelper.invokeMethod(MethodInvocationHelper.java:141)\n\tat org.testng.internal.invokers.MethodInvocationHelper.invokeMethodConsideringTimeout(MethodInvocationHelper.java:71)\n\tat org.testng.internal.invokers.ConfigInvoker.invokeConfigurationMethod(ConfigInvoker.java:400)\n\tat org.testng.internal.invokers.ConfigInvoker.invokeConfigurations(ConfigInvoker.java:333)\n\tat org.testng.internal.invokers.TestInvoker.runConfigMethods(TestInvoker.java:836)\n\tat org.testng.internal.invokers.TestInvoker.invokeMethod(TestInvoker.java:601)\n\tat org.testng.internal.invokers.TestInvoker.invokeTestMethod(TestInvoker.java:230)\n\tat org.testng.internal.invokers.MethodRunner.runInSequence(MethodRunner.java:63)\n\tat org.testng.internal.invokers.TestInvoker$MethodInvocationAgent.invoke(TestInvoker.java:995)\n\tat org.testng.internal.invokers.TestInvoker.invokeTestMethods(TestInvoker.java:203)\n\tat org.testng.internal.invokers.TestMethodWorker.invokeTestMethods(TestMethodWorker.java:154)\n\tat org.testng.internal.invokers.TestMethodWorker.run(TestMethodWorker.java:134)\n\tat java.base/java.util.concurrent.Executors$RunnableAdapter.call(Executors.java:572)\n\tat java.base/java.util.concurrent.FutureTask.run(FutureTask.java:317)\n\tat org.testng.internal.thread.graph.TestNGFutureTask.run(TestNGFutureTask.java:22)\n\tat java.base/java.util.concurrent.ThreadPoolExecutor.runWorker(ThreadPoolExecutor.java:1144)\n\tat java.base/java.util.concurrent.ThreadPoolExecutor$Worker.run(ThreadPoolExecutor.java:642)\n\tat java.base/java.lang.Thread.run(Thread.java:1583)\nCaused by: org.openqa.selenium.NoSuchElementException: no such element: Unable to locate element: {\"method\":\"css selector\",\"selector\":\"input[placeholder='Username']\"}\n  (Session info: chrome=143.0.7499.109)\nFor documentation on this error, please visit: https://www.selenium.dev/documentation/webdriver/troubleshooting/errors#nosuchelementexception\nBuild info: version: '4.37.0', revision: '3c1da1e342'\nSystem info: os.name: 'Linux', os.arch: 'amd64', os.version: '6.11.0-1018-azure', java.version: '21.0.9'\nDriver info: org.openqa.selenium.chrome.ChromeDriver\nCommand: [03ce21aa14aeeddaf76e4f754eed1a91, findElement {using=css selector, value=input[placeholder='Username']}]\nCapabilities {acceptInsecureCerts: false, browserName: chrome, browserVersion: 143.0.7499.109, chrome: {chromedriverVersion: 143.0.7499.169 (164b20aab62..., userDataDir: /tmp/.org.chromium.Chromium...}, fedcm:accounts: true, goog:chromeOptions: {debuggerAddress: localhost:37885}, goog:processID: 10816, networkConnectionEnabled: false, pageLoadStrategy: normal, platformName: linux, proxy: Proxy(), se:cdp: ws://localhost:37885/devtoo..., se:cdpVersion: 143.0.7499.109, setWindowRect: true, strictFileInteractability: false, timeouts: {implicit: 0, pageLoad: 300000, script: 30000}, unhandledPromptBehavior: dismiss and notify, webauthn:extension:credBlob: true, webauthn:extension:largeBlob: true, webauthn:extension:minPinLength: true, webauthn:extension:prf: true, webauthn:virtualAuthenticators: true}\nSession ID: 03ce21aa14aeeddaf76e4f754eed1a91\n\tat java.base/jdk.internal.reflect.DirectConstructorHandleAccessor.newInstance(DirectConstructorHandleAccessor.java:62)\n\tat java.base/java.lang.reflect.Constructor.newInstanceWithCaller(Constructor.java:502)\n\tat java.base/java.lang.reflect.Constructor.newInstance(Constructor.java:486)\n\tat org.openqa.selenium.remote.ErrorCodec.decode(ErrorCodec.java:167)\n\tat org.openqa.selenium.remote.codec.w3c.W3CHttpResponseCodec.decode(W3CHttpResponseCodec.java:138)\n\tat org.openqa.selenium.remote.codec.w3c.W3CHttpResponseCodec.decode(W3CHttpResponseCodec.java:50)\n\tat org.openqa.selenium.remote.HttpCommandExecutor.execute(HttpCommandExecutor.java:215)\n\tat org.openqa.selenium.remote.service.DriverCommandExecutor.invokeExecute(DriverCommandExecutor.java:216)\n\tat org.openqa.selenium.remote.service.DriverCommandExecutor.execute(DriverCommandExecutor.java:174)\n\tat org.openqa.selenium.remote.RemoteWebDriver.execute(RemoteWebDriver.java:557)\n\tat org.openqa.selenium.remote.ElementLocation$ElementFinder$2.findElement(ElementLocation.java:165)\n\tat org.openqa.selenium.remote.ElementLocation.findElement(ElementLocation.java:59)\n\tat org.openqa.selenium.remote.RemoteWebDriver.findElement(RemoteWebDriver.java:380)\n\tat org.openqa.selenium.remote.RemoteWebDriver.findElement(RemoteWebDriver.java:374)\n\tat project_orangehrm.Base.BasePage.lambda$typeText$0(BasePage.java:83)\n\tat org.openqa.selenium.support.ui.FluentWait.until(FluentWait.java:203)\n\t... 23 more\n","steps":[],"attachments":[],"parameters":[],"stepsCount":0,"shouldDisplayMessage":true,"attachmentsCount":0,"hasContent":true,"attachmentStep":false}],"afterStages":[{"name":"tearDown","time":{"start":1766763849967,"stop":1766763849967,"duration":0},"description":"","status":"broken","steps":[],"attachments":[],"parameters":[],"stepsCount":0,"shouldDisplayMessage":false,"attachmentsCount":0,"hasContent":false,"attachmentStep":false}],"labels":[{"name":"package","value":"project_orangehrm.Test.Performance_Configuration_Test"},{"name":"testClass","value":"project_orangehrm.Test.Performance_Configuration_Test"},{"name":"testMethod","value":"verifyKPI_Lifecycle_Success"},{"name":"parentSuite","value":"OrangeHRM_Strategic_Suite"},{"name":"suite","value":"Step5_Perf_Reviews"},{"name":"subSuite","value":"project_orangehrm.Test.Performance_Configuration_Test"},{"name":"host","value":"runnervmh13bl"},{"name":"thread","value":"2331@runnervmh13bl.TestNG-test-Step5_Perf_Reviews-1(467)"},{"name":"framework","value":"testng"},{"name":"language","value":"java"},{"name":"resultFormat","value":"allure2"}],"parameters":[{"name":"browser","value":"edge"}],"links":[],"hidden":false,"retry":false,"extra":{"severity":"normal","retries":[{"uid":"3d8e932c31fa2030","status":"skipped","statusDetails":"Expected condition failed: waiting for project_orangehrm.Base.BasePage$$Lambda/0x00007f8ca0346ae0@59898fa9 (tried for 10 second(s) with 300 milliseconds interval)","time":{"start":1766763841406,"stop":1766763841406,"duration":0}},{"uid":"4a0d3253ebd07841","status":"skipped","statusDetails":"Expected condition failed: waiting for project_orangehrm.Base.BasePage$$Lambda/0x00007f05643468a8@5a8cfe9c (tried for 10 second(s) with 300 milliseconds interval)","time":{"start":1766763838199,"stop":1766763838199,"duration":0}},{"uid":"c9a9c2590cab2efd","status":"skipped","statusDetails":"Expected condition failed: waiting for project_orangehrm.Base.BasePage$$Lambda/0x00007f7b283468a8@54d6ca2 (tried for 10 second(s) with 300 milliseconds interval)","time":{"start":1766763837623,"stop":1766763837623,"duration":0}},{"uid":"fd9a1c39a579a68e","status":"skipped","statusDetails":"Expected condition failed: waiting for project_orangehrm.Base.BasePage$$Lambda/0x00007f047c3491b0@3d371402 (tried for 10 second(s) with 300 milliseconds interval)","time":{"start":1766763823117,"stop":1766763823117,"duration":0}},{"uid":"fc9b95d846c8043d","status":"skipped","statusDetails":"Expected condition failed: waiting for project_orangehrm.Base.BasePage$$Lambda/0x00007fc4a83491b0@39d4c902 (tried for 10 second(s) with 300 milliseconds interval)","time":{"start":1766763353269,"stop":1766763353269,"duration":0}},{"uid":"152025e69841d155","status":"skipped","statusDetails":"Expected condition failed: waiting for project_orangehrm.Base.BasePage$$Lambda/0x00007f57e03491b0@47d01019 (tried for 10 second(s) with 300 milliseconds interval)","time":{"start":1766763343675,"stop":1766763343675,"duration":0}},{"uid":"d2b96907812b6e71","status":"skipped","statusDetails":"Expected condition failed: waiting for project_orangehrm.Base.BasePage$$Lambda/0x00007ff86c3491b0@78729c3 (tried for 10 second(s) with 300 milliseconds interval)","time":{"start":1766763338601,"stop":1766763338601,"duration":0}},{"uid":"88c2e2289645b28","status":"skipped","statusDetails":"Expected condition failed: waiting for project_orangehrm.Base.BasePage$$Lambda/0x00007f4a303491b0@21e6e67c (tried for 10 second(s) with 300 milliseconds interval)","time":{"start":1766763337712,"stop":1766763337712,"duration":0}},{"uid":"6395347dce482195","status":"skipped","statusDetails":"Expected condition failed: waiting for project_orangehrm.Base.BasePage$$Lambda/0x00007f4d003491b0@79cf97fa (tried for 10 second(s) with 300 milliseconds interval)","time":{"start":1766763336466,"stop":1766763336466,"duration":0}},{"uid":"575eeba2b4b949ee","status":"skipped","statusDetails":"Expected condition failed: waiting for project_orangehrm.Base.BasePage$$Lambda/0x00007f13b0346ae0@23af626b (tried for 10 second(s) with 300 milliseconds interval)","time":{"start":1766763326918,"stop":1766763326918,"duration":0}},{"uid":"d1209b8fc65b6f9e","status":"skipped","statusDetails":"Expected condition failed: waiting for project_orangehrm.Base.BasePage$$Lambda/0x00007fa3e8344bd0@26ed330f (tried for 10 second(s) with 300 milliseconds interval)","time":{"start":1766763324312,"stop":1766763324312,"duration":0}},{"uid":"aeaecc67e282f4b9","status":"skipped","statusDetails":"Expected condition failed: waiting for project_orangehrm.Base.BasePage$$Lambda/0x00007fa75c346ae0@2922e55e (tried for 10 second(s) with 300 milliseconds interval)","time":{"start":1766763322542,"stop":1766763322542,"duration":0}},{"uid":"6266e53dbaf39c49","status":"skipped","statusDetails":"Expected condition failed: waiting for project_orangehrm.Base.BasePage$$Lambda/0x00007f9aec3491b0@79cf97fa (tried for 10 second(s) with 300 milliseconds interval)","time":{"start":1766763318784,"stop":1766763318784,"duration":0}},{"uid":"fe7a39a5b233fb47","status":"skipped","statusDetails":"Expected condition failed: waiting for project_orangehrm.Base.BasePage$$Lambda/0x00007f2cd03468a8@bd9e1c1 (tried for 10 second(s) with 300 milliseconds interval)","time":{"start":1766763317597,"stop":1766763317597,"duration":0}},{"uid":"d0db7761ed640e8","status":"skipped","statusDetails":"Expected condition failed: waiting for project_orangehrm.Base.BasePage$$Lambda/0x00007f69143491b0@74d9749d (tried for 10 second(s) with 300 milliseconds interval)","time":{"start":1766762857028,"stop":1766762857029,"duration":1}}],"categories":[],"history":{"statistic":{"failed":6,"broken":0,"skipped":1,"passed":3,"unknown":0,"total":10},"items":[{"uid":"ad87fd3bf1bcb4e7","reportUrl":"https://m1mohammed1.github.io/orangeHRM/23/#testresult/ad87fd3bf1bcb4e7","status":"passed","time":{"start":1766761497929,"stop":1766761503922,"duration":5993}},{"uid":"9da905c0071e1c47","reportUrl":"https://m1mohammed1.github.io/orangeHRM/22/#testresult/9da905c0071e1c47","status":"passed","time":{"start":1766706836548,"stop":1766706842430,"duration":5882}},{"uid":"1495222acb8ffbef","reportUrl":"https://m1mohammed1.github.io/orangeHRM/17/#testresult/1495222acb8ffbef","status":"passed","time":{"start":1766696625187,"stop":1766696631048,"duration":5861}},{"uid":"4d1441933b806669","reportUrl":"https://m1mohammed1.github.io/orangeHRM/16/#testresult/4d1441933b806669","status":"failed","statusDetails":"Record not found: Zero Production Bugs | Locator: By.xpath: //div[@role='row']//div[normalize-space()='Zero Production Bugs']","time":{"start":1766630726432,"stop":1766630738933,"duration":12501}},{"uid":"1aa11d83a68d727f","reportUrl":"https://m1mohammed1.github.io/orangeHRM/15/#testresult/1aa11d83a68d727f","status":"failed","statusDetails":"Record not found: Zero Production Bugs | Locator: By.xpath: //div[@role='row']//div[normalize-space()='Zero Production Bugs']","time":{"start":1766622975510,"stop":1766622988242,"duration":12732}},{"uid":"1b87e0029ddb24d0","reportUrl":"https://m1mohammed1.github.io/orangeHRM/13/#testresult/1b87e0029ddb24d0","status":"failed","statusDetails":"Record not found: Zero Production Bugs | Locator: By.xpath: //div[@role='row']//div[normalize-space()='Zero Production Bugs']","time":{"start":1766619302826,"stop":1766619315315,"duration":12489}},{"uid":"99aa31772027fc30","reportUrl":"https://m1mohammed1.github.io/orangeHRM/11/#testresult/99aa31772027fc30","status":"failed","statusDetails":"Record not found: Zero Production Bugs | Locator: By.xpath: //div[@role='row']//div[normalize-space()='Zero Production Bugs']","time":{"start":1766606422565,"stop":1766606435142,"duration":12577}},{"uid":"fd06ce4f92ad2e65","reportUrl":"https://m1mohammed1.github.io/orangeHRM/10/#testresult/fd06ce4f92ad2e65","status":"failed","statusDetails":"Record not found: Zero Production Bugs | Locator: By.xpath: //div[@role='row']//div[normalize-space()='Zero Production Bugs']","time":{"start":1766598319339,"stop":1766598332312,"duration":12973}},{"uid":"e9e3612c891e02f9","reportUrl":"https://m1mohammed1.github.io/orangeHRM/9/#testresult/e9e3612c891e02f9","status":"failed","statusDetails":"Record not found: Zero Production Bugs | Locator: By.xpath: //div[@role='row']//div[normalize-space()='Zero Production Bugs']","time":{"start":1766596560152,"stop":1766596585108,"duration":24956}}]},"tags":[]},"source":"f534e94c37626ee7.json","parameterValues":["edge"]}