{"uid":"3ea9f8389e9b4027","name":"TC01 - Verify Customer Add","fullName":"project_orangehrm.Test.Time_ProjectInfo_Test.verifyCustomer_Add_Success","historyId":"8c3d71657ec14892e014753a514baa2","time":{"start":1767370857991,"stop":1767370880950,"duration":22959},"status":"failed","statusMessage":"Record not found: Auto Test Customer | Locator: By.xpath: //div[@role='row']//div[normalize-space()='Auto Test Customer']","statusTrace":"java.lang.AssertionError: Record not found: Auto Test Customer | Locator: By.xpath: //div[@role='row']//div[normalize-space()='Auto Test Customer']\n\tat org.testng.Assert.fail(Assert.java:111)\n\tat project_orangehrm.Base.BasePage.assertVisible(BasePage.java:46)\n\tat project_orangehrm.Pages.CommonPage.verifyRecordVisible(CommonPage.java:316)\n\tat project_orangehrm.Pages.TimePage.verifyRecordExists(TimePage.java:150)\n\tat project_orangehrm.Test.Time_ProjectInfo_Test.verifyCustomer_Add_Success(Time_ProjectInfo_Test.java:42)\n\tat java.base/jdk.internal.reflect.DirectMethodHandleAccessor.invoke(DirectMethodHandleAccessor.java:103)\n\tat java.base/java.lang.reflect.Method.invoke(Method.java:580)\n\tat org.testng.internal.invokers.MethodInvocationHelper.invokeMethod(MethodInvocationHelper.java:141)\n\tat org.testng.internal.invokers.TestInvoker.invokeMethod(TestInvoker.java:687)\n\tat org.testng.internal.invokers.TestInvoker.invokeTestMethod(TestInvoker.java:230)\n\tat org.testng.internal.invokers.MethodRunner.runInSequence(MethodRunner.java:63)\n\tat org.testng.internal.invokers.TestInvoker$MethodInvocationAgent.invoke(TestInvoker.java:995)\n\tat org.testng.internal.invokers.TestInvoker.invokeTestMethods(TestInvoker.java:203)\n\tat org.testng.internal.invokers.TestMethodWorker.invokeTestMethods(TestMethodWorker.java:154)\n\tat org.testng.internal.invokers.TestMethodWorker.run(TestMethodWorker.java:134)\n\tat java.base/java.util.ArrayList.forEach(ArrayList.java:1596)\n\tat org.testng.TestRunner.privateRun(TestRunner.java:741)\n\tat org.testng.TestRunner.run(TestRunner.java:616)\n\tat org.testng.SuiteRunner.runTest(SuiteRunner.java:421)\n\tat org.testng.SuiteRunner.runSequentially(SuiteRunner.java:413)\n\tat org.testng.SuiteRunner.privateRun(SuiteRunner.java:373)\n\tat org.testng.SuiteRunner.run(SuiteRunner.java:312)\n\tat org.testng.SuiteRunnerWorker.runSuite(SuiteRunnerWorker.java:52)\n\tat org.testng.SuiteRunnerWorker.run(SuiteRunnerWorker.java:95)\n\tat org.testng.TestNG.runSuitesSequentially(TestNG.java:1274)\n\tat org.testng.TestNG.runSuitesLocally(TestNG.java:1208)\n\tat org.testng.TestNG.runSuites(TestNG.java:1112)\n\tat org.testng.TestNG.run(TestNG.java:1079)\n\tat org.apache.maven.surefire.testng.TestNGExecutor.run(TestNGExecutor.java:308)\n\tat org.apache.maven.surefire.testng.TestNGXmlTestSuite.execute(TestNGXmlTestSuite.java:71)\n\tat org.apache.maven.surefire.testng.TestNGProvider.invoke(TestNGProvider.java:113)\n\tat org.apache.maven.surefire.booter.ForkedBooter.runSuitesInProcess(ForkedBooter.java:385)\n\tat org.apache.maven.surefire.booter.ForkedBooter.execute(ForkedBooter.java:162)\n\tat org.apache.maven.surefire.booter.ForkedBooter.run(ForkedBooter.java:507)\n\tat org.apache.maven.surefire.booter.ForkedBooter.main(ForkedBooter.java:495)\n","flaky":true,"newFailed":true,"newBroken":false,"newPassed":false,"retriesCount":0,"retriesStatusChange":false,"beforeStages":[{"name":"setUp","time":{"start":1767370852907,"stop":1767370854077,"duration":1170},"description":"","status":"passed","steps":[],"attachments":[],"parameters":[],"stepsCount":0,"shouldDisplayMessage":false,"attachmentsCount":0,"hasContent":false,"attachmentStep":false},{"name":"setup","time":{"start":1767370854078,"stop":1767370857989,"duration":3911},"description":"","status":"passed","steps":[],"attachments":[],"parameters":[],"stepsCount":0,"shouldDisplayMessage":false,"attachmentsCount":0,"hasContent":false,"attachmentStep":false}],"testStage":{"status":"failed","statusMessage":"Record not found: Auto Test Customer | Locator: By.xpath: //div[@role='row']//div[normalize-space()='Auto Test Customer']","statusTrace":"java.lang.AssertionError: Record not found: Auto Test Customer | Locator: By.xpath: //div[@role='row']//div[normalize-space()='Auto Test Customer']\n\tat org.testng.Assert.fail(Assert.java:111)\n\tat project_orangehrm.Base.BasePage.assertVisible(BasePage.java:46)\n\tat project_orangehrm.Pages.CommonPage.verifyRecordVisible(CommonPage.java:316)\n\tat project_orangehrm.Pages.TimePage.verifyRecordExists(TimePage.java:150)\n\tat project_orangehrm.Test.Time_ProjectInfo_Test.verifyCustomer_Add_Success(Time_ProjectInfo_Test.java:42)\n\tat java.base/jdk.internal.reflect.DirectMethodHandleAccessor.invoke(DirectMethodHandleAccessor.java:103)\n\tat java.base/java.lang.reflect.Method.invoke(Method.java:580)\n\tat org.testng.internal.invokers.MethodInvocationHelper.invokeMethod(MethodInvocationHelper.java:141)\n\tat org.testng.internal.invokers.TestInvoker.invokeMethod(TestInvoker.java:687)\n\tat org.testng.internal.invokers.TestInvoker.invokeTestMethod(TestInvoker.java:230)\n\tat org.testng.internal.invokers.MethodRunner.runInSequence(MethodRunner.java:63)\n\tat org.testng.internal.invokers.TestInvoker$MethodInvocationAgent.invoke(TestInvoker.java:995)\n\tat org.testng.internal.invokers.TestInvoker.invokeTestMethods(TestInvoker.java:203)\n\tat org.testng.internal.invokers.TestMethodWorker.invokeTestMethods(TestMethodWorker.java:154)\n\tat org.testng.internal.invokers.TestMethodWorker.run(TestMethodWorker.java:134)\n\tat java.base/java.util.ArrayList.forEach(ArrayList.java:1596)\n\tat org.testng.TestRunner.privateRun(TestRunner.java:741)\n\tat org.testng.TestRunner.run(TestRunner.java:616)\n\tat org.testng.SuiteRunner.runTest(SuiteRunner.java:421)\n\tat org.testng.SuiteRunner.runSequentially(SuiteRunner.java:413)\n\tat org.testng.SuiteRunner.privateRun(SuiteRunner.java:373)\n\tat org.testng.SuiteRunner.run(SuiteRunner.java:312)\n\tat org.testng.SuiteRunnerWorker.runSuite(SuiteRunnerWorker.java:52)\n\tat org.testng.SuiteRunnerWorker.run(SuiteRunnerWorker.java:95)\n\tat org.testng.TestNG.runSuitesSequentially(TestNG.java:1274)\n\tat org.testng.TestNG.runSuitesLocally(TestNG.java:1208)\n\tat org.testng.TestNG.runSuites(TestNG.java:1112)\n\tat org.testng.TestNG.run(TestNG.java:1079)\n\tat org.apache.maven.surefire.testng.TestNGExecutor.run(TestNGExecutor.java:308)\n\tat org.apache.maven.surefire.testng.TestNGXmlTestSuite.execute(TestNGXmlTestSuite.java:71)\n\tat org.apache.maven.surefire.testng.TestNGProvider.invoke(TestNGProvider.java:113)\n\tat org.apache.maven.surefire.booter.ForkedBooter.runSuitesInProcess(ForkedBooter.java:385)\n\tat org.apache.maven.surefire.booter.ForkedBooter.execute(ForkedBooter.java:162)\n\tat org.apache.maven.surefire.booter.ForkedBooter.run(ForkedBooter.java:507)\n\tat org.apache.maven.surefire.booter.ForkedBooter.main(ForkedBooter.java:495)\n","steps":[],"attachments":[{"name":"SoftAssert_Failed - 2026-01-02T16:21:10.843648382","type":"image/png","size":0}],"parameters":[],"stepsCount":0,"shouldDisplayMessage":true,"attachmentsCount":1,"hasContent":true,"attachmentStep":false},"afterStages":[{"name":"tearDown","time":{"start":1767370880952,"stop":1767370881098,"duration":146},"description":"","status":"passed","steps":[],"attachments":[{"name":"Screenshot Failure - verifyCustomer_Add_Success","type":"image/png","size":0}],"parameters":[],"stepsCount":0,"shouldDisplayMessage":false,"attachmentsCount":1,"hasContent":true,"attachmentStep":false}],"labels":[{"name":"package","value":"project_orangehrm.Test.Time_ProjectInfo_Test"},{"name":"testClass","value":"project_orangehrm.Test.Time_ProjectInfo_Test"},{"name":"testMethod","value":"verifyCustomer_Add_Success"},{"name":"parentSuite","value":"Foundation_Suite"},{"name":"suite","value":"Foundation_Data_Seeding"},{"name":"subSuite","value":"project_orangehrm.Test.Time_ProjectInfo_Test"},{"name":"host","value":"runnervmh13bl"},{"name":"thread","value":"2600@runnervmh13bl.main(1)"},{"name":"framework","value":"testng"},{"name":"language","value":"java"},{"name":"resultFormat","value":"allure2"}],"parameters":[{"name":"browser","value":"chrome"}],"links":[],"hidden":false,"retry":false,"extra":{"severity":"normal","retries":[],"categories":[{"name":"Product defects","matchedStatuses":[],"flaky":false}],"history":{"statistic":{"failed":17,"broken":0,"skipped":0,"passed":7,"unknown":0,"total":24},"items":[{"uid":"14372757ec71b934","reportUrl":"https://m1mohammed1.github.io/orangeHRM/86/#testresult/14372757ec71b934","status":"passed","time":{"start":1767305501621,"stop":1767305509639,"duration":8018}},{"uid":"1f4efd69733a39e","reportUrl":"https://m1mohammed1.github.io/orangeHRM/85/#testresult/1f4efd69733a39e","status":"failed","statusDetails":"Record not found: Auto Test Customer | Locator: By.xpath: //div[@role='row']//div[normalize-space()='Auto Test Customer']","time":{"start":1767304110968,"stop":1767304134083,"duration":23115}},{"uid":"30b600d3f9a449f3","reportUrl":"https://m1mohammed1.github.io/orangeHRM/84/#testresult/30b600d3f9a449f3","status":"passed","time":{"start":1767302720981,"stop":1767302728542,"duration":7561}},{"uid":"5985f5ed7e942fb2","reportUrl":"https://m1mohammed1.github.io/orangeHRM/83/#testresult/5985f5ed7e942fb2","status":"failed","statusDetails":"Record not found: Auto Test Customer | Locator: By.xpath: //div[@role='row']//div[normalize-space()='Auto Test Customer']","time":{"start":1767295659729,"stop":1767295683066,"duration":23337}},{"uid":"499c988c8fe70803","reportUrl":"https://m1mohammed1.github.io/orangeHRM/82/#testresult/499c988c8fe70803","status":"passed","time":{"start":1767291896196,"stop":1767291904073,"duration":7877}},{"uid":"53fc987cd68cb8d4","reportUrl":"https://m1mohammed1.github.io/orangeHRM/80/#testresult/53fc987cd68cb8d4","status":"passed","time":{"start":1767219918184,"stop":1767219923614,"duration":5430}},{"uid":"2ab4aad1dcf0e8ce","reportUrl":"https://m1mohammed1.github.io/orangeHRM/79/#testresult/2ab4aad1dcf0e8ce","status":"passed","time":{"start":1767132512680,"stop":1767132517889,"duration":5209}},{"uid":"4ffb6761f6d8d31","reportUrl":"https://m1mohammed1.github.io/orangeHRM/78/#testresult/4ffb6761f6d8d31","status":"passed","time":{"start":1767112015646,"stop":1767112020945,"duration":5299}},{"uid":"9302bf73e54e9c39","reportUrl":"https://m1mohammed1.github.io/orangeHRM/77/#testresult/9302bf73e54e9c39","status":"failed","statusDetails":"Record not found: Auto Test Customer | Locator: By.xpath: //div[@role='row']//div[normalize-space()='Auto Test Customer']","time":{"start":1767051818554,"stop":1767051840501,"duration":21947}},{"uid":"1d909120f372b12","reportUrl":"https://m1mohammed1.github.io/orangeHRM/76/#testresult/1d909120f372b12","status":"passed","time":{"start":1767050707849,"stop":1767050713591,"duration":5742}},{"uid":"9a4a1af067a757a","reportUrl":"https://m1mohammed1.github.io/orangeHRM/69/#testresult/9a4a1af067a757a","status":"failed","statusDetails":"Record not found: Auto Test Customer | Locator: By.xpath: //div[@role='row']//div[normalize-space()='Auto Test Customer']","time":{"start":1767044379502,"stop":1767044401253,"duration":21751}},{"uid":"c7c54ebe5d173fa5","reportUrl":"https://m1mohammed1.github.io/orangeHRM/66/#testresult/c7c54ebe5d173fa5","status":"failed","statusDetails":"Record not found: Auto Test Customer | Locator: By.xpath: //div[@role='row']//div[normalize-space()='Auto Test Customer']","time":{"start":1767040328183,"stop":1767040350117,"duration":21934}},{"uid":"35787a6b60607f94","reportUrl":"https://m1mohammed1.github.io/orangeHRM/65/#testresult/35787a6b60607f94","status":"failed","statusDetails":"Record not found: Auto Test Customer | Locator: By.xpath: //div[@role='row']//div[normalize-space()='Auto Test Customer']","time":{"start":1767036866519,"stop":1767036888406,"duration":21887}},{"uid":"397fb44cf0011da4","reportUrl":"https://m1mohammed1.github.io/orangeHRM/64/#testresult/397fb44cf0011da4","status":"failed","statusDetails":"Record not found: Auto Test Customer | Locator: By.xpath: //div[@role='row']//div[normalize-space()='Auto Test Customer']","time":{"start":1767031534466,"stop":1767031556339,"duration":21873}},{"uid":"34205a32df78f52","reportUrl":"https://m1mohammed1.github.io/orangeHRM/63/#testresult/34205a32df78f52","status":"failed","statusDetails":"Record not found: Auto Test Customer | Locator: By.xpath: //div[@role='row']//div[normalize-space()='Auto Test Customer']","time":{"start":1767023013618,"stop":1767023035616,"duration":21998}},{"uid":"a7dd241dd05b7fc1","reportUrl":"https://m1mohammed1.github.io/orangeHRM/62/#testresult/a7dd241dd05b7fc1","status":"failed","statusDetails":"Record not found: Auto Test Customer | Locator: By.xpath: //div[@role='row']//div[normalize-space()='Auto Test Customer']","time":{"start":1767020419164,"stop":1767020441220,"duration":22056}},{"uid":"4a7ecf926042f21a","reportUrl":"https://m1mohammed1.github.io/orangeHRM/61/#testresult/4a7ecf926042f21a","status":"failed","statusDetails":"Record not found: Auto Test Customer | Locator: By.xpath: //div[@role='row']//div[normalize-space()='Auto Test Customer']","time":{"start":1767018223718,"stop":1767018245591,"duration":21873}},{"uid":"a957a327787431e2","reportUrl":"https://m1mohammed1.github.io/orangeHRM/60/#testresult/a957a327787431e2","status":"failed","statusDetails":"Record not found: Auto Test Customer | Locator: By.xpath: //div[@role='row']//div[normalize-space()='Auto Test Customer']","time":{"start":1766961615012,"stop":1766961636842,"duration":21830}},{"uid":"9467fc2f38af9025","reportUrl":"https://m1mohammed1.github.io/orangeHRM/59/#testresult/9467fc2f38af9025","status":"failed","statusDetails":"Record not found: Auto Test Customer | Locator: By.xpath: //div[@role='row']//div[normalize-space()='Auto Test Customer']","time":{"start":1766957703931,"stop":1766957726006,"duration":22075}},{"uid":"61fcd02e5366fe44","reportUrl":"https://m1mohammed1.github.io/orangeHRM/58/#testresult/61fcd02e5366fe44","status":"failed","statusDetails":"Record not found: Auto Test Customer | Locator: By.xpath: //div[@role='row']//div[normalize-space()='Auto Test Customer']","time":{"start":1766955114228,"stop":1766955136342,"duration":22114}}]},"tags":[]},"source":"3ea9f8389e9b4027.json","parameterValues":["chrome"]}