{"uid":"69a0cf84a1d1d4f5","name":"TC05 - Verify My Reviews Filter by From Date","fullName":"project_orangehrm.Test.Performance_MyReviews_Test.verifyMyReviews_FilterByFromDate_Success","historyId":"6e74f065d720624c8b93feb81f8f2285","time":{"start":1767371229088,"stop":1767371243090,"duration":14002},"status":"broken","statusMessage":"Expected condition failed: waiting for project_orangehrm.Base.BasePage$$Lambda/0x00007f6b2035dce0@bd4ee01 (tried for 10 second(s) with 300 milliseconds interval)","statusTrace":"org.openqa.selenium.TimeoutException: Expected condition failed: waiting for project_orangehrm.Base.BasePage$$Lambda/0x00007f6b2035dce0@bd4ee01 (tried for 10 second(s) with 300 milliseconds interval)\n\tat org.openqa.selenium.support.ui.FluentWait.timeoutException(FluentWait.java:265)\n\tat org.openqa.selenium.support.ui.FluentWait.until(FluentWait.java:228)\n\tat project_orangehrm.Base.BasePage.typeText(BasePage.java:82)\n\tat project_orangehrm.Pages.CommonPage.type(CommonPage.java:369)\n\tat project_orangehrm.Pages.CommonPage.typeInField(CommonPage.java:85)\n\tat project_orangehrm.Pages.PerformancePage.selectDate(PerformancePage.java:116)\n\tat project_orangehrm.Test.Performance_MyReviews_Test.verifyMyReviews_FilterByFromDate_Success(Performance_MyReviews_Test.java:85)\n\tat java.base/jdk.internal.reflect.DirectMethodHandleAccessor.invoke(DirectMethodHandleAccessor.java:103)\n\tat java.base/java.lang.reflect.Method.invoke(Method.java:580)\n\tat org.testng.internal.invokers.MethodInvocationHelper.invokeMethod(MethodInvocationHelper.java:141)\n\tat org.testng.internal.invokers.TestInvoker.invokeMethod(TestInvoker.java:687)\n\tat org.testng.internal.invokers.TestInvoker.invokeTestMethod(TestInvoker.java:230)\n\tat org.testng.internal.invokers.MethodRunner.runInSequence(MethodRunner.java:63)\n\tat org.testng.internal.invokers.TestInvoker$MethodInvocationAgent.invoke(TestInvoker.java:995)\n\tat org.testng.internal.invokers.TestInvoker.invokeTestMethods(TestInvoker.java:203)\n\tat org.testng.internal.invokers.TestMethodWorker.invokeTestMethods(TestMethodWorker.java:154)\n\tat org.testng.internal.invokers.TestMethodWorker.run(TestMethodWorker.java:134)\n\tat java.base/java.util.ArrayList.forEach(ArrayList.java:1596)\n\tat org.testng.TestRunner.privateRun(TestRunner.java:741)\n\tat org.testng.TestRunner.run(TestRunner.java:616)\n\tat org.testng.SuiteRunner.runTest(SuiteRunner.java:421)\n\tat org.testng.SuiteRunner.runSequentially(SuiteRunner.java:413)\n\tat org.testng.SuiteRunner.privateRun(SuiteRunner.java:373)\n\tat org.testng.SuiteRunner.run(SuiteRunner.java:312)\n\tat org.testng.SuiteRunnerWorker.runSuite(SuiteRunnerWorker.java:52)\n\tat org.testng.SuiteRunnerWorker.run(SuiteRunnerWorker.java:95)\n\tat org.testng.TestNG.runSuitesSequentially(TestNG.java:1274)\n\tat org.testng.TestNG.runSuitesLocally(TestNG.java:1208)\n\tat org.testng.TestNG.runSuites(TestNG.java:1112)\n\tat org.testng.TestNG.run(TestNG.java:1079)\n\tat org.apache.maven.surefire.testng.TestNGExecutor.run(TestNGExecutor.java:155)\n\tat org.apache.maven.surefire.testng.TestNGDirectoryTestSuite.executeSingleClass(TestNGDirectoryTestSuite.java:102)\n\tat org.apache.maven.surefire.testng.TestNGDirectoryTestSuite.execute(TestNGDirectoryTestSuite.java:91)\n\tat org.apache.maven.surefire.testng.TestNGProvider.invoke(TestNGProvider.java:137)\n\tat org.apache.maven.surefire.booter.ForkedBooter.runSuitesInProcess(ForkedBooter.java:385)\n\tat org.apache.maven.surefire.booter.ForkedBooter.execute(ForkedBooter.java:162)\n\tat org.apache.maven.surefire.booter.ForkedBooter.run(ForkedBooter.java:507)\n\tat org.apache.maven.surefire.booter.ForkedBooter.main(ForkedBooter.java:495)\nCaused by: org.openqa.selenium.NoSuchElementException: no such element: Unable to locate element: {\"method\":\"xpath\",\"selector\":\"//label[normalize-space()='From Date']/../following-sibling::div//input\"}\n  (Session info: chrome=143.0.7499.109)\nFor documentation on this error, please visit: https://www.selenium.dev/documentation/webdriver/troubleshooting/errors#nosuchelementexception\nBuild info: version: '4.39.0', revision: '126f156aee'\nSystem info: os.name: 'Linux', os.arch: 'amd64', os.version: '6.11.0-1018-azure', java.version: '21.0.9'\nDriver info: org.openqa.selenium.chrome.ChromeDriver\nCommand: [6456e4863aac05e07c212717af3e81ef, findElement {value=//label[normalize-space()='From Date']/../following-sibling::div//input, using=xpath}]\nCapabilities {acceptInsecureCerts: false, browserName: chrome, browserVersion: 143.0.7499.109, chrome: {chromedriverVersion: 143.0.7499.42 (24bdc8c48a0c..., userDataDir: /tmp/.org.chromium.Chromium...}, fedcm:accounts: true, goog:chromeOptions: {debuggerAddress: localhost:43735}, goog:processID: 3712, networkConnectionEnabled: false, pageLoadStrategy: normal, platformName: linux, proxy: Proxy(), se:cdp: ws://localhost:43735/devtoo..., se:cdpVersion: 143.0.7499.109, setWindowRect: true, strictFileInteractability: false, timeouts: {implicit: 0, pageLoad: 300000, script: 30000}, unhandledPromptBehavior: dismiss and notify, webauthn:extension:credBlob: true, webauthn:extension:largeBlob: true, webauthn:extension:minPinLength: true, webauthn:extension:prf: true, webauthn:virtualAuthenticators: true}\nSession ID: 6456e4863aac05e07c212717af3e81ef\n\tat java.base/jdk.internal.reflect.DirectConstructorHandleAccessor.newInstance(DirectConstructorHandleAccessor.java:62)\n\tat java.base/java.lang.reflect.Constructor.newInstanceWithCaller(Constructor.java:502)\n\tat java.base/java.lang.reflect.Constructor.newInstance(Constructor.java:486)\n\tat org.openqa.selenium.remote.ErrorCodec.decode(ErrorCodec.java:167)\n\tat org.openqa.selenium.remote.codec.w3c.W3CHttpResponseCodec.decode(W3CHttpResponseCodec.java:142)\n\tat org.openqa.selenium.remote.codec.w3c.W3CHttpResponseCodec.decode(W3CHttpResponseCodec.java:49)\n\tat org.openqa.selenium.remote.HttpCommandExecutor.execute(HttpCommandExecutor.java:215)\n\tat org.openqa.selenium.remote.service.DriverCommandExecutor.invokeExecute(DriverCommandExecutor.java:216)\n\tat org.openqa.selenium.remote.service.DriverCommandExecutor.execute(DriverCommandExecutor.java:174)\n\tat org.openqa.selenium.remote.RemoteWebDriver.execute(RemoteWebDriver.java:561)\n\tat org.openqa.selenium.remote.ElementLocation$ElementFinder$2.findElement(ElementLocation.java:166)\n\tat org.openqa.selenium.remote.ElementLocation.findElement(ElementLocation.java:60)\n\tat org.openqa.selenium.remote.RemoteWebDriver.findElement(RemoteWebDriver.java:384)\n\tat org.openqa.selenium.remote.RemoteWebDriver.findElement(RemoteWebDriver.java:378)\n\tat project_orangehrm.Base.BasePage.lambda$typeText$0(BasePage.java:83)\n\tat org.openqa.selenium.support.ui.FluentWait.until(FluentWait.java:203)\n\t... 36 more\n","flaky":false,"newFailed":false,"newBroken":false,"newPassed":false,"retriesCount":0,"retriesStatusChange":false,"beforeStages":[{"name":"setUp","time":{"start":1767371209329,"stop":1767371213395,"duration":4066},"description":"","status":"passed","steps":[],"attachments":[],"parameters":[],"stepsCount":0,"shouldDisplayMessage":false,"attachmentsCount":0,"hasContent":false,"attachmentStep":false},{"name":"setup","time":{"start":1767371213396,"stop":1767371229086,"duration":15690},"description":"","status":"passed","steps":[],"attachments":[],"parameters":[],"stepsCount":0,"shouldDisplayMessage":false,"attachmentsCount":0,"hasContent":false,"attachmentStep":false}],"afterStages":[{"name":"tearDown","time":{"start":1767371243092,"stop":1767371243240,"duration":148},"description":"","status":"passed","steps":[],"attachments":[{"name":"Screenshot Failure - verifyMyReviews_FilterByFromDate_Success","type":"image/png","size":0}],"parameters":[],"stepsCount":0,"shouldDisplayMessage":false,"attachmentsCount":1,"hasContent":true,"attachmentStep":false}],"labels":[{"name":"package","value":"project_orangehrm.Test.Performance_MyReviews_Test"},{"name":"testClass","value":"project_orangehrm.Test.Performance_MyReviews_Test"},{"name":"testMethod","value":"verifyMyReviews_FilterByFromDate_Success"},{"name":"parentSuite","value":"Surefire suite"},{"name":"suite","value":"Surefire test"},{"name":"subSuite","value":"project_orangehrm.Test.Performance_MyReviews_Test"},{"name":"host","value":"runnervmh13bl"},{"name":"thread","value":"2570@runnervmh13bl.main(1)"},{"name":"framework","value":"testng"},{"name":"language","value":"java"},{"name":"resultFormat","value":"allure2"}],"parameters":[],"links":[],"hidden":false,"retry":false,"extra":{"severity":"normal","retries":[],"categories":[{"name":"Test defects","matchedStatuses":[],"flaky":false}],"history":{"statistic":{"failed":0,"broken":26,"skipped":4,"passed":0,"unknown":0,"total":30},"items":[{"uid":"bffd62f313b206ce","reportUrl":"https://m1mohammed1.github.io/orangeHRM/86/#testresult/bffd62f313b206ce","status":"broken","statusDetails":"Expected condition failed: waiting for project_orangehrm.Base.BasePage$$Lambda/0x00007f39e835dce0@40f1aa95 (tried for 10 second(s) with 300 milliseconds interval)","time":{"start":1767305836229,"stop":1767305857243,"duration":21014}},{"uid":"9fe9c8a5b0bb58f8","reportUrl":"https://m1mohammed1.github.io/orangeHRM/85/#testresult/9fe9c8a5b0bb58f8","status":"skipped","statusDetails":"Expected condition failed: waiting for element to be clickable: By.xpath: //a[contains(@class,'oxd-main-menu-item')]/span[text()='Performance'] (tried for 10 second(s) with 300 milliseconds interval)\nBuild info: version: '4.39.0', revision: '126f156aee'\nSystem info: os.name: 'Linux', os.arch: 'amd64', os.version: '6.11.0-1018-azure', java.version: '21.0.9'\nDriver info: driver.version: unknown","time":{"start":1767304420904,"stop":1767304420904,"duration":0}},{"uid":"6d8bee800afd902a","reportUrl":"https://m1mohammed1.github.io/orangeHRM/84/#testresult/6d8bee800afd902a","status":"broken","statusDetails":"Expected condition failed: waiting for project_orangehrm.Base.BasePage$$Lambda/0x00007f11e435dce0@4efb13f1 (tried for 10 second(s) with 300 milliseconds interval)","time":{"start":1767303060149,"stop":1767303075882,"duration":15733}},{"uid":"785f8f7e6fadbe14","reportUrl":"https://m1mohammed1.github.io/orangeHRM/83/#testresult/785f8f7e6fadbe14","status":"skipped","statusDetails":"Expected condition failed: waiting for element to be clickable: By.xpath: //a[contains(@class,'oxd-main-menu-item')]/span[text()='Performance'] (tried for 10 second(s) with 300 milliseconds interval)\nBuild info: version: '4.39.0', revision: '126f156aee'\nSystem info: os.name: 'Linux', os.arch: 'amd64', os.version: '6.11.0-1018-azure', java.version: '21.0.9'\nDriver info: driver.version: unknown","time":{"start":1767295954094,"stop":1767295954095,"duration":1}},{"uid":"c2e2bad66ceaccbb","reportUrl":"https://m1mohammed1.github.io/orangeHRM/82/#testresult/c2e2bad66ceaccbb","status":"broken","statusDetails":"Expected condition failed: waiting for project_orangehrm.Base.BasePage$$Lambda/0x00007ff3fc35dce0@adafe19 (tried for 10 second(s) with 300 milliseconds interval)","time":{"start":1767292264358,"stop":1767292288512,"duration":24154}},{"uid":"f149b2091953dc19","reportUrl":"https://m1mohammed1.github.io/orangeHRM/81/#testresult/f149b2091953dc19","status":"skipped","statusDetails":"Expected condition failed: waiting for element to be clickable: By.xpath: //a[contains(@class,'oxd-main-menu-item')]/span[text()='Performance'] (tried for 10 second(s) with 300 milliseconds interval)\nBuild info: version: '4.39.0', revision: '126f156aee'\nSystem info: os.name: 'Linux', os.arch: 'amd64', os.version: '6.11.0-1018-azure', java.version: '21.0.9'\nDriver info: driver.version: unknown","time":{"start":1767290436209,"stop":1767290436210,"duration":1}},{"uid":"c82a2d9024f5d51f","reportUrl":"https://m1mohammed1.github.io/orangeHRM/80/#testresult/c82a2d9024f5d51f","status":"broken","statusDetails":"Expected condition failed: waiting for project_orangehrm.Base.BasePage$$Lambda/0x00007feed435dce0@11148dc2 (tried for 10 second(s) with 300 milliseconds interval)","time":{"start":1767220157869,"stop":1767220168775,"duration":10906}},{"uid":"88fc3b0590381104","reportUrl":"https://m1mohammed1.github.io/orangeHRM/79/#testresult/88fc3b0590381104","status":"broken","statusDetails":"Expected condition failed: waiting for project_orangehrm.Base.BasePage$$Lambda/0x00007fefbc35dce0@6aad919c (tried for 10 second(s) with 300 milliseconds interval)","time":{"start":1767132671829,"stop":1767132684515,"duration":12686}},{"uid":"133d82a30407ae15","reportUrl":"https://m1mohammed1.github.io/orangeHRM/78/#testresult/133d82a30407ae15","status":"broken","statusDetails":"Expected condition failed: waiting for project_orangehrm.Base.BasePage$$Lambda/0x00007f15f035dce0@17884d (tried for 10 second(s) with 300 milliseconds interval)","time":{"start":1767112186057,"stop":1767112200462,"duration":14405}},{"uid":"a5e351f84b878682","reportUrl":"https://m1mohammed1.github.io/orangeHRM/77/#testresult/a5e351f84b878682","status":"broken","statusDetails":"Expected condition failed: waiting for project_orangehrm.Base.BasePage$$Lambda/0x00007f9a9035dce0@41e8d917 (tried for 10 second(s) with 300 milliseconds interval)","time":{"start":1767052039825,"stop":1767052052843,"duration":13018}},{"uid":"a6969403de40682e","reportUrl":"https://m1mohammed1.github.io/orangeHRM/69/#testresult/a6969403de40682e","status":"broken","statusDetails":"Expected condition failed: waiting for project_orangehrm.Base.BasePage$$Lambda/0x00007f437035faf8@41e8d917 (tried for 10 second(s) with 300 milliseconds interval)","time":{"start":1767044646386,"stop":1767044658935,"duration":12549}},{"uid":"42ab8c48b2f0b1e7","reportUrl":"https://m1mohammed1.github.io/orangeHRM/66/#testresult/42ab8c48b2f0b1e7","status":"skipped","statusDetails":"java.util.concurrent.TimeoutException\nBuild info: version: '4.39.0', revision: '126f156aee'\nSystem info: os.name: 'Linux', os.arch: 'amd64', os.version: '6.11.0-1018-azure', java.version: '21.0.9'\nDriver info: org.openqa.selenium.edge.EdgeDriver\nCommand: [6228cc3079349526ba4170deca9a19e6, get {url=https://opensource-demo.orangehrmlive.com/}]\nCapabilities {acceptInsecureCerts: false, browserName: MicrosoftEdge, browserVersion: 143.0.3650.80, fedcm:accounts: true, goog:processID: 2711, ms:edgeOptions: {debuggerAddress: localhost:43491}, msedge: {msedgedriverVersion: 143.0.3650.80 (788579717f68..., userDataDir: /tmp/.com.microsoft.Edge.sc...}, networkConnectionEnabled: false, pageLoadStrategy: normal, platformName: linux, proxy: Proxy(), se:cdp: ws://localhost:43491/devtoo..., se:cdpVersion: 143.0.3650.80, setWindowRect: true, strictFileInteractability: false, timeouts: {implicit: 0, pageLoad: 300000, script: 30000}, unhandledPromptBehavior: dismiss and notify, webauthn:extension:credBlob: true, webauthn:extension:largeBlob: true, webauthn:extension:minPinLength: true, webauthn:extension:prf: true, webauthn:virtualAuthenticators: true}\nSession ID: 6228cc3079349526ba4170deca9a19e6","time":{"start":1767040851685,"stop":1767040851686,"duration":1}},{"uid":"ddffb082b7b74f5e","reportUrl":"https://m1mohammed1.github.io/orangeHRM/65/#testresult/ddffb082b7b74f5e","status":"broken","statusDetails":"Expected condition failed: waiting for project_orangehrm.Base.BasePage$$Lambda/0x00007fa010356ac0@5a4464c5 (tried for 10 second(s) with 300 milliseconds interval)","time":{"start":1767037159046,"stop":1767037171850,"duration":12804}},{"uid":"18dd5842cbae9554","reportUrl":"https://m1mohammed1.github.io/orangeHRM/64/#testresult/18dd5842cbae9554","status":"broken","statusDetails":"Expected condition failed: waiting for project_orangehrm.Base.BasePage$$Lambda/0x00007f8590354ce0@59b492ec (tried for 10 second(s) with 300 milliseconds interval)","time":{"start":1767031943354,"stop":1767031961392,"duration":18038}},{"uid":"9f2dfbe1169adbff","reportUrl":"https://m1mohammed1.github.io/orangeHRM/63/#testresult/9f2dfbe1169adbff","status":"broken","statusDetails":"Expected condition failed: waiting for project_orangehrm.Base.BasePage$$Lambda/0x00007fde38354ce0@2eb1c615 (tried for 10 second(s) with 300 milliseconds interval)","time":{"start":1767023379764,"stop":1767023391029,"duration":11265}},{"uid":"b81985f0fa716ee8","reportUrl":"https://m1mohammed1.github.io/orangeHRM/62/#testresult/b81985f0fa716ee8","status":"broken","statusDetails":"Expected condition failed: waiting for project_orangehrm.Base.BasePage$$Lambda/0x00007fa5fc3555a0@681de87f (tried for 10 second(s) with 300 milliseconds interval)","time":{"start":1767020720098,"stop":1767020731966,"duration":11868}},{"uid":"a4e64f36703c66b4","reportUrl":"https://m1mohammed1.github.io/orangeHRM/61/#testresult/a4e64f36703c66b4","status":"broken","statusDetails":"Expected condition failed: waiting for project_orangehrm.Base.BasePage$$Lambda/0x00007fa6483555a0@4f5c30b1 (tried for 10 second(s) with 300 milliseconds interval)","time":{"start":1767018465619,"stop":1767018478107,"duration":12488}},{"uid":"381d241e539d70f5","reportUrl":"https://m1mohammed1.github.io/orangeHRM/60/#testresult/381d241e539d70f5","status":"broken","statusDetails":"Expected condition failed: waiting for project_orangehrm.Base.BasePage$$Lambda/0x00007f3604356ac0@2eb1c615 (tried for 10 second(s) with 300 milliseconds interval)","time":{"start":1766961864114,"stop":1766961876225,"duration":12111}},{"uid":"dccfea9ff6d18ed2","reportUrl":"https://m1mohammed1.github.io/orangeHRM/59/#testresult/dccfea9ff6d18ed2","status":"broken","statusDetails":"Expected condition failed: waiting for project_orangehrm.Base.BasePage$$Lambda/0x00007f91f4356ac0@2eb1c615 (tried for 10 second(s) with 300 milliseconds interval)","time":{"start":1766957974133,"stop":1766957985639,"duration":11506}},{"uid":"eaff223fe8a68467","reportUrl":"https://m1mohammed1.github.io/orangeHRM/58/#testresult/eaff223fe8a68467","status":"broken","statusDetails":"Expected condition failed: waiting for project_orangehrm.Base.BasePage$$Lambda/0x00007faeb8356ac0@5d7f8467 (tried for 10 second(s) with 300 milliseconds interval)","time":{"start":1766955394744,"stop":1766955406489,"duration":11745}}]},"tags":[]},"source":"69a0cf84a1d1d4f5.json","parameterValues":[]}